2019-09-16 10:49:14,436 [INFO ] [MainThread] [ExperimentEagle] [func=<module>:line=59] Welcome to Experiment Eagle version 4.0 written by Timothy Harrison. Report bugs to 
Timothy Harrison. See text at beginning of __init__.py for more information.
2019-09-16 10:49:23,230 [INFO ] [MainThread] [ExperimentEagle.experimentEagle] [func=_fixAspectRatioBool_changed:line=954] self.fixAspectRatioBool changed to True
2019-09-16 10:49:23,230 [INFO ] [MainThread] [ExperimentEagle.experimentEagle] [func=loadSettings:line=583] Load settings
2019-09-16 10:49:23,240 [INFO ] [MainThread] [ExperimentEagle.experimentEagle] [func=__init__:line=580] initialisation of experiment Eagle complete
2019-09-16 10:49:27,944 [INFO ] [MainThread] [ExperimentEagle.experimentEagle] [func=update:line=824] updating plot
2019-09-16 10:49:56,898 [INFO ] [MainThread] [ExperimentEagle.experimentEagle] [func=_cameraModel_changed:line=1019] Camera model changed to Andor0
2019-09-16 10:49:56,914 [INFO ] [MainThread] [ExperimentEagle.experimentEagle] [func=_cameraModel_changed:line=1035] {u'auto': False, u'max': 5, u'min': -0.2}
2019-09-16 10:49:56,917 [ERROR] [MainThread] [ExperimentEagle.experimentEagle] [func=getImageData:line=139] image file not found. filling with zeros
2019-09-16 10:49:56,918 [INFO ] [MainThread] [ExperimentEagle.experimentEagle] [func=update:line=824] updating plot
2019-09-16 10:49:58,739 [INFO ] [MainThread] [ExperimentEagle.experimentEagle] [func=_configureWatchFolder_fired:line=1057] Configure watch folder for Andor0
2019-09-16 10:50:01,036 [INFO ] [MainThread] [ExperimentEagle.experimentEagle] [func=_selectedFile_changed:line=986] ######################## Selected File changed ########################
2019-09-16 10:50:01,038 [INFO ] [MainThread] [ExperimentEagle.experimentEagle] [func=_selectedFile_changed:line=988] Update physics
2019-09-16 10:50:01,042 [ERROR] [MainThread] [ExperimentEagle.physicsProperties] [func=updatePhysics:line=139] Error when trying to load XML 'PhysicsProperties' object has no attribute 'selectedFileModifiedTime'
2019-09-16 10:50:01,187 [INFO ] [MainThread] [ExperimentEagle.experimentEagle] [func=getImageData:line=163] processor = <processors.standardAndor0.StandardAndor0 object at 0x000000000B02A7D8>
2019-09-16 10:50:01,188 [INFO ] [MainThread] [ExperimentEagle.Processor] [func=process:line=32] using standard Andor 0 process function
2019-09-16 10:50:01,190 [INFO ] [MainThread] [ExperimentEagle.Processor] [func=read:line=38] processor reading file!
2019-09-16 10:50:02,572 [INFO ] [MainThread] [ExperimentEagle.Processor] [func=rescale:line=81] processor: rescale factor = 2.201237951489552 using region of shape: 50, 50
2019-09-16 10:50:02,630 [INFO ] [MainThread] [ExperimentEagle.experimentEagle] [func=getImageData:line=167] shape of raw Image = (723,723)
2019-09-16 10:50:02,631 [WARNI] [MainThread] [ExperimentEagle.experimentEagle] [func=getImageData:line=170] number of pixels in image have changed. This causes problems for contour fit plot. Will destroy contour fit plot first
2019-09-16 10:50:02,632 [INFO ] [MainThread] [ExperimentEagle.experimentEagle] [func=_fixAspectRatioBool_changed:line=954] self.fixAspectRatioBool changed to False
2019-09-16 10:50:02,634 [INFO ] [MainThread] [ExperimentEagle.experimentEagle] [func=_fixAspectRatioBool_changed:line=954] self.fixAspectRatioBool changed to True
2019-09-16 10:50:02,637 [INFO ] [MainThread] [ExperimentEagle.experimentEagle] [func=getImageData:line=172] continuing after pixels changed = True event
2019-09-16 10:50:02,644 [INFO ] [MainThread] [ExperimentEagle.experimentEagle] [func=update:line=824] updating plot
2019-09-16 10:50:02,648 [INFO ] [MainThread] [ExperimentEagle.experimentEagle] [func=_selectedFile_changed:line=1002] succesfully completed getImageData. Will now break from repetition loop
2019-09-16 10:50:02,648 [INFO ] [MainThread] [ExperimentEagle.experimentEagle] [func=update:line=824] updating plot
2019-09-16 10:50:37,482 [INFO ] [MainThread] [ExperimentEagle.experimentEagle] [func=_selectedFile_changed:line=986] ######################## Selected File changed ########################
2019-09-16 10:50:37,483 [INFO ] [MainThread] [ExperimentEagle.experimentEagle] [func=_selectedFile_changed:line=988] Update physics
2019-09-16 10:50:37,598 [WARNI] [MainThread] [ExperimentEagle.physicsProperties] [func=updatePhysics:line=127] Age of sequence file: 3.15910077095
2019-09-16 10:51:08,053 [CRITI] [MainThread] [ExperimentEagle.experimentEagle] [func=_box_selection_complete:line=270] Box selection complete
2019-09-16 10:51:17,089 [CRITI] [MainThread] [ExperimentEagle.experimentEagle] [func=_box_selection_complete:line=270] Box selection complete
2019-09-16 10:51:23,894 [INFO ] [MainThread] [ExperimentEagle.KeyBindingTool] [func=normal_key_pressed:line=40] normal key pressed
2019-09-16 10:51:23,894 [INFO ] [MainThread] [ExperimentEagle.KeyBindingTool] [func=normal_key_pressed:line=41] 3 keys registered for detection
2019-09-16 10:51:23,895 [INFO ] [MainThread] [ExperimentEagle.KeyBindingTool] [func=normal_key_pressed:line=43] normal key press detected: KeyEvent(event_type='key_pressed', character='F11', alt_down=False, control_down=False, shift_down=False, handled=False)
2019-09-16 10:51:23,897 [INFO ] [MainThread] [ExperimentEagle.KeyBindingTool] [func=normal_key_pressed:line=43] normal key press detected: KeyEvent(event_type='key_pressed', character='F11', alt_down=False, control_down=False, shift_down=False, handled=False)
2019-09-16 10:51:23,898 [INFO ] [MainThread] [ExperimentEagle.KeyBindingTool] [func=normal_key_pressed:line=43] normal key press detected: KeyEvent(event_type='key_pressed', character='F11', alt_down=False, control_down=False, shift_down=False, handled=False)
2019-09-16 10:51:23,898 [INFO ] [MainThread] [ExperimentEagle.KeyBindingTool] [func=normal_key_pressed:line=45] key press action found for : <enable.base_tool.KeySpec object at 0x000000000923BCF8>
2019-09-16 10:51:23,900 [INFO ] [MainThread] [ExperimentEagle.experimentEagle] [func=_fixAspectRatioBool_changed:line=954] self.fixAspectRatioBool changed to True
2019-09-16 10:51:38,007 [INFO ] [MainThread] [ExperimentEagle.fits] [func=_get_subSpaceArrays:line=349] xs array sliced length 255 
2019-09-16 10:51:38,009 [INFO ] [MainThread] [ExperimentEagle.fits] [func=_get_subSpaceArrays:line=350] ys array sliced length 315  
2019-09-16 10:51:38,010 [INFO ] [MainThread] [ExperimentEagle.fits] [func=_get_subSpaceArrays:line=352] zs sub space array 315,255 
2019-09-16 10:51:52,499 [INFO ] [Thread-3] [ExperimentEagle.fits] [func=run:line=144] starting fitting thread
2019-09-16 10:51:52,500 [INFO ] [Thread-3] [ExperimentEagle.fits] [func=_get_subSpaceArrays:line=349] xs array sliced length 255 
2019-09-16 10:51:52,502 [INFO ] [Thread-3] [ExperimentEagle.fits] [func=_get_subSpaceArrays:line=350] ys array sliced length 315  
2019-09-16 10:51:52,503 [INFO ] [Thread-3] [ExperimentEagle.fits] [func=_get_subSpaceArrays:line=352] zs sub space array 315,255 
2019-09-16 10:51:53,329 [INFO ] [Thread-3] [ExperimentEagle.fits] [func=_deriveCalculatedParameters:line=109] imagePixelArea integral in m^2 = 1.4173E-11
2019-09-16 10:51:53,331 [INFO ] [Thread-3] [ExperimentEagle.fits] [func=_deriveCalculatedParameters:line=120] gaussian integral in pixels = 8380.31
2019-09-16 10:51:53,332 [INFO ] [Thread-3] [ExperimentEagle.fits] [func=_deriveCalculatedParameters:line=127] parabolaIntegral in pixels = -438.862
2019-09-16 10:51:53,335 [INFO ] [Thread-3] [ExperimentEagle.fits] [func=_deriveCalculatedParameters:line=148] imagePixelLength integral  = 3.76471E-06
2019-09-16 10:51:53,335 [INFO ] [Thread-3] [ExperimentEagle.fits] [func=_deriveCalculatedParameters:line=150] m  = 9.98834E-27
2019-09-16 10:51:53,336 [INFO ] [Thread-3] [ExperimentEagle.fits] [func=_deriveCalculatedParameters:line=153] vx = 0.00315308
2019-09-16 10:51:53,336 [INFO ] [Thread-3] [ExperimentEagle.fits] [func=_deriveCalculatedParameters:line=155] Tx = 0.00719251
2019-09-16 10:51:53,338 [INFO ] [Thread-3] [ExperimentEagle.fits] [func=_deriveCalculatedParameters:line=160] vy = 0.0098299
2019-09-16 10:51:53,338 [INFO ] [Thread-3] [ExperimentEagle.fits] [func=_deriveCalculatedParameters:line=162] Ty = 0.069905
2019-09-16 10:51:53,341 [INFO ] [Thread-3] [ExperimentEagle.fits] [func=_get_subSpaceArrays:line=349] xs array sliced length 255 
2019-09-16 10:51:53,342 [INFO ] [Thread-3] [ExperimentEagle.fits] [func=_get_subSpaceArrays:line=350] ys array sliced length 315  
2019-09-16 10:51:53,342 [INFO ] [Thread-3] [ExperimentEagle.fits] [func=_get_subSpaceArrays:line=352] zs sub space array 315,255 
2019-09-16 10:51:53,345 [INFO ] [Thread-3] [ExperimentEagle.fits] [func=run:line=160] auto draw bool is true so using the rerefernce to imageInspector bool to call the function to draw the fit as contours
2019-09-16 10:51:53,345 [INFO ] [Thread-3] [ExperimentEagle.experimentEagle] [func=addFitPlot:line=809] first fit plot so initialising contour plot
2019-09-16 10:51:53,354 [INFO ] [Thread-3] [ExperimentEagle.experimentEagle] [func=addFitPlot:line=811] attempting to set fit data
2019-09-16 10:51:53,460 [INFO ] [Thread-3] [ExperimentEagle.fits] [func=run:line=165] saving last fit results to a separate text file
2019-09-16 10:51:55,453 [INFO ] [MainThread] [ExperimentEagle.fits] [func=_usePreviousFitValuesButton_fired:line=671] use previous fit values button fired. loading previous initial values
2019-09-16 10:52:47,650 [INFO ] [MainThread] [ExperimentEagle.experimentEagle] [func=_selectedFile_changed:line=986] ######################## Selected File changed ########################
2019-09-16 10:52:47,651 [INFO ] [MainThread] [ExperimentEagle.experimentEagle] [func=_selectedFile_changed:line=988] Update physics
2019-09-16 10:52:47,657 [ERROR] [MainThread] [ExperimentEagle.physicsProperties] [func=updatePhysics:line=122] Found very fresh sequence file. Probably read already variables of next sequence?
2019-09-16 10:52:47,657 [WARNI] [MainThread] [ExperimentEagle.physicsProperties] [func=updatePhysics:line=123] Use second last sequence file instead..
2019-09-16 10:52:47,766 [WARNI] [MainThread] [ExperimentEagle.physicsProperties] [func=updatePhysics:line=127] Age of sequence file: -119.534038305
2019-09-16 10:52:47,892 [INFO ] [MainThread] [ExperimentEagle.experimentEagle] [func=getImageData:line=163] processor = <processors.standardAndor0.StandardAndor0 object at 0x000000000B02A7D8>
2019-09-16 10:52:47,894 [INFO ] [MainThread] [ExperimentEagle.Processor] [func=process:line=32] using standard Andor 0 process function
2019-09-16 10:52:47,894 [INFO ] [MainThread] [ExperimentEagle.Processor] [func=read:line=38] processor reading file!
2019-09-16 10:52:49,371 [INFO ] [MainThread] [ExperimentEagle.Processor] [func=rescale:line=81] processor: rescale factor = 2.319588358112696 using region of shape: 50, 50
2019-09-16 10:52:49,430 [INFO ] [MainThread] [ExperimentEagle.experimentEagle] [func=getImageData:line=167] shape of raw Image = (723,723)
2019-09-16 10:52:49,433 [INFO ] [MainThread] [ExperimentEagle.experimentEagle] [func=update:line=824] updating plot
2019-09-16 10:52:49,437 [INFO ] [MainThread] [ExperimentEagle.experimentEagle] [func=_selectedFile_changed:line=1002] succesfully completed getImageData. Will now break from repetition loop
2019-09-16 10:52:49,438 [INFO ] [MainThread] [ExperimentEagle.experimentEagle] [func=update:line=824] updating plot
2019-09-16 10:52:53,694 [INFO ] [Thread-4] [ExperimentEagle.fits] [func=run:line=144] starting fitting thread
2019-09-16 10:52:53,697 [INFO ] [Thread-4] [ExperimentEagle.fits] [func=_get_subSpaceArrays:line=349] xs array sliced length 255 
2019-09-16 10:52:53,697 [INFO ] [Thread-4] [ExperimentEagle.fits] [func=_get_subSpaceArrays:line=350] ys array sliced length 315  
2019-09-16 10:52:53,698 [INFO ] [Thread-4] [ExperimentEagle.fits] [func=_get_subSpaceArrays:line=352] zs sub space array 315,255 
2019-09-16 10:52:54,661 [INFO ] [Thread-4] [ExperimentEagle.fits] [func=_deriveCalculatedParameters:line=109] imagePixelArea integral in m^2 = 1.4173E-11
2019-09-16 10:52:54,663 [INFO ] [Thread-4] [ExperimentEagle.fits] [func=_deriveCalculatedParameters:line=120] gaussian integral in pixels = 2075.18
2019-09-16 10:52:54,664 [INFO ] [Thread-4] [ExperimentEagle.fits] [func=_deriveCalculatedParameters:line=127] parabolaIntegral in pixels = 479.444
2019-09-16 10:52:54,665 [INFO ] [Thread-4] [ExperimentEagle.fits] [func=_deriveCalculatedParameters:line=148] imagePixelLength integral  = 3.76471E-06
2019-09-16 10:52:54,667 [INFO ] [Thread-4] [ExperimentEagle.fits] [func=_deriveCalculatedParameters:line=150] m  = 9.98834E-27
2019-09-16 10:52:54,668 [INFO ] [Thread-4] [ExperimentEagle.fits] [func=_deriveCalculatedParameters:line=153] vx = 0.0133301
2019-09-16 10:52:54,670 [INFO ] [Thread-4] [ExperimentEagle.fits] [func=_deriveCalculatedParameters:line=155] Tx = 0.128551
2019-09-16 10:52:54,671 [INFO ] [Thread-4] [ExperimentEagle.fits] [func=_deriveCalculatedParameters:line=160] vy = 0.0119487
2019-09-16 10:52:54,671 [INFO ] [Thread-4] [ExperimentEagle.fits] [func=_deriveCalculatedParameters:line=162] Ty = 0.103289
2019-09-16 10:52:54,674 [INFO ] [Thread-4] [ExperimentEagle.fits] [func=_get_subSpaceArrays:line=349] xs array sliced length 255 
2019-09-16 10:52:54,674 [INFO ] [Thread-4] [ExperimentEagle.fits] [func=_get_subSpaceArrays:line=350] ys array sliced length 315  
2019-09-16 10:52:54,676 [INFO ] [Thread-4] [ExperimentEagle.fits] [func=_get_subSpaceArrays:line=352] zs sub space array 315,255 
2019-09-16 10:52:54,677 [INFO ] [Thread-4] [ExperimentEagle.fits] [func=run:line=160] auto draw bool is true so using the rerefernce to imageInspector bool to call the function to draw the fit as contours
2019-09-16 10:52:54,677 [INFO ] [Thread-4] [ExperimentEagle.experimentEagle] [func=addFitPlot:line=811] attempting to set fit data
2019-09-16 10:52:54,788 [INFO ] [Thread-4] [ExperimentEagle.fits] [func=run:line=165] saving last fit results to a separate text file
2019-09-16 10:53:06,022 [CRITI] [MainThread] [ExperimentEagle.experimentEagle] [func=_box_selection_complete:line=270] Box selection complete
2019-09-16 10:53:08,586 [INFO ] [Thread-5] [ExperimentEagle.fits] [func=run:line=144] starting fitting thread
2019-09-16 10:53:08,588 [INFO ] [Thread-5] [ExperimentEagle.fits] [func=_get_subSpaceArrays:line=349] xs array sliced length 355 
2019-09-16 10:53:08,589 [INFO ] [Thread-5] [ExperimentEagle.fits] [func=_get_subSpaceArrays:line=350] ys array sliced length 228  
2019-09-16 10:53:08,591 [INFO ] [Thread-5] [ExperimentEagle.fits] [func=_get_subSpaceArrays:line=352] zs sub space array 228,355 
2019-09-16 10:53:09,200 [INFO ] [Thread-5] [ExperimentEagle.fits] [func=_deriveCalculatedParameters:line=109] imagePixelArea integral in m^2 = 1.4173E-11
2019-09-16 10:53:09,201 [INFO ] [Thread-5] [ExperimentEagle.fits] [func=_deriveCalculatedParameters:line=120] gaussian integral in pixels = 1948.33
2019-09-16 10:53:09,203 [INFO ] [Thread-5] [ExperimentEagle.fits] [func=_deriveCalculatedParameters:line=127] parabolaIntegral in pixels = 472.214
2019-09-16 10:53:09,203 [INFO ] [Thread-5] [ExperimentEagle.fits] [func=_deriveCalculatedParameters:line=148] imagePixelLength integral  = 3.76471E-06
2019-09-16 10:53:09,204 [INFO ] [Thread-5] [ExperimentEagle.fits] [func=_deriveCalculatedParameters:line=150] m  = 9.98834E-27
2019-09-16 10:53:09,206 [INFO ] [Thread-5] [ExperimentEagle.fits] [func=_deriveCalculatedParameters:line=153] vx = 0.0111778
2019-09-16 10:53:09,207 [INFO ] [Thread-5] [ExperimentEagle.fits] [func=_deriveCalculatedParameters:line=155] Tx = 0.0903913
2019-09-16 10:53:09,207 [INFO ] [Thread-5] [ExperimentEagle.fits] [func=_deriveCalculatedParameters:line=160] vy = 0.0121526
2019-09-16 10:53:09,209 [INFO ] [Thread-5] [ExperimentEagle.fits] [func=_deriveCalculatedParameters:line=162] Ty = 0.106844
2019-09-16 10:53:09,210 [INFO ] [Thread-5] [ExperimentEagle.fits] [func=_get_subSpaceArrays:line=349] xs array sliced length 355 
2019-09-16 10:53:09,211 [INFO ] [Thread-5] [ExperimentEagle.fits] [func=_get_subSpaceArrays:line=350] ys array sliced length 228  
2019-09-16 10:53:09,213 [INFO ] [Thread-5] [ExperimentEagle.fits] [func=_get_subSpaceArrays:line=352] zs sub space array 228,355 
2019-09-16 10:53:09,214 [INFO ] [Thread-5] [ExperimentEagle.fits] [func=run:line=160] auto draw bool is true so using the rerefernce to imageInspector bool to call the function to draw the fit as contours
2019-09-16 10:53:09,216 [INFO ] [Thread-5] [ExperimentEagle.experimentEagle] [func=addFitPlot:line=811] attempting to set fit data
2019-09-16 10:53:09,319 [INFO ] [Thread-5] [ExperimentEagle.fits] [func=run:line=165] saving last fit results to a separate text file
2019-09-16 10:53:14,844 [CRITI] [MainThread] [ExperimentEagle.experimentEagle] [func=_box_selection_complete:line=270] Box selection complete
2019-09-16 10:53:16,174 [INFO ] [Thread-6] [ExperimentEagle.fits] [func=run:line=144] starting fitting thread
2019-09-16 10:53:16,176 [INFO ] [Thread-6] [ExperimentEagle.fits] [func=_get_subSpaceArrays:line=349] xs array sliced length 404 
2019-09-16 10:53:16,177 [INFO ] [Thread-6] [ExperimentEagle.fits] [func=_get_subSpaceArrays:line=350] ys array sliced length 246  
2019-09-16 10:53:16,177 [INFO ] [Thread-6] [ExperimentEagle.fits] [func=_get_subSpaceArrays:line=352] zs sub space array 246,404 
2019-09-16 10:53:25,289 [INFO ] [Thread-6] [ExperimentEagle.fits] [func=_deriveCalculatedParameters:line=109] imagePixelArea integral in m^2 = 1.4173E-11
2019-09-16 10:53:25,289 [INFO ] [Thread-6] [ExperimentEagle.fits] [func=_deriveCalculatedParameters:line=120] gaussian integral in pixels = 2.61574E+11
2019-09-16 10:53:25,290 [INFO ] [Thread-6] [ExperimentEagle.fits] [func=_deriveCalculatedParameters:line=127] parabolaIntegral in pixels = 499.006
2019-09-16 10:53:25,292 [INFO ] [Thread-6] [ExperimentEagle.fits] [func=_deriveCalculatedParameters:line=148] imagePixelLength integral  = 3.76471E-06
2019-09-16 10:53:25,292 [INFO ] [Thread-6] [ExperimentEagle.fits] [func=_deriveCalculatedParameters:line=150] m  = 9.98834E-27
2019-09-16 10:53:25,293 [INFO ] [Thread-6] [ExperimentEagle.fits] [func=_deriveCalculatedParameters:line=153] vx = -1.13128
2019-09-16 10:53:25,295 [INFO ] [Thread-6] [ExperimentEagle.fits] [func=_deriveCalculatedParameters:line=155] Tx = 925.874
2019-09-16 10:53:25,296 [INFO ] [Thread-6] [ExperimentEagle.fits] [func=_deriveCalculatedParameters:line=160] vy = 4.97405
2019-09-16 10:53:25,296 [INFO ] [Thread-6] [ExperimentEagle.fits] [func=_deriveCalculatedParameters:line=162] Ty = 17899.1
2019-09-16 10:53:25,298 [INFO ] [Thread-6] [ExperimentEagle.fits] [func=_get_subSpaceArrays:line=349] xs array sliced length 404 
2019-09-16 10:53:25,299 [INFO ] [Thread-6] [ExperimentEagle.fits] [func=_get_subSpaceArrays:line=350] ys array sliced length 246  
2019-09-16 10:53:25,299 [INFO ] [Thread-6] [ExperimentEagle.fits] [func=_get_subSpaceArrays:line=352] zs sub space array 246,404 
2019-09-16 10:53:25,302 [INFO ] [Thread-6] [ExperimentEagle.fits] [func=run:line=160] auto draw bool is true so using the rerefernce to imageInspector bool to call the function to draw the fit as contours
2019-09-16 10:53:25,302 [INFO ] [Thread-6] [ExperimentEagle.experimentEagle] [func=addFitPlot:line=811] attempting to set fit data
2019-09-16 10:53:25,404 [INFO ] [Thread-6] [ExperimentEagle.fits] [func=run:line=165] saving last fit results to a separate text file
2019-09-16 10:53:34,490 [CRITI] [MainThread] [ExperimentEagle.experimentEagle] [func=_box_selection_complete:line=270] Box selection complete
2019-09-16 10:53:36,151 [INFO ] [Thread-7] [ExperimentEagle.fits] [func=run:line=144] starting fitting thread
2019-09-16 10:53:36,151 [INFO ] [Thread-7] [ExperimentEagle.fits] [func=_get_subSpaceArrays:line=349] xs array sliced length 355 
2019-09-16 10:53:36,153 [INFO ] [Thread-7] [ExperimentEagle.fits] [func=_get_subSpaceArrays:line=350] ys array sliced length 294  
2019-09-16 10:53:36,154 [INFO ] [Thread-7] [ExperimentEagle.fits] [func=_get_subSpaceArrays:line=352] zs sub space array 294,355 
2019-09-16 10:53:36,970 [INFO ] [Thread-7] [ExperimentEagle.fits] [func=_deriveCalculatedParameters:line=109] imagePixelArea integral in m^2 = 1.4173E-11
2019-09-16 10:53:36,971 [INFO ] [Thread-7] [ExperimentEagle.fits] [func=_deriveCalculatedParameters:line=120] gaussian integral in pixels = 5524.01
2019-09-16 10:53:36,973 [INFO ] [Thread-7] [ExperimentEagle.fits] [func=_deriveCalculatedParameters:line=127] parabolaIntegral in pixels = 483.965
2019-09-16 10:53:36,973 [INFO ] [Thread-7] [ExperimentEagle.fits] [func=_deriveCalculatedParameters:line=148] imagePixelLength integral  = 3.76471E-06
2019-09-16 10:53:36,974 [INFO ] [Thread-7] [ExperimentEagle.fits] [func=_deriveCalculatedParameters:line=150] m  = 9.98834E-27
2019-09-16 10:53:36,976 [INFO ] [Thread-7] [ExperimentEagle.fits] [func=_deriveCalculatedParameters:line=153] vx = 0.0156478
2019-09-16 10:53:36,976 [INFO ] [Thread-7] [ExperimentEagle.fits] [func=_deriveCalculatedParameters:line=155] Tx = 0.177139
2019-09-16 10:53:36,977 [INFO ] [Thread-7] [ExperimentEagle.fits] [func=_deriveCalculatedParameters:line=160] vy = 0.0197712
2019-09-16 10:53:36,977 [INFO ] [Thread-7] [ExperimentEagle.fits] [func=_deriveCalculatedParameters:line=162] Ty = 0.282798
2019-09-16 10:53:36,980 [INFO ] [Thread-7] [ExperimentEagle.fits] [func=_get_subSpaceArrays:line=349] xs array sliced length 355 
2019-09-16 10:53:36,980 [INFO ] [Thread-7] [ExperimentEagle.fits] [func=_get_subSpaceArrays:line=350] ys array sliced length 294  
2019-09-16 10:53:36,980 [INFO ] [Thread-7] [ExperimentEagle.fits] [func=_get_subSpaceArrays:line=352] zs sub space array 294,355 
2019-09-16 10:53:36,983 [INFO ] [Thread-7] [ExperimentEagle.fits] [func=run:line=160] auto draw bool is true so using the rerefernce to imageInspector bool to call the function to draw the fit as contours
2019-09-16 10:53:36,983 [INFO ] [Thread-7] [ExperimentEagle.experimentEagle] [func=addFitPlot:line=811] attempting to set fit data
2019-09-16 10:53:37,088 [INFO ] [Thread-7] [ExperimentEagle.fits] [func=run:line=165] saving last fit results to a separate text file
2019-09-16 10:53:42,653 [CRITI] [MainThread] [ExperimentEagle.experimentEagle] [func=_box_selection_complete:line=270] Box selection complete
2019-09-16 10:53:44,039 [INFO ] [Thread-8] [ExperimentEagle.fits] [func=run:line=144] starting fitting thread
2019-09-16 10:53:44,040 [INFO ] [Thread-8] [ExperimentEagle.fits] [func=_get_subSpaceArrays:line=349] xs array sliced length 255 
2019-09-16 10:53:44,042 [INFO ] [Thread-8] [ExperimentEagle.fits] [func=_get_subSpaceArrays:line=350] ys array sliced length 159  
2019-09-16 10:53:44,042 [INFO ] [Thread-8] [ExperimentEagle.fits] [func=_get_subSpaceArrays:line=352] zs sub space array 159,255 
2019-09-16 10:53:44,325 [INFO ] [Thread-8] [ExperimentEagle.fits] [func=_deriveCalculatedParameters:line=109] imagePixelArea integral in m^2 = 1.4173E-11
2019-09-16 10:53:44,325 [INFO ] [Thread-8] [ExperimentEagle.fits] [func=_deriveCalculatedParameters:line=120] gaussian integral in pixels = 1532.34
2019-09-16 10:53:44,326 [INFO ] [Thread-8] [ExperimentEagle.fits] [func=_deriveCalculatedParameters:line=127] parabolaIntegral in pixels = 471.873
2019-09-16 10:53:44,328 [INFO ] [Thread-8] [ExperimentEagle.fits] [func=_deriveCalculatedParameters:line=148] imagePixelLength integral  = 3.76471E-06
2019-09-16 10:53:44,328 [INFO ] [Thread-8] [ExperimentEagle.fits] [func=_deriveCalculatedParameters:line=150] m  = 9.98834E-27
2019-09-16 10:53:44,329 [INFO ] [Thread-8] [ExperimentEagle.fits] [func=_deriveCalculatedParameters:line=153] vx = 0.0105063
2019-09-16 10:53:44,331 [INFO ] [Thread-8] [ExperimentEagle.fits] [func=_deriveCalculatedParameters:line=155] Tx = 0.0798569
2019-09-16 10:53:44,332 [INFO ] [Thread-8] [ExperimentEagle.fits] [func=_deriveCalculatedParameters:line=160] vy = 0.0110737
2019-09-16 10:53:44,332 [INFO ] [Thread-8] [ExperimentEagle.fits] [func=_deriveCalculatedParameters:line=162] Ty = 0.0887153
2019-09-16 10:53:44,334 [INFO ] [Thread-8] [ExperimentEagle.fits] [func=_get_subSpaceArrays:line=349] xs array sliced length 255 
2019-09-16 10:53:44,335 [INFO ] [Thread-8] [ExperimentEagle.fits] [func=_get_subSpaceArrays:line=350] ys array sliced length 159  
2019-09-16 10:53:44,335 [INFO ] [Thread-8] [ExperimentEagle.fits] [func=_get_subSpaceArrays:line=352] zs sub space array 159,255 
2019-09-16 10:53:44,338 [INFO ] [Thread-8] [ExperimentEagle.fits] [func=run:line=160] auto draw bool is true so using the rerefernce to imageInspector bool to call the function to draw the fit as contours
2019-09-16 10:53:44,338 [INFO ] [Thread-8] [ExperimentEagle.experimentEagle] [func=addFitPlot:line=811] attempting to set fit data
2019-09-16 10:53:44,446 [INFO ] [Thread-8] [ExperimentEagle.fits] [func=run:line=165] saving last fit results to a separate text file
2019-09-16 10:53:48,395 [CRITI] [MainThread] [ExperimentEagle.experimentEagle] [func=_box_selection_complete:line=270] Box selection complete
2019-09-16 10:53:50,377 [INFO ] [Thread-9] [ExperimentEagle.fits] [func=run:line=144] starting fitting thread
2019-09-16 10:53:50,378 [INFO ] [Thread-9] [ExperimentEagle.fits] [func=_get_subSpaceArrays:line=349] xs array sliced length 349 
2019-09-16 10:53:50,380 [INFO ] [Thread-9] [ExperimentEagle.fits] [func=_get_subSpaceArrays:line=350] ys array sliced length 250  
2019-09-16 10:53:50,380 [INFO ] [Thread-9] [ExperimentEagle.fits] [func=_get_subSpaceArrays:line=352] zs sub space array 250,349 
2019-09-16 10:53:51,125 [INFO ] [Thread-9] [ExperimentEagle.fits] [func=_deriveCalculatedParameters:line=109] imagePixelArea integral in m^2 = 1.4173E-11
2019-09-16 10:53:51,127 [INFO ] [Thread-9] [ExperimentEagle.fits] [func=_deriveCalculatedParameters:line=120] gaussian integral in pixels = 1853.21
2019-09-16 10:53:51,128 [INFO ] [Thread-9] [ExperimentEagle.fits] [func=_deriveCalculatedParameters:line=127] parabolaIntegral in pixels = 471.657
2019-09-16 10:53:51,130 [INFO ] [Thread-9] [ExperimentEagle.fits] [func=_deriveCalculatedParameters:line=148] imagePixelLength integral  = 3.76471E-06
2019-09-16 10:53:51,131 [INFO ] [Thread-9] [ExperimentEagle.fits] [func=_deriveCalculatedParameters:line=150] m  = 9.98834E-27
2019-09-16 10:53:51,131 [INFO ] [Thread-9] [ExperimentEagle.fits] [func=_deriveCalculatedParameters:line=153] vx = 0.0110962
2019-09-16 10:53:51,131 [INFO ] [Thread-9] [ExperimentEagle.fits] [func=_deriveCalculatedParameters:line=155] Tx = 0.0890762
2019-09-16 10:53:51,132 [INFO ] [Thread-9] [ExperimentEagle.fits] [func=_deriveCalculatedParameters:line=160] vy = 0.0117526
2019-09-16 10:53:51,134 [INFO ] [Thread-9] [ExperimentEagle.fits] [func=_deriveCalculatedParameters:line=162] Ty = 0.0999265
2019-09-16 10:53:51,134 [INFO ] [Thread-9] [ExperimentEagle.fits] [func=_get_subSpaceArrays:line=349] xs array sliced length 349 
2019-09-16 10:53:51,135 [INFO ] [Thread-9] [ExperimentEagle.fits] [func=_get_subSpaceArrays:line=350] ys array sliced length 250  
2019-09-16 10:53:51,137 [INFO ] [Thread-9] [ExperimentEagle.fits] [func=_get_subSpaceArrays:line=352] zs sub space array 250,349 
2019-09-16 10:53:51,138 [INFO ] [Thread-9] [ExperimentEagle.fits] [func=run:line=160] auto draw bool is true so using the rerefernce to imageInspector bool to call the function to draw the fit as contours
2019-09-16 10:53:51,140 [INFO ] [Thread-9] [ExperimentEagle.experimentEagle] [func=addFitPlot:line=811] attempting to set fit data
2019-09-16 10:53:51,242 [INFO ] [Thread-9] [ExperimentEagle.fits] [func=run:line=165] saving last fit results to a separate text file
2019-09-16 10:53:54,724 [CRITI] [MainThread] [ExperimentEagle.experimentEagle] [func=_box_selection_complete:line=270] Box selection complete
2019-09-16 10:53:56,048 [INFO ] [Thread-10] [ExperimentEagle.fits] [func=run:line=144] starting fitting thread
2019-09-16 10:53:56,049 [INFO ] [Thread-10] [ExperimentEagle.fits] [func=_get_subSpaceArrays:line=349] xs array sliced length 198 
2019-09-16 10:53:56,049 [INFO ] [Thread-10] [ExperimentEagle.fits] [func=_get_subSpaceArrays:line=350] ys array sliced length 279  
2019-09-16 10:53:56,051 [INFO ] [Thread-10] [ExperimentEagle.fits] [func=_get_subSpaceArrays:line=352] zs sub space array 279,198 
2019-09-16 10:53:56,480 [INFO ] [Thread-10] [ExperimentEagle.fits] [func=_deriveCalculatedParameters:line=109] imagePixelArea integral in m^2 = 1.4173E-11
2019-09-16 10:53:56,480 [INFO ] [Thread-10] [ExperimentEagle.fits] [func=_deriveCalculatedParameters:line=120] gaussian integral in pixels = 1987.94
2019-09-16 10:53:56,482 [INFO ] [Thread-10] [ExperimentEagle.fits] [func=_deriveCalculatedParameters:line=127] parabolaIntegral in pixels = 478.329
2019-09-16 10:53:56,483 [INFO ] [Thread-10] [ExperimentEagle.fits] [func=_deriveCalculatedParameters:line=148] imagePixelLength integral  = 3.76471E-06
2019-09-16 10:53:56,483 [INFO ] [Thread-10] [ExperimentEagle.fits] [func=_deriveCalculatedParameters:line=150] m  = 9.98834E-27
2019-09-16 10:53:56,484 [INFO ] [Thread-10] [ExperimentEagle.fits] [func=_deriveCalculatedParameters:line=153] vx = 0.0129117
2019-09-16 10:53:56,486 [INFO ] [Thread-10] [ExperimentEagle.fits] [func=_deriveCalculatedParameters:line=155] Tx = 0.120608
2019-09-16 10:53:56,486 [INFO ] [Thread-10] [ExperimentEagle.fits] [func=_deriveCalculatedParameters:line=160] vy = 0.0118222
2019-09-16 10:53:56,487 [INFO ] [Thread-10] [ExperimentEagle.fits] [func=_deriveCalculatedParameters:line=162] Ty = 0.101113
2019-09-16 10:53:56,489 [INFO ] [Thread-10] [ExperimentEagle.fits] [func=_get_subSpaceArrays:line=349] xs array sliced length 198 
2019-09-16 10:53:56,490 [INFO ] [Thread-10] [ExperimentEagle.fits] [func=_get_subSpaceArrays:line=350] ys array sliced length 279  
2019-09-16 10:53:56,490 [INFO ] [Thread-10] [ExperimentEagle.fits] [func=_get_subSpaceArrays:line=352] zs sub space array 279,198 
2019-09-16 10:53:56,492 [INFO ] [Thread-10] [ExperimentEagle.fits] [func=run:line=160] auto draw bool is true so using the rerefernce to imageInspector bool to call the function to draw the fit as contours
2019-09-16 10:53:56,493 [INFO ] [Thread-10] [ExperimentEagle.experimentEagle] [func=addFitPlot:line=811] attempting to set fit data
2019-09-16 10:53:56,596 [INFO ] [Thread-10] [ExperimentEagle.fits] [func=run:line=165] saving last fit results to a separate text file
2019-09-16 10:54:00,548 [CRITI] [MainThread] [ExperimentEagle.experimentEagle] [func=_box_selection_complete:line=270] Box selection complete
2019-09-16 10:54:02,118 [INFO ] [Thread-11] [ExperimentEagle.fits] [func=run:line=144] starting fitting thread
2019-09-16 10:54:02,119 [INFO ] [Thread-11] [ExperimentEagle.fits] [func=_get_subSpaceArrays:line=349] xs array sliced length 320 
2019-09-16 10:54:02,121 [INFO ] [Thread-11] [ExperimentEagle.fits] [func=_get_subSpaceArrays:line=350] ys array sliced length 171  
2019-09-16 10:54:02,121 [INFO ] [Thread-11] [ExperimentEagle.fits] [func=_get_subSpaceArrays:line=352] zs sub space array 171,320 
2019-09-16 10:54:02,540 [INFO ] [Thread-11] [ExperimentEagle.fits] [func=_deriveCalculatedParameters:line=109] imagePixelArea integral in m^2 = 1.4173E-11
2019-09-16 10:54:02,542 [INFO ] [Thread-11] [ExperimentEagle.fits] [func=_deriveCalculatedParameters:line=120] gaussian integral in pixels = 1687.23
2019-09-16 10:54:02,542 [INFO ] [Thread-11] [ExperimentEagle.fits] [func=_deriveCalculatedParameters:line=127] parabolaIntegral in pixels = 470.921
2019-09-16 10:54:02,545 [INFO ] [Thread-11] [ExperimentEagle.fits] [func=_deriveCalculatedParameters:line=148] imagePixelLength integral  = 3.76471E-06
2019-09-16 10:54:02,546 [INFO ] [Thread-11] [ExperimentEagle.fits] [func=_deriveCalculatedParameters:line=150] m  = 9.98834E-27
2019-09-16 10:54:02,546 [INFO ] [Thread-11] [ExperimentEagle.fits] [func=_deriveCalculatedParameters:line=153] vx = 0.0107013
2019-09-16 10:54:02,546 [INFO ] [Thread-11] [ExperimentEagle.fits] [func=_deriveCalculatedParameters:line=155] Tx = 0.0828488
2019-09-16 10:54:02,548 [INFO ] [Thread-11] [ExperimentEagle.fits] [func=_deriveCalculatedParameters:line=160] vy = 0.0113438
2019-09-16 10:54:02,549 [INFO ] [Thread-11] [ExperimentEagle.fits] [func=_deriveCalculatedParameters:line=162] Ty = 0.0930956
2019-09-16 10:54:02,551 [INFO ] [Thread-11] [ExperimentEagle.fits] [func=_get_subSpaceArrays:line=349] xs array sliced length 320 
2019-09-16 10:54:02,552 [INFO ] [Thread-11] [ExperimentEagle.fits] [func=_get_subSpaceArrays:line=350] ys array sliced length 171  
2019-09-16 10:54:02,552 [INFO ] [Thread-11] [ExperimentEagle.fits] [func=_get_subSpaceArrays:line=352] zs sub space array 171,320 
2019-09-16 10:54:02,553 [INFO ] [Thread-11] [ExperimentEagle.fits] [func=run:line=160] auto draw bool is true so using the rerefernce to imageInspector bool to call the function to draw the fit as contours
2019-09-16 10:54:02,555 [INFO ] [Thread-11] [ExperimentEagle.experimentEagle] [func=addFitPlot:line=811] attempting to set fit data
2019-09-16 10:54:02,664 [INFO ] [Thread-11] [ExperimentEagle.fits] [func=run:line=165] saving last fit results to a separate text file
2019-09-16 10:55:39,510 [CRITI] [MainThread] [ExperimentEagle.experimentEagle] [func=_box_selection_complete:line=270] Box selection complete
2019-09-16 10:55:41,482 [INFO ] [Thread-12] [ExperimentEagle.fits] [func=run:line=144] starting fitting thread
2019-09-16 10:55:41,483 [INFO ] [Thread-12] [ExperimentEagle.fits] [func=_get_subSpaceArrays:line=349] xs array sliced length 298 
2019-09-16 10:55:41,483 [INFO ] [Thread-12] [ExperimentEagle.fits] [func=_get_subSpaceArrays:line=350] ys array sliced length 275  
2019-09-16 10:55:41,484 [INFO ] [Thread-12] [ExperimentEagle.fits] [func=_get_subSpaceArrays:line=352] zs sub space array 275,298 
2019-09-16 10:55:42,049 [INFO ] [Thread-12] [ExperimentEagle.fits] [func=_deriveCalculatedParameters:line=109] imagePixelArea integral in m^2 = 1.4173E-11
2019-09-16 10:55:42,049 [INFO ] [Thread-12] [ExperimentEagle.fits] [func=_deriveCalculatedParameters:line=120] gaussian integral in pixels = 2055.37
2019-09-16 10:55:42,051 [INFO ] [Thread-12] [ExperimentEagle.fits] [func=_deriveCalculatedParameters:line=127] parabolaIntegral in pixels = 475.289
2019-09-16 10:55:42,052 [INFO ] [Thread-12] [ExperimentEagle.fits] [func=_deriveCalculatedParameters:line=148] imagePixelLength integral  = 3.76471E-06
2019-09-16 10:55:42,053 [INFO ] [Thread-12] [ExperimentEagle.fits] [func=_deriveCalculatedParameters:line=150] m  = 9.98834E-27
2019-09-16 10:55:42,055 [INFO ] [Thread-12] [ExperimentEagle.fits] [func=_deriveCalculatedParameters:line=153] vx = 0.0120472
2019-09-16 10:55:42,055 [INFO ] [Thread-12] [ExperimentEagle.fits] [func=_deriveCalculatedParameters:line=155] Tx = 0.104998
2019-09-16 10:55:42,056 [INFO ] [Thread-12] [ExperimentEagle.fits] [func=_deriveCalculatedParameters:line=160] vy = 0.0122236
2019-09-16 10:55:42,056 [INFO ] [Thread-12] [ExperimentEagle.fits] [func=_deriveCalculatedParameters:line=162] Ty = 0.108095
2019-09-16 10:55:42,059 [INFO ] [Thread-12] [ExperimentEagle.fits] [func=_get_subSpaceArrays:line=349] xs array sliced length 298 
2019-09-16 10:55:42,059 [INFO ] [Thread-12] [ExperimentEagle.fits] [func=_get_subSpaceArrays:line=350] ys array sliced length 275  
2019-09-16 10:55:42,059 [INFO ] [Thread-12] [ExperimentEagle.fits] [func=_get_subSpaceArrays:line=352] zs sub space array 275,298 
2019-09-16 10:55:42,062 [INFO ] [Thread-12] [ExperimentEagle.fits] [func=run:line=160] auto draw bool is true so using the rerefernce to imageInspector bool to call the function to draw the fit as contours
2019-09-16 10:55:42,062 [INFO ] [Thread-12] [ExperimentEagle.experimentEagle] [func=addFitPlot:line=811] attempting to set fit data
2019-09-16 10:55:42,168 [INFO ] [Thread-12] [ExperimentEagle.fits] [func=run:line=165] saving last fit results to a separate text file
2019-09-16 10:55:46,823 [CRITI] [MainThread] [ExperimentEagle.experimentEagle] [func=_box_selection_complete:line=270] Box selection complete
2019-09-16 10:55:48,217 [INFO ] [Thread-13] [ExperimentEagle.fits] [func=run:line=144] starting fitting thread
2019-09-16 10:55:48,219 [INFO ] [Thread-13] [ExperimentEagle.fits] [func=_get_subSpaceArrays:line=349] xs array sliced length 285 
2019-09-16 10:55:48,220 [INFO ] [Thread-13] [ExperimentEagle.fits] [func=_get_subSpaceArrays:line=350] ys array sliced length 204  
2019-09-16 10:55:48,220 [INFO ] [Thread-13] [ExperimentEagle.fits] [func=_get_subSpaceArrays:line=352] zs sub space array 204,285 
2019-09-16 10:55:48,609 [INFO ] [Thread-13] [ExperimentEagle.fits] [func=_deriveCalculatedParameters:line=109] imagePixelArea integral in m^2 = 1.4173E-11
2019-09-16 10:55:48,611 [INFO ] [Thread-13] [ExperimentEagle.fits] [func=_deriveCalculatedParameters:line=120] gaussian integral in pixels = 1588.44
2019-09-16 10:55:48,612 [INFO ] [Thread-13] [ExperimentEagle.fits] [func=_deriveCalculatedParameters:line=127] parabolaIntegral in pixels = 471.47
2019-09-16 10:55:48,614 [INFO ] [Thread-13] [ExperimentEagle.fits] [func=_deriveCalculatedParameters:line=148] imagePixelLength integral  = 3.76471E-06
2019-09-16 10:55:48,615 [INFO ] [Thread-13] [ExperimentEagle.fits] [func=_deriveCalculatedParameters:line=150] m  = 9.98834E-27
2019-09-16 10:55:48,615 [INFO ] [Thread-13] [ExperimentEagle.fits] [func=_deriveCalculatedParameters:line=153] vx = 0.0107367
2019-09-16 10:55:48,617 [INFO ] [Thread-13] [ExperimentEagle.fits] [func=_deriveCalculatedParameters:line=155] Tx = 0.0833978
2019-09-16 10:55:48,617 [INFO ] [Thread-13] [ExperimentEagle.fits] [func=_deriveCalculatedParameters:line=160] vy = 0.0109712
2019-09-16 10:55:48,618 [INFO ] [Thread-13] [ExperimentEagle.fits] [func=_deriveCalculatedParameters:line=162] Ty = 0.0870804
2019-09-16 10:55:48,619 [INFO ] [Thread-13] [ExperimentEagle.fits] [func=_get_subSpaceArrays:line=349] xs array sliced length 285 
2019-09-16 10:55:48,619 [INFO ] [Thread-13] [ExperimentEagle.fits] [func=_get_subSpaceArrays:line=350] ys array sliced length 204  
2019-09-16 10:55:48,621 [INFO ] [Thread-13] [ExperimentEagle.fits] [func=_get_subSpaceArrays:line=352] zs sub space array 204,285 
2019-09-16 10:55:48,622 [INFO ] [Thread-13] [ExperimentEagle.fits] [func=run:line=160] auto draw bool is true so using the rerefernce to imageInspector bool to call the function to draw the fit as contours
2019-09-16 10:55:48,624 [INFO ] [Thread-13] [ExperimentEagle.experimentEagle] [func=addFitPlot:line=811] attempting to set fit data
2019-09-16 10:55:48,726 [INFO ] [Thread-13] [ExperimentEagle.fits] [func=run:line=165] saving last fit results to a separate text file
2019-09-16 10:55:52,805 [CRITI] [MainThread] [ExperimentEagle.experimentEagle] [func=_box_selection_complete:line=270] Box selection complete
2019-09-16 10:55:56,197 [INFO ] [Thread-14] [ExperimentEagle.fits] [func=run:line=144] starting fitting thread
2019-09-16 10:55:56,198 [INFO ] [Thread-14] [ExperimentEagle.fits] [func=_get_subSpaceArrays:line=349] xs array sliced length 302 
2019-09-16 10:55:56,200 [INFO ] [Thread-14] [ExperimentEagle.fits] [func=_get_subSpaceArrays:line=350] ys array sliced length 228  
2019-09-16 10:55:56,200 [INFO ] [Thread-14] [ExperimentEagle.fits] [func=_get_subSpaceArrays:line=352] zs sub space array 228,302 
2019-09-16 10:55:56,724 [INFO ] [Thread-14] [ExperimentEagle.fits] [func=_deriveCalculatedParameters:line=109] imagePixelArea integral in m^2 = 1.4173E-11
2019-09-16 10:55:56,726 [INFO ] [Thread-14] [ExperimentEagle.fits] [func=_deriveCalculatedParameters:line=120] gaussian integral in pixels = 3248.13
2019-09-16 10:55:56,726 [INFO ] [Thread-14] [ExperimentEagle.fits] [func=_deriveCalculatedParameters:line=127] parabolaIntegral in pixels = 480.387
2019-09-16 10:55:56,727 [INFO ] [Thread-14] [ExperimentEagle.fits] [func=_deriveCalculatedParameters:line=148] imagePixelLength integral  = 3.76471E-06
2019-09-16 10:55:56,729 [INFO ] [Thread-14] [ExperimentEagle.fits] [func=_deriveCalculatedParameters:line=150] m  = 9.98834E-27
2019-09-16 10:55:56,730 [INFO ] [Thread-14] [ExperimentEagle.fits] [func=_deriveCalculatedParameters:line=153] vx = 0.0137459
2019-09-16 10:55:56,730 [INFO ] [Thread-14] [ExperimentEagle.fits] [func=_deriveCalculatedParameters:line=155] Tx = 0.136697
2019-09-16 10:55:56,730 [INFO ] [Thread-14] [ExperimentEagle.fits] [func=_deriveCalculatedParameters:line=160] vy = 0.0153892
2019-09-16 10:55:56,732 [INFO ] [Thread-14] [ExperimentEagle.fits] [func=_deriveCalculatedParameters:line=162] Ty = 0.171332
2019-09-16 10:55:56,733 [INFO ] [Thread-14] [ExperimentEagle.fits] [func=_get_subSpaceArrays:line=349] xs array sliced length 302 
2019-09-16 10:55:56,733 [INFO ] [Thread-14] [ExperimentEagle.fits] [func=_get_subSpaceArrays:line=350] ys array sliced length 228  
2019-09-16 10:55:56,734 [INFO ] [Thread-14] [ExperimentEagle.fits] [func=_get_subSpaceArrays:line=352] zs sub space array 228,302 
2019-09-16 10:55:56,736 [INFO ] [Thread-14] [ExperimentEagle.fits] [func=run:line=160] auto draw bool is true so using the rerefernce to imageInspector bool to call the function to draw the fit as contours
2019-09-16 10:55:56,737 [INFO ] [Thread-14] [ExperimentEagle.experimentEagle] [func=addFitPlot:line=811] attempting to set fit data
2019-09-16 10:55:56,842 [INFO ] [Thread-14] [ExperimentEagle.fits] [func=run:line=165] saving last fit results to a separate text file
2019-09-16 10:56:05,852 [INFO ] [MainThread] [ExperimentEagle.KeyBindingTool] [func=normal_key_pressed:line=40] normal key pressed
2019-09-16 10:56:05,854 [INFO ] [MainThread] [ExperimentEagle.KeyBindingTool] [func=normal_key_pressed:line=41] 3 keys registered for detection
2019-09-16 10:56:05,855 [INFO ] [MainThread] [ExperimentEagle.KeyBindingTool] [func=normal_key_pressed:line=43] normal key press detected: KeyEvent(event_type='key_pressed', character='Alt', alt_down=True, control_down=False, shift_down=False, handled=False)
2019-09-16 10:56:05,855 [INFO ] [MainThread] [ExperimentEagle.KeyBindingTool] [func=normal_key_pressed:line=43] normal key press detected: KeyEvent(event_type='key_pressed', character='Alt', alt_down=True, control_down=False, shift_down=False, handled=False)
2019-09-16 10:56:05,857 [INFO ] [MainThread] [ExperimentEagle.KeyBindingTool] [func=normal_key_pressed:line=43] normal key press detected: KeyEvent(event_type='key_pressed', character='Alt', alt_down=True, control_down=False, shift_down=False, handled=False)
2019-09-16 14:07:04,467 [ERROR] [MainThread] [ExperimentEagle.experimentEagle] [func=closed:line=230] couldn't stop current timer 'NoneType' object has no attribute 'stop' 
