2019-09-20 17:18:44,799 [INFO ] [MainThread] [ExperimentEagle] [func=<module>:line=59] Welcome to Experiment Eagle version 4.0 written by Timothy Harrison. Report bugs to 
Timothy Harrison. See text at beginning of __init__.py for more information.
2019-09-20 17:18:48,178 [INFO ] [MainThread] [ExperimentEagle.experimentEagle] [func=_fixAspectRatioBool_changed:line=954] self.fixAspectRatioBool changed to True
2019-09-20 17:18:48,180 [INFO ] [MainThread] [ExperimentEagle.experimentEagle] [func=loadSettings:line=583] Load settings
2019-09-20 17:18:48,190 [INFO ] [MainThread] [ExperimentEagle.experimentEagle] [func=__init__:line=580] initialisation of experiment Eagle complete
2019-09-20 17:18:53,246 [INFO ] [MainThread] [ExperimentEagle.experimentEagle] [func=update:line=824] updating plot
2019-09-20 17:18:58,963 [INFO ] [MainThread] [ExperimentEagle.experimentEagle] [func=_cameraModel_changed:line=1019] Camera model changed to Andor0
2019-09-20 17:18:58,984 [INFO ] [MainThread] [ExperimentEagle.experimentEagle] [func=_cameraModel_changed:line=1035] {u'auto': False, u'max': 5, u'min': -0.2}
2019-09-20 17:18:58,989 [ERROR] [MainThread] [ExperimentEagle.experimentEagle] [func=getImageData:line=139] image file not found. filling with zeros
2019-09-20 17:18:58,990 [INFO ] [MainThread] [ExperimentEagle.experimentEagle] [func=update:line=824] updating plot
2019-09-20 17:19:16,894 [INFO ] [MainThread] [ExperimentEagle.experimentEagle] [func=_selectedFile_changed:line=986] ######################## Selected File changed ########################
2019-09-20 17:19:16,894 [INFO ] [MainThread] [ExperimentEagle.experimentEagle] [func=_selectedFile_changed:line=988] Update physics
2019-09-20 17:19:16,900 [ERROR] [MainThread] [ExperimentEagle.physicsProperties] [func=updatePhysics:line=139] Error when trying to load XML 'PhysicsProperties' object has no attribute 'selectedFileModifiedTime'
2019-09-20 17:19:17,038 [INFO ] [MainThread] [ExperimentEagle.experimentEagle] [func=getImageData:line=163] processor = <processors.standardAndor0.StandardAndor0 object at 0x000000000BB8B7D8>
2019-09-20 17:19:17,039 [INFO ] [MainThread] [ExperimentEagle.Processor] [func=process:line=32] using standard Andor 0 process function
2019-09-20 17:19:17,039 [INFO ] [MainThread] [ExperimentEagle.Processor] [func=read:line=38] processor reading file!
2019-09-20 17:19:18,391 [INFO ] [MainThread] [ExperimentEagle.Processor] [func=rescale:line=81] processor: rescale factor = 2.387435630671532 using region of shape: 50, 50
2019-09-20 17:19:18,450 [INFO ] [MainThread] [ExperimentEagle.experimentEagle] [func=getImageData:line=167] shape of raw Image = (723,723)
2019-09-20 17:19:18,451 [WARNI] [MainThread] [ExperimentEagle.experimentEagle] [func=getImageData:line=170] number of pixels in image have changed. This causes problems for contour fit plot. Will destroy contour fit plot first
2019-09-20 17:19:18,453 [INFO ] [MainThread] [ExperimentEagle.experimentEagle] [func=_fixAspectRatioBool_changed:line=954] self.fixAspectRatioBool changed to False
2019-09-20 17:19:18,453 [INFO ] [MainThread] [ExperimentEagle.experimentEagle] [func=_fixAspectRatioBool_changed:line=954] self.fixAspectRatioBool changed to True
2019-09-20 17:19:18,457 [INFO ] [MainThread] [ExperimentEagle.experimentEagle] [func=getImageData:line=172] continuing after pixels changed = True event
2019-09-20 17:19:18,466 [INFO ] [MainThread] [ExperimentEagle.experimentEagle] [func=update:line=824] updating plot
2019-09-20 17:19:18,467 [INFO ] [MainThread] [ExperimentEagle.experimentEagle] [func=_selectedFile_changed:line=1002] succesfully completed getImageData. Will now break from repetition loop
2019-09-20 17:19:18,469 [INFO ] [MainThread] [ExperimentEagle.experimentEagle] [func=update:line=824] updating plot
2019-09-20 17:19:23,484 [INFO ] [MainThread] [ExperimentEagle.KeyBindingTool] [func=normal_key_pressed:line=40] normal key pressed
2019-09-20 17:19:23,486 [INFO ] [MainThread] [ExperimentEagle.KeyBindingTool] [func=normal_key_pressed:line=41] 3 keys registered for detection
2019-09-20 17:19:23,486 [INFO ] [MainThread] [ExperimentEagle.KeyBindingTool] [func=normal_key_pressed:line=43] normal key press detected: KeyEvent(event_type='key_pressed', character='F11', alt_down=False, control_down=False, shift_down=False, handled=False)
2019-09-20 17:19:23,487 [INFO ] [MainThread] [ExperimentEagle.KeyBindingTool] [func=normal_key_pressed:line=43] normal key press detected: KeyEvent(event_type='key_pressed', character='F11', alt_down=False, control_down=False, shift_down=False, handled=False)
2019-09-20 17:19:23,489 [INFO ] [MainThread] [ExperimentEagle.KeyBindingTool] [func=normal_key_pressed:line=45] key press action found for : <enable.base_tool.KeySpec object at 0x0000000009C55D68>
2019-09-20 17:19:23,490 [INFO ] [MainThread] [ExperimentEagle.experimentEagle] [func=_fixAspectRatioBool_changed:line=954] self.fixAspectRatioBool changed to True
2019-09-20 17:19:23,490 [INFO ] [MainThread] [ExperimentEagle.KeyBindingTool] [func=normal_key_pressed:line=43] normal key press detected: KeyEvent(event_type='key_pressed', character='F11', alt_down=False, control_down=False, shift_down=False, handled=True)
2019-09-20 17:19:32,338 [CRITI] [MainThread] [ExperimentEagle.experimentEagle] [func=_box_selection_complete:line=270] Box selection complete
2019-09-20 17:20:08,434 [INFO ] [MainThread] [ExperimentEagle.fits] [func=_get_subSpaceArrays:line=349] xs array sliced length 92 
2019-09-20 17:20:08,436 [INFO ] [MainThread] [ExperimentEagle.fits] [func=_get_subSpaceArrays:line=350] ys array sliced length 96  
2019-09-20 17:20:08,437 [INFO ] [MainThread] [ExperimentEagle.fits] [func=_get_subSpaceArrays:line=352] zs sub space array 96,92 
2019-09-20 17:20:30,223 [INFO ] [MainThread] [ExperimentEagle.fits] [func=_get_subSpaceArrays:line=349] xs array sliced length 92 
2019-09-20 17:20:30,223 [INFO ] [MainThread] [ExperimentEagle.fits] [func=_get_subSpaceArrays:line=350] ys array sliced length 96  
2019-09-20 17:20:30,224 [INFO ] [MainThread] [ExperimentEagle.fits] [func=_get_subSpaceArrays:line=352] zs sub space array 96,92 
2019-09-20 17:21:06,242 [INFO ] [Thread-3] [ExperimentEagle.fits] [func=run:line=144] starting fitting thread
2019-09-20 17:21:06,243 [INFO ] [Thread-3] [ExperimentEagle.fits] [func=_get_subSpaceArrays:line=349] xs array sliced length 92 
2019-09-20 17:21:06,243 [INFO ] [Thread-3] [ExperimentEagle.fits] [func=_get_subSpaceArrays:line=350] ys array sliced length 96  
2019-09-20 17:21:06,244 [INFO ] [Thread-3] [ExperimentEagle.fits] [func=_get_subSpaceArrays:line=352] zs sub space array 96,92 
2019-09-20 17:21:06,342 [INFO ] [Thread-3] [ExperimentEagle.fits] [func=_get_subSpaceArrays:line=349] xs array sliced length 92 
2019-09-20 17:21:06,342 [INFO ] [Thread-3] [ExperimentEagle.fits] [func=_get_subSpaceArrays:line=350] ys array sliced length 96  
2019-09-20 17:21:06,344 [INFO ] [Thread-3] [ExperimentEagle.fits] [func=_get_subSpaceArrays:line=352] zs sub space array 96,92 
2019-09-20 17:21:06,345 [INFO ] [Thread-3] [ExperimentEagle.fits] [func=_deriveCalculatedParameters:line=154] Derived values from fit
2019-09-20 17:21:06,345 [INFO ] [Thread-3] [ExperimentEagle.fits] [func=run:line=165] saving last fit results to a separate text file
2019-09-20 17:21:09,210 [INFO ] [Thread-4] [ExperimentEagle.fits] [func=run:line=144] starting fitting thread
2019-09-20 17:21:09,211 [INFO ] [Thread-4] [ExperimentEagle.fits] [func=_get_subSpaceArrays:line=349] xs array sliced length 92 
2019-09-20 17:21:09,213 [INFO ] [Thread-4] [ExperimentEagle.fits] [func=_get_subSpaceArrays:line=350] ys array sliced length 96  
2019-09-20 17:21:09,213 [INFO ] [Thread-4] [ExperimentEagle.fits] [func=_get_subSpaceArrays:line=352] zs sub space array 96,92 
2019-09-20 17:21:09,272 [INFO ] [Thread-4] [ExperimentEagle.fits] [func=_get_subSpaceArrays:line=349] xs array sliced length 92 
2019-09-20 17:21:09,273 [INFO ] [Thread-4] [ExperimentEagle.fits] [func=_get_subSpaceArrays:line=350] ys array sliced length 96  
2019-09-20 17:21:09,273 [INFO ] [Thread-4] [ExperimentEagle.fits] [func=_get_subSpaceArrays:line=352] zs sub space array 96,92 
2019-09-20 17:21:09,275 [INFO ] [Thread-4] [ExperimentEagle.fits] [func=_deriveCalculatedParameters:line=154] Derived values from fit
2019-09-20 17:21:09,276 [INFO ] [Thread-4] [ExperimentEagle.fits] [func=run:line=160] auto draw bool is true so using the rerefernce to imageInspector bool to call the function to draw the fit as contours
2019-09-20 17:21:09,276 [INFO ] [Thread-4] [ExperimentEagle.experimentEagle] [func=addFitPlot:line=809] first fit plot so initialising contour plot
2019-09-20 17:21:09,285 [INFO ] [Thread-4] [ExperimentEagle.experimentEagle] [func=addFitPlot:line=811] attempting to set fit data
2019-09-20 17:21:09,348 [INFO ] [Thread-4] [ExperimentEagle.fits] [func=run:line=165] saving last fit results to a separate text file
2019-09-20 17:21:55,683 [INFO ] [MainThread] [ExperimentEagle.fits] [func=_usePreviousFitValuesButton_fired:line=671] use previous fit values button fired. loading previous initial values
2019-09-20 20:32:20,786 [ERROR] [MainThread] [ExperimentEagle.experimentEagle] [func=closed:line=230] couldn't stop current timer 'NoneType' object has no attribute 'stop' 
