2020-02-24 17:23:05,233 [INFO ] [MainThread] [ExperimentEagle] [func=<module>:line=59] Welcome to Experiment Eagle version 4.0 written by Timothy Harrison. Report bugs to 
Timothy Harrison. See text at beginning of __init__.py for more information.
2020-02-24 17:23:08,944 [INFO ] [MainThread] [ExperimentEagle.experimentEagle] [func=_fixAspectRatioBool_changed:line=970] self.fixAspectRatioBool changed to True
2020-02-24 17:23:08,947 [INFO ] [MainThread] [ExperimentEagle.experimentEagle] [func=loadSettings:line=599] Load settings
2020-02-24 17:23:08,957 [INFO ] [MainThread] [ExperimentEagle.experimentEagle] [func=__init__:line=596] initialisation of experiment Eagle complete
2020-02-24 17:23:15,230 [INFO ] [MainThread] [ExperimentEagle.experimentEagle] [func=update:line=840] updating plot
2020-02-24 17:23:24,063 [INFO ] [MainThread] [ExperimentEagle.experimentEagle] [func=_cameraModel_changed:line=1035] Camera model changed to Andor2
2020-02-24 17:23:24,088 [INFO ] [MainThread] [ExperimentEagle.experimentEagle] [func=_cameraModel_changed:line=1051] {u'auto': False, u'max': 3, u'min': -0.2}
2020-02-24 17:23:24,092 [ERROR] [MainThread] [ExperimentEagle.experimentEagle] [func=getImageData:line=142] image file not found. filling with zeros
2020-02-24 17:23:24,125 [INFO ] [MainThread] [ExperimentEagle.experimentEagle] [func=update:line=840] updating plot
2020-02-24 17:23:25,006 [INFO ] [MainThread] [ExperimentEagle.experimentEagle] [func=_configureWatchFolder_fired:line=1079] Configure watch folder for Andor2
2020-02-24 17:23:25,855 [INFO ] [MainThread] [ExperimentEagle.experimentEagle] [func=_forceRefreshButton_fired:line=202] force refresh button fired
2020-02-24 17:23:25,864 [ERROR] [MainThread] [ExperimentEagle.experimentEagle] [func=getImageData:line=142] image file not found. filling with zeros
2020-02-24 17:23:25,865 [INFO ] [MainThread] [ExperimentEagle.experimentEagle] [func=update:line=840] updating plot
2020-02-24 17:23:25,875 [WARNI] [MainThread] [ExperimentEagle.experimentEagle] [func=checkForNewFiles:line=370] more than one new file found [u'ANDOR2_Mon Feb 24 2020_17.18.57_0_X2.tif', u'ANDOR2_Mon Feb 24 2020_17.19.52_0_X2.tif', u'ANDOR2_Mon Feb 24 2020_17.17.35_0_X2.tif', u'ANDOR2_Mon Feb 24 2020_17.20.20_0_X2.tif', u'ANDOR2_Mon Feb 24 2020_17.18.02_0_X2.tif', u'ANDOR2_Mon Feb 24 2020_17.18.30_0_X2.tif', u'ANDOR2_Mon Feb 24 2020_17.20.47_0_X2.tif', u'ANDOR2_Mon Feb 24 2020_17.19.25_0_X2.tif'] only analysing first one
2020-02-24 17:23:25,904 [INFO ] [MainThread] [ExperimentEagle.experimentEagle] [func=_selectedFile_changed:line=1002] ######################## Selected File changed ########################
2020-02-24 17:23:25,904 [INFO ] [MainThread] [ExperimentEagle.experimentEagle] [func=_selectedFile_changed:line=1004] Update physics
2020-02-24 17:23:25,911 [ERROR] [MainThread] [ExperimentEagle.physicsProperties] [func=updatePhysics:line=141] Error when trying to load XML 'PhysicsProperties' object has no attribute 'selectedFileModifiedTime'
2020-02-24 17:23:26,053 [INFO ] [MainThread] [ExperimentEagle.experimentEagle] [func=getImageData:line=166] processor = <processors.standardAndor2.StandardAndor2 object at 0x000000000BC29DB0>
2020-02-24 17:23:26,055 [INFO ] [MainThread] [ExperimentEagle.Processor] [func=process:line=76] using standard Andor 0 process function
2020-02-24 17:23:26,565 [INFO ] [MainThread] [ExperimentEagle.Processor] [func=read:line=41] processor reading file!
2020-02-24 17:23:26,832 [INFO ] [MainThread] [ExperimentEagle.Processor] [func=read:line=41] processor reading file!
2020-02-24 17:23:27,267 [INFO ] [MainThread] [ExperimentEagle.Processor] [func=rescale:line=93] processor: rescale factor = 0.9187711388640776 using region of shape: 120, 20
2020-02-24 17:23:27,269 [WARNI] [MainThread] [ExperimentEagle.Processor] [func=opticalDensity:line=65] Calculate OP picture..
2020-02-24 17:23:27,476 [WARNI] [MainThread] [ExperimentEagle.Processor] [func=opticalDensity:line=65] Calculate OP picture..
2020-02-24 17:23:27,684 [INFO ] [MainThread] [ExperimentEagle.experimentEagle] [func=getImageData:line=170] shape of raw Image = (1063,1063)
2020-02-24 17:23:27,686 [WARNI] [MainThread] [ExperimentEagle.experimentEagle] [func=getImageData:line=173] number of pixels in image have changed. This causes problems for contour fit plot. Will destroy contour fit plot first
2020-02-24 17:23:27,690 [INFO ] [MainThread] [ExperimentEagle.experimentEagle] [func=_fixAspectRatioBool_changed:line=970] self.fixAspectRatioBool changed to False
2020-02-24 17:23:27,694 [INFO ] [MainThread] [ExperimentEagle.experimentEagle] [func=_fixAspectRatioBool_changed:line=970] self.fixAspectRatioBool changed to True
2020-02-24 17:23:27,697 [INFO ] [MainThread] [ExperimentEagle.experimentEagle] [func=getImageData:line=175] continuing after pixels changed = True event
2020-02-24 17:23:27,710 [INFO ] [MainThread] [ExperimentEagle.experimentEagle] [func=update:line=840] updating plot
2020-02-24 17:23:27,736 [INFO ] [MainThread] [ExperimentEagle.experimentEagle] [func=_selectedFile_changed:line=1018] succesfully completed getImageData. Will now break from repetition loop
2020-02-24 17:23:27,737 [INFO ] [MainThread] [ExperimentEagle.experimentEagle] [func=update:line=840] updating plot
2020-02-24 17:23:27,742 [INFO ] [MainThread] [ExperimentEagle.experimentEagle] [func=_forceRefreshButton_fired:line=202] force refresh button fired
2020-02-24 17:23:27,770 [INFO ] [MainThread] [ExperimentEagle.experimentEagle] [func=getImageData:line=166] processor = <processors.standardAndor2.StandardAndor2 object at 0x000000000BC29DB0>
2020-02-24 17:23:27,773 [INFO ] [MainThread] [ExperimentEagle.Processor] [func=process:line=76] using standard Andor 0 process function
2020-02-24 17:23:28,313 [INFO ] [MainThread] [ExperimentEagle.Processor] [func=read:line=41] processor reading file!
2020-02-24 17:23:28,375 [INFO ] [MainThread] [ExperimentEagle.Processor] [func=read:line=41] processor reading file!
2020-02-24 17:23:28,460 [INFO ] [MainThread] [ExperimentEagle.Processor] [func=rescale:line=93] processor: rescale factor = 0.9187711388640776 using region of shape: 120, 20
2020-02-24 17:23:28,463 [WARNI] [MainThread] [ExperimentEagle.Processor] [func=opticalDensity:line=65] Calculate OP picture..
2020-02-24 17:23:28,638 [WARNI] [MainThread] [ExperimentEagle.Processor] [func=opticalDensity:line=65] Calculate OP picture..
2020-02-24 17:23:28,875 [INFO ] [MainThread] [ExperimentEagle.experimentEagle] [func=getImageData:line=170] shape of raw Image = (1063,1063)
2020-02-24 17:23:28,888 [INFO ] [MainThread] [ExperimentEagle.experimentEagle] [func=update:line=840] updating plot
2020-02-24 17:23:31,009 [INFO ] [MainThread] [ExperimentEagle.experimentEagle] [func=_selectedFile_changed:line=1002] ######################## Selected File changed ########################
2020-02-24 17:23:31,019 [INFO ] [MainThread] [ExperimentEagle.experimentEagle] [func=_selectedFile_changed:line=1004] Update physics
2020-02-24 17:23:31,025 [ERROR] [MainThread] [ExperimentEagle.physicsProperties] [func=updatePhysics:line=124] Found very fresh sequence file. Probably read already variables of next sequence?
2020-02-24 17:23:31,026 [WARNI] [MainThread] [ExperimentEagle.physicsProperties] [func=updatePhysics:line=125] Use second last sequence file instead..
2020-02-24 17:23:31,140 [WARNI] [MainThread] [ExperimentEagle.physicsProperties] [func=updatePhysics:line=129] Age of sequence file: -88.3007078171
2020-02-24 17:23:31,256 [INFO ] [MainThread] [ExperimentEagle.experimentEagle] [func=getImageData:line=166] processor = <processors.standardAndor2.StandardAndor2 object at 0x000000000BC29DB0>
2020-02-24 17:23:31,259 [INFO ] [MainThread] [ExperimentEagle.Processor] [func=process:line=76] using standard Andor 0 process function
2020-02-24 17:23:31,763 [INFO ] [MainThread] [ExperimentEagle.Processor] [func=read:line=41] processor reading file!
2020-02-24 17:23:59,052 [INFO ] [MainThread] [ExperimentEagle.experimentEagle] [func=_selectedFile_changed:line=1002] ######################## Selected File changed ########################
2020-02-24 17:23:59,052 [INFO ] [MainThread] [ExperimentEagle.experimentEagle] [func=_selectedFile_changed:line=1004] Update physics
2020-02-24 17:23:59,190 [WARNI] [MainThread] [ExperimentEagle.physicsProperties] [func=updatePhysics:line=129] Age of sequence file: 19.9549582005
2020-02-24 17:23:59,302 [INFO ] [MainThread] [ExperimentEagle.experimentEagle] [func=getImageData:line=166] processor = <processors.standardAndor2.StandardAndor2 object at 0x000000000BC29DB0>
2020-02-24 17:23:59,303 [INFO ] [MainThread] [ExperimentEagle.Processor] [func=process:line=76] using standard Andor 0 process function
2020-02-24 17:23:59,805 [INFO ] [MainThread] [ExperimentEagle.Processor] [func=read:line=41] processor reading file!
2020-02-24 17:24:00,062 [INFO ] [MainThread] [ExperimentEagle.Processor] [func=read:line=41] processor reading file!
2020-02-24 17:24:00,352 [INFO ] [MainThread] [ExperimentEagle.Processor] [func=rescale:line=93] processor: rescale factor = 0.9136837110695148 using region of shape: 120, 20
2020-02-24 17:24:00,355 [WARNI] [MainThread] [ExperimentEagle.Processor] [func=opticalDensity:line=65] Calculate OP picture..
2020-02-24 17:24:00,500 [WARNI] [MainThread] [ExperimentEagle.Processor] [func=opticalDensity:line=65] Calculate OP picture..
2020-02-24 17:24:00,701 [INFO ] [MainThread] [ExperimentEagle.experimentEagle] [func=getImageData:line=170] shape of raw Image = (1063,1063)
2020-02-24 17:24:00,716 [INFO ] [MainThread] [ExperimentEagle.experimentEagle] [func=update:line=840] updating plot
2020-02-24 17:24:00,720 [INFO ] [MainThread] [ExperimentEagle.experimentEagle] [func=_selectedFile_changed:line=1018] succesfully completed getImageData. Will now break from repetition loop
2020-02-24 17:24:00,721 [INFO ] [MainThread] [ExperimentEagle.experimentEagle] [func=update:line=840] updating plot
2020-02-24 17:24:25,102 [INFO ] [MainThread] [ExperimentEagle.experimentEagle] [func=_selectedFile_changed:line=1002] ######################## Selected File changed ########################
2020-02-24 17:24:25,102 [INFO ] [MainThread] [ExperimentEagle.experimentEagle] [func=_selectedFile_changed:line=1004] Update physics
2020-02-24 17:24:25,257 [WARNI] [MainThread] [ExperimentEagle.physicsProperties] [func=updatePhysics:line=129] Age of sequence file: 22.2806293964
2020-02-24 17:24:25,361 [INFO ] [MainThread] [ExperimentEagle.experimentEagle] [func=getImageData:line=166] processor = <processors.standardAndor2.StandardAndor2 object at 0x000000000BC29DB0>
2020-02-24 17:24:25,362 [INFO ] [MainThread] [ExperimentEagle.Processor] [func=process:line=76] using standard Andor 0 process function
2020-02-24 17:24:25,864 [INFO ] [MainThread] [ExperimentEagle.Processor] [func=read:line=41] processor reading file!
2020-02-24 17:24:53,141 [INFO ] [MainThread] [ExperimentEagle.experimentEagle] [func=_selectedFile_changed:line=1002] ######################## Selected File changed ########################
2020-02-24 17:24:53,142 [INFO ] [MainThread] [ExperimentEagle.experimentEagle] [func=_selectedFile_changed:line=1004] Update physics
2020-02-24 17:24:53,267 [WARNI] [MainThread] [ExperimentEagle.physicsProperties] [func=updatePhysics:line=129] Age of sequence file: 20.6747062206
2020-02-24 17:24:53,381 [INFO ] [MainThread] [ExperimentEagle.experimentEagle] [func=getImageData:line=166] processor = <processors.standardAndor2.StandardAndor2 object at 0x000000000BC29DB0>
2020-02-24 17:24:53,382 [INFO ] [MainThread] [ExperimentEagle.Processor] [func=process:line=76] using standard Andor 0 process function
2020-02-24 17:24:53,888 [INFO ] [MainThread] [ExperimentEagle.Processor] [func=read:line=41] processor reading file!
2020-02-24 17:25:21,171 [INFO ] [MainThread] [ExperimentEagle.experimentEagle] [func=_selectedFile_changed:line=1002] ######################## Selected File changed ########################
2020-02-24 17:25:21,174 [INFO ] [MainThread] [ExperimentEagle.experimentEagle] [func=_selectedFile_changed:line=1004] Update physics
2020-02-24 17:25:21,299 [WARNI] [MainThread] [ExperimentEagle.physicsProperties] [func=updatePhysics:line=129] Age of sequence file: 19.7983176708
2020-02-24 17:25:21,404 [INFO ] [MainThread] [ExperimentEagle.experimentEagle] [func=getImageData:line=166] processor = <processors.standardAndor2.StandardAndor2 object at 0x000000000BC29DB0>
2020-02-24 17:25:21,404 [INFO ] [MainThread] [ExperimentEagle.Processor] [func=process:line=76] using standard Andor 0 process function
2020-02-24 17:25:21,907 [INFO ] [MainThread] [ExperimentEagle.Processor] [func=read:line=41] processor reading file!
2020-02-24 17:25:47,209 [INFO ] [MainThread] [ExperimentEagle.experimentEagle] [func=_selectedFile_changed:line=1002] ######################## Selected File changed ########################
2020-02-24 17:25:47,217 [INFO ] [MainThread] [ExperimentEagle.experimentEagle] [func=_selectedFile_changed:line=1004] Update physics
2020-02-24 17:25:47,344 [WARNI] [MainThread] [ExperimentEagle.physicsProperties] [func=updatePhysics:line=129] Age of sequence file: 19.5856397152
2020-02-24 17:25:47,447 [INFO ] [MainThread] [ExperimentEagle.experimentEagle] [func=getImageData:line=166] processor = <processors.standardAndor2.StandardAndor2 object at 0x000000000BC29DB0>
2020-02-24 17:25:47,450 [INFO ] [MainThread] [ExperimentEagle.Processor] [func=process:line=76] using standard Andor 0 process function
2020-02-24 17:25:47,950 [INFO ] [MainThread] [ExperimentEagle.Processor] [func=read:line=41] processor reading file!
2020-02-24 17:26:08,535 [INFO ] [MainThread] [ExperimentEagle.experimentEagle] [func=closed:line=238] attempting to stop timers
