2020-04-16 15:52:57,543 [INFO ] [MainThread] [ExperimentEagle] [func=<module>:line=60] Welcome to Experiment Eagle version 4.0 written by Timothy Harrison. Report bugs to 
Timothy Harrison. See text at beginning of __init__.py for more information.
2020-04-16 15:53:08,065 [INFO ] [MainThread] [ExperimentEagle.experimentEagle] [func=_fixAspectRatioBool_changed:line=970] self.fixAspectRatioBool changed to True
2020-04-16 15:53:08,065 [INFO ] [MainThread] [ExperimentEagle.experimentEagle] [func=loadSettings:line=599] Load settings
2020-04-16 15:53:08,075 [INFO ] [MainThread] [ExperimentEagle.experimentEagle] [func=__init__:line=596] initialisation of experiment Eagle complete
2020-04-16 15:53:14,115 [INFO ] [MainThread] [ExperimentEagle.experimentEagle] [func=update:line=840] updating plot
2020-04-16 15:53:19,990 [INFO ] [MainThread] [ExperimentEagle.experimentEagle] [func=_cameraModel_changed:line=1035] Camera model changed to Andor0
2020-04-16 15:53:20,010 [INFO ] [MainThread] [ExperimentEagle.experimentEagle] [func=_cameraModel_changed:line=1051] {u'auto': False, u'max': 5, u'min': -0.2}
2020-04-16 15:53:20,010 [ERROR] [MainThread] [ExperimentEagle.experimentEagle] [func=getImageData:line=142] image file not found. filling with zeros
2020-04-16 15:53:20,010 [INFO ] [MainThread] [ExperimentEagle.experimentEagle] [func=update:line=840] updating plot
2020-04-16 15:53:23,020 [INFO ] [MainThread] [ExperimentEagle.experimentEagle] [func=_configureWatchFolder_fired:line=1079] Configure watch folder for Andor0
2020-04-16 15:53:25,040 [WARNI] [MainThread] [ExperimentEagle.experimentEagle] [func=checkForNewFiles:line=370] more than one new file found [u'Sequence_ANDOR0FT_1604 155233.png', u'Sequence_ANDOR0FT_1604 155205.png'] only analysing first one
2020-04-16 15:53:25,040 [INFO ] [MainThread] [ExperimentEagle.experimentEagle] [func=_selectedFile_changed:line=1002] ######################## Selected File changed ########################
2020-04-16 15:53:25,040 [INFO ] [MainThread] [ExperimentEagle.experimentEagle] [func=_selectedFile_changed:line=1004] Update physics
2020-04-16 15:53:25,040 [ERROR] [MainThread] [ExperimentEagle.physicsProperties] [func=updatePhysics:line=141] Error when trying to load XML 'PhysicsProperties' object has no attribute 'selectedFileModifiedTime'
2020-04-16 15:53:25,141 [INFO ] [MainThread] [ExperimentEagle.experimentEagle] [func=getImageData:line=166] processor = <processors.standardAndor0.StandardAndor0 object at 0x0F07E450>
2020-04-16 15:53:25,141 [INFO ] [MainThread] [ExperimentEagle.Processor] [func=process:line=36] using standard Andor 0 process function
2020-04-16 15:53:25,141 [INFO ] [MainThread] [ExperimentEagle.Processor] [func=read:line=41] processor reading file!
2020-04-16 15:53:25,351 [INFO ] [MainThread] [ExperimentEagle.Processor] [func=rescale:line=93] processor: rescale factor = 0.957173592264 using region of shape: 120, 20
2020-04-16 15:53:25,351 [WARNI] [MainThread] [ExperimentEagle.Processor] [func=opticalDensity:line=65] Calculate OD picture..
2020-04-16 15:53:25,591 [WARNI] [MainThread] [ExperimentEagle.Processor] [func=opticalDensity:line=65] Calculate OD picture..
2020-04-16 15:53:25,651 [INFO ] [MainThread] [ExperimentEagle.experimentEagle] [func=getImageData:line=170] shape of raw Image = (723,723)
2020-04-16 15:53:25,651 [WARNI] [MainThread] [ExperimentEagle.experimentEagle] [func=getImageData:line=173] number of pixels in image have changed. This causes problems for contour fit plot. Will destroy contour fit plot first
2020-04-16 15:53:25,651 [INFO ] [MainThread] [ExperimentEagle.experimentEagle] [func=_fixAspectRatioBool_changed:line=970] self.fixAspectRatioBool changed to False
2020-04-16 15:53:25,651 [INFO ] [MainThread] [ExperimentEagle.experimentEagle] [func=_fixAspectRatioBool_changed:line=970] self.fixAspectRatioBool changed to True
2020-04-16 15:53:25,661 [INFO ] [MainThread] [ExperimentEagle.experimentEagle] [func=getImageData:line=175] continuing after pixels changed = True event
2020-04-16 15:53:25,671 [INFO ] [MainThread] [ExperimentEagle.experimentEagle] [func=update:line=840] updating plot
2020-04-16 15:53:25,671 [INFO ] [MainThread] [ExperimentEagle.experimentEagle] [func=_selectedFile_changed:line=1018] succesfully completed getImageData. Will now break from repetition loop
2020-04-16 15:53:25,671 [INFO ] [MainThread] [ExperimentEagle.experimentEagle] [func=update:line=840] updating plot
2020-04-16 15:53:48,559 [INFO ] [MainThread] [ExperimentEagle.experimentEagle] [func=_selectedFile_changed:line=1002] ######################## Selected File changed ########################
2020-04-16 15:53:48,559 [INFO ] [MainThread] [ExperimentEagle.experimentEagle] [func=_selectedFile_changed:line=1004] Update physics
2020-04-16 15:53:48,559 [ERROR] [MainThread] [ExperimentEagle.physicsProperties] [func=updatePhysics:line=124] Found very fresh sequence file. Probably read already variables of next sequence?
2020-04-16 15:53:48,569 [WARNI] [MainThread] [ExperimentEagle.physicsProperties] [func=updatePhysics:line=125] Use second last sequence file instead..
2020-04-16 15:53:48,678 [WARNI] [MainThread] [ExperimentEagle.physicsProperties] [func=updatePhysics:line=129] Age of sequence file: -12.8543279171
2020-04-16 15:53:48,789 [INFO ] [MainThread] [ExperimentEagle.experimentEagle] [func=getImageData:line=166] processor = <processors.standardAndor0.StandardAndor0 object at 0x0F07E450>
2020-04-16 15:53:48,789 [INFO ] [MainThread] [ExperimentEagle.Processor] [func=process:line=36] using standard Andor 0 process function
2020-04-16 15:53:48,789 [INFO ] [MainThread] [ExperimentEagle.Processor] [func=read:line=41] processor reading file!
2020-04-16 15:53:48,828 [INFO ] [MainThread] [ExperimentEagle.Processor] [func=rescale:line=93] processor: rescale factor = 0.986955898846 using region of shape: 120, 20
2020-04-16 15:53:48,828 [WARNI] [MainThread] [ExperimentEagle.Processor] [func=opticalDensity:line=65] Calculate OD picture..
2020-04-16 15:53:49,059 [WARNI] [MainThread] [ExperimentEagle.Processor] [func=opticalDensity:line=65] Calculate OD picture..
2020-04-16 15:53:49,118 [INFO ] [MainThread] [ExperimentEagle.experimentEagle] [func=getImageData:line=170] shape of raw Image = (723,723)
2020-04-16 15:53:49,128 [INFO ] [MainThread] [ExperimentEagle.experimentEagle] [func=update:line=840] updating plot
2020-04-16 15:53:49,128 [INFO ] [MainThread] [ExperimentEagle.experimentEagle] [func=_selectedFile_changed:line=1018] succesfully completed getImageData. Will now break from repetition loop
2020-04-16 15:53:49,128 [INFO ] [MainThread] [ExperimentEagle.experimentEagle] [func=update:line=840] updating plot
2020-04-16 15:53:58,299 [INFO ] [MainThread] [ExperimentEagle.OptionsDictionaryEditor] [func=editOptionsDialog:line=76] returning optionsDict
2020-04-16 15:53:58,299 [INFO ] [MainThread] [ExperimentEagle.Processor] [func=editOptions:line=116] updating options dictionary with values OrderedDict([('process?', True), ('darkSubtraction?', True), ('rawImageWithDarkSubtraction?', True), ('rescale?', True), ('rescaleInitialX', 90), ('rescaleInitialY', 170), ('rescaleWidth', 20), ('rescaleHeight', 120), ('drawRescaleRegion?', True), ('rotationAngle', -47.8), ('Dark picture', 'calibration\\darkPictures\\Andor0\\2016-10-20-darkAverage.npy'), ('correct OD with alpha function?', False)])
2020-04-16 15:54:02,868 [INFO ] [MainThread] [ExperimentEagle.experimentEagle] [func=_forceRefreshButton_fired:line=202] force refresh button fired
2020-04-16 15:54:02,868 [INFO ] [MainThread] [ExperimentEagle.experimentEagle] [func=getImageData:line=166] processor = <processors.standardAndor0.StandardAndor0 object at 0x0F07E450>
2020-04-16 15:54:02,878 [INFO ] [MainThread] [ExperimentEagle.Processor] [func=process:line=36] using standard Andor 0 process function
2020-04-16 15:54:02,878 [INFO ] [MainThread] [ExperimentEagle.Processor] [func=read:line=41] processor reading file!
2020-04-16 15:54:02,918 [INFO ] [MainThread] [ExperimentEagle.experimentEagle] [func=getImageData:line=170] shape of raw Image = (1024,512)
2020-04-16 15:54:02,918 [WARNI] [MainThread] [ExperimentEagle.experimentEagle] [func=getImageData:line=173] number of pixels in image have changed. This causes problems for contour fit plot. Will destroy contour fit plot first
2020-04-16 15:54:02,918 [INFO ] [MainThread] [ExperimentEagle.experimentEagle] [func=_fixAspectRatioBool_changed:line=970] self.fixAspectRatioBool changed to False
2020-04-16 15:54:02,918 [INFO ] [MainThread] [ExperimentEagle.experimentEagle] [func=_fixAspectRatioBool_changed:line=970] self.fixAspectRatioBool changed to True
2020-04-16 15:54:02,928 [INFO ] [MainThread] [ExperimentEagle.experimentEagle] [func=getImageData:line=175] continuing after pixels changed = True event
2020-04-16 15:54:02,928 [INFO ] [MainThread] [ExperimentEagle.experimentEagle] [func=update:line=840] updating plot
2020-04-16 15:54:02,928 [INFO ] [MainThread] [ExperimentEagle.experimentEagle] [func=_forceRefreshButton_fired:line=202] force refresh button fired
2020-04-16 15:54:02,928 [INFO ] [MainThread] [ExperimentEagle.experimentEagle] [func=getImageData:line=166] processor = <processors.standardAndor0.StandardAndor0 object at 0x0F07E450>
2020-04-16 15:54:02,938 [INFO ] [MainThread] [ExperimentEagle.Processor] [func=process:line=36] using standard Andor 0 process function
2020-04-16 15:54:02,938 [INFO ] [MainThread] [ExperimentEagle.Processor] [func=read:line=41] processor reading file!
2020-04-16 15:54:02,979 [INFO ] [MainThread] [ExperimentEagle.experimentEagle] [func=getImageData:line=170] shape of raw Image = (1024,512)
2020-04-16 15:54:02,979 [INFO ] [MainThread] [ExperimentEagle.experimentEagle] [func=update:line=840] updating plot
2020-04-16 15:54:11,368 [INFO ] [MainThread] [ExperimentEagle.experimentEagle] [func=_forceRefreshButton_fired:line=202] force refresh button fired
2020-04-16 15:54:11,368 [INFO ] [MainThread] [ExperimentEagle.experimentEagle] [func=getImageData:line=166] processor = <processors.standardAndor0.StandardAndor0 object at 0x0F07E450>
2020-04-16 15:54:11,368 [INFO ] [MainThread] [ExperimentEagle.Processor] [func=process:line=36] using standard Andor 0 process function
2020-04-16 15:54:11,368 [INFO ] [MainThread] [ExperimentEagle.Processor] [func=read:line=41] processor reading file!
2020-04-16 15:54:11,418 [INFO ] [MainThread] [ExperimentEagle.experimentEagle] [func=getImageData:line=170] shape of raw Image = (1024,512)
2020-04-16 15:54:11,418 [INFO ] [MainThread] [ExperimentEagle.experimentEagle] [func=update:line=840] updating plot
2020-04-16 15:54:11,428 [INFO ] [MainThread] [ExperimentEagle.experimentEagle] [func=_forceRefreshButton_fired:line=202] force refresh button fired
2020-04-16 15:54:11,428 [INFO ] [MainThread] [ExperimentEagle.experimentEagle] [func=getImageData:line=166] processor = <processors.standardAndor0.StandardAndor0 object at 0x0F07E450>
2020-04-16 15:54:11,428 [INFO ] [MainThread] [ExperimentEagle.Processor] [func=process:line=36] using standard Andor 0 process function
2020-04-16 15:54:11,428 [INFO ] [MainThread] [ExperimentEagle.Processor] [func=read:line=41] processor reading file!
2020-04-16 15:54:11,469 [INFO ] [MainThread] [ExperimentEagle.experimentEagle] [func=getImageData:line=170] shape of raw Image = (1024,512)
2020-04-16 15:54:11,479 [INFO ] [MainThread] [ExperimentEagle.experimentEagle] [func=update:line=840] updating plot
2020-04-16 15:54:21,408 [CRITI] [MainThread] [ExperimentEagle.experimentEagle] [func=_box_selection_complete:line=286] Box selection complete
2020-04-16 15:54:28,739 [INFO ] [MainThread] [ExperimentEagle.fits] [func=_get_subSpaceArrays:line=359] xs array sliced length 479 
2020-04-16 15:54:28,739 [INFO ] [MainThread] [ExperimentEagle.fits] [func=_get_subSpaceArrays:line=360] ys array sliced length 504  
2020-04-16 15:54:28,739 [INFO ] [MainThread] [ExperimentEagle.fits] [func=_get_subSpaceArrays:line=362] zs sub space array 504,479 
2020-04-16 15:54:29,469 [INFO ] [Thread-3] [ExperimentEagle.fits] [func=run:line=144] starting fitting thread
2020-04-16 15:54:29,469 [INFO ] [Thread-3] [ExperimentEagle.fits] [func=_get_subSpaceArrays:line=359] xs array sliced length 479 
2020-04-16 15:54:29,469 [INFO ] [Thread-3] [ExperimentEagle.fits] [func=_get_subSpaceArrays:line=360] ys array sliced length 504  
2020-04-16 15:54:29,469 [INFO ] [Thread-3] [ExperimentEagle.fits] [func=_get_subSpaceArrays:line=362] zs sub space array 504,479 
2020-04-16 15:54:31,499 [INFO ] [Thread-3] [ExperimentEagle.fits] [func=_get_subSpaceArrays:line=359] xs array sliced length 479 
2020-04-16 15:54:31,499 [INFO ] [Thread-3] [ExperimentEagle.fits] [func=_get_subSpaceArrays:line=360] ys array sliced length 504  
2020-04-16 15:54:31,499 [INFO ] [Thread-3] [ExperimentEagle.fits] [func=_get_subSpaceArrays:line=362] zs sub space array 504,479 
2020-04-16 15:54:31,509 [INFO ] [Thread-3] [ExperimentEagle.fits] [func=_deriveCalculatedParameters:line=157] Derived values from fit
2020-04-16 15:54:31,519 [INFO ] [Thread-3] [ExperimentEagle.fits] [func=run:line=163] auto draw bool is true so using the rerefernce to imageInspector bool to call the function to draw the fit as contours
2020-04-16 15:54:31,519 [INFO ] [Thread-3] [ExperimentEagle.experimentEagle] [func=addFitPlot:line=825] first fit plot so initialising contour plot
2020-04-16 15:54:31,539 [INFO ] [Thread-3] [ExperimentEagle.experimentEagle] [func=addFitPlot:line=827] attempting to set fit data
2020-04-16 15:54:31,598 [INFO ] [Thread-3] [ExperimentEagle.fits] [func=run:line=168] saving last fit results to a separate text file
2020-04-16 15:54:33,888 [INFO ] [MainThread] [ExperimentEagle.fits] [func=_usePreviousFitValuesButton_fired:line=683] use previous fit values button fired. loading previous initial values
2020-04-16 17:50:02,756 [INFO ] [MainThread] [ExperimentEagle.KeyBindingTool] [func=normal_key_pressed:line=40] normal key pressed
2020-04-16 17:50:02,756 [INFO ] [MainThread] [ExperimentEagle.KeyBindingTool] [func=normal_key_pressed:line=41] 3 keys registered for detection
2020-04-16 17:50:02,756 [INFO ] [MainThread] [ExperimentEagle.KeyBindingTool] [func=normal_key_pressed:line=43] normal key press detected: KeyEvent(event_type='key_pressed', character='F11', alt_down=False, control_down=False, shift_down=False, handled=False)
2020-04-16 17:50:02,756 [INFO ] [MainThread] [ExperimentEagle.KeyBindingTool] [func=normal_key_pressed:line=45] key press action found for : <enable.base_tool.KeySpec object at 0x05B75C90>
2020-04-16 17:50:02,756 [INFO ] [MainThread] [ExperimentEagle.experimentEagle] [func=_fixAspectRatioBool_changed:line=970] self.fixAspectRatioBool changed to True
2020-04-16 17:50:02,766 [INFO ] [MainThread] [ExperimentEagle.KeyBindingTool] [func=normal_key_pressed:line=43] normal key press detected: KeyEvent(event_type='key_pressed', character='F11', alt_down=False, control_down=False, shift_down=False, handled=True)
2020-04-16 17:50:02,766 [INFO ] [MainThread] [ExperimentEagle.KeyBindingTool] [func=normal_key_pressed:line=43] normal key press detected: KeyEvent(event_type='key_pressed', character='F11', alt_down=False, control_down=False, shift_down=False, handled=True)
2020-04-16 17:50:16,236 [INFO ] [MainThread] [ExperimentEagle.fits] [func=_get_subSpaceArrays:line=359] xs array sliced length 479 
2020-04-16 17:50:16,236 [INFO ] [MainThread] [ExperimentEagle.fits] [func=_get_subSpaceArrays:line=360] ys array sliced length 504  
2020-04-16 17:50:16,236 [INFO ] [MainThread] [ExperimentEagle.fits] [func=_get_subSpaceArrays:line=362] zs sub space array 504,479 
2020-04-16 17:50:17,266 [INFO ] [Thread-4] [ExperimentEagle.fits] [func=run:line=144] starting fitting thread
2020-04-16 17:50:17,266 [INFO ] [Thread-4] [ExperimentEagle.fits] [func=_get_subSpaceArrays:line=359] xs array sliced length 479 
2020-04-16 17:50:17,266 [INFO ] [Thread-4] [ExperimentEagle.fits] [func=_get_subSpaceArrays:line=360] ys array sliced length 504  
2020-04-16 17:50:17,276 [INFO ] [Thread-4] [ExperimentEagle.fits] [func=_get_subSpaceArrays:line=362] zs sub space array 504,479 
2020-04-16 17:50:19,885 [INFO ] [Thread-4] [ExperimentEagle.fits] [func=_get_subSpaceArrays:line=359] xs array sliced length 479 
2020-04-16 17:50:19,885 [INFO ] [Thread-4] [ExperimentEagle.fits] [func=_get_subSpaceArrays:line=360] ys array sliced length 504  
2020-04-16 17:50:19,885 [INFO ] [Thread-4] [ExperimentEagle.fits] [func=_get_subSpaceArrays:line=362] zs sub space array 504,479 
2020-04-16 17:50:19,885 [INFO ] [Thread-4] [ExperimentEagle.fits] [func=_deriveCalculatedParameters:line=157] Derived values from fit
2020-04-16 17:50:19,895 [INFO ] [Thread-4] [ExperimentEagle.fits] [func=run:line=163] auto draw bool is true so using the rerefernce to imageInspector bool to call the function to draw the fit as contours
2020-04-16 17:50:19,895 [INFO ] [Thread-4] [ExperimentEagle.experimentEagle] [func=addFitPlot:line=827] attempting to set fit data
2020-04-16 17:50:19,966 [INFO ] [Thread-4] [ExperimentEagle.fits] [func=run:line=168] saving last fit results to a separate text file
2020-04-16 20:24:17,085 [ERROR] [MainThread] [ExperimentEagle.experimentEagle] [func=closed:line=240] couldn't stop current timer 'NoneType' object has no attribute 'stop' 
