2020-02-11 11:21:46,039 [INFO ] [MainThread] [ExperimentEagle] [func=<module>:line=59] Welcome to Experiment Eagle version 4.0 written by Timothy Harrison. Report bugs to 
Timothy Harrison. See text at beginning of __init__.py for more information.
2020-02-11 11:22:04,440 [INFO ] [MainThread] [ExperimentEagle.experimentEagle] [func=_fixAspectRatioBool_changed:line=954] self.fixAspectRatioBool changed to True
2020-02-11 11:22:04,441 [INFO ] [MainThread] [ExperimentEagle.experimentEagle] [func=loadSettings:line=583] Load settings
2020-02-11 11:22:04,451 [INFO ] [MainThread] [ExperimentEagle.experimentEagle] [func=__init__:line=580] initialisation of experiment Eagle complete
2020-02-11 11:22:09,734 [INFO ] [MainThread] [ExperimentEagle.experimentEagle] [func=update:line=824] updating plot
2020-02-11 11:22:20,598 [INFO ] [MainThread] [ExperimentEagle.experimentEagle] [func=_cameraModel_changed:line=1019] Camera model changed to Andor0
2020-02-11 11:22:20,631 [INFO ] [MainThread] [ExperimentEagle.experimentEagle] [func=_cameraModel_changed:line=1035] {u'auto': False, u'max': 5, u'min': -0.2}
2020-02-11 11:22:20,634 [ERROR] [MainThread] [ExperimentEagle.experimentEagle] [func=getImageData:line=139] image file not found. filling with zeros
2020-02-11 11:22:20,635 [INFO ] [MainThread] [ExperimentEagle.experimentEagle] [func=update:line=824] updating plot
2020-02-11 11:22:23,676 [INFO ] [MainThread] [ExperimentEagle.experimentEagle] [func=_configureWatchFolder_fired:line=1061] Configure watch folder for Andor0
2020-02-11 11:22:25,210 [INFO ] [MainThread] [ExperimentEagle.experimentEagle] [func=_forceRefreshButton_fired:line=199] force refresh button fired
2020-02-11 11:22:25,226 [ERROR] [MainThread] [ExperimentEagle.experimentEagle] [func=getImageData:line=139] image file not found. filling with zeros
2020-02-11 11:22:25,226 [INFO ] [MainThread] [ExperimentEagle.experimentEagle] [func=update:line=824] updating plot
2020-02-11 11:22:25,233 [INFO ] [MainThread] [ExperimentEagle.experimentEagle] [func=_selectedFile_changed:line=986] ######################## Selected File changed ########################
2020-02-11 11:22:25,234 [INFO ] [MainThread] [ExperimentEagle.experimentEagle] [func=_selectedFile_changed:line=988] Update physics
2020-02-11 11:22:25,240 [ERROR] [MainThread] [ExperimentEagle.physicsProperties] [func=updatePhysics:line=139] Error when trying to load XML 'PhysicsProperties' object has no attribute 'selectedFileModifiedTime'
2020-02-11 11:22:25,494 [INFO ] [MainThread] [ExperimentEagle.experimentEagle] [func=getImageData:line=163] processor = <processors.standardAndor0.StandardAndor0 object at 0x000000000AC0F678>
2020-02-11 11:22:25,494 [INFO ] [MainThread] [ExperimentEagle.Processor] [func=process:line=32] using standard Andor 0 process function
2020-02-11 11:22:25,499 [INFO ] [MainThread] [ExperimentEagle.Processor] [func=read:line=38] processor reading file!
2020-02-11 11:22:26,959 [INFO ] [MainThread] [ExperimentEagle.Processor] [func=rescale:line=81] processor: rescale factor = 0.971641056721829 using region of shape: 20, 20
2020-02-11 11:22:27,038 [INFO ] [MainThread] [ExperimentEagle.experimentEagle] [func=getImageData:line=167] shape of raw Image = (723,723)
2020-02-11 11:22:27,039 [WARNI] [MainThread] [ExperimentEagle.experimentEagle] [func=getImageData:line=170] number of pixels in image have changed. This causes problems for contour fit plot. Will destroy contour fit plot first
2020-02-11 11:22:27,042 [INFO ] [MainThread] [ExperimentEagle.experimentEagle] [func=_fixAspectRatioBool_changed:line=954] self.fixAspectRatioBool changed to False
2020-02-11 11:22:27,045 [INFO ] [MainThread] [ExperimentEagle.experimentEagle] [func=_fixAspectRatioBool_changed:line=954] self.fixAspectRatioBool changed to True
2020-02-11 11:22:27,048 [INFO ] [MainThread] [ExperimentEagle.experimentEagle] [func=getImageData:line=172] continuing after pixels changed = True event
2020-02-11 11:22:27,056 [INFO ] [MainThread] [ExperimentEagle.experimentEagle] [func=update:line=824] updating plot
2020-02-11 11:22:27,101 [INFO ] [MainThread] [ExperimentEagle.experimentEagle] [func=_selectedFile_changed:line=1002] succesfully completed getImageData. Will now break from repetition loop
2020-02-11 11:22:27,101 [INFO ] [MainThread] [ExperimentEagle.experimentEagle] [func=update:line=824] updating plot
2020-02-11 11:22:27,105 [INFO ] [MainThread] [ExperimentEagle.experimentEagle] [func=_forceRefreshButton_fired:line=199] force refresh button fired
2020-02-11 11:22:27,171 [INFO ] [MainThread] [ExperimentEagle.experimentEagle] [func=getImageData:line=163] processor = <processors.standardAndor0.StandardAndor0 object at 0x000000000AC0F678>
2020-02-11 11:22:27,197 [INFO ] [MainThread] [ExperimentEagle.Processor] [func=process:line=32] using standard Andor 0 process function
2020-02-11 11:22:27,200 [INFO ] [MainThread] [ExperimentEagle.Processor] [func=read:line=38] processor reading file!
2020-02-11 11:22:28,575 [INFO ] [MainThread] [ExperimentEagle.Processor] [func=rescale:line=81] processor: rescale factor = 0.971641056721829 using region of shape: 20, 20
2020-02-11 11:22:28,657 [INFO ] [MainThread] [ExperimentEagle.experimentEagle] [func=getImageData:line=167] shape of raw Image = (723,723)
2020-02-11 11:22:28,664 [INFO ] [MainThread] [ExperimentEagle.experimentEagle] [func=update:line=824] updating plot
2020-02-11 11:22:35,802 [INFO ] [MainThread] [ExperimentEagle.experimentEagle] [func=closed:line=228] attempting to stop timers
