2020-02-22 19:14:01,872 [INFO ] [MainThread] [ExperimentEagle] [func=<module>:line=59] Welcome to Experiment Eagle version 4.0 written by Timothy Harrison. Report bugs to 
Timothy Harrison. See text at beginning of __init__.py for more information.
2020-02-22 19:14:05,923 [INFO ] [MainThread] [ExperimentEagle.experimentEagle] [func=_fixAspectRatioBool_changed:line=970] self.fixAspectRatioBool changed to True
2020-02-22 19:14:05,980 [INFO ] [MainThread] [ExperimentEagle.experimentEagle] [func=loadSettings:line=599] Load settings
2020-02-22 19:14:05,994 [INFO ] [MainThread] [ExperimentEagle.experimentEagle] [func=__init__:line=596] initialisation of experiment Eagle complete
2020-02-22 19:14:11,852 [INFO ] [MainThread] [ExperimentEagle.experimentEagle] [func=update:line=840] updating plot
2020-02-22 19:14:16,063 [INFO ] [MainThread] [ExperimentEagle.experimentEagle] [func=_cameraModel_changed:line=1035] Camera model changed to Andor2
2020-02-22 19:14:16,082 [INFO ] [MainThread] [ExperimentEagle.experimentEagle] [func=_cameraModel_changed:line=1051] {u'auto': False, u'max': 3, u'min': -0.2}
2020-02-22 19:14:16,086 [ERROR] [MainThread] [ExperimentEagle.experimentEagle] [func=getImageData:line=142] image file not found. filling with zeros
2020-02-22 19:14:16,088 [INFO ] [MainThread] [ExperimentEagle.experimentEagle] [func=update:line=840] updating plot
2020-02-22 19:14:16,723 [INFO ] [MainThread] [ExperimentEagle.experimentEagle] [func=_configureWatchFolder_fired:line=1079] Configure watch folder for Andor2
2020-02-22 19:14:17,214 [INFO ] [MainThread] [ExperimentEagle.experimentEagle] [func=_forceRefreshButton_fired:line=202] force refresh button fired
2020-02-22 19:14:17,219 [ERROR] [MainThread] [ExperimentEagle.experimentEagle] [func=getImageData:line=142] image file not found. filling with zeros
2020-02-22 19:14:17,220 [INFO ] [MainThread] [ExperimentEagle.experimentEagle] [func=update:line=840] updating plot
2020-02-22 19:14:17,230 [WARNI] [MainThread] [ExperimentEagle.experimentEagle] [func=checkForNewFiles:line=370] more than one new file found [u'Sequence_ANDORFT_GeneralDummyVariable_3_EvapSnakeStep1FreqMHz_1776.8_2202 191114.png', u'Sequence_ANDORFT_GeneralDummyVariable_3_EvapSnakeStep1FreqMHz_1776.7_2202 191142.png'] only analysing first one
2020-02-22 19:14:17,232 [INFO ] [MainThread] [ExperimentEagle.experimentEagle] [func=_selectedFile_changed:line=1002] ######################## Selected File changed ########################
2020-02-22 19:14:17,233 [INFO ] [MainThread] [ExperimentEagle.experimentEagle] [func=_selectedFile_changed:line=1004] Update physics
2020-02-22 19:14:17,239 [ERROR] [MainThread] [ExperimentEagle.physicsProperties] [func=updatePhysics:line=141] Error when trying to load XML 'PhysicsProperties' object has no attribute 'selectedFileModifiedTime'
2020-02-22 19:14:17,403 [INFO ] [MainThread] [ExperimentEagle.experimentEagle] [func=getImageData:line=166] processor = <processors.standardAndor2.StandardAndor2 object at 0x000000000ADBFD58>
2020-02-22 19:14:17,417 [INFO ] [MainThread] [ExperimentEagle.Processor] [func=process:line=73] using standard Andor 0 process function
2020-02-22 19:14:17,418 [INFO ] [MainThread] [ExperimentEagle.Processor] [func=read:line=38] processor reading file!
2020-02-22 19:14:17,618 [INFO ] [MainThread] [ExperimentEagle.Processor] [func=rescale:line=86] processor: rescale factor = 1.1790950808730098 using region of shape: 120, 20
2020-02-22 19:14:17,640 [INFO ] [MainThread] [ExperimentEagle.Processor] [func=rescale:line=86] processor: rescale factor = 1.0 using region of shape: 120, 20
2020-02-22 19:14:17,680 [WARNI] [MainThread] [ExperimentEagle.Processor] [func=opticalDensity:line=58] Calculate OP picture..
2020-02-22 19:14:17,868 [INFO ] [MainThread] [ExperimentEagle.experimentEagle] [func=getImageData:line=170] shape of raw Image = (1062,1059)
2020-02-22 19:14:17,871 [WARNI] [MainThread] [ExperimentEagle.experimentEagle] [func=getImageData:line=173] number of pixels in image have changed. This causes problems for contour fit plot. Will destroy contour fit plot first
2020-02-22 19:14:17,875 [INFO ] [MainThread] [ExperimentEagle.experimentEagle] [func=_fixAspectRatioBool_changed:line=970] self.fixAspectRatioBool changed to False
2020-02-22 19:14:17,877 [INFO ] [MainThread] [ExperimentEagle.experimentEagle] [func=_fixAspectRatioBool_changed:line=970] self.fixAspectRatioBool changed to True
2020-02-22 19:14:17,880 [INFO ] [MainThread] [ExperimentEagle.experimentEagle] [func=getImageData:line=175] continuing after pixels changed = True event
2020-02-22 19:14:17,891 [INFO ] [MainThread] [ExperimentEagle.experimentEagle] [func=update:line=840] updating plot
2020-02-22 19:14:17,920 [INFO ] [MainThread] [ExperimentEagle.experimentEagle] [func=_selectedFile_changed:line=1018] succesfully completed getImageData. Will now break from repetition loop
2020-02-22 19:14:17,921 [INFO ] [MainThread] [ExperimentEagle.experimentEagle] [func=update:line=840] updating plot
2020-02-22 19:14:17,924 [INFO ] [MainThread] [ExperimentEagle.experimentEagle] [func=_forceRefreshButton_fired:line=202] force refresh button fired
2020-02-22 19:14:18,007 [INFO ] [MainThread] [ExperimentEagle.experimentEagle] [func=getImageData:line=166] processor = <processors.standardAndor2.StandardAndor2 object at 0x000000000ADBFD58>
2020-02-22 19:14:18,009 [INFO ] [MainThread] [ExperimentEagle.Processor] [func=process:line=73] using standard Andor 0 process function
2020-02-22 19:14:18,010 [INFO ] [MainThread] [ExperimentEagle.Processor] [func=read:line=38] processor reading file!
2020-02-22 19:14:18,091 [INFO ] [MainThread] [ExperimentEagle.Processor] [func=rescale:line=86] processor: rescale factor = 1.1790950808730098 using region of shape: 120, 20
2020-02-22 19:14:18,115 [INFO ] [MainThread] [ExperimentEagle.Processor] [func=rescale:line=86] processor: rescale factor = 1.0 using region of shape: 120, 20
2020-02-22 19:14:18,161 [WARNI] [MainThread] [ExperimentEagle.Processor] [func=opticalDensity:line=58] Calculate OP picture..
2020-02-22 19:14:18,335 [INFO ] [MainThread] [ExperimentEagle.experimentEagle] [func=getImageData:line=170] shape of raw Image = (1062,1059)
2020-02-22 19:14:18,357 [INFO ] [MainThread] [ExperimentEagle.experimentEagle] [func=update:line=840] updating plot
2020-02-22 19:14:23,447 [WARNI] [MainThread] [ExperimentEagle.OptionsDictionaryEditor] [func=createOption:line=43] unrecognised option type (<type 'unicode'>) in processor. Using traits.Any Editor and value
2020-02-22 19:14:29,634 [INFO ] [MainThread] [ExperimentEagle.OptionsDictionaryEditor] [func=editOptionsDialog:line=76] returning optionsDict
2020-02-22 19:14:29,644 [INFO ] [MainThread] [ExperimentEagle.Processor] [func=editOptions:line=105] updating options dictionary with values OrderedDict([('process?', True), ('darkSubtraction?', True), ('rawImageWithDarkSubtraction?', False), ('rescale?', True), ('rescaleInitialX', 450), ('rescaleInitialY', 250), ('rescaleWidth', 20), ('rescaleHeight', 120), ('drawRescaleRegion?', True), ('rotationAngle', 87.8), ('Skip initial rows', 1), ('Skip final rows', 3), ('correct OD with alpha function?', False), ('Rescale with circular mask?', False), ('Atom mask PosX', 295), ('Atom mask PosY', 295), ('Atom mask Radius', 160), ('Balance light Radius', 200), ('Use boosted light image?', False), ('Light boost factor', 1.0), ('Binning?', True), ('Bin size', 4), ('Dark picture', u'G:/Experiment Humphry/Experiment Control And Software/experimentEagle/calibration/darkPictures/Andor2/2020 02 22 - dark Andor2 - interval 0_017 temperature -80_0 16 c 5_1 3_3 n 100.npy'), ('High intensity correction for low OD?', False), ('alpha', 1.25), ('C0Sat', 231), ('Imaging pulse duration', 6e-06)])
2020-02-22 19:14:34,716 [INFO ] [MainThread] [ExperimentEagle.experimentEagle] [func=_forceRefreshButton_fired:line=202] force refresh button fired
2020-02-22 19:14:34,793 [INFO ] [MainThread] [ExperimentEagle.experimentEagle] [func=getImageData:line=166] processor = <processors.standardAndor2.StandardAndor2 object at 0x000000000ADBFD58>
2020-02-22 19:14:34,795 [INFO ] [MainThread] [ExperimentEagle.Processor] [func=process:line=73] using standard Andor 0 process function
2020-02-22 19:14:34,796 [INFO ] [MainThread] [ExperimentEagle.Processor] [func=read:line=38] processor reading file!
2020-02-22 19:14:34,888 [INFO ] [MainThread] [ExperimentEagle.Processor] [func=rescale:line=86] processor: rescale factor = 1.1790950808730098 using region of shape: 120, 20
2020-02-22 19:14:34,900 [INFO ] [MainThread] [ExperimentEagle.Processor] [func=rescale:line=86] processor: rescale factor = 1.0 using region of shape: 120, 20
2020-02-22 19:14:36,164 [WARNI] [MainThread] [ExperimentEagle.Processor] [func=opticalDensity:line=58] Calculate OP picture..
2020-02-22 19:14:36,193 [INFO ] [MainThread] [ExperimentEagle.experimentEagle] [func=getImageData:line=170] shape of raw Image = (266,265)
2020-02-22 19:14:36,219 [WARNI] [MainThread] [ExperimentEagle.experimentEagle] [func=getImageData:line=173] number of pixels in image have changed. This causes problems for contour fit plot. Will destroy contour fit plot first
2020-02-22 19:14:36,220 [INFO ] [MainThread] [ExperimentEagle.experimentEagle] [func=_fixAspectRatioBool_changed:line=970] self.fixAspectRatioBool changed to False
2020-02-22 19:14:36,253 [INFO ] [MainThread] [ExperimentEagle.experimentEagle] [func=_fixAspectRatioBool_changed:line=970] self.fixAspectRatioBool changed to True
2020-02-22 19:14:36,285 [INFO ] [MainThread] [ExperimentEagle.experimentEagle] [func=getImageData:line=175] continuing after pixels changed = True event
2020-02-22 19:14:36,286 [INFO ] [MainThread] [ExperimentEagle.experimentEagle] [func=update:line=840] updating plot
2020-02-22 19:14:36,292 [INFO ] [MainThread] [ExperimentEagle.experimentEagle] [func=_forceRefreshButton_fired:line=202] force refresh button fired
2020-02-22 19:14:36,375 [INFO ] [MainThread] [ExperimentEagle.experimentEagle] [func=getImageData:line=166] processor = <processors.standardAndor2.StandardAndor2 object at 0x000000000ADBFD58>
2020-02-22 19:14:36,384 [INFO ] [MainThread] [ExperimentEagle.Processor] [func=process:line=73] using standard Andor 0 process function
2020-02-22 19:14:36,384 [INFO ] [MainThread] [ExperimentEagle.Processor] [func=read:line=38] processor reading file!
2020-02-22 19:14:36,479 [INFO ] [MainThread] [ExperimentEagle.Processor] [func=rescale:line=86] processor: rescale factor = 1.1790950808730098 using region of shape: 120, 20
2020-02-22 19:14:36,489 [INFO ] [MainThread] [ExperimentEagle.Processor] [func=rescale:line=86] processor: rescale factor = 1.0 using region of shape: 120, 20
2020-02-22 19:14:37,746 [WARNI] [MainThread] [ExperimentEagle.Processor] [func=opticalDensity:line=58] Calculate OP picture..
2020-02-22 19:14:37,760 [INFO ] [MainThread] [ExperimentEagle.experimentEagle] [func=getImageData:line=170] shape of raw Image = (266,265)
2020-02-22 19:14:37,786 [INFO ] [MainThread] [ExperimentEagle.experimentEagle] [func=update:line=840] updating plot
2020-02-22 19:14:38,779 [INFO ] [MainThread] [ExperimentEagle.experimentEagle] [func=_selectedFile_changed:line=1002] ######################## Selected File changed ########################
2020-02-22 19:14:38,793 [INFO ] [MainThread] [ExperimentEagle.experimentEagle] [func=_selectedFile_changed:line=1004] Update physics
2020-02-22 19:14:38,799 [ERROR] [MainThread] [ExperimentEagle.physicsProperties] [func=updatePhysics:line=124] Found very fresh sequence file. Probably read already variables of next sequence?
2020-02-22 19:14:38,799 [WARNI] [MainThread] [ExperimentEagle.physicsProperties] [func=updatePhysics:line=125] Use second last sequence file instead..
2020-02-22 19:14:38,903 [WARNI] [MainThread] [ExperimentEagle.physicsProperties] [func=updatePhysics:line=129] Age of sequence file: -8.80348181725
2020-02-22 19:14:39,065 [INFO ] [MainThread] [ExperimentEagle.experimentEagle] [func=getImageData:line=166] processor = <processors.standardAndor2.StandardAndor2 object at 0x000000000ADBFD58>
2020-02-22 19:14:39,079 [INFO ] [MainThread] [ExperimentEagle.Processor] [func=process:line=73] using standard Andor 0 process function
2020-02-22 19:14:39,081 [INFO ] [MainThread] [ExperimentEagle.Processor] [func=read:line=38] processor reading file!
2020-02-22 19:14:39,178 [INFO ] [MainThread] [ExperimentEagle.Processor] [func=rescale:line=86] processor: rescale factor = 1.0190682192128069 using region of shape: 120, 20
2020-02-22 19:14:39,188 [INFO ] [MainThread] [ExperimentEagle.Processor] [func=rescale:line=86] processor: rescale factor = 1.0000000000000002 using region of shape: 120, 20
2020-02-22 19:14:40,477 [WARNI] [MainThread] [ExperimentEagle.Processor] [func=opticalDensity:line=58] Calculate OP picture..
2020-02-22 19:14:40,497 [INFO ] [MainThread] [ExperimentEagle.experimentEagle] [func=getImageData:line=170] shape of raw Image = (266,265)
2020-02-22 19:14:40,500 [INFO ] [MainThread] [ExperimentEagle.experimentEagle] [func=update:line=840] updating plot
2020-02-22 19:14:40,503 [INFO ] [MainThread] [ExperimentEagle.experimentEagle] [func=_selectedFile_changed:line=1018] succesfully completed getImageData. Will now break from repetition loop
2020-02-22 19:14:40,503 [INFO ] [MainThread] [ExperimentEagle.experimentEagle] [func=update:line=840] updating plot
2020-02-22 19:15:10,790 [INFO ] [MainThread] [ExperimentEagle.experimentEagle] [func=_selectedFile_changed:line=1002] ######################## Selected File changed ########################
2020-02-22 19:15:10,799 [INFO ] [MainThread] [ExperimentEagle.experimentEagle] [func=_selectedFile_changed:line=1004] Update physics
2020-02-22 19:15:10,903 [WARNI] [MainThread] [ExperimentEagle.physicsProperties] [func=updatePhysics:line=129] Age of sequence file: 19.0208802223
2020-02-22 19:15:11,084 [INFO ] [MainThread] [ExperimentEagle.experimentEagle] [func=getImageData:line=166] processor = <processors.standardAndor2.StandardAndor2 object at 0x000000000ADBFD58>
2020-02-22 19:15:11,084 [INFO ] [MainThread] [ExperimentEagle.Processor] [func=process:line=73] using standard Andor 0 process function
2020-02-22 19:15:11,089 [INFO ] [MainThread] [ExperimentEagle.Processor] [func=read:line=38] processor reading file!
2020-02-22 19:15:11,187 [INFO ] [MainThread] [ExperimentEagle.Processor] [func=rescale:line=86] processor: rescale factor = 0.9395735451256713 using region of shape: 120, 20
2020-02-22 19:15:11,198 [INFO ] [MainThread] [ExperimentEagle.Processor] [func=rescale:line=86] processor: rescale factor = 0.9999999999999998 using region of shape: 120, 20
2020-02-22 19:15:12,447 [WARNI] [MainThread] [ExperimentEagle.Processor] [func=opticalDensity:line=58] Calculate OP picture..
2020-02-22 19:15:12,464 [INFO ] [MainThread] [ExperimentEagle.experimentEagle] [func=getImageData:line=170] shape of raw Image = (266,265)
2020-02-22 19:15:12,467 [INFO ] [MainThread] [ExperimentEagle.experimentEagle] [func=update:line=840] updating plot
2020-02-22 19:15:12,470 [INFO ] [MainThread] [ExperimentEagle.experimentEagle] [func=_selectedFile_changed:line=1018] succesfully completed getImageData. Will now break from repetition loop
2020-02-22 19:15:12,503 [INFO ] [MainThread] [ExperimentEagle.experimentEagle] [func=update:line=840] updating plot
2020-02-22 19:15:32,816 [INFO ] [MainThread] [ExperimentEagle.experimentEagle] [func=_selectedFile_changed:line=1002] ######################## Selected File changed ########################
2020-02-22 19:15:32,825 [INFO ] [MainThread] [ExperimentEagle.experimentEagle] [func=_selectedFile_changed:line=1004] Update physics
2020-02-22 19:15:32,936 [WARNI] [MainThread] [ExperimentEagle.physicsProperties] [func=updatePhysics:line=129] Age of sequence file: 19.1145036221
2020-02-22 19:15:33,114 [INFO ] [MainThread] [ExperimentEagle.experimentEagle] [func=getImageData:line=166] processor = <processors.standardAndor2.StandardAndor2 object at 0x000000000ADBFD58>
2020-02-22 19:15:33,117 [INFO ] [MainThread] [ExperimentEagle.Processor] [func=process:line=73] using standard Andor 0 process function
2020-02-22 19:15:33,118 [INFO ] [MainThread] [ExperimentEagle.Processor] [func=read:line=38] processor reading file!
2020-02-22 19:15:33,216 [INFO ] [MainThread] [ExperimentEagle.Processor] [func=rescale:line=86] processor: rescale factor = 1.0847295731198157 using region of shape: 120, 20
2020-02-22 19:15:33,226 [INFO ] [MainThread] [ExperimentEagle.Processor] [func=rescale:line=86] processor: rescale factor = 1.0 using region of shape: 120, 20
2020-02-22 19:15:34,493 [WARNI] [MainThread] [ExperimentEagle.Processor] [func=opticalDensity:line=58] Calculate OP picture..
2020-02-22 19:15:34,512 [INFO ] [MainThread] [ExperimentEagle.experimentEagle] [func=getImageData:line=170] shape of raw Image = (266,265)
2020-02-22 19:15:34,513 [INFO ] [MainThread] [ExperimentEagle.experimentEagle] [func=update:line=840] updating plot
2020-02-22 19:15:34,516 [INFO ] [MainThread] [ExperimentEagle.experimentEagle] [func=_selectedFile_changed:line=1018] succesfully completed getImageData. Will now break from repetition loop
2020-02-22 19:15:34,548 [INFO ] [MainThread] [ExperimentEagle.experimentEagle] [func=update:line=840] updating plot
2020-02-22 19:16:06,848 [INFO ] [MainThread] [ExperimentEagle.experimentEagle] [func=_selectedFile_changed:line=1002] ######################## Selected File changed ########################
2020-02-22 19:16:06,858 [INFO ] [MainThread] [ExperimentEagle.experimentEagle] [func=_selectedFile_changed:line=1004] Update physics
2020-02-22 19:16:06,983 [WARNI] [MainThread] [ExperimentEagle.physicsProperties] [func=updatePhysics:line=129] Age of sequence file: 18.2072892189
2020-02-22 19:16:07,161 [INFO ] [MainThread] [ExperimentEagle.experimentEagle] [func=getImageData:line=166] processor = <processors.standardAndor2.StandardAndor2 object at 0x000000000ADBFD58>
2020-02-22 19:16:07,161 [INFO ] [MainThread] [ExperimentEagle.Processor] [func=process:line=73] using standard Andor 0 process function
2020-02-22 19:16:07,168 [INFO ] [MainThread] [ExperimentEagle.Processor] [func=read:line=38] processor reading file!
2020-02-22 19:16:07,266 [INFO ] [MainThread] [ExperimentEagle.Processor] [func=rescale:line=86] processor: rescale factor = 1.028531668774534 using region of shape: 120, 20
2020-02-22 19:16:07,286 [INFO ] [MainThread] [ExperimentEagle.Processor] [func=rescale:line=86] processor: rescale factor = 1.0 using region of shape: 120, 20
2020-02-22 19:16:08,617 [WARNI] [MainThread] [ExperimentEagle.Processor] [func=opticalDensity:line=58] Calculate OP picture..
2020-02-22 19:16:08,635 [INFO ] [MainThread] [ExperimentEagle.experimentEagle] [func=getImageData:line=170] shape of raw Image = (266,265)
2020-02-22 19:16:08,665 [INFO ] [MainThread] [ExperimentEagle.experimentEagle] [func=update:line=840] updating plot
2020-02-22 19:16:08,670 [INFO ] [MainThread] [ExperimentEagle.experimentEagle] [func=_selectedFile_changed:line=1018] succesfully completed getImageData. Will now break from repetition loop
2020-02-22 19:16:08,671 [INFO ] [MainThread] [ExperimentEagle.experimentEagle] [func=update:line=840] updating plot
2020-02-22 19:16:30,778 [INFO ] [MainThread] [ExperimentEagle.experimentEagle] [func=_selectedFile_changed:line=1002] ######################## Selected File changed ########################
2020-02-22 19:16:30,786 [INFO ] [MainThread] [ExperimentEagle.experimentEagle] [func=_selectedFile_changed:line=1004] Update physics
2020-02-22 19:16:30,898 [WARNI] [MainThread] [ExperimentEagle.physicsProperties] [func=updatePhysics:line=129] Age of sequence file: 18.6570019722
2020-02-22 19:16:31,069 [INFO ] [MainThread] [ExperimentEagle.experimentEagle] [func=getImageData:line=166] processor = <processors.standardAndor2.StandardAndor2 object at 0x000000000ADBFD58>
2020-02-22 19:16:31,071 [INFO ] [MainThread] [ExperimentEagle.Processor] [func=process:line=73] using standard Andor 0 process function
2020-02-22 19:16:31,072 [INFO ] [MainThread] [ExperimentEagle.Processor] [func=read:line=38] processor reading file!
2020-02-22 19:16:31,178 [INFO ] [MainThread] [ExperimentEagle.Processor] [func=rescale:line=86] processor: rescale factor = 1.041766852403743 using region of shape: 120, 20
2020-02-22 19:16:31,200 [INFO ] [MainThread] [ExperimentEagle.Processor] [func=rescale:line=86] processor: rescale factor = 1.0 using region of shape: 120, 20
2020-02-22 19:16:32,569 [WARNI] [MainThread] [ExperimentEagle.Processor] [func=opticalDensity:line=58] Calculate OP picture..
2020-02-22 19:16:32,582 [INFO ] [MainThread] [ExperimentEagle.experimentEagle] [func=getImageData:line=170] shape of raw Image = (266,265)
2020-02-22 19:16:32,612 [INFO ] [MainThread] [ExperimentEagle.experimentEagle] [func=update:line=840] updating plot
2020-02-22 19:16:32,618 [INFO ] [MainThread] [ExperimentEagle.experimentEagle] [func=_selectedFile_changed:line=1018] succesfully completed getImageData. Will now break from repetition loop
2020-02-22 19:16:32,618 [INFO ] [MainThread] [ExperimentEagle.experimentEagle] [func=update:line=840] updating plot
2020-02-22 19:17:00,842 [INFO ] [MainThread] [ExperimentEagle.experimentEagle] [func=_selectedFile_changed:line=1002] ######################## Selected File changed ########################
2020-02-22 19:17:03,904 [INFO ] [MainThread] [ExperimentEagle.experimentEagle] [func=_selectedFile_changed:line=1004] Update physics
2020-02-22 19:17:04,594 [WARNI] [MainThread] [ExperimentEagle.physicsProperties] [func=updatePhysics:line=129] Age of sequence file: 18.5957009792
2020-02-22 19:17:04,778 [INFO ] [MainThread] [ExperimentEagle.experimentEagle] [func=getImageData:line=166] processor = <processors.standardAndor2.StandardAndor2 object at 0x000000000ADBFD58>
2020-02-22 19:17:04,786 [INFO ] [MainThread] [ExperimentEagle.Processor] [func=process:line=73] using standard Andor 0 process function
2020-02-22 19:17:04,809 [INFO ] [MainThread] [ExperimentEagle.Processor] [func=read:line=38] processor reading file!
2020-02-22 19:17:04,905 [INFO ] [MainThread] [ExperimentEagle.Processor] [func=rescale:line=86] processor: rescale factor = 0.9075729812432989 using region of shape: 120, 20
2020-02-22 19:17:04,915 [INFO ] [MainThread] [ExperimentEagle.Processor] [func=rescale:line=86] processor: rescale factor = 1.0 using region of shape: 120, 20
2020-02-22 19:17:06,551 [WARNI] [MainThread] [ExperimentEagle.Processor] [func=opticalDensity:line=58] Calculate OP picture..
2020-02-22 19:17:06,568 [INFO ] [MainThread] [ExperimentEagle.experimentEagle] [func=getImageData:line=170] shape of raw Image = (266,265)
2020-02-22 19:17:06,569 [INFO ] [MainThread] [ExperimentEagle.experimentEagle] [func=update:line=840] updating plot
2020-02-22 19:17:06,572 [INFO ] [MainThread] [ExperimentEagle.experimentEagle] [func=_selectedFile_changed:line=1018] succesfully completed getImageData. Will now break from repetition loop
2020-02-22 19:17:06,575 [INFO ] [MainThread] [ExperimentEagle.experimentEagle] [func=update:line=840] updating plot
2020-02-22 19:17:20,881 [INFO ] [MainThread] [ExperimentEagle.experimentEagle] [func=_selectedFile_changed:line=1002] ######################## Selected File changed ########################
2020-02-22 19:17:20,881 [INFO ] [MainThread] [ExperimentEagle.experimentEagle] [func=_selectedFile_changed:line=1004] Update physics
2020-02-22 19:17:21,010 [WARNI] [MainThread] [ExperimentEagle.physicsProperties] [func=updatePhysics:line=129] Age of sequence file: 18.7482869625
2020-02-22 19:17:21,190 [INFO ] [MainThread] [ExperimentEagle.experimentEagle] [func=getImageData:line=166] processor = <processors.standardAndor2.StandardAndor2 object at 0x000000000ADBFD58>
2020-02-22 19:17:21,197 [INFO ] [MainThread] [ExperimentEagle.Processor] [func=process:line=73] using standard Andor 0 process function
2020-02-22 19:17:21,197 [INFO ] [MainThread] [ExperimentEagle.Processor] [func=read:line=38] processor reading file!
2020-02-22 19:17:21,295 [INFO ] [MainThread] [ExperimentEagle.Processor] [func=rescale:line=86] processor: rescale factor = 1.0182004296972706 using region of shape: 120, 20
2020-02-22 19:17:21,312 [INFO ] [MainThread] [ExperimentEagle.Processor] [func=rescale:line=86] processor: rescale factor = 1.0 using region of shape: 120, 20
2020-02-22 19:17:22,775 [WARNI] [MainThread] [ExperimentEagle.Processor] [func=opticalDensity:line=58] Calculate OP picture..
2020-02-22 19:17:22,789 [INFO ] [MainThread] [ExperimentEagle.experimentEagle] [func=getImageData:line=170] shape of raw Image = (266,265)
2020-02-22 19:17:22,790 [INFO ] [MainThread] [ExperimentEagle.experimentEagle] [func=update:line=840] updating plot
2020-02-22 19:17:22,793 [INFO ] [MainThread] [ExperimentEagle.experimentEagle] [func=_selectedFile_changed:line=1018] succesfully completed getImageData. Will now break from repetition loop
2020-02-22 19:17:22,828 [INFO ] [MainThread] [ExperimentEagle.experimentEagle] [func=update:line=840] updating plot
2020-02-22 19:17:52,908 [INFO ] [MainThread] [ExperimentEagle.experimentEagle] [func=_selectedFile_changed:line=1002] ######################## Selected File changed ########################
2020-02-22 19:17:52,918 [INFO ] [MainThread] [ExperimentEagle.experimentEagle] [func=_selectedFile_changed:line=1004] Update physics
2020-02-22 19:17:53,042 [WARNI] [MainThread] [ExperimentEagle.physicsProperties] [func=updatePhysics:line=129] Age of sequence file: 19.036901474
2020-02-22 19:17:53,207 [INFO ] [MainThread] [ExperimentEagle.experimentEagle] [func=getImageData:line=166] processor = <processors.standardAndor2.StandardAndor2 object at 0x000000000ADBFD58>
2020-02-22 19:17:53,210 [INFO ] [MainThread] [ExperimentEagle.Processor] [func=process:line=73] using standard Andor 0 process function
2020-02-22 19:17:53,210 [INFO ] [MainThread] [ExperimentEagle.Processor] [func=read:line=38] processor reading file!
2020-02-22 19:17:53,351 [INFO ] [MainThread] [ExperimentEagle.Processor] [func=rescale:line=86] processor: rescale factor = 1.023123610766081 using region of shape: 120, 20
2020-02-22 19:17:53,359 [INFO ] [MainThread] [ExperimentEagle.Processor] [func=rescale:line=86] processor: rescale factor = 1.0 using region of shape: 120, 20
2020-02-22 19:17:54,868 [WARNI] [MainThread] [ExperimentEagle.Processor] [func=opticalDensity:line=58] Calculate OP picture..
2020-02-22 19:17:54,884 [INFO ] [MainThread] [ExperimentEagle.experimentEagle] [func=getImageData:line=170] shape of raw Image = (266,265)
2020-02-22 19:17:54,914 [INFO ] [MainThread] [ExperimentEagle.experimentEagle] [func=update:line=840] updating plot
2020-02-22 19:17:54,917 [INFO ] [MainThread] [ExperimentEagle.experimentEagle] [func=_selectedFile_changed:line=1018] succesfully completed getImageData. Will now break from repetition loop
2020-02-22 19:17:54,918 [INFO ] [MainThread] [ExperimentEagle.experimentEagle] [func=update:line=840] updating plot
2020-02-22 19:18:26,950 [INFO ] [MainThread] [ExperimentEagle.experimentEagle] [func=_selectedFile_changed:line=1002] ######################## Selected File changed ########################
2020-02-22 19:18:26,950 [INFO ] [MainThread] [ExperimentEagle.experimentEagle] [func=_selectedFile_changed:line=1004] Update physics
2020-02-22 19:18:27,082 [WARNI] [MainThread] [ExperimentEagle.physicsProperties] [func=updatePhysics:line=129] Age of sequence file: 19.0308060646
2020-02-22 19:18:27,240 [INFO ] [MainThread] [ExperimentEagle.experimentEagle] [func=getImageData:line=166] processor = <processors.standardAndor2.StandardAndor2 object at 0x000000000ADBFD58>
2020-02-22 19:18:27,249 [INFO ] [MainThread] [ExperimentEagle.Processor] [func=process:line=73] using standard Andor 0 process function
2020-02-22 19:18:27,250 [INFO ] [MainThread] [ExperimentEagle.Processor] [func=read:line=38] processor reading file!
2020-02-22 19:18:27,351 [INFO ] [MainThread] [ExperimentEagle.Processor] [func=rescale:line=86] processor: rescale factor = 0.8578494469155347 using region of shape: 120, 20
2020-02-22 19:18:27,361 [INFO ] [MainThread] [ExperimentEagle.Processor] [func=rescale:line=86] processor: rescale factor = 1.0 using region of shape: 120, 20
2020-02-22 19:18:28,756 [WARNI] [MainThread] [ExperimentEagle.Processor] [func=opticalDensity:line=58] Calculate OP picture..
2020-02-22 19:18:28,780 [INFO ] [MainThread] [ExperimentEagle.experimentEagle] [func=getImageData:line=170] shape of raw Image = (266,265)
2020-02-22 19:18:28,782 [INFO ] [MainThread] [ExperimentEagle.experimentEagle] [func=update:line=840] updating plot
2020-02-22 19:18:28,785 [INFO ] [MainThread] [ExperimentEagle.experimentEagle] [func=_selectedFile_changed:line=1018] succesfully completed getImageData. Will now break from repetition loop
2020-02-22 19:18:28,786 [INFO ] [MainThread] [ExperimentEagle.experimentEagle] [func=update:line=840] updating plot
2020-02-22 19:18:48,977 [INFO ] [MainThread] [ExperimentEagle.experimentEagle] [func=_selectedFile_changed:line=1002] ######################## Selected File changed ########################
2020-02-22 19:18:48,986 [INFO ] [MainThread] [ExperimentEagle.experimentEagle] [func=_selectedFile_changed:line=1004] Update physics
2020-02-22 19:18:49,142 [WARNI] [MainThread] [ExperimentEagle.physicsProperties] [func=updatePhysics:line=129] Age of sequence file: 18.3438141346
2020-02-22 19:18:49,328 [INFO ] [MainThread] [ExperimentEagle.experimentEagle] [func=getImageData:line=166] processor = <processors.standardAndor2.StandardAndor2 object at 0x000000000ADBFD58>
2020-02-22 19:18:49,334 [INFO ] [MainThread] [ExperimentEagle.Processor] [func=process:line=73] using standard Andor 0 process function
2020-02-22 19:18:49,335 [INFO ] [MainThread] [ExperimentEagle.Processor] [func=read:line=38] processor reading file!
2020-02-22 19:18:49,440 [INFO ] [MainThread] [ExperimentEagle.Processor] [func=rescale:line=86] processor: rescale factor = 1.0759831317432877 using region of shape: 120, 20
2020-02-22 19:18:49,467 [INFO ] [MainThread] [ExperimentEagle.Processor] [func=rescale:line=86] processor: rescale factor = 1.0 using region of shape: 120, 20
2020-02-22 19:18:51,180 [WARNI] [MainThread] [ExperimentEagle.Processor] [func=opticalDensity:line=58] Calculate OP picture..
2020-02-22 19:18:51,194 [INFO ] [MainThread] [ExperimentEagle.experimentEagle] [func=getImageData:line=170] shape of raw Image = (266,265)
2020-02-22 19:18:51,223 [INFO ] [MainThread] [ExperimentEagle.experimentEagle] [func=update:line=840] updating plot
2020-02-22 19:18:51,226 [INFO ] [MainThread] [ExperimentEagle.experimentEagle] [func=_selectedFile_changed:line=1018] succesfully completed getImageData. Will now break from repetition loop
2020-02-22 19:18:51,226 [INFO ] [MainThread] [ExperimentEagle.experimentEagle] [func=update:line=840] updating plot
2020-02-22 19:19:15,000 [INFO ] [MainThread] [ExperimentEagle.experimentEagle] [func=closed:line=238] attempting to stop timers
