2020-05-14 19:46:13,549 [INFO ] [MainThread] [ExperimentEagle] [func=<module>:line=60] Welcome to Experiment Eagle version 4.0 written by Timothy Harrison. Report bugs to 
Timothy Harrison. See text at beginning of __init__.py for more information.
2020-05-14 19:46:23,418 [INFO ] [MainThread] [ExperimentEagle.experimentEagle] [func=_fixAspectRatioBool_changed:line=970] self.fixAspectRatioBool changed to True
2020-05-14 19:46:23,428 [INFO ] [MainThread] [ExperimentEagle.experimentEagle] [func=loadSettings:line=599] Load settings
2020-05-14 19:46:23,438 [INFO ] [MainThread] [ExperimentEagle.experimentEagle] [func=__init__:line=596] initialisation of experiment Eagle complete
2020-05-14 19:46:29,677 [INFO ] [MainThread] [ExperimentEagle.experimentEagle] [func=update:line=840] updating plot
2020-05-14 19:46:46,105 [INFO ] [MainThread] [ExperimentEagle.experimentEagle] [func=_cameraModel_changed:line=1035] Camera model changed to Andor1
2020-05-14 19:46:46,105 [INFO ] [MainThread] [ExperimentEagle.experimentEagle] [func=_cameraModel_changed:line=1051] {u'auto': False, u'max': 5, u'min': 0}
2020-05-14 19:46:46,115 [ERROR] [MainThread] [ExperimentEagle.experimentEagle] [func=getImageData:line=142] image file not found. filling with zeros
2020-05-14 19:46:46,115 [INFO ] [MainThread] [ExperimentEagle.experimentEagle] [func=update:line=840] updating plot
2020-05-14 19:46:47,335 [INFO ] [MainThread] [ExperimentEagle.experimentEagle] [func=_configureWatchFolder_fired:line=1079] Configure watch folder for Andor1
2020-05-14 19:46:49,355 [WARNI] [MainThread] [ExperimentEagle.experimentEagle] [func=checkForNewFiles:line=370] more than one new file found [u'Pigeon with RR TrapReleaseTime = 0.0015_ANDOR0FT_1405 194402.png', u'Pigeon with RR TrapReleaseTime = 0.0015_ANDOR0FT_1405 194334.png'] only analysing first one
2020-05-14 19:46:49,355 [INFO ] [MainThread] [ExperimentEagle.experimentEagle] [func=_selectedFile_changed:line=1002] ######################## Selected File changed ########################
2020-05-14 19:46:49,355 [INFO ] [MainThread] [ExperimentEagle.experimentEagle] [func=_selectedFile_changed:line=1004] Update physics
2020-05-14 19:46:49,355 [ERROR] [MainThread] [ExperimentEagle.physicsProperties] [func=updatePhysics:line=141] Error when trying to load XML 'PhysicsProperties' object has no attribute 'selectedFileModifiedTime'
2020-05-14 19:46:49,454 [INFO ] [MainThread] [ExperimentEagle.experimentEagle] [func=getImageData:line=166] processor = <processors.standardAndor1.StandardAndor1 object at 0x0F02E480>
2020-05-14 19:46:49,454 [INFO ] [MainThread] [ExperimentEagle.Processor] [func=process:line=76] using standard Andor 0 process function
2020-05-14 19:46:49,454 [INFO ] [MainThread] [ExperimentEagle.Processor] [func=read:line=41] processor reading file!
2020-05-14 19:46:49,785 [WARNI] [MainThread] [ExperimentEagle.Processor] [func=opticalDensity:line=65] Calculate OD picture..
2020-05-14 19:46:49,855 [INFO ] [MainThread] [ExperimentEagle.experimentEagle] [func=getImageData:line=170] shape of raw Image = (721,721)
2020-05-14 19:46:49,855 [WARNI] [MainThread] [ExperimentEagle.experimentEagle] [func=getImageData:line=173] number of pixels in image have changed. This causes problems for contour fit plot. Will destroy contour fit plot first
2020-05-14 19:46:49,855 [INFO ] [MainThread] [ExperimentEagle.experimentEagle] [func=_fixAspectRatioBool_changed:line=970] self.fixAspectRatioBool changed to False
2020-05-14 19:46:49,855 [INFO ] [MainThread] [ExperimentEagle.experimentEagle] [func=_fixAspectRatioBool_changed:line=970] self.fixAspectRatioBool changed to True
2020-05-14 19:46:49,855 [INFO ] [MainThread] [ExperimentEagle.experimentEagle] [func=getImageData:line=175] continuing after pixels changed = True event
2020-05-14 19:46:49,865 [INFO ] [MainThread] [ExperimentEagle.experimentEagle] [func=update:line=840] updating plot
2020-05-14 19:46:49,865 [INFO ] [MainThread] [ExperimentEagle.experimentEagle] [func=_selectedFile_changed:line=1018] succesfully completed getImageData. Will now break from repetition loop
2020-05-14 19:46:49,865 [INFO ] [MainThread] [ExperimentEagle.experimentEagle] [func=update:line=840] updating plot
2020-05-14 19:46:49,884 [INFO ] [MainThread] [ExperimentEagle.experimentEagle] [func=_forceRefreshButton_fired:line=202] force refresh button fired
2020-05-14 19:46:49,884 [INFO ] [MainThread] [ExperimentEagle.experimentEagle] [func=getImageData:line=166] processor = <processors.standardAndor1.StandardAndor1 object at 0x0F02E480>
2020-05-14 19:46:49,884 [INFO ] [MainThread] [ExperimentEagle.Processor] [func=process:line=76] using standard Andor 0 process function
2020-05-14 19:46:49,884 [INFO ] [MainThread] [ExperimentEagle.Processor] [func=read:line=41] processor reading file!
2020-05-14 19:46:49,934 [WARNI] [MainThread] [ExperimentEagle.Processor] [func=opticalDensity:line=65] Calculate OD picture..
2020-05-14 19:46:50,005 [INFO ] [MainThread] [ExperimentEagle.experimentEagle] [func=getImageData:line=170] shape of raw Image = (721,721)
2020-05-14 19:46:50,005 [INFO ] [MainThread] [ExperimentEagle.experimentEagle] [func=update:line=840] updating plot
2020-05-14 19:46:50,015 [INFO ] [MainThread] [ExperimentEagle.experimentEagle] [func=_forceRefreshButton_fired:line=202] force refresh button fired
2020-05-14 19:46:50,015 [INFO ] [MainThread] [ExperimentEagle.experimentEagle] [func=getImageData:line=166] processor = <processors.standardAndor1.StandardAndor1 object at 0x0F02E480>
2020-05-14 19:46:50,015 [INFO ] [MainThread] [ExperimentEagle.Processor] [func=process:line=76] using standard Andor 0 process function
2020-05-14 19:46:50,015 [INFO ] [MainThread] [ExperimentEagle.Processor] [func=read:line=41] processor reading file!
2020-05-14 19:46:50,065 [WARNI] [MainThread] [ExperimentEagle.Processor] [func=opticalDensity:line=65] Calculate OD picture..
2020-05-14 19:46:50,134 [INFO ] [MainThread] [ExperimentEagle.experimentEagle] [func=getImageData:line=170] shape of raw Image = (721,721)
2020-05-14 19:46:50,134 [INFO ] [MainThread] [ExperimentEagle.experimentEagle] [func=update:line=840] updating plot
2020-05-14 19:46:58,734 [CRITI] [MainThread] [ExperimentEagle.experimentEagle] [func=_box_selection_complete:line=286] Box selection complete
2020-05-14 19:47:01,434 [INFO ] [MainThread] [ExperimentEagle.experimentEagle] [func=_selectedFile_changed:line=1002] ######################## Selected File changed ########################
2020-05-14 19:47:01,434 [INFO ] [MainThread] [ExperimentEagle.experimentEagle] [func=_selectedFile_changed:line=1004] Update physics
2020-05-14 19:47:01,585 [WARNI] [MainThread] [ExperimentEagle.physicsProperties] [func=updatePhysics:line=129] Age of sequence file: 17.1421997547
2020-05-14 19:47:01,684 [INFO ] [MainThread] [ExperimentEagle.experimentEagle] [func=getImageData:line=166] processor = <processors.standardAndor1.StandardAndor1 object at 0x0F02E480>
2020-05-14 19:47:01,684 [INFO ] [MainThread] [ExperimentEagle.Processor] [func=process:line=76] using standard Andor 0 process function
2020-05-14 19:47:01,684 [INFO ] [MainThread] [ExperimentEagle.Processor] [func=read:line=41] processor reading file!
2020-05-14 19:47:01,795 [WARNI] [MainThread] [ExperimentEagle.Processor] [func=opticalDensity:line=65] Calculate OD picture..
2020-05-14 19:47:01,894 [INFO ] [MainThread] [ExperimentEagle.experimentEagle] [func=getImageData:line=170] shape of raw Image = (721,721)
2020-05-14 19:47:01,904 [INFO ] [MainThread] [ExperimentEagle.experimentEagle] [func=update:line=840] updating plot
2020-05-14 19:47:01,904 [INFO ] [MainThread] [ExperimentEagle.experimentEagle] [func=_selectedFile_changed:line=1018] succesfully completed getImageData. Will now break from repetition loop
2020-05-14 19:47:01,914 [INFO ] [MainThread] [ExperimentEagle.experimentEagle] [func=update:line=840] updating plot
2020-05-14 19:47:02,265 [INFO ] [MainThread] [ExperimentEagle.fits] [func=_get_subSpaceArrays:line=371] xs array sliced length 88 
2020-05-14 19:47:02,275 [INFO ] [MainThread] [ExperimentEagle.fits] [func=_get_subSpaceArrays:line=372] ys array sliced length 97  
2020-05-14 19:47:02,275 [INFO ] [MainThread] [ExperimentEagle.fits] [func=_get_subSpaceArrays:line=374] zs sub space array 97,88 
2020-05-14 19:47:02,845 [INFO ] [Thread-3] [ExperimentEagle.fits] [func=run:line=144] starting fitting thread
2020-05-14 19:47:21,835 [INFO ] [MainThread] [ExperimentEagle.KeyBindingTool] [func=normal_key_pressed:line=40] normal key pressed
2020-05-14 19:47:21,835 [INFO ] [MainThread] [ExperimentEagle.KeyBindingTool] [func=normal_key_pressed:line=41] 3 keys registered for detection
2020-05-14 19:47:21,835 [INFO ] [MainThread] [ExperimentEagle.KeyBindingTool] [func=normal_key_pressed:line=43] normal key press detected: KeyEvent(event_type='key_pressed', character='F12', alt_down=False, control_down=False, shift_down=False, handled=False)
2020-05-14 19:47:21,845 [INFO ] [MainThread] [ExperimentEagle.KeyBindingTool] [func=normal_key_pressed:line=43] normal key press detected: KeyEvent(event_type='key_pressed', character='F12', alt_down=False, control_down=False, shift_down=False, handled=False)
2020-05-14 19:47:21,845 [INFO ] [MainThread] [ExperimentEagle.KeyBindingTool] [func=normal_key_pressed:line=43] normal key press detected: KeyEvent(event_type='key_pressed', character='F12', alt_down=False, control_down=False, shift_down=False, handled=False)
2020-05-14 19:47:21,845 [INFO ] [MainThread] [ExperimentEagle.KeyBindingTool] [func=normal_key_pressed:line=45] key press action found for : <enable.base_tool.KeySpec object at 0x12FB79D0>
2020-05-14 19:47:21,845 [INFO ] [MainThread] [ExperimentEagle.experimentEagle] [func=_zoom_to_fit_region:line=1156] type of range Object = <class 'chaco.data_range_2d.DataRange2D'>
2020-05-14 19:47:21,845 [INFO ] [MainThread] [ExperimentEagle.experimentEagle] [func=_fixAspectRatioBool_changed:line=970] self.fixAspectRatioBool changed to True
2020-05-14 19:47:31,615 [INFO ] [MainThread] [ExperimentEagle.experimentEagle] [func=_selectedFile_changed:line=1002] ######################## Selected File changed ########################
2020-05-14 19:47:31,615 [INFO ] [MainThread] [ExperimentEagle.experimentEagle] [func=_selectedFile_changed:line=1004] Update physics
2020-05-14 19:47:32,224 [WARNI] [MainThread] [ExperimentEagle.physicsProperties] [func=updatePhysics:line=129] Age of sequence file: 17.3260266781
2020-05-14 19:47:32,325 [INFO ] [MainThread] [ExperimentEagle.experimentEagle] [func=getImageData:line=166] processor = <processors.standardAndor1.StandardAndor1 object at 0x0F02E480>
2020-05-14 19:47:32,325 [INFO ] [MainThread] [ExperimentEagle.Processor] [func=process:line=76] using standard Andor 0 process function
2020-05-14 19:47:32,325 [INFO ] [MainThread] [ExperimentEagle.Processor] [func=read:line=41] processor reading file!
2020-05-14 19:47:32,404 [WARNI] [MainThread] [ExperimentEagle.Processor] [func=opticalDensity:line=65] Calculate OD picture..
2020-05-14 19:47:32,474 [INFO ] [MainThread] [ExperimentEagle.experimentEagle] [func=getImageData:line=170] shape of raw Image = (721,721)
2020-05-14 19:47:32,474 [INFO ] [MainThread] [ExperimentEagle.experimentEagle] [func=update:line=840] updating plot
2020-05-14 19:47:32,484 [INFO ] [MainThread] [ExperimentEagle.experimentEagle] [func=_selectedFile_changed:line=1018] succesfully completed getImageData. Will now break from repetition loop
2020-05-14 19:47:32,484 [INFO ] [MainThread] [ExperimentEagle.experimentEagle] [func=update:line=840] updating plot
2020-05-14 19:47:47,045 [INFO ] [Thread-4] [ExperimentEagle.fits] [func=run:line=144] starting fitting thread
2020-05-14 19:48:01,805 [INFO ] [MainThread] [ExperimentEagle.experimentEagle] [func=_selectedFile_changed:line=1002] ######################## Selected File changed ########################
2020-05-14 19:48:01,805 [INFO ] [MainThread] [ExperimentEagle.experimentEagle] [func=_selectedFile_changed:line=1004] Update physics
2020-05-14 19:48:01,915 [WARNI] [MainThread] [ExperimentEagle.physicsProperties] [func=updatePhysics:line=129] Age of sequence file: 16.3510103226
2020-05-14 19:48:02,016 [INFO ] [MainThread] [ExperimentEagle.experimentEagle] [func=getImageData:line=166] processor = <processors.standardAndor1.StandardAndor1 object at 0x0F02E480>
2020-05-14 19:48:02,016 [INFO ] [MainThread] [ExperimentEagle.Processor] [func=process:line=76] using standard Andor 0 process function
2020-05-14 19:48:02,016 [INFO ] [MainThread] [ExperimentEagle.Processor] [func=read:line=41] processor reading file!
2020-05-14 19:48:02,095 [WARNI] [MainThread] [ExperimentEagle.Processor] [func=opticalDensity:line=65] Calculate OD picture..
2020-05-14 19:48:02,165 [INFO ] [MainThread] [ExperimentEagle.experimentEagle] [func=getImageData:line=170] shape of raw Image = (721,721)
2020-05-14 19:48:02,165 [INFO ] [MainThread] [ExperimentEagle.experimentEagle] [func=update:line=840] updating plot
2020-05-14 19:48:02,176 [INFO ] [MainThread] [ExperimentEagle.experimentEagle] [func=_selectedFile_changed:line=1018] succesfully completed getImageData. Will now break from repetition loop
2020-05-14 19:48:02,176 [INFO ] [MainThread] [ExperimentEagle.experimentEagle] [func=update:line=840] updating plot
