2020-01-22 16:09:54,023 [INFO ] [MainThread] [ExperimentEagle] [func=<module>:line=59] Welcome to Experiment Eagle version 4.0 written by Timothy Harrison. Report bugs to 
Timothy Harrison. See text at beginning of __init__.py for more information.
2020-01-22 16:10:14,421 [INFO ] [MainThread] [ExperimentEagle.experimentEagle] [func=_fixAspectRatioBool_changed:line=954] self.fixAspectRatioBool changed to True
2020-01-22 16:10:14,423 [INFO ] [MainThread] [ExperimentEagle.experimentEagle] [func=loadSettings:line=583] Load settings
2020-01-22 16:10:14,434 [INFO ] [MainThread] [ExperimentEagle.experimentEagle] [func=__init__:line=580] initialisation of experiment Eagle complete
2020-01-22 16:10:20,098 [INFO ] [MainThread] [ExperimentEagle.experimentEagle] [func=update:line=824] updating plot
2020-01-22 16:10:32,381 [INFO ] [MainThread] [ExperimentEagle.experimentEagle] [func=_cameraModel_changed:line=1019] Camera model changed to Alta1
2020-01-22 16:10:32,387 [INFO ] [MainThread] [ExperimentEagle.experimentEagle] [func=_cameraModel_changed:line=1035] {u'auto': False, u'max': 5, u'min': -0.2}
2020-01-22 16:10:32,395 [ERROR] [MainThread] [ExperimentEagle.experimentEagle] [func=getImageData:line=139] image file not found. filling with zeros
2020-01-22 16:10:32,395 [INFO ] [MainThread] [ExperimentEagle.experimentEagle] [func=update:line=824] updating plot
2020-01-22 16:10:33,520 [INFO ] [MainThread] [ExperimentEagle.experimentEagle] [func=_configureWatchFolder_fired:line=1061] Configure watch folder for Alta1
2020-01-22 16:10:35,536 [INFO ] [MainThread] [ExperimentEagle.experimentEagle] [func=_selectedFile_changed:line=986] ######################## Selected File changed ########################
2020-01-22 16:10:35,543 [INFO ] [MainThread] [ExperimentEagle.experimentEagle] [func=_selectedFile_changed:line=988] Update physics
2020-01-22 16:10:35,543 [ERROR] [MainThread] [ExperimentEagle.physicsProperties] [func=updatePhysics:line=139] Error when trying to load XML 'PhysicsProperties' object has no attribute 'selectedFileModifiedTime'
2020-01-22 16:10:35,927 [INFO ] [MainThread] [ExperimentEagle.experimentEagle] [func=getImageData:line=167] shape of raw Image = (512,768)
2020-01-22 16:10:35,944 [INFO ] [MainThread] [ExperimentEagle.experimentEagle] [func=update:line=824] updating plot
2020-01-22 16:10:35,944 [INFO ] [MainThread] [ExperimentEagle.experimentEagle] [func=_selectedFile_changed:line=1002] succesfully completed getImageData. Will now break from repetition loop
2020-01-22 16:10:35,944 [INFO ] [MainThread] [ExperimentEagle.experimentEagle] [func=update:line=824] updating plot
2020-01-22 16:10:39,536 [INFO ] [MainThread] [ExperimentEagle.experimentEagle] [func=_selectedFile_changed:line=986] ######################## Selected File changed ########################
2020-01-22 16:10:39,545 [INFO ] [MainThread] [ExperimentEagle.experimentEagle] [func=_selectedFile_changed:line=988] Update physics
2020-01-22 16:10:39,709 [WARNI] [MainThread] [ExperimentEagle.physicsProperties] [func=updatePhysics:line=127] Age of sequence file: 15.6123657227
2020-01-22 16:10:39,849 [INFO ] [MainThread] [ExperimentEagle.experimentEagle] [func=getImageData:line=167] shape of raw Image = (512,768)
2020-01-22 16:10:39,849 [INFO ] [MainThread] [ExperimentEagle.experimentEagle] [func=update:line=824] updating plot
2020-01-22 16:10:39,849 [INFO ] [MainThread] [ExperimentEagle.experimentEagle] [func=_selectedFile_changed:line=1002] succesfully completed getImageData. Will now break from repetition loop
2020-01-22 16:10:39,849 [INFO ] [MainThread] [ExperimentEagle.experimentEagle] [func=update:line=824] updating plot
2020-01-22 16:11:12,145 [INFO ] [MainThread] [ExperimentEagle.experimentEagle] [func=_selectedFile_changed:line=986] ######################## Selected File changed ########################
2020-01-22 16:11:12,145 [INFO ] [MainThread] [ExperimentEagle.experimentEagle] [func=_selectedFile_changed:line=988] Update physics
2020-01-22 16:11:12,318 [WARNI] [MainThread] [ExperimentEagle.physicsProperties] [func=updatePhysics:line=127] Age of sequence file: 16.0228731632
2020-01-22 16:11:12,520 [INFO ] [MainThread] [ExperimentEagle.experimentEagle] [func=getImageData:line=167] shape of raw Image = (512,768)
2020-01-22 16:11:12,520 [INFO ] [MainThread] [ExperimentEagle.experimentEagle] [func=update:line=824] updating plot
2020-01-22 16:11:12,520 [INFO ] [MainThread] [ExperimentEagle.experimentEagle] [func=_selectedFile_changed:line=1002] succesfully completed getImageData. Will now break from repetition loop
2020-01-22 16:11:12,520 [INFO ] [MainThread] [ExperimentEagle.experimentEagle] [func=update:line=824] updating plot
2020-01-22 16:11:18,895 [INFO ] [MainThread] [ExperimentEagle.experimentEagle] [func=_forceRefreshButton_fired:line=199] force refresh button fired
2020-01-22 16:11:18,927 [INFO ] [MainThread] [ExperimentEagle.experimentEagle] [func=getImageData:line=167] shape of raw Image = (512,768)
2020-01-22 16:11:18,927 [INFO ] [MainThread] [ExperimentEagle.experimentEagle] [func=update:line=824] updating plot
2020-01-22 16:11:18,927 [INFO ] [MainThread] [ExperimentEagle.experimentEagle] [func=_forceRefreshButton_fired:line=199] force refresh button fired
2020-01-22 16:11:18,959 [INFO ] [MainThread] [ExperimentEagle.experimentEagle] [func=getImageData:line=167] shape of raw Image = (512,768)
2020-01-22 16:11:18,959 [INFO ] [MainThread] [ExperimentEagle.experimentEagle] [func=update:line=824] updating plot
2020-01-22 16:13:24,645 [CRITI] [MainThread] [ExperimentEagle.experimentEagle] [func=_box_selection_complete:line=270] Box selection complete
2020-01-22 16:13:27,459 [INFO ] [Thread-3] [ExperimentEagle.fits] [func=run:line=144] starting fitting thread
2020-01-22 16:13:27,459 [INFO ] [Thread-3] [ExperimentEagle.fits] [func=_get_subSpaceArrays:line=349] xs array sliced length 133 
2020-01-22 16:13:27,459 [INFO ] [Thread-3] [ExperimentEagle.fits] [func=_get_subSpaceArrays:line=350] ys array sliced length 82  
2020-01-22 16:13:27,459 [INFO ] [Thread-3] [ExperimentEagle.fits] [func=_get_subSpaceArrays:line=352] zs sub space array 82,133 
2020-01-22 16:13:36,006 [INFO ] [MainThread] [ExperimentEagle.fits] [func=_get_subSpaceArrays:line=349] xs array sliced length 133 
2020-01-22 16:13:36,020 [INFO ] [MainThread] [ExperimentEagle.fits] [func=_get_subSpaceArrays:line=350] ys array sliced length 82  
2020-01-22 16:13:36,020 [INFO ] [MainThread] [ExperimentEagle.fits] [func=_get_subSpaceArrays:line=352] zs sub space array 82,133 
2020-01-22 16:13:37,474 [WARNI] [Thread-3] [ExperimentEagle.fits] [func=run:line=183] A fit ran out of time and was cancelled by iter_cb callback
2020-01-22 16:13:39,834 [INFO ] [Thread-4] [ExperimentEagle.fits] [func=run:line=144] starting fitting thread
2020-01-22 16:13:39,834 [INFO ] [Thread-4] [ExperimentEagle.fits] [func=_get_subSpaceArrays:line=349] xs array sliced length 133 
2020-01-22 16:13:39,834 [INFO ] [Thread-4] [ExperimentEagle.fits] [func=_get_subSpaceArrays:line=350] ys array sliced length 82  
2020-01-22 16:13:39,834 [INFO ] [Thread-4] [ExperimentEagle.fits] [func=_get_subSpaceArrays:line=352] zs sub space array 82,133 
2020-01-22 16:13:49,848 [WARNI] [Thread-4] [ExperimentEagle.fits] [func=run:line=183] A fit ran out of time and was cancelled by iter_cb callback
2020-01-22 16:13:58,927 [INFO ] [Thread-5] [ExperimentEagle.fits] [func=run:line=144] starting fitting thread
2020-01-22 16:13:58,927 [INFO ] [Thread-5] [ExperimentEagle.fits] [func=_get_subSpaceArrays:line=349] xs array sliced length 133 
2020-01-22 16:13:58,927 [INFO ] [Thread-5] [ExperimentEagle.fits] [func=_get_subSpaceArrays:line=350] ys array sliced length 82  
2020-01-22 16:13:58,927 [INFO ] [Thread-5] [ExperimentEagle.fits] [func=_get_subSpaceArrays:line=352] zs sub space array 82,133 
2020-01-22 16:13:59,115 [INFO ] [Thread-5] [ExperimentEagle.fits] [func=_get_subSpaceArrays:line=349] xs array sliced length 133 
2020-01-22 16:13:59,131 [INFO ] [Thread-5] [ExperimentEagle.fits] [func=_get_subSpaceArrays:line=350] ys array sliced length 82  
2020-01-22 16:13:59,131 [INFO ] [Thread-5] [ExperimentEagle.fits] [func=_get_subSpaceArrays:line=352] zs sub space array 82,133 
2020-01-22 16:13:59,131 [INFO ] [Thread-5] [ExperimentEagle.fits] [func=_deriveCalculatedParameters:line=154] Derived values from fit
2020-01-22 16:13:59,131 [INFO ] [Thread-5] [ExperimentEagle.fits] [func=run:line=160] auto draw bool is true so using the rerefernce to imageInspector bool to call the function to draw the fit as contours
2020-01-22 16:13:59,131 [INFO ] [Thread-5] [ExperimentEagle.experimentEagle] [func=addFitPlot:line=809] first fit plot so initialising contour plot
2020-01-22 16:13:59,145 [INFO ] [Thread-5] [ExperimentEagle.experimentEagle] [func=addFitPlot:line=811] attempting to set fit data
2020-01-22 16:13:59,193 [INFO ] [Thread-5] [ExperimentEagle.fits] [func=run:line=165] saving last fit results to a separate text file
2020-01-22 16:14:01,193 [INFO ] [MainThread] [ExperimentEagle.fits] [func=_usePreviousFitValuesButton_fired:line=671] use previous fit values button fired. loading previous initial values
2020-01-22 16:14:28,865 [INFO ] [Thread-6] [ExperimentEagle.fits] [func=run:line=144] starting fitting thread
2020-01-22 16:14:28,865 [INFO ] [Thread-6] [ExperimentEagle.fits] [func=_get_subSpaceArrays:line=349] xs array sliced length 133 
2020-01-22 16:14:28,865 [INFO ] [Thread-6] [ExperimentEagle.fits] [func=_get_subSpaceArrays:line=350] ys array sliced length 82  
2020-01-22 16:14:28,865 [INFO ] [Thread-6] [ExperimentEagle.fits] [func=_get_subSpaceArrays:line=352] zs sub space array 82,133 
2020-01-22 16:14:28,881 [INFO ] [Thread-6] [ExperimentEagle.fits] [func=_get_subSpaceArrays:line=349] xs array sliced length 133 
2020-01-22 16:14:28,881 [INFO ] [Thread-6] [ExperimentEagle.fits] [func=_get_subSpaceArrays:line=350] ys array sliced length 82  
2020-01-22 16:14:28,881 [INFO ] [Thread-6] [ExperimentEagle.fits] [func=_get_subSpaceArrays:line=352] zs sub space array 82,133 
2020-01-22 16:14:28,881 [INFO ] [Thread-6] [ExperimentEagle.fits] [func=_deriveCalculatedParameters:line=154] Derived values from fit
2020-01-22 16:14:28,881 [INFO ] [Thread-6] [ExperimentEagle.fits] [func=run:line=160] auto draw bool is true so using the rerefernce to imageInspector bool to call the function to draw the fit as contours
2020-01-22 16:14:28,895 [INFO ] [Thread-6] [ExperimentEagle.experimentEagle] [func=addFitPlot:line=811] attempting to set fit data
2020-01-22 16:14:28,943 [INFO ] [Thread-6] [ExperimentEagle.fits] [func=run:line=165] saving last fit results to a separate text file
2020-01-24 10:56:40,894 [ERROR] [MainThread] [ExperimentEagle.experimentEagle] [func=closed:line=230] couldn't stop current timer 'NoneType' object has no attribute 'stop' 
