2020-02-22 15:22:57,875 [INFO ] [MainThread] [ExperimentEagle] [func=<module>:line=59] Welcome to Experiment Eagle version 4.0 written by Timothy Harrison. Report bugs to 
Timothy Harrison. See text at beginning of __init__.py for more information.
2020-02-22 15:23:02,223 [INFO ] [MainThread] [ExperimentEagle.experimentEagle] [func=_fixAspectRatioBool_changed:line=956] self.fixAspectRatioBool changed to True
2020-02-22 15:23:02,229 [INFO ] [MainThread] [ExperimentEagle.experimentEagle] [func=loadSettings:line=585] Load settings
2020-02-22 15:23:02,240 [INFO ] [MainThread] [ExperimentEagle.experimentEagle] [func=__init__:line=582] initialisation of experiment Eagle complete
2020-02-22 15:23:07,927 [INFO ] [MainThread] [ExperimentEagle.experimentEagle] [func=update:line=826] updating plot
2020-02-22 15:23:14,816 [INFO ] [MainThread] [ExperimentEagle.experimentEagle] [func=_cameraModel_changed:line=1021] Camera model changed to Andor2
2020-02-22 15:23:14,842 [INFO ] [MainThread] [ExperimentEagle.experimentEagle] [func=_cameraModel_changed:line=1037] {u'auto': False, u'max': 3, u'min': -0.2}
2020-02-22 15:23:14,845 [ERROR] [MainThread] [ExperimentEagle.experimentEagle] [func=getImageData:line=141] image file not found. filling with zeros
2020-02-22 15:23:14,846 [INFO ] [MainThread] [ExperimentEagle.experimentEagle] [func=update:line=826] updating plot
2020-02-22 15:23:16,128 [INFO ] [MainThread] [ExperimentEagle.experimentEagle] [func=_configureWatchFolder_fired:line=1065] Configure watch folder for Andor2
2020-02-22 15:23:18,161 [WARNI] [MainThread] [ExperimentEagle.experimentEagle] [func=checkForNewFiles:line=356] more than one new file found [u'Sequence_ANDORFT_GeneralDummyVariable_13_LiOffsetLockSnakeState_2_2202 151941.png', u'Sequence_ANDORFT_GeneralDummyVariable_13_LiOffsetLockSnakeState_1_2202 151913.png', u'Sequence_ANDORFT_GeneralDummyVariable_12_LiOffsetLockSnakeState_2_2202 151845.png', u'Sequence_ANDORFT_GeneralDummyVariable_14_LiOffsetLockSnakeState_2_2202 152037.png', u'Sequence_ANDORFT_GeneralDummyVariable_12_LiOffsetLockSnakeState_1_2202 151817.png', u'Sequence_ANDORFT_GeneralDummyVariable_14_LiOffsetLockSnakeState_1_2202 152009.png'] only analysing first one
2020-02-22 15:23:18,167 [INFO ] [MainThread] [ExperimentEagle.experimentEagle] [func=_selectedFile_changed:line=988] ######################## Selected File changed ########################
2020-02-22 15:23:18,207 [INFO ] [MainThread] [ExperimentEagle.experimentEagle] [func=_selectedFile_changed:line=990] Update physics
2020-02-22 15:23:18,213 [ERROR] [MainThread] [ExperimentEagle.physicsProperties] [func=updatePhysics:line=139] Error when trying to load XML 'PhysicsProperties' object has no attribute 'selectedFileModifiedTime'
2020-02-22 15:23:18,443 [INFO ] [MainThread] [ExperimentEagle.experimentEagle] [func=getImageData:line=165] processor = <processors.standardAndor2.StandardAndor2 object at 0x000000000B35ABF8>
2020-02-22 15:23:18,444 [INFO ] [MainThread] [ExperimentEagle.Processor] [func=process:line=70] using standard Andor 0 process function
2020-02-22 15:23:18,446 [INFO ] [MainThread] [ExperimentEagle.Processor] [func=read:line=38] processor reading file!
2020-02-22 15:23:18,473 [WARNI] [MainThread] [ExperimentEagle.Processor] [func=process:line=89] loading ".gz" picture .. is .. very .. slow .., better use numpy file ".npy"
2020-02-22 15:23:19,848 [INFO ] [MainThread] [ExperimentEagle.Processor] [func=rescale:line=86] processor: rescale factor = 1.07372433371389 using region of shape: 20, 20
2020-02-22 15:23:19,865 [WARNI] [MainThread] [ExperimentEagle.Processor] [func=opticalDensity:line=58] Calculate OP picture..
2020-02-22 15:23:19,950 [INFO ] [MainThread] [ExperimentEagle.experimentEagle] [func=getImageData:line=169] shape of raw Image = (527,531)
2020-02-22 15:23:19,970 [WARNI] [MainThread] [ExperimentEagle.experimentEagle] [func=getImageData:line=172] number of pixels in image have changed. This causes problems for contour fit plot. Will destroy contour fit plot first
2020-02-22 15:23:19,973 [INFO ] [MainThread] [ExperimentEagle.experimentEagle] [func=_fixAspectRatioBool_changed:line=956] self.fixAspectRatioBool changed to False
2020-02-22 15:23:19,976 [INFO ] [MainThread] [ExperimentEagle.experimentEagle] [func=_fixAspectRatioBool_changed:line=956] self.fixAspectRatioBool changed to True
2020-02-22 15:23:19,979 [INFO ] [MainThread] [ExperimentEagle.experimentEagle] [func=getImageData:line=174] continuing after pixels changed = True event
2020-02-22 15:23:19,987 [INFO ] [MainThread] [ExperimentEagle.experimentEagle] [func=update:line=826] updating plot
2020-02-22 15:23:20,032 [INFO ] [MainThread] [ExperimentEagle.experimentEagle] [func=_selectedFile_changed:line=1004] succesfully completed getImageData. Will now break from repetition loop
2020-02-22 15:23:20,033 [INFO ] [MainThread] [ExperimentEagle.experimentEagle] [func=update:line=826] updating plot
2020-02-22 15:23:21,598 [INFO ] [MainThread] [ExperimentEagle.experimentEagle] [func=closed:line=230] attempting to stop timers
