2020-03-03 11:40:58,292 [INFO ] [MainThread] [ExperimentEagle] [func=<module>:line=60] Welcome to Experiment Eagle version 4.0 written by Timothy Harrison. Report bugs to 
Timothy Harrison. See text at beginning of __init__.py for more information.
2020-03-03 11:41:02,181 [DEBUG] [MainThread] [ExperimentEagle.physicsProperties] [func=_species_changed:line=109] species changed to Li6
2020-03-03 11:41:02,211 [INFO ] [MainThread] [ExperimentEagle.experimentEagle] [func=_fixAspectRatioBool_changed:line=970] self.fixAspectRatioBool changed to True
2020-03-03 11:41:02,211 [DEBUG] [MainThread] [ExperimentEagle.experimentEagle] [func=_selectedFit_changed:line=967] selected fit was changed
2020-03-03 11:41:02,211 [INFO ] [MainThread] [ExperimentEagle.experimentEagle] [func=loadSettings:line=599] Load settings
2020-03-03 11:41:02,232 [INFO ] [MainThread] [ExperimentEagle.experimentEagle] [func=__init__:line=596] initialisation of experiment Eagle complete
2020-03-03 11:41:02,232 [DEBUG] [MainThread] [ExperimentEagle] [func=<module>:line=70] changing to use a seperate process (Windows 7 only)
2020-03-03 11:41:02,492 [DEBUG] [MainThread] [ExperimentEagle.experimentEagle] [func=_colorMapRangeLow_default:line=948] setting color map rangle low default
2020-03-03 11:41:08,295 [INFO ] [MainThread] [ExperimentEagle.experimentEagle] [func=update:line=840] updating plot
2020-03-03 11:41:13,502 [INFO ] [MainThread] [ExperimentEagle.experimentEagle] [func=_cameraModel_changed:line=1035] Camera model changed to Andor2
2020-03-03 11:41:13,512 [INFO ] [MainThread] [ExperimentEagle.experimentEagle] [func=_cameraModel_changed:line=1051] {u'auto': False, u'max': 3, u'min': -0.2}
2020-03-03 11:41:13,512 [DEBUG] [MainThread] [ExperimentEagle.experimentEagle] [func=getImageData:line=136] pulling image data
2020-03-03 11:41:13,512 [ERROR] [MainThread] [ExperimentEagle.experimentEagle] [func=getImageData:line=142] image file not found. filling with zeros
2020-03-03 11:41:13,512 [INFO ] [MainThread] [ExperimentEagle.experimentEagle] [func=update:line=840] updating plot
2020-03-03 11:41:14,381 [INFO ] [MainThread] [ExperimentEagle.experimentEagle] [func=_configureWatchFolder_fired:line=1079] Configure watch folder for Andor2
2020-03-03 11:41:16,381 [DEBUG] [MainThread] [ExperimentEagle.experimentEagle] [func=checkForNewFiles:line=352] Check for new files
2020-03-03 11:41:16,381 [DEBUG] [MainThread] [ExperimentEagle.experimentEagle] [func=checkForNewFiles:line=363] new files = [u'ANDOR2_Tue Mar  3 2020_11.41.22_11_X2.tif', u'Sequence_ALTA0light_0303 114109.png', u'ANDOR2_Tue Mar  3 2020_11.40.55_11_X2.tif', u'Sequence_ALTA0atoms_0303 114041.png', u'Sequence_ALTA0dark_0303 114013.png', u'Sequence_ALTA0atoms_0303 114013.png', u'Sequence_ALTA0scaledOpticalDensity_0303 114041.png', u'ANDOR2_Tue Mar  3 2020_11.39.59_11_X2.tif', u'Sequence_ALTA0dark_0303 114041.png', u'ANDOR2_Tue Mar  3 2020_11.40.27_11_X1.tif', u'Sequence_ALTA0scaledOpticalDensity_0303 114109.png', u'Sequence_ANDOR0FT_0303 114109.png', u'Sequence_ALTA0dark_0303 114109.png', u'ANDOR2_Tue Mar  3 2020_11.40.55_11_X1.tif', u'Sequence_ALTA0light_0303 114013.png', u'Sequence_ANDOR0FT_0303 114041.png', u'Sequence_ALTA0scaledOpticalDensity_0303 114013.png', u'ANDOR2_Tue Mar  3 2020_11.40.27_11_X2.tif', u'ANDOR2_Tue Mar  3 2020_11.39.59_11_X1.tif', u'ANDOR2_Tue Mar  3 2020_11.41.22_11_X1.tif', u'Sequence_ALTA0light_0303 114041.png', u'Sequence_ALTA0atoms_0303 114109.png', u'Sequence_ANDOR0FT_0303 114013.png']
2020-03-03 11:41:16,381 [DEBUG] [MainThread] [ExperimentEagle.experimentEagle] [func=checkForNewFiles:line=365] new files after checking for sub-string = [u'ANDOR2_Tue Mar  3 2020_11.41.22_11_X2.tif', u'ANDOR2_Tue Mar  3 2020_11.40.55_11_X2.tif', u'ANDOR2_Tue Mar  3 2020_11.39.59_11_X2.tif', u'ANDOR2_Tue Mar  3 2020_11.40.27_11_X2.tif']
2020-03-03 11:41:16,381 [WARNI] [MainThread] [ExperimentEagle.experimentEagle] [func=checkForNewFiles:line=370] more than one new file found [u'ANDOR2_Tue Mar  3 2020_11.41.22_11_X2.tif', u'ANDOR2_Tue Mar  3 2020_11.40.55_11_X2.tif', u'ANDOR2_Tue Mar  3 2020_11.39.59_11_X2.tif', u'ANDOR2_Tue Mar  3 2020_11.40.27_11_X2.tif'] only analysing first one
2020-03-03 11:41:16,381 [DEBUG] [MainThread] [ExperimentEagle.experimentEagle] [func=checkForNewFiles:line=372] new file is ANDOR2_Tue Mar  3 2020_11.41.22_11_X2.tif
2020-03-03 11:41:16,381 [DEBUG] [MainThread] [ExperimentEagle.experimentEagle] [func=checkForNewFiles:line=373] new full path file is T:/TOFAtomNumber/eagleWatchedFolder\ANDOR2_Tue Mar  3 2020_11.41.22_11_X2.tif
2020-03-03 11:41:16,381 [INFO ] [MainThread] [ExperimentEagle.experimentEagle] [func=_selectedFile_changed:line=1002] ######################## Selected File changed ########################
2020-03-03 11:41:16,381 [INFO ] [MainThread] [ExperimentEagle.experimentEagle] [func=_selectedFile_changed:line=1004] Update physics
2020-03-03 11:41:16,381 [DEBUG] [MainThread] [ExperimentEagle.physicsProperties] [func=updatePhysics:line=114] attempting to update physics from xml
2020-03-03 11:41:16,391 [ERROR] [MainThread] [ExperimentEagle.physicsProperties] [func=updatePhysics:line=141] Error when trying to load XML 'PhysicsProperties' object has no attribute 'selectedFileModifiedTime'
2020-03-03 11:41:16,492 [DEBUG] [MainThread] [ExperimentEagle.experimentEagle] [func=getImageData:line=136] pulling image data
2020-03-03 11:41:16,492 [INFO ] [MainThread] [ExperimentEagle.experimentEagle] [func=getImageData:line=166] processor = <processors.standardAndor2.StandardAndor2 object at 0x0F0C84B0>
2020-03-03 11:41:16,492 [INFO ] [MainThread] [ExperimentEagle.Processor] [func=process:line=76] using standard Andor 0 process function
2020-03-03 11:41:16,492 [INFO ] [MainThread] [ExperimentEagle.Processor] [func=read:line=41] processor reading file!
2020-03-03 11:41:16,742 [INFO ] [MainThread] [ExperimentEagle.Processor] [func=read:line=41] processor reading file!
2020-03-03 11:41:17,262 [INFO ] [MainThread] [ExperimentEagle.Processor] [func=rescale:line=93] processor: rescale factor = 1.00281172033 using region of shape: 50, 50
2020-03-03 11:41:17,262 [WARNI] [MainThread] [ExperimentEagle.Processor] [func=opticalDensity:line=65] Calculate OD picture..
2020-03-03 11:41:17,691 [DEBUG] [MainThread] [ExperimentEagle.Processor] [func=process:line=140] atomsArray = [[ 35.76923077  36.58974359  50.1025641  ...,  83.58974359  43.74358974
   75.79487179]
 [ 53.58974359  38.71794872  31.97435897 ...,  39.17948718  53.66666667
   45.8974359 ]
 [ 20.33333333  16.82051282   1.         ...,  35.20512821  19.74358974
   36.82051282]
 ..., 
 [  1.           1.           1.         ...,   1.           1.           1.        ]
 [  1.           1.           1.         ...,   1.           1.           1.        ]
 [  1.           1.           1.         ...,  45.1025641   45.15384615
   46.33333333]]
2020-03-03 11:41:17,691 [DEBUG] [MainThread] [ExperimentEagle.Processor] [func=process:line=141] lightArray = [[ 39.00680461  26.4073753   24.86458804 ...,  34.53272155  17.22779109
   11.82803568]
 [ 21.95900536  18.84771772   5.52832102 ...,  13.24225733  37.36116486
   34.14702473]
 [  7.48251822  21.2647511   29.67294167 ...,  21.98471848  20.00480816
   42.96662525]
 ..., 
 [ 52.42905379  25.99596537  34.68700028 ...,  33.88989352  38.02970601
   43.30089582]
 [ 31.7814176   60.96580997  38.98109149 ...,  50.06344665  79.0935603
   37.20688614]
 [ 57.36597303  34.12131161  60.52868691 ...,  55.82318577  73.28239495
   70.29967291]]
2020-03-03 11:41:17,711 [DEBUG] [MainThread] [ExperimentEagle.Processor] [func=process:line=142] atomsArray/lightArray = [[ 0.91699977  1.38558805  2.01501686 ...,  2.4205953   2.53912934
   6.40806926]
 [ 2.44044494  2.0542513   5.78373775 ...,  2.95867133  1.43642916
   1.3441123 ]
 [ 2.71744521  0.79100445  0.03370074 ...,  1.60134542  0.98694222
   0.85695613]
 ..., 
 [ 0.01907339  0.03846751  0.02882924 ...,  0.02950732  0.02629523
   0.02309421]
 [ 0.03146493  0.01640264  0.02565346 ...,  0.01997465  0.01264325
   0.02687675]
 [ 0.01743194  0.0293072   0.01652109 ...,  0.80795396  0.61616226
   0.6590832 ]]
2020-03-03 11:41:17,711 [WARNI] [MainThread] [ExperimentEagle.Processor] [func=opticalDensity:line=65] Calculate OD picture..
2020-03-03 11:41:17,772 [DEBUG] [MainThread] [ExperimentEagle.Processor] [func=process:line=150] optical density = [[ 0.08664806 -0.32612463 -0.70062756 ..., -0.8840135  -0.93182124
  -1.85755802]
 [-0.89218038 -0.71991145 -1.75505014 ..., -1.08474029 -0.36216028
  -0.29573379]
 [-0.99969218  0.23445168  3.39023558 ..., -0.47084416  0.01314378
   0.15436855]
 ..., 
 [ 3.9594609   3.25794135  3.54636498 ...,  3.52311684  3.63836759
   3.76817332]
 [ 3.45888177  4.11031321  3.66307669 ...,  3.91329113  4.37063146
   3.61649386]
 [ 4.04945132  3.52992216  4.10311742 ...,  0.2132502   0.48424494
   0.4169055 ]]
2020-03-03 11:41:17,951 [DEBUG] [MainThread] [ExperimentEagle.experimentEagle] [func=getImageData:line=169] processed raw image = [[ 0.  0.  0. ...,  0.  0.  0.]
 [ 0.  0.  0. ...,  0.  0.  0.]
 [ 0.  0.  0. ...,  0.  0.  0.]
 ..., 
 [ 0.  0.  0. ...,  0.  0.  0.]
 [ 0.  0.  0. ...,  0.  0.  0.]
 [ 0.  0.  0. ...,  0.  0.  0.]]
2020-03-03 11:41:17,951 [INFO ] [MainThread] [ExperimentEagle.experimentEagle] [func=getImageData:line=170] shape of raw Image = (1063,1063)
2020-03-03 11:41:17,961 [WARNI] [MainThread] [ExperimentEagle.experimentEagle] [func=getImageData:line=173] number of pixels in image have changed. This causes problems for contour fit plot. Will destroy contour fit plot first
2020-03-03 11:41:17,961 [INFO ] [MainThread] [ExperimentEagle.experimentEagle] [func=_fixAspectRatioBool_changed:line=970] self.fixAspectRatioBool changed to False
2020-03-03 11:41:17,961 [INFO ] [MainThread] [ExperimentEagle.experimentEagle] [func=_fixAspectRatioBool_changed:line=970] self.fixAspectRatioBool changed to True
2020-03-03 11:41:17,961 [INFO ] [MainThread] [ExperimentEagle.experimentEagle] [func=getImageData:line=175] continuing after pixels changed = True event
2020-03-03 11:41:17,971 [INFO ] [MainThread] [ExperimentEagle.experimentEagle] [func=update:line=840] updating plot
2020-03-03 11:41:17,982 [INFO ] [MainThread] [ExperimentEagle.experimentEagle] [func=_selectedFile_changed:line=1018] succesfully completed getImageData. Will now break from repetition loop
2020-03-03 11:41:17,982 [INFO ] [MainThread] [ExperimentEagle.experimentEagle] [func=update:line=840] updating plot
2020-03-03 11:41:18,391 [DEBUG] [MainThread] [ExperimentEagle.experimentEagle] [func=checkForNewFiles:line=352] Check for new files
2020-03-03 11:41:18,391 [DEBUG] [MainThread] [ExperimentEagle.experimentEagle] [func=checkForNewFiles:line=360] No new files detected in watch Directory
2020-03-03 11:41:19,371 [DEBUG] [MainThread] [ExperimentEagle.physicsProperties] [func=_species_changed:line=109] species changed to Na23
2020-03-03 11:41:20,451 [DEBUG] [MainThread] [ExperimentEagle.experimentEagle] [func=checkForNewFiles:line=352] Check for new files
2020-03-03 11:41:20,451 [DEBUG] [MainThread] [ExperimentEagle.experimentEagle] [func=checkForNewFiles:line=360] No new files detected in watch Directory
2020-03-03 11:41:22,421 [DEBUG] [MainThread] [ExperimentEagle.experimentEagle] [func=checkForNewFiles:line=352] Check for new files
2020-03-03 11:41:22,421 [DEBUG] [MainThread] [ExperimentEagle.experimentEagle] [func=checkForNewFiles:line=360] No new files detected in watch Directory
2020-03-03 11:41:24,431 [DEBUG] [MainThread] [ExperimentEagle.experimentEagle] [func=checkForNewFiles:line=352] Check for new files
2020-03-03 11:41:24,431 [DEBUG] [MainThread] [ExperimentEagle.experimentEagle] [func=checkForNewFiles:line=360] No new files detected in watch Directory
2020-03-03 11:41:26,441 [DEBUG] [MainThread] [ExperimentEagle.experimentEagle] [func=checkForNewFiles:line=352] Check for new files
2020-03-03 11:41:26,441 [DEBUG] [MainThread] [ExperimentEagle.experimentEagle] [func=checkForNewFiles:line=360] No new files detected in watch Directory
2020-03-03 11:41:28,461 [DEBUG] [MainThread] [ExperimentEagle.experimentEagle] [func=checkForNewFiles:line=352] Check for new files
2020-03-03 11:41:28,461 [DEBUG] [MainThread] [ExperimentEagle.experimentEagle] [func=checkForNewFiles:line=360] No new files detected in watch Directory
2020-03-03 11:41:30,471 [DEBUG] [MainThread] [ExperimentEagle.experimentEagle] [func=checkForNewFiles:line=352] Check for new files
2020-03-03 11:41:30,471 [DEBUG] [MainThread] [ExperimentEagle.experimentEagle] [func=checkForNewFiles:line=360] No new files detected in watch Directory
2020-03-03 11:41:32,482 [DEBUG] [MainThread] [ExperimentEagle.experimentEagle] [func=checkForNewFiles:line=352] Check for new files
2020-03-03 11:41:32,482 [DEBUG] [MainThread] [ExperimentEagle.experimentEagle] [func=checkForNewFiles:line=360] No new files detected in watch Directory
2020-03-03 11:41:34,492 [DEBUG] [MainThread] [ExperimentEagle.experimentEagle] [func=checkForNewFiles:line=352] Check for new files
2020-03-03 11:41:34,492 [DEBUG] [MainThread] [ExperimentEagle.experimentEagle] [func=checkForNewFiles:line=360] No new files detected in watch Directory
2020-03-03 11:41:35,121 [WARNI] [MainThread] [ExperimentEagle.OptionsDictionaryEditor] [func=createOption:line=43] unrecognised option type (<type 'unicode'>) in processor. Using traits.Any Editor and value
2020-03-03 11:41:36,512 [DEBUG] [MainThread] [ExperimentEagle.experimentEagle] [func=checkForNewFiles:line=352] Check for new files
2020-03-03 11:41:36,512 [DEBUG] [MainThread] [ExperimentEagle.experimentEagle] [func=checkForNewFiles:line=363] new files = [u'Sequence_ANDOR0FT_0303 114136.png']
2020-03-03 11:41:36,512 [DEBUG] [MainThread] [ExperimentEagle.experimentEagle] [func=checkForNewFiles:line=365] new files after checking for sub-string = []
2020-03-03 11:41:36,512 [DEBUG] [MainThread] [ExperimentEagle.experimentEagle] [func=checkForNewFiles:line=367] new files were found but none matched search string ANDOR2[\s\w.]*X2.tif
2020-03-03 11:41:38,523 [DEBUG] [MainThread] [ExperimentEagle.experimentEagle] [func=checkForNewFiles:line=352] Check for new files
2020-03-03 11:41:38,523 [DEBUG] [MainThread] [ExperimentEagle.experimentEagle] [func=checkForNewFiles:line=363] new files = [u'Sequence_ALTA0scaledOpticalDensity_0303 114136.png', u'Sequence_ALTA0atoms_0303 114136.png', u'Sequence_ALTA0dark_0303 114136.png', u'Sequence_ALTA0light_0303 114136.png', u'Sequence_ANDOR0FT_0303 114136.png', u'ANDOR2_Tue Mar  3 2020_11.41.50_11_X1.tif']
2020-03-03 11:41:38,523 [DEBUG] [MainThread] [ExperimentEagle.experimentEagle] [func=checkForNewFiles:line=365] new files after checking for sub-string = []
2020-03-03 11:41:38,533 [DEBUG] [MainThread] [ExperimentEagle.experimentEagle] [func=checkForNewFiles:line=367] new files were found but none matched search string ANDOR2[\s\w.]*X2.tif
2020-03-03 11:41:39,723 [INFO ] [MainThread] [ExperimentEagle.OptionsDictionaryEditor] [func=editOptionsDialog:line=76] returning optionsDict
2020-03-03 11:41:39,723 [INFO ] [MainThread] [ExperimentEagle.Processor] [func=editOptions:line=116] updating options dictionary with values OrderedDict([('process?', True), ('darkSubtraction?', True), ('rawImageWithDarkSubtraction?', False), ('rescale?', True), ('rescaleInitialX', 400), ('rescaleInitialY', 700), ('rescaleWidth', 50), ('rescaleHeight', 50), ('drawRescaleRegion?', True), ('rotationAngle', 87.8), ('Skip initial rows', 0), ('Skip final rows', 0), ('correct OD with alpha function?', False), ('Rescale with circular mask?', False), ('Atom mask PosX', 295), ('Atom mask PosY', 295), ('Atom mask Radius', 160), ('Balance light Radius', 200), ('Use boosted light image?', False), ('Light boost factor', 1.0), ('Binning?', True), ('Bin size', 4), ('Dark picture', u'G:/Experiment Humphry/Experiment Control And Software/experimentEagle/calibration/darkPictures/Andor2/2020 02 24 - dark Andor2 - interval 0_01 temperature -80_0 .npy'), ('High intensity correction for low OD?', False), ('alpha', 1.25), ('C0Sat', 231), ('Imaging pulse duration', 6e-06)])
2020-03-03 11:41:40,533 [DEBUG] [MainThread] [ExperimentEagle.experimentEagle] [func=checkForNewFiles:line=352] Check for new files
2020-03-03 11:41:40,533 [DEBUG] [MainThread] [ExperimentEagle.experimentEagle] [func=checkForNewFiles:line=363] new files = [u'Sequence_ALTA0scaledOpticalDensity_0303 114136.png', u'Sequence_ALTA0atoms_0303 114136.png', u'ANDOR2_Tue Mar  3 2020_11.41.50_11_X2.tif', u'Sequence_ALTA0dark_0303 114136.png', u'Sequence_ALTA0light_0303 114136.png', u'Sequence_ANDOR0FT_0303 114136.png', u'ANDOR2_Tue Mar  3 2020_11.41.50_11_X1.tif']
2020-03-03 11:41:40,533 [DEBUG] [MainThread] [ExperimentEagle.experimentEagle] [func=checkForNewFiles:line=365] new files after checking for sub-string = [u'ANDOR2_Tue Mar  3 2020_11.41.50_11_X2.tif']
2020-03-03 11:41:40,533 [DEBUG] [MainThread] [ExperimentEagle.experimentEagle] [func=checkForNewFiles:line=372] new file is ANDOR2_Tue Mar  3 2020_11.41.50_11_X2.tif
2020-03-03 11:41:40,543 [DEBUG] [MainThread] [ExperimentEagle.experimentEagle] [func=checkForNewFiles:line=373] new full path file is T:/TOFAtomNumber/eagleWatchedFolder\ANDOR2_Tue Mar  3 2020_11.41.50_11_X2.tif
2020-03-03 11:41:40,543 [INFO ] [MainThread] [ExperimentEagle.experimentEagle] [func=_selectedFile_changed:line=1002] ######################## Selected File changed ########################
2020-03-03 11:41:40,543 [INFO ] [MainThread] [ExperimentEagle.experimentEagle] [func=_selectedFile_changed:line=1004] Update physics
2020-03-03 11:41:40,543 [DEBUG] [MainThread] [ExperimentEagle.physicsProperties] [func=updatePhysics:line=114] attempting to update physics from xml
2020-03-03 11:41:41,104 [WARNI] [MainThread] [ExperimentEagle.physicsProperties] [func=updatePhysics:line=129] Age of sequence file: 20.025167942
2020-03-03 11:41:41,104 [DEBUG] [MainThread] [ExperimentEagle.physicsProperties] [func=updatePhysics:line=136] Read a TOF time of 0.0001 from variables in XML 
2020-03-03 11:41:41,104 [DEBUG] [MainThread] [ExperimentEagle.physicsProperties] [func=updatePhysics:line=146] attempting to update TOF time from xml
2020-03-03 11:41:41,114 [DEBUG] [MainThread] [ExperimentEagle.physicsProperties] [func=updatePhysics:line=154] attempting to update trapGradientX from xml
2020-03-03 11:41:41,213 [DEBUG] [MainThread] [ExperimentEagle.experimentEagle] [func=getImageData:line=136] pulling image data
2020-03-03 11:41:41,213 [INFO ] [MainThread] [ExperimentEagle.experimentEagle] [func=getImageData:line=166] processor = <processors.standardAndor2.StandardAndor2 object at 0x0F0C84B0>
2020-03-03 11:41:41,213 [INFO ] [MainThread] [ExperimentEagle.Processor] [func=process:line=76] using standard Andor 0 process function
2020-03-03 11:41:41,213 [INFO ] [MainThread] [ExperimentEagle.Processor] [func=read:line=41] processor reading file!
2020-03-03 11:41:42,733 [INFO ] [MainThread] [ExperimentEagle.Processor] [func=read:line=41] processor reading file!
2020-03-03 11:41:43,003 [INFO ] [MainThread] [ExperimentEagle.Processor] [func=rescale:line=93] processor: rescale factor = 1.05509526786 using region of shape: 50, 50
2020-03-03 11:41:43,003 [WARNI] [MainThread] [ExperimentEagle.Processor] [func=opticalDensity:line=65] Calculate OD picture..
2020-03-03 11:41:44,553 [DEBUG] [MainThread] [ExperimentEagle.Processor] [func=process:line=140] atomsArray = [[ 26.53525641  27.87339744  22.05769231 ...,  29.2724359   36.42467949
   32.58012821]
 [ 14.78846154  11.02403846  17.59455128 ...,  21.58814103  14.98717949
   20.30769231]
 [ 14.13942308  20.625       20.47916667 ...,  17.73557692  22.26442308
   15.26762821]
 ..., 
 [  1.           1.9599359    1.         ...,   1.           1.
    1.91666667]
 [  1.           1.           1.         ...,   1.           1.           1.        ]
 [  1.           1.           1.         ...,   5.84134615  12.82532051
   12.01121795]]
2020-03-03 11:41:44,563 [DEBUG] [MainThread] [ExperimentEagle.Processor] [func=process:line=141] lightArray = [[ 15.56434606  23.74640696  25.10923835 ...,  29.79460531  22.42922873
   26.63270122]
 [ 20.32072905  27.2786089   16.89843286 ...,  20.95480073  27.6996325
   22.1181109 ]
 [ 21.68863301  26.78656928  21.72414103 ...,  24.958752    26.29960224
   26.47206973]
 ..., 
 [ 25.06020347  23.88674816  18.0110173  ...,  32.64200985  34.52900716
   34.78094497]
 [ 23.74133438  19.73907397  24.66454274 ...,  31.38232079  34.31934079
   46.41235578]
 [ 36.63243426  26.778115    23.65679149 ...,  30.56563647  42.29004446
   41.34147324]]
2020-03-03 11:41:44,563 [DEBUG] [MainThread] [ExperimentEagle.Processor] [func=process:line=142] atomsArray/lightArray = [[ 1.70487448  1.17379431  0.87846919 ...,  0.98247436  1.6239827
   1.22331295]
 [ 0.72775251  0.40412759  1.04119426 ...,  1.03022411  0.54106059
   0.91814768]
 [ 0.65192781  0.76997542  0.94269166 ...,  0.7105955   0.84656881
   0.57674479]
 ..., 
 [ 0.03990391  0.08205118  0.05552157 ...,  0.03063537  0.02896116
   0.0551068 ]
 [ 0.04212063  0.05066094  0.04054403 ...,  0.03186507  0.02913809
   0.02154599]
 [ 0.02729821  0.03734393  0.04227116 ...,  0.19110828  0.30327044
   0.29053677]]
2020-03-03 11:41:44,563 [WARNI] [MainThread] [ExperimentEagle.Processor] [func=opticalDensity:line=65] Calculate OD picture..
2020-03-03 11:41:44,573 [DEBUG] [MainThread] [ExperimentEagle.Processor] [func=process:line=150] optical density = [[-0.53349149 -0.1602415   0.12957444 ...,  0.01768103 -0.48488159
  -0.20156271]
 [ 0.31779425  0.90602464 -0.04036838 ..., -0.02977637  0.61422401
   0.08539702]
 [ 0.42782144  0.26139668  0.05901602 ...,  0.34165192  0.16656379
   0.55035542]
 ..., 
 [ 3.22128107  2.50041207  2.89098364 ...,  3.4856001   3.54179976
   2.89848211]
 [ 3.1672176   2.98260012  3.2053667  ...,  3.4462447   3.53570907
   3.83756571]
 [ 3.60093403  3.28758495  3.16365024 ...,  1.65491511  1.19313032
   1.23602515]]
2020-03-03 11:41:44,584 [DEBUG] [MainThread] [ExperimentEagle.experimentEagle] [func=getImageData:line=169] processed raw image = [[ 0.  0.  0. ...,  0.  0.  0.]
 [ 0.  0.  0. ...,  0.  0.  0.]
 [ 0.  0.  0. ...,  0.  0.  0.]
 ..., 
 [ 0.  0.  0. ...,  0.  0.  0.]
 [ 0.  0.  0. ...,  0.  0.  0.]
 [ 0.  0.  0. ...,  0.  0.  0.]]
2020-03-03 11:41:44,594 [INFO ] [MainThread] [ExperimentEagle.experimentEagle] [func=getImageData:line=170] shape of raw Image = (266,266)
2020-03-03 11:41:44,594 [WARNI] [MainThread] [ExperimentEagle.experimentEagle] [func=getImageData:line=173] number of pixels in image have changed. This causes problems for contour fit plot. Will destroy contour fit plot first
2020-03-03 11:41:44,594 [INFO ] [MainThread] [ExperimentEagle.experimentEagle] [func=_fixAspectRatioBool_changed:line=970] self.fixAspectRatioBool changed to False
2020-03-03 11:41:44,594 [INFO ] [MainThread] [ExperimentEagle.experimentEagle] [func=_fixAspectRatioBool_changed:line=970] self.fixAspectRatioBool changed to True
2020-03-03 11:41:44,594 [INFO ] [MainThread] [ExperimentEagle.experimentEagle] [func=getImageData:line=175] continuing after pixels changed = True event
2020-03-03 11:41:44,594 [INFO ] [MainThread] [ExperimentEagle.experimentEagle] [func=update:line=840] updating plot
2020-03-03 11:41:44,604 [INFO ] [MainThread] [ExperimentEagle.experimentEagle] [func=_selectedFile_changed:line=1018] succesfully completed getImageData. Will now break from repetition loop
2020-03-03 11:41:44,604 [INFO ] [MainThread] [ExperimentEagle.experimentEagle] [func=update:line=840] updating plot
2020-03-03 11:41:46,573 [DEBUG] [MainThread] [ExperimentEagle.experimentEagle] [func=checkForNewFiles:line=352] Check for new files
2020-03-03 11:41:46,573 [DEBUG] [MainThread] [ExperimentEagle.experimentEagle] [func=checkForNewFiles:line=360] No new files detected in watch Directory
2020-03-03 11:41:47,763 [DEBUG] [MainThread] [ExperimentEagle.experimentEagle] [func=_setCentreGuess:line=292] selected fit <fits.fitGaussian.GaussianFit object at 0x12E1EC30> 
2020-03-03 11:41:48,584 [DEBUG] [MainThread] [ExperimentEagle.experimentEagle] [func=checkForNewFiles:line=352] Check for new files
2020-03-03 11:41:48,584 [DEBUG] [MainThread] [ExperimentEagle.experimentEagle] [func=checkForNewFiles:line=360] No new files detected in watch Directory
2020-03-03 11:41:48,684 [DEBUG] [MainThread] [ExperimentEagle.experimentEagle] [func=_setCentreGuess:line=292] selected fit <fits.fitGaussian.GaussianFit object at 0x12E1EC30> 
2020-03-03 11:41:50,473 [CRITI] [MainThread] [ExperimentEagle.experimentEagle] [func=_box_selection_complete:line=286] Box selection complete
2020-03-03 11:41:50,483 [DEBUG] [MainThread] [ExperimentEagle.experimentEagle] [func=_box_selection_complete:line=288] box selection results [139, 101, 196, 125] 
2020-03-03 11:41:50,624 [DEBUG] [MainThread] [ExperimentEagle.experimentEagle] [func=checkForNewFiles:line=352] Check for new files
2020-03-03 11:41:50,634 [DEBUG] [MainThread] [ExperimentEagle.experimentEagle] [func=checkForNewFiles:line=360] No new files detected in watch Directory
2020-03-03 11:41:52,604 [DEBUG] [MainThread] [ExperimentEagle.experimentEagle] [func=checkForNewFiles:line=352] Check for new files
2020-03-03 11:41:52,604 [DEBUG] [MainThread] [ExperimentEagle.experimentEagle] [func=checkForNewFiles:line=360] No new files detected in watch Directory
2020-03-03 11:41:54,624 [DEBUG] [MainThread] [ExperimentEagle.experimentEagle] [func=checkForNewFiles:line=352] Check for new files
2020-03-03 11:41:54,624 [DEBUG] [MainThread] [ExperimentEagle.experimentEagle] [func=checkForNewFiles:line=360] No new files detected in watch Directory
2020-03-03 11:41:55,783 [DEBUG] [MainThread] [ExperimentEagle.experimentEagle] [func=_setCentreGuess:line=292] selected fit <fits.fitGaussian.GaussianFit object at 0x12E1EC30> 
2020-03-03 11:41:56,594 [DEBUG] [MainThread] [ExperimentEagle.experimentEagle] [func=_setCentreGuess:line=292] selected fit <fits.fitGaussian.GaussianFit object at 0x12E1EC30> 
2020-03-03 11:41:56,634 [DEBUG] [MainThread] [ExperimentEagle.experimentEagle] [func=checkForNewFiles:line=352] Check for new files
2020-03-03 11:41:56,634 [DEBUG] [MainThread] [ExperimentEagle.experimentEagle] [func=checkForNewFiles:line=360] No new files detected in watch Directory
2020-03-03 11:41:58,614 [INFO ] [MainThread] [ExperimentEagle.fits] [func=_get_subSpaceArrays:line=349] xs array sliced length 57 
2020-03-03 11:41:58,614 [INFO ] [MainThread] [ExperimentEagle.fits] [func=_get_subSpaceArrays:line=350] ys array sliced length 24  
2020-03-03 11:41:58,614 [INFO ] [MainThread] [ExperimentEagle.fits] [func=_get_subSpaceArrays:line=352] zs sub space array 24,57 
2020-03-03 11:41:58,614 [DEBUG] [MainThread] [ExperimentEagle.fits] [func=_getIntelligentInitialValues:line=167] attempting to set initial values intellgently
2020-03-03 11:41:58,614 [DEBUG] [MainThread] [ExperimentEagle.fits] [func=_getIntelligentInitialValues:line=174] index of max z is 13, 47 
2020-03-03 11:41:58,614 [DEBUG] [MainThread] [ExperimentEagle.fits] [func=_getIntelligentInitialValues:line=180] index of half max z is 11, 9 
2020-03-03 11:41:58,614 [DEBUG] [MainThread] [ExperimentEagle.fits] [func=_getIntelligentInitialValues:line=187] x0,y0 186.0, 114.0 
2020-03-03 11:41:58,644 [DEBUG] [MainThread] [ExperimentEagle.experimentEagle] [func=checkForNewFiles:line=352] Check for new files
2020-03-03 11:41:58,644 [DEBUG] [MainThread] [ExperimentEagle.experimentEagle] [func=checkForNewFiles:line=360] No new files detected in watch Directory
2020-03-03 11:41:59,864 [DEBUG] [MainThread] [ExperimentEagle.experimentEagle] [func=_setCentreGuess:line=292] selected fit <fits.fitGaussian.GaussianFit object at 0x12E1EC30> 
2020-03-03 11:42:00,654 [DEBUG] [MainThread] [ExperimentEagle.experimentEagle] [func=checkForNewFiles:line=352] Check for new files
2020-03-03 11:42:00,654 [DEBUG] [MainThread] [ExperimentEagle.experimentEagle] [func=checkForNewFiles:line=360] No new files detected in watch Directory
2020-03-03 11:42:01,463 [INFO ] [Thread-3] [ExperimentEagle.fits] [func=run:line=144] starting fitting thread
2020-03-03 11:42:01,463 [INFO ] [Thread-3] [ExperimentEagle.fits] [func=_get_subSpaceArrays:line=349] xs array sliced length 57 
2020-03-03 11:42:01,463 [INFO ] [Thread-3] [ExperimentEagle.fits] [func=_get_subSpaceArrays:line=350] ys array sliced length 24  
2020-03-03 11:42:01,463 [INFO ] [Thread-3] [ExperimentEagle.fits] [func=_get_subSpaceArrays:line=352] zs sub space array 24,57 
2020-03-03 11:42:01,503 [DEBUG] [Thread-3] [ExperimentEagle.fits] [func=_deriveCalculatedParameters:line=75] gaussian integral in pixels = 3.70952
2020-03-03 11:42:01,503 [DEBUG] [Thread-3] [ExperimentEagle.fits] [func=_deriveCalculatedParameters:line=77] imagePixelArea integral in m^2 = 7.51111E-11
2020-03-03 11:42:01,503 [DEBUG] [Thread-3] [ExperimentEagle.fits] [func=_deriveCalculatedParameters:line=82] imagePixelLength integral  = 8.66667E-06
2020-03-03 11:42:01,503 [DEBUG] [Thread-3] [ExperimentEagle.fits] [func=_deriveCalculatedParameters:line=89] m  = 3.81754E-26
2020-03-03 11:42:01,503 [DEBUG] [Thread-3] [ExperimentEagle.fits] [func=_deriveCalculatedParameters:line=90] stdevx in m = 0.000141926 
2020-03-03 11:42:01,503 [DEBUG] [Thread-3] [ExperimentEagle.fits] [func=_deriveCalculatedParameters:line=92] vx = 1.41926
2020-03-03 11:42:01,503 [DEBUG] [Thread-3] [ExperimentEagle.fits] [func=_deriveCalculatedParameters:line=94] Tx = 5569.6
2020-03-03 11:42:01,503 [DEBUG] [Thread-3] [ExperimentEagle.fits] [func=_deriveCalculatedParameters:line=95] stdevy in m = 1.19059E-05 
2020-03-03 11:42:01,503 [DEBUG] [Thread-3] [ExperimentEagle.fits] [func=_deriveCalculatedParameters:line=97] vy = 0.119059
2020-03-03 11:42:01,503 [DEBUG] [Thread-3] [ExperimentEagle.fits] [func=_deriveCalculatedParameters:line=99] Ty = 39.1945
2020-03-03 11:42:01,513 [DEBUG] [Thread-3] [ExperimentEagle.fits] [func=_deriveCalculatedParameters:line=107] TxHarmonic = 21.9014
2020-03-03 11:42:01,513 [DEBUG] [Thread-3] [ExperimentEagle.fits] [func=_deriveCalculatedParameters:line=109] TyHarmonic = 0.154125
2020-03-03 11:42:01,513 [DEBUG] [Thread-3] [ExperimentEagle.fits] [func=_deriveCalculatedParameters:line=120] criticalTemperature = 51.0996
2020-03-03 11:42:01,513 [DEBUG] [Thread-3] [ExperimentEagle.fits] [func=_deriveCalculatedParameters:line=137] sigma elastic =2.70536273921e-16 
2020-03-03 11:42:01,513 [DEBUG] [Thread-3] [ExperimentEagle.fits] [func=_deriveCalculatedParameters:line=139] vbarLinear =1.60708702469 
2020-03-03 11:42:01,513 [DEBUG] [Thread-3] [ExperimentEagle.fits] [func=_deriveCalculatedParameters:line=141] collisionTimeLinear =7077313785.31 
2020-03-03 11:42:01,513 [INFO ] [Thread-3] [ExperimentEagle.fits] [func=_get_subSpaceArrays:line=349] xs array sliced length 57 
2020-03-03 11:42:01,513 [INFO ] [Thread-3] [ExperimentEagle.fits] [func=_get_subSpaceArrays:line=350] ys array sliced length 24  
2020-03-03 11:42:01,513 [INFO ] [Thread-3] [ExperimentEagle.fits] [func=_get_subSpaceArrays:line=352] zs sub space array 24,57 
2020-03-03 11:42:01,513 [INFO ] [Thread-3] [ExperimentEagle.fits] [func=_deriveCalculatedParameters:line=157] Derived values from fit
2020-03-03 11:42:01,513 [INFO ] [Thread-3] [ExperimentEagle.fits] [func=run:line=160] auto draw bool is true so using the rerefernce to imageInspector bool to call the function to draw the fit as contours
2020-03-03 11:42:01,513 [DEBUG] [Thread-3] [ExperimentEagle.experimentEagle] [func=addFitPlot:line=820] adding fit plot with fit <fits.fitGaussian.GaussianFit object at 0x12E1EC30> 
2020-03-03 11:42:01,523 [INFO ] [Thread-3] [ExperimentEagle.experimentEagle] [func=addFitPlot:line=825] first fit plot so initialising contour plot
2020-03-03 11:42:01,523 [DEBUG] [Thread-3] [ExperimentEagle.experimentEagle] [func=initialiseFitPlot:line=799] contour initialise fit debug. xs shape 265
2020-03-03 11:42:01,533 [DEBUG] [Thread-3] [ExperimentEagle.experimentEagle] [func=initialiseFitPlot:line=800] contour initialise xs= [   0.5           1.50378788    2.50757576    3.51136364    4.51515152
    5.51893939    6.52272727    7.52651515    8.53030303    9.53409091
   10.53787879   11.54166667   12.54545455   13.54924242   14.5530303
   15.55681818   16.56060606   17.56439394   18.56818182   19.5719697
   20.57575758   21.57954545   22.58333333   23.58712121   24.59090909
   25.59469697   26.59848485   27.60227273   28.60606061   29.60984848
   30.61363636   31.61742424   32.62121212   33.625        34.62878788
   35.63257576   36.63636364   37.64015152   38.64393939   39.64772727
   40.65151515   41.65530303   42.65909091   43.66287879   44.66666667
   45.67045455   46.67424242   47.6780303    48.68181818   49.68560606
   50.68939394   51.69318182   52.6969697    53.70075758   54.70454545
   55.70833333   56.71212121   57.71590909   58.71969697   59.72348485
   60.72727273   61.73106061   62.73484848   63.73863636   64.74242424
   65.74621212   66.75         67.75378788   68.75757576   69.76136364
   70.76515152   71.76893939   72.77272727   73.77651515   74.78030303
   75.78409091   76.78787879   77.79166667   78.79545455   79.79924242
   80.8030303    81.80681818   82.81060606   83.81439394   84.81818182
   85.8219697    86.82575758   87.82954545   88.83333333   89.83712121
   90.84090909   91.84469697   92.84848485   93.85227273   94.85606061
   95.85984848   96.86363636   97.86742424   98.87121212   99.875
  100.87878788  101.88257576  102.88636364  103.89015152  104.89393939
  105.89772727  106.90151515  107.90530303  108.90909091  109.91287879
  110.91666667  111.92045455  112.92424242  113.9280303   114.93181818
  115.93560606  116.93939394  117.94318182  118.9469697   119.95075758
  120.95454545  121.95833333  122.96212121  123.96590909  124.96969697
  125.97348485  126.97727273  127.98106061  128.98484848  129.98863636
  130.99242424  131.99621212  133.          134.00378788  135.00757576
  136.01136364  137.01515152  138.01893939  139.02272727  140.02651515
  141.03030303  142.03409091  143.03787879  144.04166667  145.04545455
  146.04924242  147.0530303   148.05681818  149.06060606  150.06439394
  151.06818182  152.0719697   153.07575758  154.07954545  155.08333333
  156.08712121  157.09090909  158.09469697  159.09848485  160.10227273
  161.10606061  162.10984848  163.11363636  164.11742424  165.12121212
  166.125       167.12878788  168.13257576  169.13636364  170.14015152
  171.14393939  172.14772727  173.15151515  174.15530303  175.15909091
  176.16287879  177.16666667  178.17045455  179.17424242  180.1780303
  181.18181818  182.18560606  183.18939394  184.19318182  185.1969697
  186.20075758  187.20454545  188.20833333  189.21212121  190.21590909
  191.21969697  192.22348485  193.22727273  194.23106061  195.23484848
  196.23863636  197.24242424  198.24621212  199.25        200.25378788
  201.25757576  202.26136364  203.26515152  204.26893939  205.27272727
  206.27651515  207.28030303  208.28409091  209.28787879  210.29166667
  211.29545455  212.29924242  213.3030303   214.30681818  215.31060606
  216.31439394  217.31818182  218.3219697   219.32575758  220.32954545
  221.33333333  222.33712121  223.34090909  224.34469697  225.34848485
  226.35227273  227.35606061  228.35984848  229.36363636  230.36742424
  231.37121212  232.375       233.37878788  234.38257576  235.38636364
  236.39015152  237.39393939  238.39772727  239.40151515  240.40530303
  241.40909091  242.41287879  243.41666667  244.42045455  245.42424242
  246.4280303   247.43181818  248.43560606  249.43939394  250.44318182
  251.4469697   252.45075758  253.45454545  254.45833333  255.46212121
  256.46590909  257.46969697  258.47348485  259.47727273  260.48106061
  261.48484848  262.48863636  263.49242424  264.49621212  265.5       ]
2020-03-03 11:42:01,543 [DEBUG] [Thread-3] [ExperimentEagle.experimentEagle] [func=initialiseFitPlot:line=814] initialise fit plot {'fitVertical': [<chaco.lineplot.LinePlot object at 0x1A615FC0>], 'plot0': [<chaco.lineplot.LinePlot object at 0x12F382D0>], 'dot': [<chaco.colormapped_scatterplot.ColormappedScatterPlot object at 0x12F38EA0>]} 
2020-03-03 11:42:01,543 [INFO ] [Thread-3] [ExperimentEagle.experimentEagle] [func=addFitPlot:line=827] attempting to set fit data
2020-03-03 11:42:01,563 [INFO ] [Thread-3] [ExperimentEagle.fits] [func=run:line=165] saving last fit results to a separate text file
2020-03-03 11:42:02,674 [DEBUG] [MainThread] [ExperimentEagle.experimentEagle] [func=checkForNewFiles:line=352] Check for new files
2020-03-03 11:42:02,674 [DEBUG] [MainThread] [ExperimentEagle.experimentEagle] [func=checkForNewFiles:line=360] No new files detected in watch Directory
2020-03-03 11:42:04,684 [DEBUG] [MainThread] [ExperimentEagle.experimentEagle] [func=checkForNewFiles:line=352] Check for new files
2020-03-03 11:42:04,684 [DEBUG] [MainThread] [ExperimentEagle.experimentEagle] [func=checkForNewFiles:line=363] new files = [u'Sequence_ALTA0light_0303 114204.png', u'Sequence_ANDOR0FT_0303 114204.png']
2020-03-03 11:42:04,684 [DEBUG] [MainThread] [ExperimentEagle.experimentEagle] [func=checkForNewFiles:line=365] new files after checking for sub-string = []
2020-03-03 11:42:04,684 [DEBUG] [MainThread] [ExperimentEagle.experimentEagle] [func=checkForNewFiles:line=367] new files were found but none matched search string ANDOR2[\s\w.]*X2.tif
2020-03-03 11:42:06,694 [DEBUG] [MainThread] [ExperimentEagle.experimentEagle] [func=checkForNewFiles:line=352] Check for new files
2020-03-03 11:42:06,694 [DEBUG] [MainThread] [ExperimentEagle.experimentEagle] [func=checkForNewFiles:line=363] new files = [u'Sequence_ALTA0dark_0303 114204.png', u'Sequence_ALTA0light_0303 114204.png', u'Sequence_ANDOR0FT_0303 114204.png', u'Sequence_ALTA0scaledOpticalDensity_0303 114204.png', u'Sequence_ALTA0atoms_0303 114204.png', u'ANDOR2_Tue Mar  3 2020_11.42.18_11_X1.tif']
2020-03-03 11:42:06,694 [DEBUG] [MainThread] [ExperimentEagle.experimentEagle] [func=checkForNewFiles:line=365] new files after checking for sub-string = []
2020-03-03 11:42:06,694 [DEBUG] [MainThread] [ExperimentEagle.experimentEagle] [func=checkForNewFiles:line=367] new files were found but none matched search string ANDOR2[\s\w.]*X2.tif
2020-03-03 11:42:08,703 [DEBUG] [MainThread] [ExperimentEagle.experimentEagle] [func=checkForNewFiles:line=352] Check for new files
2020-03-03 11:42:08,703 [DEBUG] [MainThread] [ExperimentEagle.experimentEagle] [func=checkForNewFiles:line=363] new files = [u'Sequence_ALTA0dark_0303 114204.png', u'Sequence_ALTA0light_0303 114204.png', u'Sequence_ANDOR0FT_0303 114204.png', u'Sequence_ALTA0scaledOpticalDensity_0303 114204.png', u'Sequence_ALTA0atoms_0303 114204.png', u'ANDOR2_Tue Mar  3 2020_11.42.18_11_X2.tif', u'ANDOR2_Tue Mar  3 2020_11.42.18_11_X1.tif']
2020-03-03 11:42:08,703 [DEBUG] [MainThread] [ExperimentEagle.experimentEagle] [func=checkForNewFiles:line=365] new files after checking for sub-string = [u'ANDOR2_Tue Mar  3 2020_11.42.18_11_X2.tif']
2020-03-03 11:42:08,703 [DEBUG] [MainThread] [ExperimentEagle.experimentEagle] [func=checkForNewFiles:line=372] new file is ANDOR2_Tue Mar  3 2020_11.42.18_11_X2.tif
2020-03-03 11:42:08,713 [DEBUG] [MainThread] [ExperimentEagle.experimentEagle] [func=checkForNewFiles:line=373] new full path file is T:/TOFAtomNumber/eagleWatchedFolder\ANDOR2_Tue Mar  3 2020_11.42.18_11_X2.tif
2020-03-03 11:42:08,713 [INFO ] [MainThread] [ExperimentEagle.experimentEagle] [func=_selectedFile_changed:line=1002] ######################## Selected File changed ########################
2020-03-03 11:42:08,713 [INFO ] [MainThread] [ExperimentEagle.experimentEagle] [func=_selectedFile_changed:line=1004] Update physics
2020-03-03 11:42:08,713 [DEBUG] [MainThread] [ExperimentEagle.physicsProperties] [func=updatePhysics:line=114] attempting to update physics from xml
2020-03-03 11:42:08,823 [WARNI] [MainThread] [ExperimentEagle.physicsProperties] [func=updatePhysics:line=129] Age of sequence file: 20.3913161755
2020-03-03 11:42:08,823 [DEBUG] [MainThread] [ExperimentEagle.physicsProperties] [func=updatePhysics:line=136] Read a TOF time of 0.0001 from variables in XML 
2020-03-03 11:42:08,823 [DEBUG] [MainThread] [ExperimentEagle.physicsProperties] [func=updatePhysics:line=146] attempting to update TOF time from xml
2020-03-03 11:42:08,823 [DEBUG] [MainThread] [ExperimentEagle.physicsProperties] [func=updatePhysics:line=154] attempting to update trapGradientX from xml
2020-03-03 11:42:08,924 [DEBUG] [MainThread] [ExperimentEagle.experimentEagle] [func=getImageData:line=136] pulling image data
2020-03-03 11:42:08,924 [INFO ] [MainThread] [ExperimentEagle.experimentEagle] [func=getImageData:line=166] processor = <processors.standardAndor2.StandardAndor2 object at 0x0F0C84B0>
2020-03-03 11:42:08,924 [INFO ] [MainThread] [ExperimentEagle.Processor] [func=process:line=76] using standard Andor 0 process function
2020-03-03 11:42:08,924 [INFO ] [MainThread] [ExperimentEagle.Processor] [func=read:line=41] processor reading file!
2020-03-03 11:42:08,924 [WARNI] [MainThread] [ExperimentEagle.Processor] [func=process:line=85] IOError for loading tif file. Since Andor Solis needs some time to save this picture, wait 1 s and try again. Try 1 of 4
2020-03-03 11:42:09,924 [INFO ] [MainThread] [ExperimentEagle.Processor] [func=read:line=41] processor reading file!
2020-03-03 11:42:10,164 [INFO ] [MainThread] [ExperimentEagle.Processor] [func=read:line=41] processor reading file!
2020-03-03 11:42:10,444 [INFO ] [MainThread] [ExperimentEagle.Processor] [func=rescale:line=93] processor: rescale factor = 0.955388271934 using region of shape: 50, 50
2020-03-03 11:42:10,444 [WARNI] [MainThread] [ExperimentEagle.Processor] [func=opticalDensity:line=65] Calculate OD picture..
2020-03-03 11:42:11,973 [DEBUG] [MainThread] [ExperimentEagle.Processor] [func=process:line=140] atomsArray = [[ 28.0625      31.76602564  27.00801282 ...,  38.0224359   37.25801282
   29.76762821]
 [ 14.36538462  19.56570513  18.90705128 ...,  18.65064103  18.31570513
   20.99519231]
 [ 17.71794872  16.16987179  14.23878205 ...,  25.15865385  22.13942308
   19.82051282]
 ..., 
 [  1.           1.           1.         ...,   2.09134615   2.08012821
    1.        ]
 [  1.           1.           1.         ...,   1.           1.           1.        ]
 [  1.           1.           1.         ...,   8.52884615   8.32532051
    8.63621795]]
2020-03-03 11:42:11,973 [DEBUG] [MainThread] [ExperimentEagle.Processor] [func=process:line=141] lightArray = [[ 19.62220528  18.32538818  23.39323302 ...,  25.30707171  21.87287957
   22.62310434]
 [ 15.54343227  28.82087954  25.93021759 ...,  26.43853314  27.9481691
   26.70034627]
 [ 19.87789413  25.55204306  21.76111139 ...,  25.70515016  28.84078346
   24.98554681]
 ..., 
 [ 24.60277907  20.67405102  19.05570903 ...,  32.24435418  33.11706462
   34.9574119 ]
 [ 32.54444408  19.84421056  22.45315546 ...,  30.38716512  30.95672351
   38.98106635]
 [ 37.11162872  26.63604129  26.07873147 ...,  29.94621668  41.93603328
   43.16701433]]
2020-03-03 11:42:11,973 [DEBUG] [MainThread] [ExperimentEagle.Processor] [func=process:line=142] atomsArray/lightArray = [[ 1.43013997  1.73344353  1.15452245 ...,  1.50244312  1.70338856
   1.31580652]
 [ 0.9242093   0.67887259  0.72915128 ...,  0.70543403  0.65534544
   0.78632659]
 [ 0.89133932  0.63282109  0.65432237 ...,  0.97873981  0.76764291
   0.79327913]
 ..., 
 [ 0.04064581  0.04836981  0.05247771 ...,  0.0648593   0.06281137
   0.02860624]
 [ 0.03072721  0.05039253  0.04453717 ...,  0.03290863  0.03230316
   0.02565348]
 [ 0.02694573  0.03754312  0.03834542 ...,  0.28480546  0.19852427
   0.20006521]]
2020-03-03 11:42:11,973 [WARNI] [MainThread] [ExperimentEagle.Processor] [func=opticalDensity:line=65] Calculate OD picture..
2020-03-03 11:42:11,983 [DEBUG] [MainThread] [ExperimentEagle.Processor] [func=process:line=150] optical density = [[-0.35777232 -0.55010991 -0.1436868  ..., -0.40709253 -0.53261954
  -0.2744498 ]
 [ 0.07881672  0.38732181  0.31587405 ...,  0.34894202  0.4225928
   0.24038306]
 [ 0.11503009  0.45756753  0.42415512 ...,  0.02148944  0.26443061
   0.23158013]
 ..., 
 [ 3.20285941  3.02887934  2.94736674 ...,  2.73553501  2.76761917
   3.55413052]
 [ 3.48260667  2.98791231  3.11143116 ...,  3.41402032  3.43259021
   3.66307605]
 [ 3.61393036  3.28226523  3.2611201  ...,  1.25594891  1.61684391
   1.6091119 ]]
2020-03-03 11:42:12,003 [DEBUG] [MainThread] [ExperimentEagle.experimentEagle] [func=getImageData:line=169] processed raw image = [[ 0.  0.  0. ...,  0.  0.  0.]
 [ 0.  0.  0. ...,  0.  0.  0.]
 [ 0.  0.  0. ...,  0.  0.  0.]
 ..., 
 [ 0.  0.  0. ...,  0.  0.  0.]
 [ 0.  0.  0. ...,  0.  0.  0.]
 [ 0.  0.  0. ...,  0.  0.  0.]]
2020-03-03 11:42:12,003 [INFO ] [MainThread] [ExperimentEagle.experimentEagle] [func=getImageData:line=170] shape of raw Image = (266,266)
2020-03-03 11:42:12,003 [INFO ] [MainThread] [ExperimentEagle.experimentEagle] [func=update:line=840] updating plot
2020-03-03 11:42:12,003 [INFO ] [MainThread] [ExperimentEagle.experimentEagle] [func=_selectedFile_changed:line=1018] succesfully completed getImageData. Will now break from repetition loop
2020-03-03 11:42:12,003 [INFO ] [MainThread] [ExperimentEagle.experimentEagle] [func=update:line=840] updating plot
2020-03-03 11:42:12,073 [DEBUG] [MainThread] [ExperimentEagle.experimentEagle] [func=checkForNewFiles:line=352] Check for new files
2020-03-03 11:42:12,084 [DEBUG] [MainThread] [ExperimentEagle.experimentEagle] [func=checkForNewFiles:line=360] No new files detected in watch Directory
2020-03-03 11:42:12,733 [DEBUG] [MainThread] [ExperimentEagle.experimentEagle] [func=checkForNewFiles:line=352] Check for new files
2020-03-03 11:42:12,733 [DEBUG] [MainThread] [ExperimentEagle.experimentEagle] [func=checkForNewFiles:line=360] No new files detected in watch Directory
2020-03-03 11:42:14,743 [DEBUG] [MainThread] [ExperimentEagle.experimentEagle] [func=checkForNewFiles:line=352] Check for new files
2020-03-03 11:42:14,743 [DEBUG] [MainThread] [ExperimentEagle.experimentEagle] [func=checkForNewFiles:line=360] No new files detected in watch Directory
2020-03-03 11:42:16,753 [DEBUG] [MainThread] [ExperimentEagle.experimentEagle] [func=checkForNewFiles:line=352] Check for new files
2020-03-03 11:42:16,753 [DEBUG] [MainThread] [ExperimentEagle.experimentEagle] [func=checkForNewFiles:line=360] No new files detected in watch Directory
2020-03-03 11:42:18,763 [DEBUG] [MainThread] [ExperimentEagle.experimentEagle] [func=checkForNewFiles:line=352] Check for new files
2020-03-03 11:42:18,763 [DEBUG] [MainThread] [ExperimentEagle.experimentEagle] [func=checkForNewFiles:line=360] No new files detected in watch Directory
2020-03-03 11:42:20,783 [DEBUG] [MainThread] [ExperimentEagle.experimentEagle] [func=checkForNewFiles:line=352] Check for new files
2020-03-03 11:42:20,783 [DEBUG] [MainThread] [ExperimentEagle.experimentEagle] [func=checkForNewFiles:line=360] No new files detected in watch Directory
2020-03-03 11:42:22,793 [DEBUG] [MainThread] [ExperimentEagle.experimentEagle] [func=checkForNewFiles:line=352] Check for new files
2020-03-03 11:42:22,793 [DEBUG] [MainThread] [ExperimentEagle.experimentEagle] [func=checkForNewFiles:line=360] No new files detected in watch Directory
2020-03-03 11:42:24,803 [DEBUG] [MainThread] [ExperimentEagle.experimentEagle] [func=checkForNewFiles:line=352] Check for new files
2020-03-03 11:42:24,803 [DEBUG] [MainThread] [ExperimentEagle.experimentEagle] [func=checkForNewFiles:line=360] No new files detected in watch Directory
2020-03-03 11:42:26,813 [DEBUG] [MainThread] [ExperimentEagle.experimentEagle] [func=checkForNewFiles:line=352] Check for new files
2020-03-03 11:42:26,813 [DEBUG] [MainThread] [ExperimentEagle.experimentEagle] [func=checkForNewFiles:line=360] No new files detected in watch Directory
2020-03-03 11:42:28,834 [DEBUG] [MainThread] [ExperimentEagle.experimentEagle] [func=checkForNewFiles:line=352] Check for new files
2020-03-03 11:42:28,834 [DEBUG] [MainThread] [ExperimentEagle.experimentEagle] [func=checkForNewFiles:line=360] No new files detected in watch Directory
2020-03-03 11:42:30,844 [DEBUG] [MainThread] [ExperimentEagle.experimentEagle] [func=checkForNewFiles:line=352] Check for new files
2020-03-03 11:42:30,844 [DEBUG] [MainThread] [ExperimentEagle.experimentEagle] [func=checkForNewFiles:line=360] No new files detected in watch Directory
2020-03-03 11:42:32,854 [DEBUG] [MainThread] [ExperimentEagle.experimentEagle] [func=checkForNewFiles:line=352] Check for new files
2020-03-03 11:42:32,854 [DEBUG] [MainThread] [ExperimentEagle.experimentEagle] [func=checkForNewFiles:line=363] new files = [u'Sequence_ANDOR0FT_0303 114232.png', u'ANDOR2_Tue Mar  3 2020_11.42.45_11_X1.tif', u'Sequence_ALTA0light_0303 114232.png', u'Sequence_ALTA0dark_0303 114232.png']
2020-03-03 11:42:32,854 [DEBUG] [MainThread] [ExperimentEagle.experimentEagle] [func=checkForNewFiles:line=365] new files after checking for sub-string = []
2020-03-03 11:42:32,854 [DEBUG] [MainThread] [ExperimentEagle.experimentEagle] [func=checkForNewFiles:line=367] new files were found but none matched search string ANDOR2[\s\w.]*X2.tif
2020-03-03 11:42:34,864 [DEBUG] [MainThread] [ExperimentEagle.experimentEagle] [func=checkForNewFiles:line=352] Check for new files
2020-03-03 11:42:34,864 [DEBUG] [MainThread] [ExperimentEagle.experimentEagle] [func=checkForNewFiles:line=363] new files = [u'Sequence_ANDOR0FT_0303 114232.png', u'ANDOR2_Tue Mar  3 2020_11.42.45_11_X1.tif', u'Sequence_ALTA0atoms_0303 114232.png', u'Sequence_ALTA0scaledOpticalDensity_0303 114232.png', u'Sequence_ALTA0light_0303 114232.png', u'Sequence_ALTA0dark_0303 114232.png']
2020-03-03 11:42:34,864 [DEBUG] [MainThread] [ExperimentEagle.experimentEagle] [func=checkForNewFiles:line=365] new files after checking for sub-string = []
2020-03-03 11:42:34,864 [DEBUG] [MainThread] [ExperimentEagle.experimentEagle] [func=checkForNewFiles:line=367] new files were found but none matched search string ANDOR2[\s\w.]*X2.tif
2020-03-03 11:42:36,884 [DEBUG] [MainThread] [ExperimentEagle.experimentEagle] [func=checkForNewFiles:line=352] Check for new files
2020-03-03 11:42:36,884 [DEBUG] [MainThread] [ExperimentEagle.experimentEagle] [func=checkForNewFiles:line=363] new files = [u'Sequence_ANDOR0FT_0303 114232.png', u'ANDOR2_Tue Mar  3 2020_11.42.45_11_X1.tif', u'Sequence_ALTA0atoms_0303 114232.png', u'Sequence_ALTA0scaledOpticalDensity_0303 114232.png', u'ANDOR2_Tue Mar  3 2020_11.42.45_11_X2.tif', u'Sequence_ALTA0light_0303 114232.png', u'Sequence_ALTA0dark_0303 114232.png']
2020-03-03 11:42:36,884 [DEBUG] [MainThread] [ExperimentEagle.experimentEagle] [func=checkForNewFiles:line=365] new files after checking for sub-string = [u'ANDOR2_Tue Mar  3 2020_11.42.45_11_X2.tif']
2020-03-03 11:42:36,884 [DEBUG] [MainThread] [ExperimentEagle.experimentEagle] [func=checkForNewFiles:line=372] new file is ANDOR2_Tue Mar  3 2020_11.42.45_11_X2.tif
2020-03-03 11:42:36,884 [DEBUG] [MainThread] [ExperimentEagle.experimentEagle] [func=checkForNewFiles:line=373] new full path file is T:/TOFAtomNumber/eagleWatchedFolder\ANDOR2_Tue Mar  3 2020_11.42.45_11_X2.tif
2020-03-03 11:42:36,884 [INFO ] [MainThread] [ExperimentEagle.experimentEagle] [func=_selectedFile_changed:line=1002] ######################## Selected File changed ########################
2020-03-03 11:42:36,884 [INFO ] [MainThread] [ExperimentEagle.experimentEagle] [func=_selectedFile_changed:line=1004] Update physics
2020-03-03 11:42:36,884 [DEBUG] [MainThread] [ExperimentEagle.physicsProperties] [func=updatePhysics:line=114] attempting to update physics from xml
2020-03-03 11:42:37,003 [WARNI] [MainThread] [ExperimentEagle.physicsProperties] [func=updatePhysics:line=129] Age of sequence file: 21.1407420635
2020-03-03 11:42:37,003 [DEBUG] [MainThread] [ExperimentEagle.physicsProperties] [func=updatePhysics:line=136] Read a TOF time of 0.0001 from variables in XML 
2020-03-03 11:42:37,003 [DEBUG] [MainThread] [ExperimentEagle.physicsProperties] [func=updatePhysics:line=146] attempting to update TOF time from xml
2020-03-03 11:42:37,003 [DEBUG] [MainThread] [ExperimentEagle.physicsProperties] [func=updatePhysics:line=154] attempting to update trapGradientX from xml
2020-03-03 11:42:37,104 [DEBUG] [MainThread] [ExperimentEagle.experimentEagle] [func=getImageData:line=136] pulling image data
2020-03-03 11:42:37,104 [INFO ] [MainThread] [ExperimentEagle.experimentEagle] [func=getImageData:line=166] processor = <processors.standardAndor2.StandardAndor2 object at 0x0F0C84B0>
2020-03-03 11:42:37,104 [INFO ] [MainThread] [ExperimentEagle.Processor] [func=process:line=76] using standard Andor 0 process function
2020-03-03 11:42:37,104 [INFO ] [MainThread] [ExperimentEagle.Processor] [func=read:line=41] processor reading file!
2020-03-03 11:42:37,344 [INFO ] [MainThread] [ExperimentEagle.Processor] [func=read:line=41] processor reading file!
2020-03-03 11:42:37,624 [INFO ] [MainThread] [ExperimentEagle.Processor] [func=rescale:line=93] processor: rescale factor = 0.976070597153 using region of shape: 50, 50
2020-03-03 11:42:37,624 [WARNI] [MainThread] [ExperimentEagle.Processor] [func=opticalDensity:line=65] Calculate OD picture..
2020-03-03 11:42:39,164 [DEBUG] [MainThread] [ExperimentEagle.Processor] [func=process:line=140] atomsArray = [[ 37.6875      28.82852564  33.63301282 ...,  35.2099359   39.79967949
   41.33012821]
 [ 12.48717949  19.42628205  18.10576923 ...,  22.29647436  28.62820513
   21.12019231]
 [ 14.3349359   18.8125      20.64262821 ...,  25.09134615  25.51442308
   19.38301282]
 ..., 
 [  1.9150641    1.           1.74358974 ...,   1.           1.           2.4775641 ]
 [  1.           1.           1.         ...,   1.           1.           1.        ]
 [  1.           1.           1.         ...,   8.27884615  10.01282051
   12.26121795]]
2020-03-03 11:42:39,164 [DEBUG] [MainThread] [ExperimentEagle.Processor] [func=process:line=141] lightArray = [[ 19.27113743  21.13881098  25.66877965 ...,  25.67190808  26.79814338
   28.78626154]
 [ 18.47964429  27.18763309  21.97723059 ...,  29.75607527  28.24817134
   22.45900903]
 [ 25.49358749  31.4125797   24.06233012 ...,  31.81301892  27.02495466
   30.22377577]
 ..., 
 [ 24.76935562  25.80643063  23.12849335 ...,  33.12539589  36.2741621
   45.29186561]
 [ 31.23582332  23.08000266  25.62341739 ...,  30.67896254  37.36129201
   42.6311347 ]
 [ 34.25475963  27.34718309  31.03560371 ...,  37.06096259  44.612996
   45.93162983]]
2020-03-03 11:42:39,164 [DEBUG] [MainThread] [ExperimentEagle.Processor] [func=process:line=142] atomsArray/lightArray = [[ 1.95564482  1.36377234  1.31026926 ...,  1.3715356   1.48516555
   1.4357588 ]
 [ 0.67572618  0.71452642  0.82384216 ...,  0.74930831  1.01345339
   0.94038843]
 [ 0.56229575  0.59888427  0.85788151 ...,  0.78871314  0.94410605
   0.64131672]
 ..., 
 [ 0.07731586  0.03875003  0.07538709 ...,  0.03018832  0.02756783
   0.05470219]
 [ 0.03201452  0.04332755  0.0390268  ...,  0.03259563  0.02676567
   0.02345703]
 [ 0.02919302  0.03656684  0.03222106 ...,  0.22338454  0.2244373
   0.26694498]]
2020-03-03 11:42:39,164 [WARNI] [MainThread] [ExperimentEagle.Processor] [func=opticalDensity:line=65] Calculate OD picture..
2020-03-03 11:42:39,174 [DEBUG] [MainThread] [ExperimentEagle.Processor] [func=process:line=150] optical density = [[-0.67071997 -0.31025464 -0.27023266 ..., -0.31593099 -0.39552625
  -0.36169349]
 [ 0.39196734  0.33613531  0.19377631 ...,  0.28860476 -0.0133637
   0.06146226]
 [ 0.57572732  0.5126869   0.15328928 ...,  0.23735259  0.05751678
   0.44423184]
 ..., 
 [ 2.55985613  3.25062371  2.58511928 ...,  3.50030024  3.5911057
   2.90585159]
 [ 3.44156562  3.13896656  3.24350668 ...,  3.42357716  3.6206352
   3.75258485]
 [ 3.53382552  3.30861353  3.43513505 ...,  1.49886059  1.49415888
   1.32071271]]
2020-03-03 11:42:39,194 [DEBUG] [MainThread] [ExperimentEagle.experimentEagle] [func=getImageData:line=169] processed raw image = [[ 0.  0.  0. ...,  0.  0.  0.]
 [ 0.  0.  0. ...,  0.  0.  0.]
 [ 0.  0.  0. ...,  0.  0.  0.]
 ..., 
 [ 0.  0.  0. ...,  0.  0.  0.]
 [ 0.  0.  0. ...,  0.  0.  0.]
 [ 0.  0.  0. ...,  0.  0.  0.]]
2020-03-03 11:42:39,194 [INFO ] [MainThread] [ExperimentEagle.experimentEagle] [func=getImageData:line=170] shape of raw Image = (266,266)
2020-03-03 11:42:39,194 [INFO ] [MainThread] [ExperimentEagle.experimentEagle] [func=update:line=840] updating plot
2020-03-03 11:42:39,203 [INFO ] [MainThread] [ExperimentEagle.experimentEagle] [func=_selectedFile_changed:line=1018] succesfully completed getImageData. Will now break from repetition loop
2020-03-03 11:42:39,203 [INFO ] [MainThread] [ExperimentEagle.experimentEagle] [func=update:line=840] updating plot
2020-03-03 11:42:40,904 [DEBUG] [MainThread] [ExperimentEagle.experimentEagle] [func=checkForNewFiles:line=352] Check for new files
2020-03-03 11:42:40,904 [DEBUG] [MainThread] [ExperimentEagle.experimentEagle] [func=checkForNewFiles:line=360] No new files detected in watch Directory
2020-03-03 11:42:42,914 [DEBUG] [MainThread] [ExperimentEagle.experimentEagle] [func=checkForNewFiles:line=352] Check for new files
2020-03-03 11:42:44,914 [DEBUG] [MainThread] [ExperimentEagle.experimentEagle] [func=checkForNewFiles:line=360] No new files detected in watch Directory
2020-03-03 11:42:44,934 [DEBUG] [MainThread] [ExperimentEagle.experimentEagle] [func=checkForNewFiles:line=352] Check for new files
2020-03-03 11:42:44,934 [DEBUG] [MainThread] [ExperimentEagle.experimentEagle] [func=checkForNewFiles:line=360] No new files detected in watch Directory
2020-03-03 11:42:46,953 [DEBUG] [MainThread] [ExperimentEagle.experimentEagle] [func=checkForNewFiles:line=352] Check for new files
2020-03-03 11:42:46,953 [DEBUG] [MainThread] [ExperimentEagle.experimentEagle] [func=checkForNewFiles:line=360] No new files detected in watch Directory
2020-03-03 11:42:48,313 [DEBUG] [MainThread] [ExperimentEagle.experimentEagle] [func=_setCentreGuess:line=292] selected fit <fits.fitGaussian.GaussianFit object at 0x12E1EC30> 
2020-03-03 11:42:48,953 [DEBUG] [MainThread] [ExperimentEagle.experimentEagle] [func=checkForNewFiles:line=352] Check for new files
2020-03-03 11:42:48,953 [DEBUG] [MainThread] [ExperimentEagle.experimentEagle] [func=checkForNewFiles:line=360] No new files detected in watch Directory
2020-03-03 11:42:50,963 [DEBUG] [MainThread] [ExperimentEagle.experimentEagle] [func=checkForNewFiles:line=352] Check for new files
2020-03-03 11:42:50,963 [DEBUG] [MainThread] [ExperimentEagle.experimentEagle] [func=checkForNewFiles:line=360] No new files detected in watch Directory
2020-03-03 11:42:52,983 [DEBUG] [MainThread] [ExperimentEagle.experimentEagle] [func=checkForNewFiles:line=352] Check for new files
2020-03-03 11:42:52,983 [DEBUG] [MainThread] [ExperimentEagle.experimentEagle] [func=checkForNewFiles:line=360] No new files detected in watch Directory
2020-03-03 11:42:54,993 [DEBUG] [MainThread] [ExperimentEagle.experimentEagle] [func=checkForNewFiles:line=352] Check for new files
2020-03-03 11:42:54,993 [DEBUG] [MainThread] [ExperimentEagle.experimentEagle] [func=checkForNewFiles:line=360] No new files detected in watch Directory
2020-03-03 11:42:57,003 [DEBUG] [MainThread] [ExperimentEagle.experimentEagle] [func=checkForNewFiles:line=352] Check for new files
2020-03-03 11:42:57,003 [DEBUG] [MainThread] [ExperimentEagle.experimentEagle] [func=checkForNewFiles:line=360] No new files detected in watch Directory
2020-03-03 11:42:58,563 [INFO ] [MainThread] [ExperimentEagle.experimentEagle] [func=closed:line=238] attempting to stop timers
