2020-02-11 18:03:49,467 [INFO ] [MainThread] [ExperimentEagle] [func=<module>:line=59] Welcome to Experiment Eagle version 4.0 written by Timothy Harrison. Report bugs to 
Timothy Harrison. See text at beginning of __init__.py for more information.
2020-02-11 18:03:53,681 [INFO ] [MainThread] [ExperimentEagle.experimentEagle] [func=_fixAspectRatioBool_changed:line=956] self.fixAspectRatioBool changed to True
2020-02-11 18:03:53,684 [INFO ] [MainThread] [ExperimentEagle.experimentEagle] [func=loadSettings:line=585] Load settings
2020-02-11 18:03:53,694 [INFO ] [MainThread] [ExperimentEagle.experimentEagle] [func=__init__:line=582] initialisation of experiment Eagle complete
2020-02-11 18:04:00,069 [INFO ] [MainThread] [ExperimentEagle.experimentEagle] [func=update:line=826] updating plot
2020-02-11 18:04:05,884 [INFO ] [MainThread] [ExperimentEagle.experimentEagle] [func=_cameraModel_changed:line=1021] Camera model changed to Alta1 processor
2020-02-11 18:04:05,908 [INFO ] [MainThread] [ExperimentEagle.experimentEagle] [func=_cameraModel_changed:line=1037] {u'auto': False, u'max': 5, u'min': -0.2}
2020-02-11 18:04:05,914 [ERROR] [MainThread] [ExperimentEagle.experimentEagle] [func=getImageData:line=141] image file not found. filling with zeros
2020-02-11 18:04:05,914 [INFO ] [MainThread] [ExperimentEagle.experimentEagle] [func=update:line=826] updating plot
2020-02-11 18:04:06,697 [INFO ] [MainThread] [ExperimentEagle.experimentEagle] [func=_configureWatchFolder_fired:line=1064] Configure watch folder for Alta1 processor
2020-02-11 18:04:07,743 [INFO ] [MainThread] [ExperimentEagle.experimentEagle] [func=_forceRefreshButton_fired:line=201] force refresh button fired
2020-02-11 18:04:07,743 [ERROR] [MainThread] [ExperimentEagle.experimentEagle] [func=getImageData:line=141] image file not found. filling with zeros
2020-02-11 18:04:07,772 [INFO ] [MainThread] [ExperimentEagle.experimentEagle] [func=update:line=826] updating plot
2020-02-11 18:04:07,933 [WARNI] [MainThread] [ExperimentEagle.experimentEagle] [func=checkForNewFiles:line=356] more than one new file found [u'evaporation Optimisation 7_ALTA0atoms_1102 180051.png', u'evaporation Optimisation 7_ALTA0atoms_1102 180023.png', u'evaporation Optimisation 7_ALTA0atoms_1102 180118.png'] only analysing first one
2020-02-11 18:04:08,013 [INFO ] [MainThread] [ExperimentEagle.experimentEagle] [func=_selectedFile_changed:line=988] ######################## Selected File changed ########################
2020-02-11 18:04:08,016 [INFO ] [MainThread] [ExperimentEagle.experimentEagle] [func=_selectedFile_changed:line=990] Update physics
2020-02-11 18:04:08,023 [ERROR] [MainThread] [ExperimentEagle.physicsProperties] [func=updatePhysics:line=139] Error when trying to load XML 'PhysicsProperties' object has no attribute 'selectedFileModifiedTime'
2020-02-11 18:04:08,213 [INFO ] [MainThread] [ExperimentEagle.experimentEagle] [func=getImageData:line=165] processor = <processors.standardAlta1.StandardAlta1 object at 0x000000000B8DF8E0>
2020-02-11 18:04:08,224 [INFO ] [MainThread] [ExperimentEagle.Processor] [func=process:line=57] using standard Alta 1 process function
2020-02-11 18:04:08,226 [ERROR] [MainThread] [ExperimentEagle.Processor] [func=process:line=62] T:/TOFAtomNumber/eagleWatchedFolder\evaporation Optimisation 7_ALTA0atoms_1102 180051.png
2020-02-11 18:04:08,303 [ERROR] [MainThread] [ExperimentEagle.Processor] [func=process:line=63] T:/TOFAtomNumber/eagleWatchedFolder\evaporation Optimisation 7_ALTA0dark_1102 180051.png
2020-02-11 18:04:08,305 [ERROR] [MainThread] [ExperimentEagle.Processor] [func=process:line=64] T:/TOFAtomNumber/eagleWatchedFolder\evaporation Optimisation 7_ALTA0light_1102 180051.png
2020-02-11 18:04:08,375 [INFO ] [MainThread] [ExperimentEagle.Processor] [func=read:line=38] processor reading file!
2020-02-11 18:04:08,497 [INFO ] [MainThread] [ExperimentEagle.Processor] [func=read:line=38] processor reading file!
2020-02-11 18:04:08,605 [ERROR] [MainThread] [ExperimentEagle.Processor] [func=process:line=72] atoms array mean:4648.85962168
2020-02-11 18:04:08,647 [ERROR] [MainThread] [ExperimentEagle.Processor] [func=process:line=73] light array mean:4945.34584554
2020-02-11 18:04:08,648 [INFO ] [MainThread] [ExperimentEagle.Processor] [func=read:line=38] processor reading file!
2020-02-11 18:04:08,737 [ERROR] [MainThread] [ExperimentEagle.Processor] [func=process:line=78] dark array mean:2788.58914439
2020-02-11 18:04:08,775 [INFO ] [MainThread] [ExperimentEagle.Processor] [func=rescale:line=86] processor: rescale factor = 0.9078493531109798 using region of shape: 50, 50
2020-02-11 18:04:08,828 [INFO ] [MainThread] [ExperimentEagle.Processor] [func=rescale:line=86] processor: rescale factor = 1.0010190970137784 using region of shape: 50, 50
2020-02-11 18:04:08,835 [WARNI] [MainThread] [ExperimentEagle.Processor] [func=opticalDensity:line=58] Calculate OP picture..
2020-02-11 18:04:08,857 [ERROR] [MainThread] [ExperimentEagle.Processor] [func=process:line=100] OD mean:0.0534808084318
2020-02-11 18:04:08,950 [INFO ] [MainThread] [ExperimentEagle.experimentEagle] [func=getImageData:line=169] shape of raw Image = (512,768)
2020-02-11 18:04:08,967 [INFO ] [MainThread] [ExperimentEagle.experimentEagle] [func=update:line=826] updating plot
2020-02-11 18:04:09,015 [INFO ] [MainThread] [ExperimentEagle.experimentEagle] [func=_selectedFile_changed:line=1004] succesfully completed getImageData. Will now break from repetition loop
2020-02-11 18:04:09,016 [INFO ] [MainThread] [ExperimentEagle.experimentEagle] [func=update:line=826] updating plot
2020-02-11 18:04:09,020 [INFO ] [MainThread] [ExperimentEagle.experimentEagle] [func=_forceRefreshButton_fired:line=201] force refresh button fired
2020-02-11 18:04:09,045 [INFO ] [MainThread] [ExperimentEagle.experimentEagle] [func=getImageData:line=165] processor = <processors.standardAlta1.StandardAlta1 object at 0x000000000B8DF8E0>
2020-02-11 18:04:09,068 [INFO ] [MainThread] [ExperimentEagle.Processor] [func=process:line=57] using standard Alta 1 process function
2020-02-11 18:04:09,069 [ERROR] [MainThread] [ExperimentEagle.Processor] [func=process:line=62] T:/TOFAtomNumber/eagleWatchedFolder\evaporation Optimisation 7_ALTA0atoms_1102 180051.png
2020-02-11 18:04:09,071 [ERROR] [MainThread] [ExperimentEagle.Processor] [func=process:line=63] T:/TOFAtomNumber/eagleWatchedFolder\evaporation Optimisation 7_ALTA0dark_1102 180051.png
2020-02-11 18:04:09,072 [ERROR] [MainThread] [ExperimentEagle.Processor] [func=process:line=64] T:/TOFAtomNumber/eagleWatchedFolder\evaporation Optimisation 7_ALTA0light_1102 180051.png
2020-02-11 18:04:09,073 [INFO ] [MainThread] [ExperimentEagle.Processor] [func=read:line=38] processor reading file!
2020-02-11 18:04:09,102 [INFO ] [MainThread] [ExperimentEagle.Processor] [func=read:line=38] processor reading file!
2020-02-11 18:04:09,171 [ERROR] [MainThread] [ExperimentEagle.Processor] [func=process:line=72] atoms array mean:4648.85962168
2020-02-11 18:04:09,174 [ERROR] [MainThread] [ExperimentEagle.Processor] [func=process:line=73] light array mean:4945.34584554
2020-02-11 18:04:09,177 [INFO ] [MainThread] [ExperimentEagle.Processor] [func=read:line=38] processor reading file!
2020-02-11 18:04:09,207 [ERROR] [MainThread] [ExperimentEagle.Processor] [func=process:line=78] dark array mean:2788.58914439
2020-02-11 18:04:09,246 [INFO ] [MainThread] [ExperimentEagle.Processor] [func=rescale:line=86] processor: rescale factor = 0.9078493531109798 using region of shape: 50, 50
2020-02-11 18:04:09,292 [INFO ] [MainThread] [ExperimentEagle.Processor] [func=rescale:line=86] processor: rescale factor = 1.0010190970137784 using region of shape: 50, 50
2020-02-11 18:04:09,296 [WARNI] [MainThread] [ExperimentEagle.Processor] [func=opticalDensity:line=58] Calculate OP picture..
2020-02-11 18:04:09,318 [ERROR] [MainThread] [ExperimentEagle.Processor] [func=process:line=100] OD mean:0.0534808084318
2020-02-11 18:04:09,398 [INFO ] [MainThread] [ExperimentEagle.experimentEagle] [func=getImageData:line=169] shape of raw Image = (512,768)
2020-02-11 18:04:09,414 [INFO ] [MainThread] [ExperimentEagle.experimentEagle] [func=update:line=826] updating plot
2020-02-11 18:04:09,459 [INFO ] [MainThread] [ExperimentEagle.experimentEagle] [func=_selectedFile_changed:line=988] ######################## Selected File changed ########################
2020-02-11 18:04:09,474 [INFO ] [MainThread] [ExperimentEagle.experimentEagle] [func=_selectedFile_changed:line=990] Update physics
2020-02-11 18:04:09,480 [ERROR] [MainThread] [ExperimentEagle.physicsProperties] [func=updatePhysics:line=122] Found very fresh sequence file. Probably read already variables of next sequence?
2020-02-11 18:04:09,482 [WARNI] [MainThread] [ExperimentEagle.physicsProperties] [func=updatePhysics:line=123] Use second last sequence file instead..
2020-02-11 18:04:09,628 [WARNI] [MainThread] [ExperimentEagle.physicsProperties] [func=updatePhysics:line=127] Age of sequence file: -9.94754505157
2020-02-11 18:04:09,765 [INFO ] [MainThread] [ExperimentEagle.experimentEagle] [func=getImageData:line=165] processor = <processors.standardAlta1.StandardAlta1 object at 0x000000000B8DF8E0>
2020-02-11 18:04:09,766 [INFO ] [MainThread] [ExperimentEagle.Processor] [func=process:line=57] using standard Alta 1 process function
2020-02-11 18:04:09,766 [ERROR] [MainThread] [ExperimentEagle.Processor] [func=process:line=62] T:/TOFAtomNumber/eagleWatchedFolder\evaporation Optimisation 7_ALTA0atoms_1102 180146.png
2020-02-11 18:04:09,767 [ERROR] [MainThread] [ExperimentEagle.Processor] [func=process:line=63] T:/TOFAtomNumber/eagleWatchedFolder\evaporation Optimisation 7_ALTA0dark_1102 180146.png
2020-02-11 18:04:09,769 [ERROR] [MainThread] [ExperimentEagle.Processor] [func=process:line=64] T:/TOFAtomNumber/eagleWatchedFolder\evaporation Optimisation 7_ALTA0light_1102 180146.png
2020-02-11 18:04:09,769 [INFO ] [MainThread] [ExperimentEagle.Processor] [func=read:line=38] processor reading file!
2020-02-11 18:04:09,793 [INFO ] [MainThread] [ExperimentEagle.Processor] [func=read:line=38] processor reading file!
2020-02-11 18:04:09,851 [ERROR] [MainThread] [ExperimentEagle.Processor] [func=process:line=72] atoms array mean:4623.51348368
2020-02-11 18:04:09,881 [ERROR] [MainThread] [ExperimentEagle.Processor] [func=process:line=73] light array mean:4893.25539144
2020-02-11 18:04:09,881 [INFO ] [MainThread] [ExperimentEagle.Processor] [func=read:line=38] processor reading file!
2020-02-11 18:04:09,914 [ERROR] [MainThread] [ExperimentEagle.Processor] [func=process:line=78] dark array mean:2788.53934479
2020-02-11 18:04:09,951 [INFO ] [MainThread] [ExperimentEagle.Processor] [func=rescale:line=86] processor: rescale factor = 0.8813495942052768 using region of shape: 50, 50
2020-02-11 18:04:09,956 [INFO ] [MainThread] [ExperimentEagle.Processor] [func=rescale:line=86] processor: rescale factor = 1.0012066427738437 using region of shape: 50, 50
2020-02-11 18:04:09,961 [WARNI] [MainThread] [ExperimentEagle.Processor] [func=opticalDensity:line=58] Calculate OP picture..
2020-02-11 18:04:09,983 [ERROR] [MainThread] [ExperimentEagle.Processor] [func=process:line=100] OD mean:0.0101061525978
2020-02-11 18:04:10,055 [INFO ] [MainThread] [ExperimentEagle.experimentEagle] [func=getImageData:line=169] shape of raw Image = (512,768)
2020-02-11 18:04:10,068 [INFO ] [MainThread] [ExperimentEagle.experimentEagle] [func=update:line=826] updating plot
2020-02-11 18:04:10,069 [INFO ] [MainThread] [ExperimentEagle.experimentEagle] [func=_selectedFile_changed:line=1004] succesfully completed getImageData. Will now break from repetition loop
2020-02-11 18:04:10,071 [INFO ] [MainThread] [ExperimentEagle.experimentEagle] [func=update:line=826] updating plot
2020-02-11 18:04:28,102 [CRITI] [MainThread] [ExperimentEagle.experimentEagle] [func=_box_selection_complete:line=272] Box selection complete
2020-02-11 18:04:33,525 [INFO ] [MainThread] [ExperimentEagle.OptionsDictionaryEditor] [func=editOptionsDialog:line=76] returning optionsDict
2020-02-11 18:04:33,538 [INFO ] [MainThread] [ExperimentEagle.Processor] [func=editOptions:line=101] updating options dictionary with values OrderedDict([('process?', True), ('darkSubtraction?', True), ('rawImageWithDarkSubtraction?', False), ('rescale?', True), ('rescaleInitialX', 450), ('rescaleInitialY', 300), ('rescaleWidth', 50), ('rescaleHeight', 100), ('drawRescaleRegion?', True), ('rotationAngle', 0.0), ('Binning?', True), ('Bin size', 2)])
2020-02-11 18:04:34,493 [INFO ] [MainThread] [ExperimentEagle.experimentEagle] [func=_forceRefreshButton_fired:line=201] force refresh button fired
2020-02-11 18:04:34,533 [INFO ] [MainThread] [ExperimentEagle.experimentEagle] [func=getImageData:line=165] processor = <processors.standardAlta1.StandardAlta1 object at 0x000000000B8DF8E0>
2020-02-11 18:04:34,562 [INFO ] [MainThread] [ExperimentEagle.Processor] [func=process:line=57] using standard Alta 1 process function
2020-02-11 18:04:34,563 [ERROR] [MainThread] [ExperimentEagle.Processor] [func=process:line=62] T:/TOFAtomNumber/eagleWatchedFolder\evaporation Optimisation 7_ALTA0atoms_1102 180146.png
2020-02-11 18:04:34,565 [ERROR] [MainThread] [ExperimentEagle.Processor] [func=process:line=63] T:/TOFAtomNumber/eagleWatchedFolder\evaporation Optimisation 7_ALTA0dark_1102 180146.png
2020-02-11 18:04:34,566 [ERROR] [MainThread] [ExperimentEagle.Processor] [func=process:line=64] T:/TOFAtomNumber/eagleWatchedFolder\evaporation Optimisation 7_ALTA0light_1102 180146.png
2020-02-11 18:04:34,568 [INFO ] [MainThread] [ExperimentEagle.Processor] [func=read:line=38] processor reading file!
2020-02-11 18:04:34,592 [INFO ] [MainThread] [ExperimentEagle.Processor] [func=read:line=38] processor reading file!
2020-02-11 18:04:34,657 [ERROR] [MainThread] [ExperimentEagle.Processor] [func=process:line=72] atoms array mean:4623.51348368
2020-02-11 18:04:34,690 [ERROR] [MainThread] [ExperimentEagle.Processor] [func=process:line=73] light array mean:4893.25539144
2020-02-11 18:04:34,691 [INFO ] [MainThread] [ExperimentEagle.Processor] [func=read:line=38] processor reading file!
2020-02-11 18:04:34,721 [ERROR] [MainThread] [ExperimentEagle.Processor] [func=process:line=78] dark array mean:2788.53934479
2020-02-11 18:04:34,809 [INFO ] [MainThread] [ExperimentEagle.experimentEagle] [func=_forceRefreshButton_fired:line=201] force refresh button fired
2020-02-11 18:04:34,828 [INFO ] [MainThread] [ExperimentEagle.experimentEagle] [func=getImageData:line=165] processor = <processors.standardAlta1.StandardAlta1 object at 0x000000000B8DF8E0>
2020-02-11 18:04:34,829 [INFO ] [MainThread] [ExperimentEagle.Processor] [func=process:line=57] using standard Alta 1 process function
2020-02-11 18:04:34,831 [ERROR] [MainThread] [ExperimentEagle.Processor] [func=process:line=62] T:/TOFAtomNumber/eagleWatchedFolder\evaporation Optimisation 7_ALTA0atoms_1102 180146.png
2020-02-11 18:04:34,832 [ERROR] [MainThread] [ExperimentEagle.Processor] [func=process:line=63] T:/TOFAtomNumber/eagleWatchedFolder\evaporation Optimisation 7_ALTA0dark_1102 180146.png
2020-02-11 18:04:34,832 [ERROR] [MainThread] [ExperimentEagle.Processor] [func=process:line=64] T:/TOFAtomNumber/eagleWatchedFolder\evaporation Optimisation 7_ALTA0light_1102 180146.png
2020-02-11 18:04:34,835 [INFO ] [MainThread] [ExperimentEagle.Processor] [func=read:line=38] processor reading file!
2020-02-11 18:04:34,858 [INFO ] [MainThread] [ExperimentEagle.Processor] [func=read:line=38] processor reading file!
2020-02-11 18:04:34,891 [ERROR] [MainThread] [ExperimentEagle.Processor] [func=process:line=72] atoms array mean:4623.51348368
2020-02-11 18:04:34,900 [ERROR] [MainThread] [ExperimentEagle.Processor] [func=process:line=73] light array mean:4893.25539144
2020-02-11 18:04:34,930 [INFO ] [MainThread] [ExperimentEagle.Processor] [func=read:line=38] processor reading file!
2020-02-11 18:04:34,954 [ERROR] [MainThread] [ExperimentEagle.Processor] [func=process:line=78] dark array mean:2788.53934479
2020-02-11 18:04:36,729 [INFO ] [MainThread] [ExperimentEagle.experimentEagle] [func=_selectedFile_changed:line=988] ######################## Selected File changed ########################
2020-02-11 18:04:36,730 [INFO ] [MainThread] [ExperimentEagle.experimentEagle] [func=_selectedFile_changed:line=990] Update physics
2020-02-11 18:04:36,851 [WARNI] [MainThread] [ExperimentEagle.physicsProperties] [func=updatePhysics:line=127] Age of sequence file: 18.2493216991
2020-02-11 18:04:36,979 [INFO ] [MainThread] [ExperimentEagle.experimentEagle] [func=getImageData:line=165] processor = <processors.standardAlta1.StandardAlta1 object at 0x000000000B8DF8E0>
2020-02-11 18:04:36,979 [INFO ] [MainThread] [ExperimentEagle.Processor] [func=process:line=57] using standard Alta 1 process function
2020-02-11 18:04:36,983 [ERROR] [MainThread] [ExperimentEagle.Processor] [func=process:line=62] T:/TOFAtomNumber/eagleWatchedFolder\evaporation Optimisation 7_ALTA0atoms_1102 180214.png
2020-02-11 18:04:36,987 [ERROR] [MainThread] [ExperimentEagle.Processor] [func=process:line=63] T:/TOFAtomNumber/eagleWatchedFolder\evaporation Optimisation 7_ALTA0dark_1102 180214.png
2020-02-11 18:04:36,989 [ERROR] [MainThread] [ExperimentEagle.Processor] [func=process:line=64] T:/TOFAtomNumber/eagleWatchedFolder\evaporation Optimisation 7_ALTA0light_1102 180214.png
2020-02-11 18:04:36,990 [INFO ] [MainThread] [ExperimentEagle.Processor] [func=read:line=38] processor reading file!
2020-02-11 18:04:37,012 [INFO ] [MainThread] [ExperimentEagle.Processor] [func=read:line=38] processor reading file!
2020-02-11 18:04:37,056 [ERROR] [MainThread] [ExperimentEagle.Processor] [func=process:line=72] atoms array mean:4660.20458984
2020-02-11 18:04:37,061 [ERROR] [MainThread] [ExperimentEagle.Processor] [func=process:line=73] light array mean:4928.01754761
2020-02-11 18:04:37,062 [INFO ] [MainThread] [ExperimentEagle.Processor] [func=read:line=38] processor reading file!
2020-02-11 18:04:37,092 [ERROR] [MainThread] [ExperimentEagle.Processor] [func=process:line=78] dark array mean:2788.63282267
2020-02-11 18:04:37,128 [ERROR] [MainThread] [ExperimentEagle.experimentEagle] [func=_selectedFile_changed:line=999] Error. received Attribute Error when trying to getImageData. This occurs sometimes and causes duplicate points...
2020-02-11 18:04:37,130 [ERROR] [MainThread] [ExperimentEagle.experimentEagle] [func=_selectedFile_changed:line=1000] Error message :'StandardAlta1' object has no attribute 'binning'
2020-02-11 18:04:37,131 [ERROR] [MainThread] [ExperimentEagle.experimentEagle] [func=_selectedFile_changed:line=1001] Will sleep and then retry
2020-02-11 18:04:37,760 [INFO ] [MainThread] [ExperimentEagle.experimentEagle] [func=getImageData:line=165] processor = <processors.standardAlta1.StandardAlta1 object at 0x000000000B8DF8E0>
2020-02-11 18:04:37,766 [INFO ] [MainThread] [ExperimentEagle.Processor] [func=process:line=57] using standard Alta 1 process function
2020-02-11 18:04:37,766 [ERROR] [MainThread] [ExperimentEagle.Processor] [func=process:line=62] T:/TOFAtomNumber/eagleWatchedFolder\evaporation Optimisation 7_ALTA0atoms_1102 180214.png
2020-02-11 18:04:37,769 [ERROR] [MainThread] [ExperimentEagle.Processor] [func=process:line=63] T:/TOFAtomNumber/eagleWatchedFolder\evaporation Optimisation 7_ALTA0dark_1102 180214.png
2020-02-11 18:04:37,772 [ERROR] [MainThread] [ExperimentEagle.Processor] [func=process:line=64] T:/TOFAtomNumber/eagleWatchedFolder\evaporation Optimisation 7_ALTA0light_1102 180214.png
2020-02-11 18:04:37,773 [INFO ] [MainThread] [ExperimentEagle.Processor] [func=read:line=38] processor reading file!
2020-02-11 18:04:37,796 [INFO ] [MainThread] [ExperimentEagle.Processor] [func=read:line=38] processor reading file!
2020-02-11 18:04:37,836 [ERROR] [MainThread] [ExperimentEagle.Processor] [func=process:line=72] atoms array mean:4660.20458984
2020-02-11 18:04:37,838 [ERROR] [MainThread] [ExperimentEagle.Processor] [func=process:line=73] light array mean:4928.01754761
2020-02-11 18:04:37,878 [INFO ] [MainThread] [ExperimentEagle.Processor] [func=read:line=38] processor reading file!
2020-02-11 18:04:37,901 [ERROR] [MainThread] [ExperimentEagle.Processor] [func=process:line=78] dark array mean:2788.63282267
2020-02-11 18:04:37,947 [ERROR] [MainThread] [ExperimentEagle.experimentEagle] [func=_selectedFile_changed:line=999] Error. received Attribute Error when trying to getImageData. This occurs sometimes and causes duplicate points...
2020-02-11 18:04:37,947 [ERROR] [MainThread] [ExperimentEagle.experimentEagle] [func=_selectedFile_changed:line=1000] Error message :'StandardAlta1' object has no attribute 'binning'
2020-02-11 18:04:37,948 [ERROR] [MainThread] [ExperimentEagle.experimentEagle] [func=_selectedFile_changed:line=1001] Will sleep and then retry
2020-02-11 18:04:38,588 [INFO ] [MainThread] [ExperimentEagle.experimentEagle] [func=getImageData:line=165] processor = <processors.standardAlta1.StandardAlta1 object at 0x000000000B8DF8E0>
2020-02-11 18:04:38,592 [INFO ] [MainThread] [ExperimentEagle.Processor] [func=process:line=57] using standard Alta 1 process function
2020-02-11 18:04:38,594 [ERROR] [MainThread] [ExperimentEagle.Processor] [func=process:line=62] T:/TOFAtomNumber/eagleWatchedFolder\evaporation Optimisation 7_ALTA0atoms_1102 180214.png
2020-02-11 18:04:38,598 [ERROR] [MainThread] [ExperimentEagle.Processor] [func=process:line=63] T:/TOFAtomNumber/eagleWatchedFolder\evaporation Optimisation 7_ALTA0dark_1102 180214.png
2020-02-11 18:04:38,598 [ERROR] [MainThread] [ExperimentEagle.Processor] [func=process:line=64] T:/TOFAtomNumber/eagleWatchedFolder\evaporation Optimisation 7_ALTA0light_1102 180214.png
2020-02-11 18:04:38,601 [INFO ] [MainThread] [ExperimentEagle.Processor] [func=read:line=38] processor reading file!
2020-02-11 18:04:38,625 [INFO ] [MainThread] [ExperimentEagle.Processor] [func=read:line=38] processor reading file!
2020-02-11 18:04:38,681 [ERROR] [MainThread] [ExperimentEagle.Processor] [func=process:line=72] atoms array mean:4660.20458984
2020-02-11 18:04:38,720 [ERROR] [MainThread] [ExperimentEagle.Processor] [func=process:line=73] light array mean:4928.01754761
2020-02-11 18:04:38,721 [INFO ] [MainThread] [ExperimentEagle.Processor] [func=read:line=38] processor reading file!
2020-02-11 18:04:38,746 [ERROR] [MainThread] [ExperimentEagle.Processor] [func=process:line=78] dark array mean:2788.63282267
2020-02-11 18:04:38,789 [ERROR] [MainThread] [ExperimentEagle.experimentEagle] [func=_selectedFile_changed:line=999] Error. received Attribute Error when trying to getImageData. This occurs sometimes and causes duplicate points...
2020-02-11 18:04:38,790 [ERROR] [MainThread] [ExperimentEagle.experimentEagle] [func=_selectedFile_changed:line=1000] Error message :'StandardAlta1' object has no attribute 'binning'
2020-02-11 18:04:38,792 [ERROR] [MainThread] [ExperimentEagle.experimentEagle] [func=_selectedFile_changed:line=1001] Will sleep and then retry
2020-02-11 18:04:39,421 [INFO ] [MainThread] [ExperimentEagle.experimentEagle] [func=getImageData:line=165] processor = <processors.standardAlta1.StandardAlta1 object at 0x000000000B8DF8E0>
2020-02-11 18:04:39,421 [INFO ] [MainThread] [ExperimentEagle.Processor] [func=process:line=57] using standard Alta 1 process function
2020-02-11 18:04:39,424 [ERROR] [MainThread] [ExperimentEagle.Processor] [func=process:line=62] T:/TOFAtomNumber/eagleWatchedFolder\evaporation Optimisation 7_ALTA0atoms_1102 180214.png
2020-02-11 18:04:39,424 [ERROR] [MainThread] [ExperimentEagle.Processor] [func=process:line=63] T:/TOFAtomNumber/eagleWatchedFolder\evaporation Optimisation 7_ALTA0dark_1102 180214.png
2020-02-11 18:04:39,424 [ERROR] [MainThread] [ExperimentEagle.Processor] [func=process:line=64] T:/TOFAtomNumber/eagleWatchedFolder\evaporation Optimisation 7_ALTA0light_1102 180214.png
2020-02-11 18:04:39,427 [INFO ] [MainThread] [ExperimentEagle.Processor] [func=read:line=38] processor reading file!
2020-02-11 18:04:39,447 [INFO ] [MainThread] [ExperimentEagle.Processor] [func=read:line=38] processor reading file!
2020-02-11 18:04:39,490 [ERROR] [MainThread] [ExperimentEagle.Processor] [func=process:line=72] atoms array mean:4660.20458984
2020-02-11 18:04:39,493 [ERROR] [MainThread] [ExperimentEagle.Processor] [func=process:line=73] light array mean:4928.01754761
2020-02-11 18:04:39,493 [INFO ] [MainThread] [ExperimentEagle.Processor] [func=read:line=38] processor reading file!
2020-02-11 18:04:39,555 [ERROR] [MainThread] [ExperimentEagle.Processor] [func=process:line=78] dark array mean:2788.63282267
2020-02-11 18:04:39,566 [ERROR] [MainThread] [ExperimentEagle.experimentEagle] [func=_selectedFile_changed:line=999] Error. received Attribute Error when trying to getImageData. This occurs sometimes and causes duplicate points...
2020-02-11 18:04:39,594 [ERROR] [MainThread] [ExperimentEagle.experimentEagle] [func=_selectedFile_changed:line=1000] Error message :'StandardAlta1' object has no attribute 'binning'
2020-02-11 18:04:39,595 [ERROR] [MainThread] [ExperimentEagle.experimentEagle] [func=_selectedFile_changed:line=1001] Will sleep and then retry
2020-02-11 18:04:40,217 [INFO ] [MainThread] [ExperimentEagle.experimentEagle] [func=getImageData:line=165] processor = <processors.standardAlta1.StandardAlta1 object at 0x000000000B8DF8E0>
2020-02-11 18:04:40,220 [INFO ] [MainThread] [ExperimentEagle.Processor] [func=process:line=57] using standard Alta 1 process function
2020-02-11 18:04:40,221 [ERROR] [MainThread] [ExperimentEagle.Processor] [func=process:line=62] T:/TOFAtomNumber/eagleWatchedFolder\evaporation Optimisation 7_ALTA0atoms_1102 180214.png
2020-02-11 18:04:40,223 [ERROR] [MainThread] [ExperimentEagle.Processor] [func=process:line=63] T:/TOFAtomNumber/eagleWatchedFolder\evaporation Optimisation 7_ALTA0dark_1102 180214.png
2020-02-11 18:04:40,223 [ERROR] [MainThread] [ExperimentEagle.Processor] [func=process:line=64] T:/TOFAtomNumber/eagleWatchedFolder\evaporation Optimisation 7_ALTA0light_1102 180214.png
2020-02-11 18:04:40,224 [INFO ] [MainThread] [ExperimentEagle.Processor] [func=read:line=38] processor reading file!
2020-02-11 18:04:40,246 [INFO ] [MainThread] [ExperimentEagle.Processor] [func=read:line=38] processor reading file!
2020-02-11 18:04:40,312 [ERROR] [MainThread] [ExperimentEagle.Processor] [func=process:line=72] atoms array mean:4660.20458984
2020-02-11 18:04:40,351 [ERROR] [MainThread] [ExperimentEagle.Processor] [func=process:line=73] light array mean:4928.01754761
2020-02-11 18:04:40,352 [INFO ] [MainThread] [ExperimentEagle.Processor] [func=read:line=38] processor reading file!
2020-02-11 18:04:40,378 [ERROR] [MainThread] [ExperimentEagle.Processor] [func=process:line=78] dark array mean:2788.63282267
2020-02-11 18:04:40,417 [ERROR] [MainThread] [ExperimentEagle.experimentEagle] [func=_selectedFile_changed:line=999] Error. received Attribute Error when trying to getImageData. This occurs sometimes and causes duplicate points...
2020-02-11 18:04:40,418 [ERROR] [MainThread] [ExperimentEagle.experimentEagle] [func=_selectedFile_changed:line=1000] Error message :'StandardAlta1' object has no attribute 'binning'
2020-02-11 18:04:40,427 [ERROR] [MainThread] [ExperimentEagle.experimentEagle] [func=_selectedFile_changed:line=1001] Will sleep and then retry
2020-02-11 18:04:40,931 [INFO ] [MainThread] [ExperimentEagle.experimentEagle] [func=update:line=826] updating plot
2020-02-11 18:05:04,723 [INFO ] [MainThread] [ExperimentEagle.experimentEagle] [func=_selectedFile_changed:line=988] ######################## Selected File changed ########################
2020-02-11 18:05:04,724 [INFO ] [MainThread] [ExperimentEagle.experimentEagle] [func=_selectedFile_changed:line=990] Update physics
2020-02-11 18:05:04,851 [WARNI] [MainThread] [ExperimentEagle.physicsProperties] [func=updatePhysics:line=127] Age of sequence file: 17.6389143467
2020-02-11 18:05:04,986 [INFO ] [MainThread] [ExperimentEagle.experimentEagle] [func=getImageData:line=165] processor = <processors.standardAlta1.StandardAlta1 object at 0x000000000B8DF8E0>
2020-02-11 18:05:04,987 [INFO ] [MainThread] [ExperimentEagle.Processor] [func=process:line=57] using standard Alta 1 process function
2020-02-11 18:05:04,989 [ERROR] [MainThread] [ExperimentEagle.Processor] [func=process:line=62] T:/TOFAtomNumber/eagleWatchedFolder\evaporation Optimisation 7_ALTA0atoms_1102 180242.png
2020-02-11 18:05:04,990 [ERROR] [MainThread] [ExperimentEagle.Processor] [func=process:line=63] T:/TOFAtomNumber/eagleWatchedFolder\evaporation Optimisation 7_ALTA0dark_1102 180242.png
2020-02-11 18:05:04,990 [ERROR] [MainThread] [ExperimentEagle.Processor] [func=process:line=64] T:/TOFAtomNumber/eagleWatchedFolder\evaporation Optimisation 7_ALTA0light_1102 180242.png
2020-02-11 18:05:04,993 [INFO ] [MainThread] [ExperimentEagle.Processor] [func=read:line=38] processor reading file!
2020-02-11 18:05:05,013 [INFO ] [MainThread] [ExperimentEagle.Processor] [func=read:line=38] processor reading file!
2020-02-11 18:05:05,081 [ERROR] [MainThread] [ExperimentEagle.Processor] [func=process:line=72] atoms array mean:4682.37737274
2020-02-11 18:05:05,118 [ERROR] [MainThread] [ExperimentEagle.Processor] [func=process:line=73] light array mean:5016.46064504
2020-02-11 18:05:05,141 [INFO ] [MainThread] [ExperimentEagle.Processor] [func=read:line=38] processor reading file!
2020-02-11 18:05:05,174 [ERROR] [MainThread] [ExperimentEagle.Processor] [func=process:line=78] dark array mean:2788.54172516
2020-02-11 18:05:05,223 [ERROR] [MainThread] [ExperimentEagle.experimentEagle] [func=_selectedFile_changed:line=999] Error. received Attribute Error when trying to getImageData. This occurs sometimes and causes duplicate points...
2020-02-11 18:05:05,226 [ERROR] [MainThread] [ExperimentEagle.experimentEagle] [func=_selectedFile_changed:line=1000] Error message :'StandardAlta1' object has no attribute 'binning'
2020-02-11 18:05:05,226 [ERROR] [MainThread] [ExperimentEagle.experimentEagle] [func=_selectedFile_changed:line=1001] Will sleep and then retry
2020-02-11 18:05:05,848 [INFO ] [MainThread] [ExperimentEagle.experimentEagle] [func=getImageData:line=165] processor = <processors.standardAlta1.StandardAlta1 object at 0x000000000B8DF8E0>
2020-02-11 18:05:05,865 [INFO ] [MainThread] [ExperimentEagle.Processor] [func=process:line=57] using standard Alta 1 process function
2020-02-11 18:05:05,867 [ERROR] [MainThread] [ExperimentEagle.Processor] [func=process:line=62] T:/TOFAtomNumber/eagleWatchedFolder\evaporation Optimisation 7_ALTA0atoms_1102 180242.png
2020-02-11 18:05:05,868 [ERROR] [MainThread] [ExperimentEagle.Processor] [func=process:line=63] T:/TOFAtomNumber/eagleWatchedFolder\evaporation Optimisation 7_ALTA0dark_1102 180242.png
2020-02-11 18:05:05,868 [ERROR] [MainThread] [ExperimentEagle.Processor] [func=process:line=64] T:/TOFAtomNumber/eagleWatchedFolder\evaporation Optimisation 7_ALTA0light_1102 180242.png
2020-02-11 18:05:05,911 [INFO ] [MainThread] [ExperimentEagle.Processor] [func=read:line=38] processor reading file!
2020-02-11 18:05:05,934 [INFO ] [MainThread] [ExperimentEagle.Processor] [func=read:line=38] processor reading file!
2020-02-11 18:05:05,993 [ERROR] [MainThread] [ExperimentEagle.Processor] [func=process:line=72] atoms array mean:4682.37737274
2020-02-11 18:05:06,033 [ERROR] [MainThread] [ExperimentEagle.Processor] [func=process:line=73] light array mean:5016.46064504
2020-02-11 18:05:06,035 [INFO ] [MainThread] [ExperimentEagle.Processor] [func=read:line=38] processor reading file!
2020-02-11 18:05:06,056 [ERROR] [MainThread] [ExperimentEagle.Processor] [func=process:line=78] dark array mean:2788.54172516
2020-02-11 18:05:06,160 [ERROR] [MainThread] [ExperimentEagle.experimentEagle] [func=_selectedFile_changed:line=999] Error. received Attribute Error when trying to getImageData. This occurs sometimes and causes duplicate points...
2020-02-11 18:05:06,174 [ERROR] [MainThread] [ExperimentEagle.experimentEagle] [func=_selectedFile_changed:line=1000] Error message :'StandardAlta1' object has no attribute 'binning'
2020-02-11 18:05:06,174 [ERROR] [MainThread] [ExperimentEagle.experimentEagle] [func=_selectedFile_changed:line=1001] Will sleep and then retry
2020-02-11 18:05:06,802 [INFO ] [MainThread] [ExperimentEagle.experimentEagle] [func=getImageData:line=165] processor = <processors.standardAlta1.StandardAlta1 object at 0x000000000B8DF8E0>
2020-02-11 18:05:06,803 [INFO ] [MainThread] [ExperimentEagle.Processor] [func=process:line=57] using standard Alta 1 process function
2020-02-11 18:05:06,805 [ERROR] [MainThread] [ExperimentEagle.Processor] [func=process:line=62] T:/TOFAtomNumber/eagleWatchedFolder\evaporation Optimisation 7_ALTA0atoms_1102 180242.png
2020-02-11 18:05:06,805 [ERROR] [MainThread] [ExperimentEagle.Processor] [func=process:line=63] T:/TOFAtomNumber/eagleWatchedFolder\evaporation Optimisation 7_ALTA0dark_1102 180242.png
2020-02-11 18:05:06,845 [ERROR] [MainThread] [ExperimentEagle.Processor] [func=process:line=64] T:/TOFAtomNumber/eagleWatchedFolder\evaporation Optimisation 7_ALTA0light_1102 180242.png
2020-02-11 18:05:06,848 [INFO ] [MainThread] [ExperimentEagle.Processor] [func=read:line=38] processor reading file!
2020-02-11 18:05:06,871 [INFO ] [MainThread] [ExperimentEagle.Processor] [func=read:line=38] processor reading file!
2020-02-11 18:05:06,930 [ERROR] [MainThread] [ExperimentEagle.Processor] [func=process:line=72] atoms array mean:4682.37737274
2020-02-11 18:05:06,933 [ERROR] [MainThread] [ExperimentEagle.Processor] [func=process:line=73] light array mean:5016.46064504
2020-02-11 18:05:06,970 [INFO ] [MainThread] [ExperimentEagle.Processor] [func=read:line=38] processor reading file!
2020-02-11 18:05:06,992 [ERROR] [MainThread] [ExperimentEagle.Processor] [func=process:line=78] dark array mean:2788.54172516
2020-02-11 18:05:07,005 [ERROR] [MainThread] [ExperimentEagle.experimentEagle] [func=_selectedFile_changed:line=999] Error. received Attribute Error when trying to getImageData. This occurs sometimes and causes duplicate points...
2020-02-11 18:05:07,032 [ERROR] [MainThread] [ExperimentEagle.experimentEagle] [func=_selectedFile_changed:line=1000] Error message :'StandardAlta1' object has no attribute 'binning'
2020-02-11 18:05:07,032 [ERROR] [MainThread] [ExperimentEagle.experimentEagle] [func=_selectedFile_changed:line=1001] Will sleep and then retry
2020-02-11 18:05:07,651 [INFO ] [MainThread] [ExperimentEagle.experimentEagle] [func=getImageData:line=165] processor = <processors.standardAlta1.StandardAlta1 object at 0x000000000B8DF8E0>
2020-02-11 18:05:07,653 [INFO ] [MainThread] [ExperimentEagle.Processor] [func=process:line=57] using standard Alta 1 process function
2020-02-11 18:05:07,654 [ERROR] [MainThread] [ExperimentEagle.Processor] [func=process:line=62] T:/TOFAtomNumber/eagleWatchedFolder\evaporation Optimisation 7_ALTA0atoms_1102 180242.png
2020-02-11 18:05:07,688 [ERROR] [MainThread] [ExperimentEagle.Processor] [func=process:line=63] T:/TOFAtomNumber/eagleWatchedFolder\evaporation Optimisation 7_ALTA0dark_1102 180242.png
2020-02-11 18:05:07,690 [ERROR] [MainThread] [ExperimentEagle.Processor] [func=process:line=64] T:/TOFAtomNumber/eagleWatchedFolder\evaporation Optimisation 7_ALTA0light_1102 180242.png
2020-02-11 18:05:07,691 [INFO ] [MainThread] [ExperimentEagle.Processor] [func=read:line=38] processor reading file!
2020-02-11 18:05:07,711 [INFO ] [MainThread] [ExperimentEagle.Processor] [func=read:line=38] processor reading file!
2020-02-11 18:05:07,736 [ERROR] [MainThread] [ExperimentEagle.Processor] [func=process:line=72] atoms array mean:4682.37737274
2020-02-11 18:05:07,753 [ERROR] [MainThread] [ExperimentEagle.Processor] [func=process:line=73] light array mean:5016.46064504
2020-02-11 18:05:07,755 [INFO ] [MainThread] [ExperimentEagle.Processor] [func=read:line=38] processor reading file!
2020-02-11 18:05:07,776 [ERROR] [MainThread] [ExperimentEagle.Processor] [func=process:line=78] dark array mean:2788.54172516
2020-02-11 18:05:07,821 [ERROR] [MainThread] [ExperimentEagle.experimentEagle] [func=_selectedFile_changed:line=999] Error. received Attribute Error when trying to getImageData. This occurs sometimes and causes duplicate points...
2020-02-11 18:05:07,822 [ERROR] [MainThread] [ExperimentEagle.experimentEagle] [func=_selectedFile_changed:line=1000] Error message :'StandardAlta1' object has no attribute 'binning'
2020-02-11 18:05:07,823 [ERROR] [MainThread] [ExperimentEagle.experimentEagle] [func=_selectedFile_changed:line=1001] Will sleep and then retry
2020-02-11 18:05:08,443 [INFO ] [MainThread] [ExperimentEagle.experimentEagle] [func=getImageData:line=165] processor = <processors.standardAlta1.StandardAlta1 object at 0x000000000B8DF8E0>
2020-02-11 18:05:08,444 [INFO ] [MainThread] [ExperimentEagle.Processor] [func=process:line=57] using standard Alta 1 process function
2020-02-11 18:05:08,444 [ERROR] [MainThread] [ExperimentEagle.Processor] [func=process:line=62] T:/TOFAtomNumber/eagleWatchedFolder\evaporation Optimisation 7_ALTA0atoms_1102 180242.png
2020-02-11 18:05:08,447 [ERROR] [MainThread] [ExperimentEagle.Processor] [func=process:line=63] T:/TOFAtomNumber/eagleWatchedFolder\evaporation Optimisation 7_ALTA0dark_1102 180242.png
2020-02-11 18:05:08,447 [ERROR] [MainThread] [ExperimentEagle.Processor] [func=process:line=64] T:/TOFAtomNumber/eagleWatchedFolder\evaporation Optimisation 7_ALTA0light_1102 180242.png
2020-02-11 18:05:08,448 [INFO ] [MainThread] [ExperimentEagle.Processor] [func=read:line=38] processor reading file!
2020-02-11 18:05:08,469 [INFO ] [MainThread] [ExperimentEagle.Processor] [func=read:line=38] processor reading file!
2020-02-11 18:05:08,520 [ERROR] [MainThread] [ExperimentEagle.Processor] [func=process:line=72] atoms array mean:4682.37737274
2020-02-11 18:05:08,523 [ERROR] [MainThread] [ExperimentEagle.Processor] [func=process:line=73] light array mean:5016.46064504
2020-02-11 18:05:08,523 [INFO ] [MainThread] [ExperimentEagle.Processor] [func=read:line=38] processor reading file!
2020-02-11 18:05:08,584 [ERROR] [MainThread] [ExperimentEagle.Processor] [func=process:line=78] dark array mean:2788.54172516
2020-02-11 18:05:08,595 [ERROR] [MainThread] [ExperimentEagle.experimentEagle] [func=_selectedFile_changed:line=999] Error. received Attribute Error when trying to getImageData. This occurs sometimes and causes duplicate points...
2020-02-11 18:05:08,627 [ERROR] [MainThread] [ExperimentEagle.experimentEagle] [func=_selectedFile_changed:line=1000] Error message :'StandardAlta1' object has no attribute 'binning'
2020-02-11 18:05:08,628 [ERROR] [MainThread] [ExperimentEagle.experimentEagle] [func=_selectedFile_changed:line=1001] Will sleep and then retry
2020-02-11 18:05:09,130 [INFO ] [MainThread] [ExperimentEagle.experimentEagle] [func=update:line=826] updating plot
2020-02-11 18:05:18,538 [INFO ] [MainThread] [ExperimentEagle.experimentEagle] [func=closed:line=230] attempting to stop timers
