2020-05-14 19:56:12,345 [INFO ] [MainThread] [ExperimentEagle] [func=<module>:line=60] Welcome to Experiment Eagle version 4.0 written by Timothy Harrison. Report bugs to 
Timothy Harrison. See text at beginning of __init__.py for more information.
2020-05-14 19:56:16,145 [INFO ] [MainThread] [ExperimentEagle.experimentEagle] [func=_fixAspectRatioBool_changed:line=970] self.fixAspectRatioBool changed to True
2020-05-14 19:56:16,145 [INFO ] [MainThread] [ExperimentEagle.experimentEagle] [func=loadSettings:line=599] Load settings
2020-05-14 19:56:16,155 [INFO ] [MainThread] [ExperimentEagle.experimentEagle] [func=__init__:line=596] initialisation of experiment Eagle complete
2020-05-14 19:56:22,219 [INFO ] [MainThread] [ExperimentEagle.experimentEagle] [func=update:line=840] updating plot
2020-05-14 19:59:03,730 [INFO ] [MainThread] [ExperimentEagle.experimentEagle] [func=_cameraModel_changed:line=1035] Camera model changed to Andor1
2020-05-14 19:59:03,740 [INFO ] [MainThread] [ExperimentEagle.experimentEagle] [func=_cameraModel_changed:line=1051] {u'auto': False, u'max': 5, u'min': 0}
2020-05-14 19:59:03,740 [ERROR] [MainThread] [ExperimentEagle.experimentEagle] [func=getImageData:line=142] image file not found. filling with zeros
2020-05-14 19:59:03,740 [INFO ] [MainThread] [ExperimentEagle.experimentEagle] [func=update:line=840] updating plot
2020-05-14 19:59:06,135 [INFO ] [MainThread] [ExperimentEagle.experimentEagle] [func=_cameraModel_changed:line=1035] Camera model changed to Andor1 via SOLIS
2020-05-14 19:59:06,135 [INFO ] [MainThread] [ExperimentEagle.experimentEagle] [func=_cameraModel_changed:line=1051] {u'auto': False, u'max': 3, u'min': -0.2}
2020-05-14 19:59:06,145 [ERROR] [MainThread] [ExperimentEagle.experimentEagle] [func=getImageData:line=142] image file not found. filling with zeros
2020-05-14 19:59:06,145 [INFO ] [MainThread] [ExperimentEagle.experimentEagle] [func=update:line=840] updating plot
2020-05-14 19:59:07,145 [INFO ] [MainThread] [ExperimentEagle.experimentEagle] [func=_configureWatchFolder_fired:line=1079] Configure watch folder for Andor1 via SOLIS
2020-05-14 19:59:09,155 [WARNI] [MainThread] [ExperimentEagle.experimentEagle] [func=checkForNewFiles:line=370] more than one new file found [u'ANDOR1_Thu May 14 2020_19.55.40_49_X2.tif', u'ANDOR1_Thu May 14 2020_19.55.11_49_X2.tif', u'ANDOR1_Thu May 14 2020_19.56.09_49_X2.tif', u'ANDOR1_Thu May 14 2020_19.56.37_49_X2.tif'] only analysing first one
2020-05-14 19:59:09,155 [INFO ] [MainThread] [ExperimentEagle.experimentEagle] [func=_selectedFile_changed:line=1002] ######################## Selected File changed ########################
2020-05-14 19:59:09,155 [INFO ] [MainThread] [ExperimentEagle.experimentEagle] [func=_selectedFile_changed:line=1004] Update physics
2020-05-14 19:59:09,155 [ERROR] [MainThread] [ExperimentEagle.physicsProperties] [func=updatePhysics:line=141] Error when trying to load XML 'PhysicsProperties' object has no attribute 'selectedFileModifiedTime'
2020-05-14 19:59:09,256 [INFO ] [MainThread] [ExperimentEagle.experimentEagle] [func=getImageData:line=166] processor = <processors.standardAndor1.StandardAndor1 object at 0x103BE4B0>
2020-05-14 19:59:09,256 [INFO ] [MainThread] [ExperimentEagle.Processor] [func=process:line=76] using standard Andor 0 process function
2020-05-14 19:59:09,256 [INFO ] [MainThread] [ExperimentEagle.Processor] [func=read:line=41] processor reading file!
2020-05-14 19:59:09,355 [INFO ] [MainThread] [ExperimentEagle.Processor] [func=read:line=41] processor reading file!
2020-05-14 19:59:09,526 [WARNI] [MainThread] [ExperimentEagle.Processor] [func=opticalDensity:line=65] Calculate OD picture..
2020-05-14 19:59:09,595 [INFO ] [MainThread] [ExperimentEagle.experimentEagle] [func=getImageData:line=170] shape of raw Image = (721,721)
2020-05-14 19:59:09,595 [WARNI] [MainThread] [ExperimentEagle.experimentEagle] [func=getImageData:line=173] number of pixels in image have changed. This causes problems for contour fit plot. Will destroy contour fit plot first
2020-05-14 19:59:09,595 [INFO ] [MainThread] [ExperimentEagle.experimentEagle] [func=_fixAspectRatioBool_changed:line=970] self.fixAspectRatioBool changed to False
2020-05-14 19:59:09,595 [INFO ] [MainThread] [ExperimentEagle.experimentEagle] [func=_fixAspectRatioBool_changed:line=970] self.fixAspectRatioBool changed to True
2020-05-14 19:59:09,595 [INFO ] [MainThread] [ExperimentEagle.experimentEagle] [func=getImageData:line=175] continuing after pixels changed = True event
2020-05-14 19:59:09,605 [INFO ] [MainThread] [ExperimentEagle.experimentEagle] [func=update:line=840] updating plot
2020-05-14 19:59:09,605 [INFO ] [MainThread] [ExperimentEagle.experimentEagle] [func=_selectedFile_changed:line=1018] succesfully completed getImageData. Will now break from repetition loop
2020-05-14 19:59:09,615 [INFO ] [MainThread] [ExperimentEagle.experimentEagle] [func=update:line=840] updating plot
2020-05-14 19:59:15,397 [INFO ] [MainThread] [ExperimentEagle.experimentEagle] [func=_cameraModel_changed:line=1035] Camera model changed to Andor0
2020-05-14 19:59:15,397 [INFO ] [MainThread] [ExperimentEagle.experimentEagle] [func=_cameraModel_changed:line=1051] {u'auto': False, u'max': 5, u'min': -0.2}
2020-05-14 19:59:15,407 [INFO ] [MainThread] [ExperimentEagle.experimentEagle] [func=getImageData:line=166] processor = <processors.standardAndor0.StandardAndor0 object at 0x103BE450>
2020-05-14 19:59:15,407 [INFO ] [MainThread] [ExperimentEagle.Processor] [func=process:line=36] using standard Andor 0 process function
2020-05-14 19:59:15,407 [INFO ] [MainThread] [ExperimentEagle.Processor] [func=read:line=41] processor reading file!
2020-05-14 19:59:15,486 [ERROR] [MainThread] [ExperimentEagle.Processor] [func=process:line=59] rawArray (512, 512) and darkArray (1024, 512) have different shape
2020-05-14 19:59:15,486 [INFO ] [MainThread] [ExperimentEagle.Processor] [func=rescale:line=93] processor: rescale factor = 0.98945737797 using region of shape: 86, 20
2020-05-14 19:59:15,496 [WARNI] [MainThread] [ExperimentEagle.Processor] [func=opticalDensity:line=65] Calculate OD picture..
2020-05-14 19:59:15,786 [WARNI] [MainThread] [ExperimentEagle.Processor] [func=opticalDensity:line=65] Calculate OD picture..
2020-05-14 19:59:15,816 [INFO ] [MainThread] [ExperimentEagle.experimentEagle] [func=getImageData:line=170] shape of raw Image = (551,534)
2020-05-14 19:59:15,826 [WARNI] [MainThread] [ExperimentEagle.experimentEagle] [func=getImageData:line=173] number of pixels in image have changed. This causes problems for contour fit plot. Will destroy contour fit plot first
2020-05-14 19:59:15,826 [INFO ] [MainThread] [ExperimentEagle.experimentEagle] [func=_fixAspectRatioBool_changed:line=970] self.fixAspectRatioBool changed to False
2020-05-14 19:59:15,826 [INFO ] [MainThread] [ExperimentEagle.experimentEagle] [func=_fixAspectRatioBool_changed:line=970] self.fixAspectRatioBool changed to True
2020-05-14 19:59:15,826 [INFO ] [MainThread] [ExperimentEagle.experimentEagle] [func=getImageData:line=175] continuing after pixels changed = True event
2020-05-14 19:59:15,836 [INFO ] [MainThread] [ExperimentEagle.experimentEagle] [func=update:line=840] updating plot
2020-05-14 19:59:16,786 [INFO ] [MainThread] [ExperimentEagle.experimentEagle] [func=_configureWatchFolder_fired:line=1079] Configure watch folder for Andor0
2020-05-14 19:59:22,947 [INFO ] [MainThread] [ExperimentEagle.experimentEagle] [func=_forceRefreshButton_fired:line=202] force refresh button fired
2020-05-14 19:59:22,957 [INFO ] [MainThread] [ExperimentEagle.experimentEagle] [func=getImageData:line=166] processor = <processors.standardAndor0.StandardAndor0 object at 0x103BE450>
2020-05-14 19:59:22,957 [INFO ] [MainThread] [ExperimentEagle.Processor] [func=process:line=36] using standard Andor 0 process function
2020-05-14 19:59:22,957 [INFO ] [MainThread] [ExperimentEagle.Processor] [func=read:line=41] processor reading file!
2020-05-14 19:59:22,976 [ERROR] [MainThread] [ExperimentEagle.Processor] [func=process:line=59] rawArray (512, 512) and darkArray (1024, 512) have different shape
2020-05-14 19:59:22,976 [INFO ] [MainThread] [ExperimentEagle.Processor] [func=rescale:line=93] processor: rescale factor = 0.98945737797 using region of shape: 86, 20
2020-05-14 19:59:22,976 [WARNI] [MainThread] [ExperimentEagle.Processor] [func=opticalDensity:line=65] Calculate OD picture..
2020-05-14 19:59:23,236 [WARNI] [MainThread] [ExperimentEagle.Processor] [func=opticalDensity:line=65] Calculate OD picture..
2020-05-14 19:59:23,266 [INFO ] [MainThread] [ExperimentEagle.experimentEagle] [func=getImageData:line=170] shape of raw Image = (551,534)
2020-05-14 19:59:23,266 [INFO ] [MainThread] [ExperimentEagle.experimentEagle] [func=update:line=840] updating plot
2020-05-14 19:59:23,276 [INFO ] [MainThread] [ExperimentEagle.experimentEagle] [func=_forceRefreshButton_fired:line=202] force refresh button fired
2020-05-14 19:59:23,276 [INFO ] [MainThread] [ExperimentEagle.experimentEagle] [func=getImageData:line=166] processor = <processors.standardAndor0.StandardAndor0 object at 0x103BE450>
2020-05-14 19:59:23,276 [INFO ] [MainThread] [ExperimentEagle.Processor] [func=process:line=36] using standard Andor 0 process function
2020-05-14 19:59:23,276 [INFO ] [MainThread] [ExperimentEagle.Processor] [func=read:line=41] processor reading file!
2020-05-14 19:59:23,296 [ERROR] [MainThread] [ExperimentEagle.Processor] [func=process:line=59] rawArray (512, 512) and darkArray (1024, 512) have different shape
2020-05-14 19:59:23,306 [INFO ] [MainThread] [ExperimentEagle.Processor] [func=rescale:line=93] processor: rescale factor = 0.98945737797 using region of shape: 86, 20
2020-05-14 19:59:23,306 [WARNI] [MainThread] [ExperimentEagle.Processor] [func=opticalDensity:line=65] Calculate OD picture..
2020-05-14 19:59:23,566 [WARNI] [MainThread] [ExperimentEagle.Processor] [func=opticalDensity:line=65] Calculate OD picture..
2020-05-14 19:59:23,596 [INFO ] [MainThread] [ExperimentEagle.experimentEagle] [func=getImageData:line=170] shape of raw Image = (551,534)
2020-05-14 19:59:23,596 [INFO ] [MainThread] [ExperimentEagle.experimentEagle] [func=update:line=840] updating plot
2020-05-14 19:59:29,286 [INFO ] [MainThread] [ExperimentEagle.experimentEagle] [func=_selectedFile_changed:line=1002] ######################## Selected File changed ########################
2020-05-14 19:59:29,286 [INFO ] [MainThread] [ExperimentEagle.experimentEagle] [func=_selectedFile_changed:line=1004] Update physics
2020-05-14 19:59:29,286 [ERROR] [MainThread] [ExperimentEagle.physicsProperties] [func=updatePhysics:line=124] Found very fresh sequence file. Probably read already variables of next sequence?
2020-05-14 19:59:29,286 [WARNI] [MainThread] [ExperimentEagle.physicsProperties] [func=updatePhysics:line=125] Use second last sequence file instead..
2020-05-14 19:59:29,867 [WARNI] [MainThread] [ExperimentEagle.physicsProperties] [func=updatePhysics:line=129] Age of sequence file: -39.4107735157
2020-05-14 19:59:29,967 [INFO ] [MainThread] [ExperimentEagle.experimentEagle] [func=getImageData:line=166] processor = <processors.standardAndor0.StandardAndor0 object at 0x103BE450>
2020-05-14 19:59:29,967 [INFO ] [MainThread] [ExperimentEagle.Processor] [func=process:line=36] using standard Andor 0 process function
2020-05-14 19:59:29,967 [INFO ] [MainThread] [ExperimentEagle.Processor] [func=read:line=41] processor reading file!
2020-05-14 19:59:30,006 [INFO ] [MainThread] [ExperimentEagle.Processor] [func=rescale:line=93] processor: rescale factor = 1.00079505171 using region of shape: 120, 20
2020-05-14 19:59:30,006 [WARNI] [MainThread] [ExperimentEagle.Processor] [func=opticalDensity:line=65] Calculate OD picture..
2020-05-14 19:59:30,226 [WARNI] [MainThread] [ExperimentEagle.Processor] [func=opticalDensity:line=65] Calculate OD picture..
2020-05-14 19:59:30,296 [INFO ] [MainThread] [ExperimentEagle.experimentEagle] [func=getImageData:line=170] shape of raw Image = (723,723)
2020-05-14 19:59:30,296 [WARNI] [MainThread] [ExperimentEagle.experimentEagle] [func=getImageData:line=173] number of pixels in image have changed. This causes problems for contour fit plot. Will destroy contour fit plot first
2020-05-14 19:59:30,296 [INFO ] [MainThread] [ExperimentEagle.experimentEagle] [func=_fixAspectRatioBool_changed:line=970] self.fixAspectRatioBool changed to False
2020-05-14 19:59:30,296 [INFO ] [MainThread] [ExperimentEagle.experimentEagle] [func=_fixAspectRatioBool_changed:line=970] self.fixAspectRatioBool changed to True
2020-05-14 19:59:30,306 [INFO ] [MainThread] [ExperimentEagle.experimentEagle] [func=getImageData:line=175] continuing after pixels changed = True event
2020-05-14 19:59:30,306 [INFO ] [MainThread] [ExperimentEagle.experimentEagle] [func=update:line=840] updating plot
2020-05-14 19:59:30,306 [INFO ] [MainThread] [ExperimentEagle.experimentEagle] [func=_selectedFile_changed:line=1018] succesfully completed getImageData. Will now break from repetition loop
2020-05-14 19:59:30,306 [INFO ] [MainThread] [ExperimentEagle.experimentEagle] [func=update:line=840] updating plot
2020-05-14 19:59:59,467 [INFO ] [MainThread] [ExperimentEagle.experimentEagle] [func=_selectedFile_changed:line=1002] ######################## Selected File changed ########################
2020-05-14 19:59:59,467 [INFO ] [MainThread] [ExperimentEagle.experimentEagle] [func=_selectedFile_changed:line=1004] Update physics
2020-05-14 19:59:59,566 [WARNI] [MainThread] [ExperimentEagle.physicsProperties] [func=updatePhysics:line=129] Age of sequence file: 17.1918325424
2020-05-14 19:59:59,677 [INFO ] [MainThread] [ExperimentEagle.experimentEagle] [func=getImageData:line=166] processor = <processors.standardAndor0.StandardAndor0 object at 0x103BE450>
2020-05-14 19:59:59,677 [INFO ] [MainThread] [ExperimentEagle.Processor] [func=process:line=36] using standard Andor 0 process function
2020-05-14 19:59:59,677 [INFO ] [MainThread] [ExperimentEagle.Processor] [func=read:line=41] processor reading file!
2020-05-14 19:59:59,717 [INFO ] [MainThread] [ExperimentEagle.Processor] [func=rescale:line=93] processor: rescale factor = 0.999131515045 using region of shape: 120, 20
2020-05-14 19:59:59,717 [WARNI] [MainThread] [ExperimentEagle.Processor] [func=opticalDensity:line=65] Calculate OD picture..
2020-05-14 19:59:59,947 [WARNI] [MainThread] [ExperimentEagle.Processor] [func=opticalDensity:line=65] Calculate OD picture..
2020-05-14 20:00:00,006 [INFO ] [MainThread] [ExperimentEagle.experimentEagle] [func=getImageData:line=170] shape of raw Image = (723,723)
2020-05-14 20:00:00,016 [INFO ] [MainThread] [ExperimentEagle.experimentEagle] [func=update:line=840] updating plot
2020-05-14 20:00:00,016 [INFO ] [MainThread] [ExperimentEagle.experimentEagle] [func=_selectedFile_changed:line=1018] succesfully completed getImageData. Will now break from repetition loop
2020-05-14 20:00:00,016 [INFO ] [MainThread] [ExperimentEagle.experimentEagle] [func=update:line=840] updating plot
2020-05-14 20:00:29,657 [INFO ] [MainThread] [ExperimentEagle.experimentEagle] [func=_selectedFile_changed:line=1002] ######################## Selected File changed ########################
2020-05-14 20:00:29,657 [INFO ] [MainThread] [ExperimentEagle.experimentEagle] [func=_selectedFile_changed:line=1004] Update physics
2020-05-14 20:00:29,757 [WARNI] [MainThread] [ExperimentEagle.physicsProperties] [func=updatePhysics:line=129] Age of sequence file: 16.255548954
2020-05-14 20:00:29,858 [INFO ] [MainThread] [ExperimentEagle.experimentEagle] [func=getImageData:line=166] processor = <processors.standardAndor0.StandardAndor0 object at 0x103BE450>
2020-05-14 20:00:29,858 [INFO ] [MainThread] [ExperimentEagle.Processor] [func=process:line=36] using standard Andor 0 process function
2020-05-14 20:00:29,858 [INFO ] [MainThread] [ExperimentEagle.Processor] [func=read:line=41] processor reading file!
2020-05-14 20:00:29,898 [INFO ] [MainThread] [ExperimentEagle.Processor] [func=rescale:line=93] processor: rescale factor = 1.02555805252 using region of shape: 120, 20
2020-05-14 20:00:29,898 [WARNI] [MainThread] [ExperimentEagle.Processor] [func=opticalDensity:line=65] Calculate OD picture..
2020-05-14 20:00:30,128 [WARNI] [MainThread] [ExperimentEagle.Processor] [func=opticalDensity:line=65] Calculate OD picture..
2020-05-14 20:00:30,187 [INFO ] [MainThread] [ExperimentEagle.experimentEagle] [func=getImageData:line=170] shape of raw Image = (723,723)
2020-05-14 20:00:30,197 [INFO ] [MainThread] [ExperimentEagle.experimentEagle] [func=update:line=840] updating plot
2020-05-14 20:00:30,197 [INFO ] [MainThread] [ExperimentEagle.experimentEagle] [func=_selectedFile_changed:line=1018] succesfully completed getImageData. Will now break from repetition loop
2020-05-14 20:00:30,197 [INFO ] [MainThread] [ExperimentEagle.experimentEagle] [func=update:line=840] updating plot
2020-05-14 20:00:59,838 [INFO ] [MainThread] [ExperimentEagle.experimentEagle] [func=_selectedFile_changed:line=1002] ######################## Selected File changed ########################
2020-05-14 20:00:59,838 [INFO ] [MainThread] [ExperimentEagle.experimentEagle] [func=_selectedFile_changed:line=1004] Update physics
2020-05-14 20:00:59,937 [WARNI] [MainThread] [ExperimentEagle.physicsProperties] [func=updatePhysics:line=129] Age of sequence file: 16.4935667515
2020-05-14 20:01:00,038 [INFO ] [MainThread] [ExperimentEagle.experimentEagle] [func=getImageData:line=166] processor = <processors.standardAndor0.StandardAndor0 object at 0x103BE450>
2020-05-14 20:01:00,038 [INFO ] [MainThread] [ExperimentEagle.Processor] [func=process:line=36] using standard Andor 0 process function
2020-05-14 20:01:00,038 [INFO ] [MainThread] [ExperimentEagle.Processor] [func=read:line=41] processor reading file!
2020-05-14 20:01:00,078 [INFO ] [MainThread] [ExperimentEagle.Processor] [func=rescale:line=93] processor: rescale factor = 0.969888407214 using region of shape: 120, 20
2020-05-14 20:01:00,078 [WARNI] [MainThread] [ExperimentEagle.Processor] [func=opticalDensity:line=65] Calculate OD picture..
2020-05-14 20:01:00,308 [WARNI] [MainThread] [ExperimentEagle.Processor] [func=opticalDensity:line=65] Calculate OD picture..
2020-05-14 20:01:00,378 [INFO ] [MainThread] [ExperimentEagle.experimentEagle] [func=getImageData:line=170] shape of raw Image = (723,723)
2020-05-14 20:01:00,378 [INFO ] [MainThread] [ExperimentEagle.experimentEagle] [func=update:line=840] updating plot
2020-05-14 20:01:00,378 [INFO ] [MainThread] [ExperimentEagle.experimentEagle] [func=_selectedFile_changed:line=1018] succesfully completed getImageData. Will now break from repetition loop
2020-05-14 20:01:00,378 [INFO ] [MainThread] [ExperimentEagle.experimentEagle] [func=update:line=840] updating plot
2020-05-14 20:01:19,967 [INFO ] [MainThread] [ExperimentEagle.experimentEagle] [func=_selectedFile_changed:line=1002] ######################## Selected File changed ########################
2020-05-14 20:01:19,967 [INFO ] [MainThread] [ExperimentEagle.experimentEagle] [func=_selectedFile_changed:line=1004] Update physics
2020-05-14 20:01:20,068 [WARNI] [MainThread] [ExperimentEagle.physicsProperties] [func=updatePhysics:line=129] Age of sequence file: 16.8682684898
2020-05-14 20:01:20,177 [INFO ] [MainThread] [ExperimentEagle.experimentEagle] [func=getImageData:line=166] processor = <processors.standardAndor0.StandardAndor0 object at 0x103BE450>
2020-05-14 20:01:20,177 [INFO ] [MainThread] [ExperimentEagle.Processor] [func=process:line=36] using standard Andor 0 process function
2020-05-14 20:01:20,177 [INFO ] [MainThread] [ExperimentEagle.Processor] [func=read:line=41] processor reading file!
2020-05-14 20:01:20,217 [INFO ] [MainThread] [ExperimentEagle.Processor] [func=rescale:line=93] processor: rescale factor = 0.910623005973 using region of shape: 120, 20
2020-05-14 20:01:20,217 [WARNI] [MainThread] [ExperimentEagle.Processor] [func=opticalDensity:line=65] Calculate OD picture..
2020-05-14 20:01:20,447 [WARNI] [MainThread] [ExperimentEagle.Processor] [func=opticalDensity:line=65] Calculate OD picture..
2020-05-14 20:01:20,507 [INFO ] [MainThread] [ExperimentEagle.experimentEagle] [func=getImageData:line=170] shape of raw Image = (723,723)
2020-05-14 20:01:20,517 [INFO ] [MainThread] [ExperimentEagle.experimentEagle] [func=update:line=840] updating plot
2020-05-14 20:01:20,517 [INFO ] [MainThread] [ExperimentEagle.experimentEagle] [func=_selectedFile_changed:line=1018] succesfully completed getImageData. Will now break from repetition loop
2020-05-14 20:01:20,517 [INFO ] [MainThread] [ExperimentEagle.experimentEagle] [func=update:line=840] updating plot
2020-05-14 20:01:50,148 [INFO ] [MainThread] [ExperimentEagle.experimentEagle] [func=_selectedFile_changed:line=1002] ######################## Selected File changed ########################
2020-05-14 20:01:50,148 [INFO ] [MainThread] [ExperimentEagle.experimentEagle] [func=_selectedFile_changed:line=1004] Update physics
2020-05-14 20:01:50,249 [WARNI] [MainThread] [ExperimentEagle.physicsProperties] [func=updatePhysics:line=129] Age of sequence file: 16.9476799965
2020-05-14 20:01:50,348 [INFO ] [MainThread] [ExperimentEagle.experimentEagle] [func=getImageData:line=166] processor = <processors.standardAndor0.StandardAndor0 object at 0x103BE450>
2020-05-14 20:01:50,348 [INFO ] [MainThread] [ExperimentEagle.Processor] [func=process:line=36] using standard Andor 0 process function
2020-05-14 20:01:50,348 [INFO ] [MainThread] [ExperimentEagle.Processor] [func=read:line=41] processor reading file!
2020-05-14 20:01:50,388 [INFO ] [MainThread] [ExperimentEagle.Processor] [func=rescale:line=93] processor: rescale factor = 0.930535148853 using region of shape: 120, 20
2020-05-14 20:01:50,388 [WARNI] [MainThread] [ExperimentEagle.Processor] [func=opticalDensity:line=65] Calculate OD picture..
2020-05-14 20:01:50,618 [WARNI] [MainThread] [ExperimentEagle.Processor] [func=opticalDensity:line=65] Calculate OD picture..
2020-05-14 20:01:50,678 [INFO ] [MainThread] [ExperimentEagle.experimentEagle] [func=getImageData:line=170] shape of raw Image = (723,723)
2020-05-14 20:01:50,688 [INFO ] [MainThread] [ExperimentEagle.experimentEagle] [func=update:line=840] updating plot
2020-05-14 20:01:50,688 [INFO ] [MainThread] [ExperimentEagle.experimentEagle] [func=_selectedFile_changed:line=1018] succesfully completed getImageData. Will now break from repetition loop
2020-05-14 20:01:50,688 [INFO ] [MainThread] [ExperimentEagle.experimentEagle] [func=update:line=840] updating plot
2020-05-14 20:02:20,339 [INFO ] [MainThread] [ExperimentEagle.experimentEagle] [func=_selectedFile_changed:line=1002] ######################## Selected File changed ########################
2020-05-14 20:02:20,339 [INFO ] [MainThread] [ExperimentEagle.experimentEagle] [func=_selectedFile_changed:line=1004] Update physics
2020-05-14 20:02:20,440 [WARNI] [MainThread] [ExperimentEagle.physicsProperties] [func=updatePhysics:line=129] Age of sequence file: 16.8692696095
2020-05-14 20:02:20,549 [INFO ] [MainThread] [ExperimentEagle.experimentEagle] [func=getImageData:line=166] processor = <processors.standardAndor0.StandardAndor0 object at 0x103BE450>
2020-05-14 20:02:20,549 [INFO ] [MainThread] [ExperimentEagle.Processor] [func=process:line=36] using standard Andor 0 process function
2020-05-14 20:02:20,549 [INFO ] [MainThread] [ExperimentEagle.Processor] [func=read:line=41] processor reading file!
2020-05-14 20:02:20,589 [INFO ] [MainThread] [ExperimentEagle.Processor] [func=rescale:line=93] processor: rescale factor = 0.981226303966 using region of shape: 120, 20
2020-05-14 20:02:20,589 [WARNI] [MainThread] [ExperimentEagle.Processor] [func=opticalDensity:line=65] Calculate OD picture..
2020-05-14 20:02:20,829 [WARNI] [MainThread] [ExperimentEagle.Processor] [func=opticalDensity:line=65] Calculate OD picture..
2020-05-14 20:02:20,890 [INFO ] [MainThread] [ExperimentEagle.experimentEagle] [func=getImageData:line=170] shape of raw Image = (723,723)
2020-05-14 20:02:20,900 [INFO ] [MainThread] [ExperimentEagle.experimentEagle] [func=update:line=840] updating plot
2020-05-14 20:02:20,900 [INFO ] [MainThread] [ExperimentEagle.experimentEagle] [func=_selectedFile_changed:line=1018] succesfully completed getImageData. Will now break from repetition loop
2020-05-14 20:02:20,900 [INFO ] [MainThread] [ExperimentEagle.experimentEagle] [func=update:line=840] updating plot
2020-05-14 20:02:39,500 [CRITI] [MainThread] [ExperimentEagle.experimentEagle] [func=_box_selection_complete:line=286] Box selection complete
2020-05-14 20:02:44,349 [INFO ] [MainThread] [ExperimentEagle.fits] [func=_get_subSpaceArrays:line=376] xs array sliced length 72 
2020-05-14 20:02:44,349 [INFO ] [MainThread] [ExperimentEagle.fits] [func=_get_subSpaceArrays:line=377] ys array sliced length 65  
2020-05-14 20:02:44,349 [INFO ] [MainThread] [ExperimentEagle.fits] [func=_get_subSpaceArrays:line=379] zs sub space array 65,72 
2020-05-14 20:02:50,529 [INFO ] [MainThread] [ExperimentEagle.experimentEagle] [func=_selectedFile_changed:line=1002] ######################## Selected File changed ########################
2020-05-14 20:02:50,529 [INFO ] [MainThread] [ExperimentEagle.experimentEagle] [func=_selectedFile_changed:line=1004] Update physics
2020-05-14 20:02:50,640 [WARNI] [MainThread] [ExperimentEagle.physicsProperties] [func=updatePhysics:line=129] Age of sequence file: 17.0096852779
2020-05-14 20:02:50,740 [INFO ] [MainThread] [ExperimentEagle.experimentEagle] [func=getImageData:line=166] processor = <processors.standardAndor0.StandardAndor0 object at 0x103BE450>
2020-05-14 20:02:50,740 [INFO ] [MainThread] [ExperimentEagle.Processor] [func=process:line=36] using standard Andor 0 process function
2020-05-14 20:02:50,740 [INFO ] [MainThread] [ExperimentEagle.Processor] [func=read:line=41] processor reading file!
2020-05-14 20:02:50,779 [INFO ] [MainThread] [ExperimentEagle.Processor] [func=rescale:line=93] processor: rescale factor = 0.98194518131 using region of shape: 120, 20
2020-05-14 20:02:50,779 [WARNI] [MainThread] [ExperimentEagle.Processor] [func=opticalDensity:line=65] Calculate OD picture..
2020-05-14 20:02:51,009 [WARNI] [MainThread] [ExperimentEagle.Processor] [func=opticalDensity:line=65] Calculate OD picture..
2020-05-14 20:02:51,069 [INFO ] [MainThread] [ExperimentEagle.experimentEagle] [func=getImageData:line=170] shape of raw Image = (723,723)
2020-05-14 20:02:51,079 [INFO ] [MainThread] [ExperimentEagle.experimentEagle] [func=update:line=840] updating plot
2020-05-14 20:02:51,079 [INFO ] [MainThread] [ExperimentEagle.experimentEagle] [func=_selectedFile_changed:line=1018] succesfully completed getImageData. Will now break from repetition loop
2020-05-14 20:02:51,079 [INFO ] [MainThread] [ExperimentEagle.experimentEagle] [func=update:line=840] updating plot
2020-05-14 20:02:52,259 [INFO ] [Thread-3] [ExperimentEagle.fits] [func=run:line=144] starting fitting thread
2020-05-14 20:02:52,259 [WARNI] [Thread-3] [ExperimentEagle.fits] [func=run:line=156] Cannot test conditional fit, because variable 'eagleID' is missing
2020-05-14 20:02:52,259 [INFO ] [Thread-3] [ExperimentEagle.fits] [func=_get_subSpaceArrays:line=376] xs array sliced length 72 
2020-05-14 20:02:52,259 [INFO ] [Thread-3] [ExperimentEagle.fits] [func=_get_subSpaceArrays:line=377] ys array sliced length 65  
2020-05-14 20:02:52,259 [INFO ] [Thread-3] [ExperimentEagle.fits] [func=_get_subSpaceArrays:line=379] zs sub space array 65,72 
2020-05-14 20:02:52,299 [INFO ] [Thread-3] [ExperimentEagle.fits] [func=_get_subSpaceArrays:line=376] xs array sliced length 72 
2020-05-14 20:02:52,299 [INFO ] [Thread-3] [ExperimentEagle.fits] [func=_get_subSpaceArrays:line=377] ys array sliced length 65  
2020-05-14 20:02:52,299 [INFO ] [Thread-3] [ExperimentEagle.fits] [func=_get_subSpaceArrays:line=379] zs sub space array 65,72 
2020-05-14 20:02:52,299 [INFO ] [Thread-3] [ExperimentEagle.fits] [func=_deriveCalculatedParameters:line=157] Derived values from fit
2020-05-14 20:02:52,299 [INFO ] [Thread-3] [ExperimentEagle.fits] [func=run:line=177] auto draw bool is true so using the rerefernce to imageInspector bool to call the function to draw the fit as contours
2020-05-14 20:02:52,309 [INFO ] [Thread-3] [ExperimentEagle.experimentEagle] [func=addFitPlot:line=825] first fit plot so initialising contour plot
2020-05-14 20:02:52,329 [INFO ] [Thread-3] [ExperimentEagle.experimentEagle] [func=addFitPlot:line=827] attempting to set fit data
2020-05-14 20:02:52,420 [INFO ] [Thread-3] [ExperimentEagle.fits] [func=run:line=182] saving last fit results to a separate text file
2020-05-14 20:03:20,710 [INFO ] [MainThread] [ExperimentEagle.experimentEagle] [func=_selectedFile_changed:line=1002] ######################## Selected File changed ########################
2020-05-14 20:03:20,710 [INFO ] [MainThread] [ExperimentEagle.experimentEagle] [func=_selectedFile_changed:line=1004] Update physics
2020-05-14 20:03:20,821 [WARNI] [MainThread] [ExperimentEagle.physicsProperties] [func=updatePhysics:line=129] Age of sequence file: 17.3001332283
2020-05-14 20:03:20,921 [INFO ] [MainThread] [ExperimentEagle.experimentEagle] [func=getImageData:line=166] processor = <processors.standardAndor0.StandardAndor0 object at 0x103BE450>
2020-05-14 20:03:20,921 [INFO ] [MainThread] [ExperimentEagle.Processor] [func=process:line=36] using standard Andor 0 process function
2020-05-14 20:03:20,921 [INFO ] [MainThread] [ExperimentEagle.Processor] [func=read:line=41] processor reading file!
2020-05-14 20:03:20,960 [INFO ] [MainThread] [ExperimentEagle.Processor] [func=rescale:line=93] processor: rescale factor = 1.03874840798 using region of shape: 120, 20
2020-05-14 20:03:20,960 [WARNI] [MainThread] [ExperimentEagle.Processor] [func=opticalDensity:line=65] Calculate OD picture..
2020-05-14 20:03:21,190 [WARNI] [MainThread] [ExperimentEagle.Processor] [func=opticalDensity:line=65] Calculate OD picture..
2020-05-14 20:03:21,260 [INFO ] [MainThread] [ExperimentEagle.experimentEagle] [func=getImageData:line=170] shape of raw Image = (723,723)
2020-05-14 20:03:21,260 [INFO ] [MainThread] [ExperimentEagle.experimentEagle] [func=update:line=840] updating plot
2020-05-14 20:03:21,270 [INFO ] [MainThread] [ExperimentEagle.experimentEagle] [func=_selectedFile_changed:line=1018] succesfully completed getImageData. Will now break from repetition loop
2020-05-14 20:03:21,270 [INFO ] [MainThread] [ExperimentEagle.experimentEagle] [func=update:line=840] updating plot
2020-05-14 20:03:50,901 [INFO ] [MainThread] [ExperimentEagle.experimentEagle] [func=_selectedFile_changed:line=1002] ######################## Selected File changed ########################
2020-05-14 20:03:50,901 [INFO ] [MainThread] [ExperimentEagle.experimentEagle] [func=_selectedFile_changed:line=1004] Update physics
2020-05-14 20:03:51,010 [WARNI] [MainThread] [ExperimentEagle.physicsProperties] [func=updatePhysics:line=129] Age of sequence file: 17.3154423237
2020-05-14 20:03:51,111 [INFO ] [MainThread] [ExperimentEagle.experimentEagle] [func=getImageData:line=166] processor = <processors.standardAndor0.StandardAndor0 object at 0x103BE450>
2020-05-14 20:03:51,111 [INFO ] [MainThread] [ExperimentEagle.Processor] [func=process:line=36] using standard Andor 0 process function
2020-05-14 20:03:51,111 [INFO ] [MainThread] [ExperimentEagle.Processor] [func=read:line=41] processor reading file!
2020-05-14 20:03:51,151 [INFO ] [MainThread] [ExperimentEagle.Processor] [func=rescale:line=93] processor: rescale factor = 0.982975755533 using region of shape: 120, 20
2020-05-14 20:03:51,161 [WARNI] [MainThread] [ExperimentEagle.Processor] [func=opticalDensity:line=65] Calculate OD picture..
2020-05-14 20:03:51,391 [WARNI] [MainThread] [ExperimentEagle.Processor] [func=opticalDensity:line=65] Calculate OD picture..
2020-05-14 20:03:51,460 [INFO ] [MainThread] [ExperimentEagle.experimentEagle] [func=getImageData:line=170] shape of raw Image = (723,723)
2020-05-14 20:03:51,460 [INFO ] [MainThread] [ExperimentEagle.experimentEagle] [func=update:line=840] updating plot
2020-05-14 20:03:51,470 [INFO ] [MainThread] [ExperimentEagle.experimentEagle] [func=_selectedFile_changed:line=1018] succesfully completed getImageData. Will now break from repetition loop
2020-05-14 20:03:51,470 [INFO ] [MainThread] [ExperimentEagle.experimentEagle] [func=update:line=840] updating plot
2020-05-14 20:04:11,020 [INFO ] [MainThread] [ExperimentEagle.experimentEagle] [func=_selectedFile_changed:line=1002] ######################## Selected File changed ########################
2020-05-14 20:04:11,020 [INFO ] [MainThread] [ExperimentEagle.experimentEagle] [func=_selectedFile_changed:line=1004] Update physics
2020-05-14 20:04:11,131 [WARNI] [MainThread] [ExperimentEagle.physicsProperties] [func=updatePhysics:line=129] Age of sequence file: 16.5244157314
2020-05-14 20:04:11,230 [INFO ] [MainThread] [ExperimentEagle.experimentEagle] [func=getImageData:line=166] processor = <processors.standardAndor0.StandardAndor0 object at 0x103BE450>
2020-05-14 20:04:11,230 [INFO ] [MainThread] [ExperimentEagle.Processor] [func=process:line=36] using standard Andor 0 process function
2020-05-14 20:04:11,230 [INFO ] [MainThread] [ExperimentEagle.Processor] [func=read:line=41] processor reading file!
2020-05-14 20:04:11,270 [INFO ] [MainThread] [ExperimentEagle.Processor] [func=rescale:line=93] processor: rescale factor = 0.99060525442 using region of shape: 120, 20
2020-05-14 20:04:11,270 [WARNI] [MainThread] [ExperimentEagle.Processor] [func=opticalDensity:line=65] Calculate OD picture..
2020-05-14 20:04:11,500 [WARNI] [MainThread] [ExperimentEagle.Processor] [func=opticalDensity:line=65] Calculate OD picture..
2020-05-14 20:04:11,571 [INFO ] [MainThread] [ExperimentEagle.experimentEagle] [func=getImageData:line=170] shape of raw Image = (723,723)
2020-05-14 20:04:11,571 [INFO ] [MainThread] [ExperimentEagle.experimentEagle] [func=update:line=840] updating plot
2020-05-14 20:04:11,581 [INFO ] [MainThread] [ExperimentEagle.experimentEagle] [func=_selectedFile_changed:line=1018] succesfully completed getImageData. Will now break from repetition loop
2020-05-14 20:04:11,581 [INFO ] [MainThread] [ExperimentEagle.experimentEagle] [func=update:line=840] updating plot
2020-05-14 20:04:41,211 [INFO ] [MainThread] [ExperimentEagle.experimentEagle] [func=_selectedFile_changed:line=1002] ######################## Selected File changed ########################
2020-05-14 20:04:41,211 [INFO ] [MainThread] [ExperimentEagle.experimentEagle] [func=_selectedFile_changed:line=1004] Update physics
2020-05-14 20:04:41,312 [WARNI] [MainThread] [ExperimentEagle.physicsProperties] [func=updatePhysics:line=129] Age of sequence file: 16.772112608
2020-05-14 20:04:41,421 [INFO ] [MainThread] [ExperimentEagle.experimentEagle] [func=getImageData:line=166] processor = <processors.standardAndor0.StandardAndor0 object at 0x103BE450>
2020-05-14 20:04:41,421 [INFO ] [MainThread] [ExperimentEagle.Processor] [func=process:line=36] using standard Andor 0 process function
2020-05-14 20:04:41,421 [INFO ] [MainThread] [ExperimentEagle.Processor] [func=read:line=41] processor reading file!
2020-05-14 20:04:41,461 [INFO ] [MainThread] [ExperimentEagle.Processor] [func=rescale:line=93] processor: rescale factor = 0.993487225417 using region of shape: 120, 20
2020-05-14 20:04:41,461 [WARNI] [MainThread] [ExperimentEagle.Processor] [func=opticalDensity:line=65] Calculate OD picture..
2020-05-14 20:04:41,691 [WARNI] [MainThread] [ExperimentEagle.Processor] [func=opticalDensity:line=65] Calculate OD picture..
2020-05-14 20:04:41,752 [INFO ] [MainThread] [ExperimentEagle.experimentEagle] [func=getImageData:line=170] shape of raw Image = (723,723)
2020-05-14 20:04:41,762 [INFO ] [MainThread] [ExperimentEagle.experimentEagle] [func=update:line=840] updating plot
2020-05-14 20:04:41,762 [INFO ] [MainThread] [ExperimentEagle.experimentEagle] [func=_selectedFile_changed:line=1018] succesfully completed getImageData. Will now break from repetition loop
2020-05-14 20:04:41,762 [INFO ] [MainThread] [ExperimentEagle.experimentEagle] [func=update:line=840] updating plot
2020-05-14 20:05:11,391 [INFO ] [MainThread] [ExperimentEagle.experimentEagle] [func=_selectedFile_changed:line=1002] ######################## Selected File changed ########################
2020-05-14 20:05:11,391 [INFO ] [MainThread] [ExperimentEagle.experimentEagle] [func=_selectedFile_changed:line=1004] Update physics
2020-05-14 20:05:11,502 [WARNI] [MainThread] [ExperimentEagle.physicsProperties] [func=updatePhysics:line=129] Age of sequence file: 16.9223325253
2020-05-14 20:05:11,601 [INFO ] [MainThread] [ExperimentEagle.experimentEagle] [func=getImageData:line=166] processor = <processors.standardAndor0.StandardAndor0 object at 0x103BE450>
2020-05-14 20:05:11,601 [INFO ] [MainThread] [ExperimentEagle.Processor] [func=process:line=36] using standard Andor 0 process function
2020-05-14 20:05:11,601 [INFO ] [MainThread] [ExperimentEagle.Processor] [func=read:line=41] processor reading file!
2020-05-14 20:05:11,641 [INFO ] [MainThread] [ExperimentEagle.Processor] [func=rescale:line=93] processor: rescale factor = 1.07292248701 using region of shape: 120, 20
2020-05-14 20:05:11,641 [WARNI] [MainThread] [ExperimentEagle.Processor] [func=opticalDensity:line=65] Calculate OD picture..
2020-05-14 20:05:11,881 [WARNI] [MainThread] [ExperimentEagle.Processor] [func=opticalDensity:line=65] Calculate OD picture..
2020-05-14 20:05:11,941 [INFO ] [MainThread] [ExperimentEagle.experimentEagle] [func=getImageData:line=170] shape of raw Image = (723,723)
2020-05-14 20:05:11,951 [INFO ] [MainThread] [ExperimentEagle.experimentEagle] [func=update:line=840] updating plot
2020-05-14 20:05:11,951 [INFO ] [MainThread] [ExperimentEagle.experimentEagle] [func=_selectedFile_changed:line=1018] succesfully completed getImageData. Will now break from repetition loop
2020-05-14 20:05:11,951 [INFO ] [MainThread] [ExperimentEagle.experimentEagle] [func=update:line=840] updating plot
2020-05-14 20:05:41,582 [INFO ] [MainThread] [ExperimentEagle.experimentEagle] [func=_selectedFile_changed:line=1002] ######################## Selected File changed ########################
2020-05-14 20:05:41,582 [INFO ] [MainThread] [ExperimentEagle.experimentEagle] [func=_selectedFile_changed:line=1004] Update physics
2020-05-14 20:05:41,691 [WARNI] [MainThread] [ExperimentEagle.physicsProperties] [func=updatePhysics:line=129] Age of sequence file: 16.9774851799
2020-05-14 20:05:41,792 [INFO ] [MainThread] [ExperimentEagle.experimentEagle] [func=getImageData:line=166] processor = <processors.standardAndor0.StandardAndor0 object at 0x103BE450>
2020-05-14 20:05:41,792 [INFO ] [MainThread] [ExperimentEagle.Processor] [func=process:line=36] using standard Andor 0 process function
2020-05-14 20:05:41,792 [INFO ] [MainThread] [ExperimentEagle.Processor] [func=read:line=41] processor reading file!
2020-05-14 20:05:41,832 [INFO ] [MainThread] [ExperimentEagle.Processor] [func=rescale:line=93] processor: rescale factor = 1.01995123533 using region of shape: 120, 20
2020-05-14 20:05:41,832 [WARNI] [MainThread] [ExperimentEagle.Processor] [func=opticalDensity:line=65] Calculate OD picture..
2020-05-14 20:05:42,062 [WARNI] [MainThread] [ExperimentEagle.Processor] [func=opticalDensity:line=65] Calculate OD picture..
2020-05-14 20:05:42,121 [INFO ] [MainThread] [ExperimentEagle.experimentEagle] [func=getImageData:line=170] shape of raw Image = (723,723)
2020-05-14 20:05:42,131 [INFO ] [MainThread] [ExperimentEagle.experimentEagle] [func=update:line=840] updating plot
2020-05-14 20:05:42,131 [INFO ] [MainThread] [ExperimentEagle.experimentEagle] [func=_selectedFile_changed:line=1018] succesfully completed getImageData. Will now break from repetition loop
2020-05-14 20:05:42,131 [INFO ] [MainThread] [ExperimentEagle.experimentEagle] [func=update:line=840] updating plot
2020-05-14 20:06:11,763 [INFO ] [MainThread] [ExperimentEagle.experimentEagle] [func=_selectedFile_changed:line=1002] ######################## Selected File changed ########################
2020-05-14 20:06:11,763 [INFO ] [MainThread] [ExperimentEagle.experimentEagle] [func=_selectedFile_changed:line=1004] Update physics
2020-05-14 20:06:12,443 [WARNI] [MainThread] [ExperimentEagle.physicsProperties] [func=updatePhysics:line=129] Age of sequence file: 17.1931846142
2020-05-14 20:06:12,542 [INFO ] [MainThread] [ExperimentEagle.experimentEagle] [func=getImageData:line=166] processor = <processors.standardAndor0.StandardAndor0 object at 0x103BE450>
2020-05-14 20:06:12,542 [INFO ] [MainThread] [ExperimentEagle.Processor] [func=process:line=36] using standard Andor 0 process function
2020-05-14 20:06:12,542 [INFO ] [MainThread] [ExperimentEagle.Processor] [func=read:line=41] processor reading file!
2020-05-14 20:06:12,582 [INFO ] [MainThread] [ExperimentEagle.Processor] [func=rescale:line=93] processor: rescale factor = 0.928717494064 using region of shape: 120, 20
2020-05-14 20:06:12,582 [WARNI] [MainThread] [ExperimentEagle.Processor] [func=opticalDensity:line=65] Calculate OD picture..
2020-05-14 20:06:12,812 [WARNI] [MainThread] [ExperimentEagle.Processor] [func=opticalDensity:line=65] Calculate OD picture..
2020-05-14 20:06:12,872 [INFO ] [MainThread] [ExperimentEagle.experimentEagle] [func=getImageData:line=170] shape of raw Image = (723,723)
2020-05-14 20:06:12,882 [INFO ] [MainThread] [ExperimentEagle.experimentEagle] [func=update:line=840] updating plot
2020-05-14 20:06:12,882 [INFO ] [MainThread] [ExperimentEagle.experimentEagle] [func=_selectedFile_changed:line=1018] succesfully completed getImageData. Will now break from repetition loop
2020-05-14 20:06:12,882 [INFO ] [MainThread] [ExperimentEagle.experimentEagle] [func=update:line=840] updating plot
2020-05-14 20:06:41,953 [INFO ] [MainThread] [ExperimentEagle.experimentEagle] [func=_selectedFile_changed:line=1002] ######################## Selected File changed ########################
2020-05-14 20:06:41,953 [INFO ] [MainThread] [ExperimentEagle.experimentEagle] [func=_selectedFile_changed:line=1004] Update physics
2020-05-14 20:06:42,052 [WARNI] [MainThread] [ExperimentEagle.physicsProperties] [func=updatePhysics:line=129] Age of sequence file: 17.1998336315
2020-05-14 20:06:42,163 [INFO ] [MainThread] [ExperimentEagle.experimentEagle] [func=getImageData:line=166] processor = <processors.standardAndor0.StandardAndor0 object at 0x103BE450>
2020-05-14 20:06:42,163 [INFO ] [MainThread] [ExperimentEagle.Processor] [func=process:line=36] using standard Andor 0 process function
2020-05-14 20:06:42,163 [INFO ] [MainThread] [ExperimentEagle.Processor] [func=read:line=41] processor reading file!
2020-05-14 20:06:42,203 [INFO ] [MainThread] [ExperimentEagle.Processor] [func=rescale:line=93] processor: rescale factor = 1.05686985063 using region of shape: 120, 20
2020-05-14 20:06:42,203 [WARNI] [MainThread] [ExperimentEagle.Processor] [func=opticalDensity:line=65] Calculate OD picture..
2020-05-14 20:06:42,433 [WARNI] [MainThread] [ExperimentEagle.Processor] [func=opticalDensity:line=65] Calculate OD picture..
2020-05-14 20:06:42,493 [INFO ] [MainThread] [ExperimentEagle.experimentEagle] [func=getImageData:line=170] shape of raw Image = (723,723)
2020-05-14 20:06:42,493 [INFO ] [MainThread] [ExperimentEagle.experimentEagle] [func=update:line=840] updating plot
2020-05-14 20:06:42,503 [INFO ] [MainThread] [ExperimentEagle.experimentEagle] [func=_selectedFile_changed:line=1018] succesfully completed getImageData. Will now break from repetition loop
2020-05-14 20:06:42,503 [INFO ] [MainThread] [ExperimentEagle.experimentEagle] [func=update:line=840] updating plot
2020-05-14 20:07:02,072 [INFO ] [MainThread] [ExperimentEagle.experimentEagle] [func=_selectedFile_changed:line=1002] ######################## Selected File changed ########################
2020-05-14 20:07:02,072 [INFO ] [MainThread] [ExperimentEagle.experimentEagle] [func=_selectedFile_changed:line=1004] Update physics
2020-05-14 20:07:02,173 [WARNI] [MainThread] [ExperimentEagle.physicsProperties] [func=updatePhysics:line=129] Age of sequence file: 16.4898598194
2020-05-14 20:07:02,282 [INFO ] [MainThread] [ExperimentEagle.experimentEagle] [func=getImageData:line=166] processor = <processors.standardAndor0.StandardAndor0 object at 0x103BE450>
2020-05-14 20:07:02,282 [INFO ] [MainThread] [ExperimentEagle.Processor] [func=process:line=36] using standard Andor 0 process function
2020-05-14 20:07:02,282 [INFO ] [MainThread] [ExperimentEagle.Processor] [func=read:line=41] processor reading file!
2020-05-14 20:07:02,322 [INFO ] [MainThread] [ExperimentEagle.Processor] [func=rescale:line=93] processor: rescale factor = 0.955049408923 using region of shape: 120, 20
2020-05-14 20:07:02,322 [WARNI] [MainThread] [ExperimentEagle.Processor] [func=opticalDensity:line=65] Calculate OD picture..
2020-05-14 20:07:02,552 [WARNI] [MainThread] [ExperimentEagle.Processor] [func=opticalDensity:line=65] Calculate OD picture..
2020-05-14 20:07:02,612 [INFO ] [MainThread] [ExperimentEagle.experimentEagle] [func=getImageData:line=170] shape of raw Image = (723,723)
2020-05-14 20:07:02,622 [INFO ] [MainThread] [ExperimentEagle.experimentEagle] [func=update:line=840] updating plot
2020-05-14 20:07:02,622 [INFO ] [MainThread] [ExperimentEagle.experimentEagle] [func=_selectedFile_changed:line=1018] succesfully completed getImageData. Will now break from repetition loop
2020-05-14 20:07:02,622 [INFO ] [MainThread] [ExperimentEagle.experimentEagle] [func=update:line=840] updating plot
2020-05-14 20:07:32,263 [INFO ] [MainThread] [ExperimentEagle.experimentEagle] [func=_selectedFile_changed:line=1002] ######################## Selected File changed ########################
2020-05-14 20:07:32,263 [INFO ] [MainThread] [ExperimentEagle.experimentEagle] [func=_selectedFile_changed:line=1004] Update physics
2020-05-14 20:07:32,362 [WARNI] [MainThread] [ExperimentEagle.physicsProperties] [func=updatePhysics:line=129] Age of sequence file: 16.5945489407
2020-05-14 20:07:32,463 [INFO ] [MainThread] [ExperimentEagle.experimentEagle] [func=getImageData:line=166] processor = <processors.standardAndor0.StandardAndor0 object at 0x103BE450>
2020-05-14 20:07:32,463 [INFO ] [MainThread] [ExperimentEagle.Processor] [func=process:line=36] using standard Andor 0 process function
2020-05-14 20:07:32,463 [INFO ] [MainThread] [ExperimentEagle.Processor] [func=read:line=41] processor reading file!
2020-05-14 20:07:32,503 [INFO ] [MainThread] [ExperimentEagle.Processor] [func=rescale:line=93] processor: rescale factor = 1.06641187006 using region of shape: 120, 20
2020-05-14 20:07:32,503 [WARNI] [MainThread] [ExperimentEagle.Processor] [func=opticalDensity:line=65] Calculate OD picture..
2020-05-14 20:07:32,733 [WARNI] [MainThread] [ExperimentEagle.Processor] [func=opticalDensity:line=65] Calculate OD picture..
2020-05-14 20:07:32,792 [INFO ] [MainThread] [ExperimentEagle.experimentEagle] [func=getImageData:line=170] shape of raw Image = (723,723)
2020-05-14 20:07:32,802 [INFO ] [MainThread] [ExperimentEagle.experimentEagle] [func=update:line=840] updating plot
2020-05-14 20:07:32,802 [INFO ] [MainThread] [ExperimentEagle.experimentEagle] [func=_selectedFile_changed:line=1018] succesfully completed getImageData. Will now break from repetition loop
2020-05-14 20:07:32,802 [INFO ] [MainThread] [ExperimentEagle.experimentEagle] [func=update:line=840] updating plot
2020-05-14 20:08:02,453 [INFO ] [MainThread] [ExperimentEagle.experimentEagle] [func=_selectedFile_changed:line=1002] ######################## Selected File changed ########################
2020-05-14 20:08:02,453 [INFO ] [MainThread] [ExperimentEagle.experimentEagle] [func=_selectedFile_changed:line=1004] Update physics
2020-05-14 20:08:02,552 [WARNI] [MainThread] [ExperimentEagle.physicsProperties] [func=updatePhysics:line=129] Age of sequence file: 16.8184328079
2020-05-14 20:08:02,663 [INFO ] [MainThread] [ExperimentEagle.experimentEagle] [func=getImageData:line=166] processor = <processors.standardAndor0.StandardAndor0 object at 0x103BE450>
2020-05-14 20:08:02,663 [INFO ] [MainThread] [ExperimentEagle.Processor] [func=process:line=36] using standard Andor 0 process function
2020-05-14 20:08:02,663 [INFO ] [MainThread] [ExperimentEagle.Processor] [func=read:line=41] processor reading file!
2020-05-14 20:08:02,703 [INFO ] [MainThread] [ExperimentEagle.Processor] [func=rescale:line=93] processor: rescale factor = 0.972481049165 using region of shape: 120, 20
2020-05-14 20:08:02,703 [WARNI] [MainThread] [ExperimentEagle.Processor] [func=opticalDensity:line=65] Calculate OD picture..
2020-05-14 20:08:02,933 [WARNI] [MainThread] [ExperimentEagle.Processor] [func=opticalDensity:line=65] Calculate OD picture..
2020-05-14 20:08:02,993 [INFO ] [MainThread] [ExperimentEagle.experimentEagle] [func=getImageData:line=170] shape of raw Image = (723,723)
2020-05-14 20:08:03,003 [INFO ] [MainThread] [ExperimentEagle.experimentEagle] [func=update:line=840] updating plot
2020-05-14 20:08:03,003 [INFO ] [MainThread] [ExperimentEagle.experimentEagle] [func=_selectedFile_changed:line=1018] succesfully completed getImageData. Will now break from repetition loop
2020-05-14 20:08:03,003 [INFO ] [MainThread] [ExperimentEagle.experimentEagle] [func=update:line=840] updating plot
2020-05-14 20:08:32,632 [INFO ] [MainThread] [ExperimentEagle.experimentEagle] [func=_selectedFile_changed:line=1002] ######################## Selected File changed ########################
2020-05-14 20:08:32,632 [INFO ] [MainThread] [ExperimentEagle.experimentEagle] [func=_selectedFile_changed:line=1004] Update physics
2020-05-14 20:08:32,733 [WARNI] [MainThread] [ExperimentEagle.physicsProperties] [func=updatePhysics:line=129] Age of sequence file: 16.9281885624
2020-05-14 20:08:32,832 [INFO ] [MainThread] [ExperimentEagle.experimentEagle] [func=getImageData:line=166] processor = <processors.standardAndor0.StandardAndor0 object at 0x103BE450>
2020-05-14 20:08:32,832 [INFO ] [MainThread] [ExperimentEagle.Processor] [func=process:line=36] using standard Andor 0 process function
2020-05-14 20:08:32,832 [INFO ] [MainThread] [ExperimentEagle.Processor] [func=read:line=41] processor reading file!
2020-05-14 20:08:32,872 [INFO ] [MainThread] [ExperimentEagle.Processor] [func=rescale:line=93] processor: rescale factor = 1.00437215487 using region of shape: 120, 20
2020-05-14 20:08:32,872 [WARNI] [MainThread] [ExperimentEagle.Processor] [func=opticalDensity:line=65] Calculate OD picture..
2020-05-14 20:08:33,102 [WARNI] [MainThread] [ExperimentEagle.Processor] [func=opticalDensity:line=65] Calculate OD picture..
2020-05-14 20:08:33,163 [INFO ] [MainThread] [ExperimentEagle.experimentEagle] [func=getImageData:line=170] shape of raw Image = (723,723)
2020-05-14 20:08:33,173 [INFO ] [MainThread] [ExperimentEagle.experimentEagle] [func=update:line=840] updating plot
2020-05-14 20:08:33,173 [INFO ] [MainThread] [ExperimentEagle.experimentEagle] [func=_selectedFile_changed:line=1018] succesfully completed getImageData. Will now break from repetition loop
2020-05-14 20:08:33,173 [INFO ] [MainThread] [ExperimentEagle.experimentEagle] [func=update:line=840] updating plot
2020-05-14 20:09:02,825 [INFO ] [MainThread] [ExperimentEagle.experimentEagle] [func=_selectedFile_changed:line=1002] ######################## Selected File changed ########################
2020-05-14 20:09:02,825 [INFO ] [MainThread] [ExperimentEagle.experimentEagle] [func=_selectedFile_changed:line=1004] Update physics
2020-05-14 20:09:02,924 [WARNI] [MainThread] [ExperimentEagle.physicsProperties] [func=updatePhysics:line=129] Age of sequence file: 17.0063753128
2020-05-14 20:09:03,025 [INFO ] [MainThread] [ExperimentEagle.experimentEagle] [func=getImageData:line=166] processor = <processors.standardAndor0.StandardAndor0 object at 0x103BE450>
2020-05-14 20:09:03,025 [INFO ] [MainThread] [ExperimentEagle.Processor] [func=process:line=36] using standard Andor 0 process function
2020-05-14 20:09:03,025 [INFO ] [MainThread] [ExperimentEagle.Processor] [func=read:line=41] processor reading file!
2020-05-14 20:09:03,065 [INFO ] [MainThread] [ExperimentEagle.Processor] [func=rescale:line=93] processor: rescale factor = 0.953887243735 using region of shape: 120, 20
2020-05-14 20:09:03,065 [WARNI] [MainThread] [ExperimentEagle.Processor] [func=opticalDensity:line=65] Calculate OD picture..
2020-05-14 20:09:03,295 [WARNI] [MainThread] [ExperimentEagle.Processor] [func=opticalDensity:line=65] Calculate OD picture..
2020-05-14 20:09:03,355 [INFO ] [MainThread] [ExperimentEagle.experimentEagle] [func=getImageData:line=170] shape of raw Image = (723,723)
2020-05-14 20:09:03,365 [INFO ] [MainThread] [ExperimentEagle.experimentEagle] [func=update:line=840] updating plot
2020-05-14 20:09:03,365 [INFO ] [MainThread] [ExperimentEagle.experimentEagle] [func=_selectedFile_changed:line=1018] succesfully completed getImageData. Will now break from repetition loop
2020-05-14 20:09:03,365 [INFO ] [MainThread] [ExperimentEagle.experimentEagle] [func=update:line=840] updating plot
2020-05-14 20:09:33,005 [INFO ] [MainThread] [ExperimentEagle.experimentEagle] [func=_selectedFile_changed:line=1002] ######################## Selected File changed ########################
2020-05-14 20:09:33,005 [INFO ] [MainThread] [ExperimentEagle.experimentEagle] [func=_selectedFile_changed:line=1004] Update physics
2020-05-14 20:09:33,105 [WARNI] [MainThread] [ExperimentEagle.physicsProperties] [func=updatePhysics:line=129] Age of sequence file: 17.2213487625
2020-05-14 20:09:33,214 [INFO ] [MainThread] [ExperimentEagle.experimentEagle] [func=getImageData:line=166] processor = <processors.standardAndor0.StandardAndor0 object at 0x103BE450>
2020-05-14 20:09:33,214 [INFO ] [MainThread] [ExperimentEagle.Processor] [func=process:line=36] using standard Andor 0 process function
2020-05-14 20:09:33,214 [INFO ] [MainThread] [ExperimentEagle.Processor] [func=read:line=41] processor reading file!
2020-05-14 20:09:33,255 [INFO ] [MainThread] [ExperimentEagle.Processor] [func=rescale:line=93] processor: rescale factor = 1.06353456829 using region of shape: 120, 20
2020-05-14 20:09:33,255 [WARNI] [MainThread] [ExperimentEagle.Processor] [func=opticalDensity:line=65] Calculate OD picture..
2020-05-14 20:09:33,484 [WARNI] [MainThread] [ExperimentEagle.Processor] [func=opticalDensity:line=65] Calculate OD picture..
2020-05-14 20:09:33,545 [INFO ] [MainThread] [ExperimentEagle.experimentEagle] [func=getImageData:line=170] shape of raw Image = (723,723)
2020-05-14 20:09:33,555 [INFO ] [MainThread] [ExperimentEagle.experimentEagle] [func=update:line=840] updating plot
2020-05-14 20:09:33,555 [INFO ] [MainThread] [ExperimentEagle.experimentEagle] [func=_selectedFile_changed:line=1018] succesfully completed getImageData. Will now break from repetition loop
2020-05-14 20:09:33,555 [INFO ] [MainThread] [ExperimentEagle.experimentEagle] [func=update:line=840] updating plot
2020-05-14 20:09:53,134 [INFO ] [MainThread] [ExperimentEagle.experimentEagle] [func=_selectedFile_changed:line=1002] ######################## Selected File changed ########################
2020-05-14 20:09:53,134 [INFO ] [MainThread] [ExperimentEagle.experimentEagle] [func=_selectedFile_changed:line=1004] Update physics
2020-05-14 20:09:53,234 [WARNI] [MainThread] [ExperimentEagle.physicsProperties] [func=updatePhysics:line=129] Age of sequence file: 17.3444559574
2020-05-14 20:09:53,335 [INFO ] [MainThread] [ExperimentEagle.experimentEagle] [func=getImageData:line=166] processor = <processors.standardAndor0.StandardAndor0 object at 0x103BE450>
2020-05-14 20:09:53,335 [INFO ] [MainThread] [ExperimentEagle.Processor] [func=process:line=36] using standard Andor 0 process function
2020-05-14 20:09:53,335 [INFO ] [MainThread] [ExperimentEagle.Processor] [func=read:line=41] processor reading file!
2020-05-14 20:09:53,375 [INFO ] [MainThread] [ExperimentEagle.Processor] [func=rescale:line=93] processor: rescale factor = 1.00377024954 using region of shape: 120, 20
2020-05-14 20:09:53,375 [WARNI] [MainThread] [ExperimentEagle.Processor] [func=opticalDensity:line=65] Calculate OD picture..
2020-05-14 20:09:53,605 [WARNI] [MainThread] [ExperimentEagle.Processor] [func=opticalDensity:line=65] Calculate OD picture..
2020-05-14 20:09:53,674 [INFO ] [MainThread] [ExperimentEagle.experimentEagle] [func=getImageData:line=170] shape of raw Image = (723,723)
2020-05-14 20:09:53,674 [INFO ] [MainThread] [ExperimentEagle.experimentEagle] [func=update:line=840] updating plot
2020-05-14 20:09:53,684 [INFO ] [MainThread] [ExperimentEagle.experimentEagle] [func=_selectedFile_changed:line=1018] succesfully completed getImageData. Will now break from repetition loop
2020-05-14 20:09:53,684 [INFO ] [MainThread] [ExperimentEagle.experimentEagle] [func=update:line=840] updating plot
2020-05-14 20:10:23,315 [INFO ] [MainThread] [ExperimentEagle.experimentEagle] [func=_selectedFile_changed:line=1002] ######################## Selected File changed ########################
2020-05-14 20:10:23,315 [INFO ] [MainThread] [ExperimentEagle.experimentEagle] [func=_selectedFile_changed:line=1004] Update physics
2020-05-14 20:10:23,415 [WARNI] [MainThread] [ExperimentEagle.physicsProperties] [func=updatePhysics:line=129] Age of sequence file: 16.4568166733
2020-05-14 20:10:23,526 [INFO ] [MainThread] [ExperimentEagle.experimentEagle] [func=getImageData:line=166] processor = <processors.standardAndor0.StandardAndor0 object at 0x103BE450>
2020-05-14 20:10:23,526 [INFO ] [MainThread] [ExperimentEagle.Processor] [func=process:line=36] using standard Andor 0 process function
2020-05-14 20:10:23,526 [INFO ] [MainThread] [ExperimentEagle.Processor] [func=read:line=41] processor reading file!
2020-05-14 20:10:23,565 [INFO ] [MainThread] [ExperimentEagle.Processor] [func=rescale:line=93] processor: rescale factor = 0.970579039765 using region of shape: 120, 20
2020-05-14 20:10:23,575 [WARNI] [MainThread] [ExperimentEagle.Processor] [func=opticalDensity:line=65] Calculate OD picture..
2020-05-14 20:10:23,805 [WARNI] [MainThread] [ExperimentEagle.Processor] [func=opticalDensity:line=65] Calculate OD picture..
2020-05-14 20:10:23,865 [INFO ] [MainThread] [ExperimentEagle.experimentEagle] [func=getImageData:line=170] shape of raw Image = (723,723)
2020-05-14 20:10:23,875 [INFO ] [MainThread] [ExperimentEagle.experimentEagle] [func=update:line=840] updating plot
2020-05-14 20:10:23,875 [INFO ] [MainThread] [ExperimentEagle.experimentEagle] [func=_selectedFile_changed:line=1018] succesfully completed getImageData. Will now break from repetition loop
2020-05-14 20:10:23,875 [INFO ] [MainThread] [ExperimentEagle.experimentEagle] [func=update:line=840] updating plot
2020-05-14 20:10:53,506 [INFO ] [MainThread] [ExperimentEagle.experimentEagle] [func=_selectedFile_changed:line=1002] ######################## Selected File changed ########################
2020-05-14 20:10:53,506 [INFO ] [MainThread] [ExperimentEagle.experimentEagle] [func=_selectedFile_changed:line=1004] Update physics
2020-05-14 20:10:53,615 [WARNI] [MainThread] [ExperimentEagle.physicsProperties] [func=updatePhysics:line=129] Age of sequence file: 16.7220849991
2020-05-14 20:10:53,716 [INFO ] [MainThread] [ExperimentEagle.experimentEagle] [func=getImageData:line=166] processor = <processors.standardAndor0.StandardAndor0 object at 0x103BE450>
2020-05-14 20:10:53,716 [INFO ] [MainThread] [ExperimentEagle.Processor] [func=process:line=36] using standard Andor 0 process function
2020-05-14 20:10:53,716 [INFO ] [MainThread] [ExperimentEagle.Processor] [func=read:line=41] processor reading file!
2020-05-14 20:10:53,756 [INFO ] [MainThread] [ExperimentEagle.Processor] [func=rescale:line=93] processor: rescale factor = 0.929805588565 using region of shape: 120, 20
2020-05-14 20:10:53,756 [WARNI] [MainThread] [ExperimentEagle.Processor] [func=opticalDensity:line=65] Calculate OD picture..
2020-05-14 20:10:53,986 [WARNI] [MainThread] [ExperimentEagle.Processor] [func=opticalDensity:line=65] Calculate OD picture..
2020-05-14 20:10:54,046 [INFO ] [MainThread] [ExperimentEagle.experimentEagle] [func=getImageData:line=170] shape of raw Image = (723,723)
2020-05-14 20:10:54,046 [INFO ] [MainThread] [ExperimentEagle.experimentEagle] [func=update:line=840] updating plot
2020-05-14 20:10:54,055 [INFO ] [MainThread] [ExperimentEagle.experimentEagle] [func=_selectedFile_changed:line=1018] succesfully completed getImageData. Will now break from repetition loop
2020-05-14 20:10:54,055 [INFO ] [MainThread] [ExperimentEagle.experimentEagle] [func=update:line=840] updating plot
2020-05-14 20:11:23,686 [INFO ] [MainThread] [ExperimentEagle.experimentEagle] [func=_selectedFile_changed:line=1002] ######################## Selected File changed ########################
2020-05-14 20:11:23,686 [INFO ] [MainThread] [ExperimentEagle.experimentEagle] [func=_selectedFile_changed:line=1004] Update physics
2020-05-14 20:11:23,796 [WARNI] [MainThread] [ExperimentEagle.physicsProperties] [func=updatePhysics:line=129] Age of sequence file: 16.7474610806
2020-05-14 20:11:23,895 [INFO ] [MainThread] [ExperimentEagle.experimentEagle] [func=getImageData:line=166] processor = <processors.standardAndor0.StandardAndor0 object at 0x103BE450>
2020-05-14 20:11:23,895 [INFO ] [MainThread] [ExperimentEagle.Processor] [func=process:line=36] using standard Andor 0 process function
2020-05-14 20:11:23,895 [INFO ] [MainThread] [ExperimentEagle.Processor] [func=read:line=41] processor reading file!
2020-05-14 20:11:23,936 [INFO ] [MainThread] [ExperimentEagle.Processor] [func=rescale:line=93] processor: rescale factor = 0.915564224941 using region of shape: 120, 20
2020-05-14 20:11:23,936 [WARNI] [MainThread] [ExperimentEagle.Processor] [func=opticalDensity:line=65] Calculate OD picture..
2020-05-14 20:11:24,165 [WARNI] [MainThread] [ExperimentEagle.Processor] [func=opticalDensity:line=65] Calculate OD picture..
2020-05-14 20:11:24,226 [INFO ] [MainThread] [ExperimentEagle.experimentEagle] [func=getImageData:line=170] shape of raw Image = (723,723)
2020-05-14 20:11:24,236 [INFO ] [MainThread] [ExperimentEagle.experimentEagle] [func=update:line=840] updating plot
2020-05-14 20:11:24,236 [INFO ] [MainThread] [ExperimentEagle.experimentEagle] [func=_selectedFile_changed:line=1018] succesfully completed getImageData. Will now break from repetition loop
2020-05-14 20:11:24,236 [INFO ] [MainThread] [ExperimentEagle.experimentEagle] [func=update:line=840] updating plot
2020-05-14 20:11:53,878 [INFO ] [MainThread] [ExperimentEagle.experimentEagle] [func=_selectedFile_changed:line=1002] ######################## Selected File changed ########################
2020-05-14 20:11:53,878 [INFO ] [MainThread] [ExperimentEagle.experimentEagle] [func=_selectedFile_changed:line=1004] Update physics
2020-05-14 20:11:53,977 [WARNI] [MainThread] [ExperimentEagle.physicsProperties] [func=updatePhysics:line=129] Age of sequence file: 16.9553129673
2020-05-14 20:11:54,088 [INFO ] [MainThread] [ExperimentEagle.experimentEagle] [func=getImageData:line=166] processor = <processors.standardAndor0.StandardAndor0 object at 0x103BE450>
2020-05-14 20:11:54,088 [INFO ] [MainThread] [ExperimentEagle.Processor] [func=process:line=36] using standard Andor 0 process function
2020-05-14 20:11:54,088 [INFO ] [MainThread] [ExperimentEagle.Processor] [func=read:line=41] processor reading file!
2020-05-14 20:11:54,128 [INFO ] [MainThread] [ExperimentEagle.Processor] [func=rescale:line=93] processor: rescale factor = 0.964613531402 using region of shape: 120, 20
2020-05-14 20:11:54,128 [WARNI] [MainThread] [ExperimentEagle.Processor] [func=opticalDensity:line=65] Calculate OD picture..
2020-05-14 20:11:54,358 [WARNI] [MainThread] [ExperimentEagle.Processor] [func=opticalDensity:line=65] Calculate OD picture..
2020-05-14 20:11:54,417 [INFO ] [MainThread] [ExperimentEagle.experimentEagle] [func=getImageData:line=170] shape of raw Image = (723,723)
2020-05-14 20:11:54,427 [INFO ] [MainThread] [ExperimentEagle.experimentEagle] [func=update:line=840] updating plot
2020-05-14 20:11:54,427 [INFO ] [MainThread] [ExperimentEagle.experimentEagle] [func=_selectedFile_changed:line=1018] succesfully completed getImageData. Will now break from repetition loop
2020-05-14 20:11:54,427 [INFO ] [MainThread] [ExperimentEagle.experimentEagle] [func=update:line=840] updating plot
2020-05-14 20:12:24,058 [INFO ] [MainThread] [ExperimentEagle.experimentEagle] [func=_selectedFile_changed:line=1002] ######################## Selected File changed ########################
2020-05-14 20:12:24,058 [INFO ] [MainThread] [ExperimentEagle.experimentEagle] [func=_selectedFile_changed:line=1004] Update physics
2020-05-14 20:12:24,157 [WARNI] [MainThread] [ExperimentEagle.physicsProperties] [func=updatePhysics:line=129] Age of sequence file: 17.0739490986
2020-05-14 20:12:24,257 [INFO ] [MainThread] [ExperimentEagle.experimentEagle] [func=getImageData:line=166] processor = <processors.standardAndor0.StandardAndor0 object at 0x103BE450>
2020-05-14 20:12:24,257 [INFO ] [MainThread] [ExperimentEagle.Processor] [func=process:line=36] using standard Andor 0 process function
2020-05-14 20:12:24,257 [INFO ] [MainThread] [ExperimentEagle.Processor] [func=read:line=41] processor reading file!
2020-05-14 20:12:24,298 [INFO ] [MainThread] [ExperimentEagle.Processor] [func=rescale:line=93] processor: rescale factor = 1.0097500386 using region of shape: 120, 20
2020-05-14 20:12:24,298 [WARNI] [MainThread] [ExperimentEagle.Processor] [func=opticalDensity:line=65] Calculate OD picture..
2020-05-14 20:12:24,528 [WARNI] [MainThread] [ExperimentEagle.Processor] [func=opticalDensity:line=65] Calculate OD picture..
2020-05-14 20:12:24,598 [INFO ] [MainThread] [ExperimentEagle.experimentEagle] [func=getImageData:line=170] shape of raw Image = (723,723)
2020-05-14 20:12:24,598 [INFO ] [MainThread] [ExperimentEagle.experimentEagle] [func=update:line=840] updating plot
2020-05-14 20:12:24,598 [INFO ] [MainThread] [ExperimentEagle.experimentEagle] [func=_selectedFile_changed:line=1018] succesfully completed getImageData. Will now break from repetition loop
2020-05-14 20:12:24,598 [INFO ] [MainThread] [ExperimentEagle.experimentEagle] [func=update:line=840] updating plot
2020-05-14 20:12:44,187 [INFO ] [MainThread] [ExperimentEagle.experimentEagle] [func=_selectedFile_changed:line=1002] ######################## Selected File changed ########################
2020-05-14 20:12:44,187 [INFO ] [MainThread] [ExperimentEagle.experimentEagle] [func=_selectedFile_changed:line=1004] Update physics
2020-05-14 20:12:44,288 [WARNI] [MainThread] [ExperimentEagle.physicsProperties] [func=updatePhysics:line=129] Age of sequence file: 17.1717977524
2020-05-14 20:12:44,398 [INFO ] [MainThread] [ExperimentEagle.experimentEagle] [func=getImageData:line=166] processor = <processors.standardAndor0.StandardAndor0 object at 0x103BE450>
2020-05-14 20:12:44,398 [INFO ] [MainThread] [ExperimentEagle.Processor] [func=process:line=36] using standard Andor 0 process function
2020-05-14 20:12:44,398 [INFO ] [MainThread] [ExperimentEagle.Processor] [func=read:line=41] processor reading file!
2020-05-14 20:12:44,437 [INFO ] [MainThread] [ExperimentEagle.Processor] [func=rescale:line=93] processor: rescale factor = 1.02327141192 using region of shape: 120, 20
2020-05-14 20:12:44,437 [WARNI] [MainThread] [ExperimentEagle.Processor] [func=opticalDensity:line=65] Calculate OD picture..
2020-05-14 20:12:45,247 [WARNI] [MainThread] [ExperimentEagle.Processor] [func=opticalDensity:line=65] Calculate OD picture..
2020-05-14 20:12:45,308 [INFO ] [MainThread] [ExperimentEagle.experimentEagle] [func=getImageData:line=170] shape of raw Image = (723,723)
2020-05-14 20:12:45,308 [INFO ] [MainThread] [ExperimentEagle.experimentEagle] [func=update:line=840] updating plot
2020-05-14 20:12:45,318 [INFO ] [MainThread] [ExperimentEagle.experimentEagle] [func=_selectedFile_changed:line=1018] succesfully completed getImageData. Will now break from repetition loop
2020-05-14 20:12:45,318 [INFO ] [MainThread] [ExperimentEagle.experimentEagle] [func=update:line=840] updating plot
2020-05-14 20:13:14,369 [INFO ] [MainThread] [ExperimentEagle.experimentEagle] [func=_selectedFile_changed:line=1002] ######################## Selected File changed ########################
2020-05-14 20:13:14,369 [INFO ] [MainThread] [ExperimentEagle.experimentEagle] [func=_selectedFile_changed:line=1004] Update physics
2020-05-14 20:13:14,480 [WARNI] [MainThread] [ExperimentEagle.physicsProperties] [func=updatePhysics:line=129] Age of sequence file: 16.4803009033
2020-05-14 20:13:14,579 [INFO ] [MainThread] [ExperimentEagle.experimentEagle] [func=getImageData:line=166] processor = <processors.standardAndor0.StandardAndor0 object at 0x103BE450>
2020-05-14 20:13:14,579 [INFO ] [MainThread] [ExperimentEagle.Processor] [func=process:line=36] using standard Andor 0 process function
2020-05-14 20:13:14,579 [INFO ] [MainThread] [ExperimentEagle.Processor] [func=read:line=41] processor reading file!
2020-05-14 20:13:14,619 [INFO ] [MainThread] [ExperimentEagle.Processor] [func=rescale:line=93] processor: rescale factor = 1.01303409449 using region of shape: 120, 20
2020-05-14 20:13:14,619 [WARNI] [MainThread] [ExperimentEagle.Processor] [func=opticalDensity:line=65] Calculate OD picture..
2020-05-14 20:13:14,849 [WARNI] [MainThread] [ExperimentEagle.Processor] [func=opticalDensity:line=65] Calculate OD picture..
2020-05-14 20:13:14,910 [INFO ] [MainThread] [ExperimentEagle.experimentEagle] [func=getImageData:line=170] shape of raw Image = (723,723)
2020-05-14 20:13:14,910 [INFO ] [MainThread] [ExperimentEagle.experimentEagle] [func=update:line=840] updating plot
2020-05-14 20:13:14,920 [INFO ] [MainThread] [ExperimentEagle.experimentEagle] [func=_selectedFile_changed:line=1018] succesfully completed getImageData. Will now break from repetition loop
2020-05-14 20:13:14,920 [INFO ] [MainThread] [ExperimentEagle.experimentEagle] [func=update:line=840] updating plot
2020-05-14 20:13:40,319 [WARNI] [MainThread] [ExperimentEagle.fits] [func=_log_fit:line=570] no log file defined. Will not log
2020-05-14 20:13:44,559 [INFO ] [MainThread] [ExperimentEagle.experimentEagle] [func=_selectedFile_changed:line=1002] ######################## Selected File changed ########################
2020-05-14 20:13:44,559 [INFO ] [MainThread] [ExperimentEagle.experimentEagle] [func=_selectedFile_changed:line=1004] Update physics
2020-05-14 20:13:44,660 [WARNI] [MainThread] [ExperimentEagle.physicsProperties] [func=updatePhysics:line=129] Age of sequence file: 16.5099623203
2020-05-14 20:13:44,769 [INFO ] [MainThread] [ExperimentEagle.experimentEagle] [func=getImageData:line=166] processor = <processors.standardAndor0.StandardAndor0 object at 0x103BE450>
2020-05-14 20:13:44,769 [INFO ] [MainThread] [ExperimentEagle.Processor] [func=process:line=36] using standard Andor 0 process function
2020-05-14 20:13:44,769 [INFO ] [MainThread] [ExperimentEagle.Processor] [func=read:line=41] processor reading file!
2020-05-14 20:13:44,809 [INFO ] [MainThread] [ExperimentEagle.Processor] [func=rescale:line=93] processor: rescale factor = 0.987061479444 using region of shape: 120, 20
2020-05-14 20:13:44,809 [WARNI] [MainThread] [ExperimentEagle.Processor] [func=opticalDensity:line=65] Calculate OD picture..
2020-05-14 20:13:45,039 [WARNI] [MainThread] [ExperimentEagle.Processor] [func=opticalDensity:line=65] Calculate OD picture..
2020-05-14 20:13:45,099 [INFO ] [MainThread] [ExperimentEagle.experimentEagle] [func=getImageData:line=170] shape of raw Image = (723,723)
2020-05-14 20:13:45,099 [INFO ] [MainThread] [ExperimentEagle.experimentEagle] [func=update:line=840] updating plot
2020-05-14 20:13:45,109 [INFO ] [MainThread] [ExperimentEagle.experimentEagle] [func=_selectedFile_changed:line=1018] succesfully completed getImageData. Will now break from repetition loop
2020-05-14 20:13:45,109 [INFO ] [MainThread] [ExperimentEagle.experimentEagle] [func=update:line=840] updating plot
2020-05-14 20:13:46,509 [INFO ] [Thread-4] [ExperimentEagle.fits] [func=run:line=144] starting fitting thread
2020-05-14 20:13:46,509 [WARNI] [Thread-4] [ExperimentEagle.fits] [func=run:line=156] Cannot test conditional fit, because variable 'eagleID' is missing
2020-05-14 20:13:46,509 [INFO ] [Thread-4] [ExperimentEagle.fits] [func=_get_subSpaceArrays:line=376] xs array sliced length 72 
2020-05-14 20:13:46,509 [INFO ] [Thread-4] [ExperimentEagle.fits] [func=_get_subSpaceArrays:line=377] ys array sliced length 65  
2020-05-14 20:13:46,509 [INFO ] [Thread-4] [ExperimentEagle.fits] [func=_get_subSpaceArrays:line=379] zs sub space array 65,72 
2020-05-14 20:13:46,539 [INFO ] [Thread-4] [ExperimentEagle.fits] [func=_get_subSpaceArrays:line=376] xs array sliced length 72 
2020-05-14 20:13:46,539 [INFO ] [Thread-4] [ExperimentEagle.fits] [func=_get_subSpaceArrays:line=377] ys array sliced length 65  
2020-05-14 20:13:46,539 [INFO ] [Thread-4] [ExperimentEagle.fits] [func=_get_subSpaceArrays:line=379] zs sub space array 65,72 
2020-05-14 20:13:46,539 [INFO ] [Thread-4] [ExperimentEagle.fits] [func=_deriveCalculatedParameters:line=157] Derived values from fit
2020-05-14 20:13:46,539 [INFO ] [Thread-4] [ExperimentEagle.fits] [func=run:line=177] auto draw bool is true so using the rerefernce to imageInspector bool to call the function to draw the fit as contours
2020-05-14 20:13:46,539 [INFO ] [Thread-4] [ExperimentEagle.experimentEagle] [func=addFitPlot:line=827] attempting to set fit data
2020-05-14 20:13:46,630 [INFO ] [Thread-4] [ExperimentEagle.fits] [func=run:line=182] saving last fit results to a separate text file
2020-05-14 20:14:14,750 [INFO ] [MainThread] [ExperimentEagle.experimentEagle] [func=_selectedFile_changed:line=1002] ######################## Selected File changed ########################
2020-05-14 20:14:14,750 [INFO ] [MainThread] [ExperimentEagle.experimentEagle] [func=_selectedFile_changed:line=1004] Update physics
2020-05-14 20:14:14,849 [WARNI] [MainThread] [ExperimentEagle.physicsProperties] [func=updatePhysics:line=129] Age of sequence file: 17.1036758423
2020-05-14 20:14:14,950 [INFO ] [MainThread] [ExperimentEagle.experimentEagle] [func=getImageData:line=166] processor = <processors.standardAndor0.StandardAndor0 object at 0x103BE450>
2020-05-14 20:14:14,950 [INFO ] [MainThread] [ExperimentEagle.Processor] [func=process:line=36] using standard Andor 0 process function
2020-05-14 20:14:14,950 [INFO ] [MainThread] [ExperimentEagle.Processor] [func=read:line=41] processor reading file!
2020-05-14 20:14:14,990 [INFO ] [MainThread] [ExperimentEagle.Processor] [func=rescale:line=93] processor: rescale factor = 0.911020051307 using region of shape: 120, 20
2020-05-14 20:14:14,990 [WARNI] [MainThread] [ExperimentEagle.Processor] [func=opticalDensity:line=65] Calculate OD picture..
2020-05-14 20:14:15,220 [WARNI] [MainThread] [ExperimentEagle.Processor] [func=opticalDensity:line=65] Calculate OD picture..
2020-05-14 20:14:15,279 [INFO ] [MainThread] [ExperimentEagle.experimentEagle] [func=getImageData:line=170] shape of raw Image = (723,723)
2020-05-14 20:14:15,289 [INFO ] [MainThread] [ExperimentEagle.experimentEagle] [func=update:line=840] updating plot
2020-05-14 20:14:15,289 [INFO ] [MainThread] [ExperimentEagle.experimentEagle] [func=_selectedFile_changed:line=1018] succesfully completed getImageData. Will now break from repetition loop
2020-05-14 20:14:15,289 [INFO ] [MainThread] [ExperimentEagle.experimentEagle] [func=update:line=840] updating plot
2020-05-14 20:14:44,931 [INFO ] [MainThread] [ExperimentEagle.experimentEagle] [func=_selectedFile_changed:line=1002] ######################## Selected File changed ########################
2020-05-14 20:14:44,931 [INFO ] [MainThread] [ExperimentEagle.experimentEagle] [func=_selectedFile_changed:line=1004] Update physics
2020-05-14 20:14:45,032 [WARNI] [MainThread] [ExperimentEagle.physicsProperties] [func=updatePhysics:line=129] Age of sequence file: 16.7357611656
2020-05-14 20:14:45,141 [INFO ] [MainThread] [ExperimentEagle.experimentEagle] [func=getImageData:line=166] processor = <processors.standardAndor0.StandardAndor0 object at 0x103BE450>
2020-05-14 20:14:45,141 [INFO ] [MainThread] [ExperimentEagle.Processor] [func=process:line=36] using standard Andor 0 process function
2020-05-14 20:14:45,141 [INFO ] [MainThread] [ExperimentEagle.Processor] [func=read:line=41] processor reading file!
2020-05-14 20:14:45,181 [INFO ] [MainThread] [ExperimentEagle.Processor] [func=rescale:line=93] processor: rescale factor = 0.971431433573 using region of shape: 120, 20
2020-05-14 20:14:45,181 [WARNI] [MainThread] [ExperimentEagle.Processor] [func=opticalDensity:line=65] Calculate OD picture..
2020-05-14 20:14:45,411 [WARNI] [MainThread] [ExperimentEagle.Processor] [func=opticalDensity:line=65] Calculate OD picture..
2020-05-14 20:14:45,482 [INFO ] [MainThread] [ExperimentEagle.experimentEagle] [func=getImageData:line=170] shape of raw Image = (723,723)
2020-05-14 20:14:45,482 [INFO ] [MainThread] [ExperimentEagle.experimentEagle] [func=update:line=840] updating plot
2020-05-14 20:14:45,492 [INFO ] [MainThread] [ExperimentEagle.experimentEagle] [func=_selectedFile_changed:line=1018] succesfully completed getImageData. Will now break from repetition loop
2020-05-14 20:14:45,492 [INFO ] [MainThread] [ExperimentEagle.experimentEagle] [func=update:line=840] updating plot
2020-05-14 20:15:15,121 [INFO ] [MainThread] [ExperimentEagle.experimentEagle] [func=_selectedFile_changed:line=1002] ######################## Selected File changed ########################
2020-05-14 20:15:15,121 [INFO ] [MainThread] [ExperimentEagle.experimentEagle] [func=_selectedFile_changed:line=1004] Update physics
2020-05-14 20:15:15,221 [WARNI] [MainThread] [ExperimentEagle.physicsProperties] [func=updatePhysics:line=129] Age of sequence file: 17.0231688023
2020-05-14 20:15:15,332 [INFO ] [MainThread] [ExperimentEagle.experimentEagle] [func=getImageData:line=166] processor = <processors.standardAndor0.StandardAndor0 object at 0x103BE450>
2020-05-14 20:15:15,332 [INFO ] [MainThread] [ExperimentEagle.Processor] [func=process:line=36] using standard Andor 0 process function
2020-05-14 20:15:15,332 [INFO ] [MainThread] [ExperimentEagle.Processor] [func=read:line=41] processor reading file!
2020-05-14 20:15:15,391 [INFO ] [MainThread] [ExperimentEagle.Processor] [func=rescale:line=93] processor: rescale factor = 1.04840245679 using region of shape: 120, 20
2020-05-14 20:15:15,391 [WARNI] [MainThread] [ExperimentEagle.Processor] [func=opticalDensity:line=65] Calculate OD picture..
2020-05-14 20:15:15,621 [WARNI] [MainThread] [ExperimentEagle.Processor] [func=opticalDensity:line=65] Calculate OD picture..
2020-05-14 20:15:15,681 [INFO ] [MainThread] [ExperimentEagle.experimentEagle] [func=getImageData:line=170] shape of raw Image = (723,723)
2020-05-14 20:15:15,691 [INFO ] [MainThread] [ExperimentEagle.experimentEagle] [func=update:line=840] updating plot
2020-05-14 20:15:15,691 [INFO ] [MainThread] [ExperimentEagle.experimentEagle] [func=_selectedFile_changed:line=1018] succesfully completed getImageData. Will now break from repetition loop
2020-05-14 20:15:15,691 [INFO ] [MainThread] [ExperimentEagle.experimentEagle] [func=update:line=840] updating plot
