2020-02-11 17:48:15,150 [INFO ] [MainThread] [ExperimentEagle] [func=<module>:line=59] Welcome to Experiment Eagle version 4.0 written by Timothy Harrison. Report bugs to 
Timothy Harrison. See text at beginning of __init__.py for more information.
2020-02-11 17:48:19,213 [INFO ] [MainThread] [ExperimentEagle.experimentEagle] [func=_fixAspectRatioBool_changed:line=956] self.fixAspectRatioBool changed to True
2020-02-11 17:48:19,223 [INFO ] [MainThread] [ExperimentEagle.experimentEagle] [func=loadSettings:line=585] Load settings
2020-02-11 17:48:19,240 [INFO ] [MainThread] [ExperimentEagle.experimentEagle] [func=__init__:line=582] initialisation of experiment Eagle complete
2020-02-11 17:48:24,743 [INFO ] [MainThread] [ExperimentEagle.experimentEagle] [func=update:line=826] updating plot
2020-02-11 17:48:29,213 [INFO ] [MainThread] [ExperimentEagle.experimentEagle] [func=_cameraModel_changed:line=1021] Camera model changed to Alta1 processor
2020-02-11 17:48:29,232 [INFO ] [MainThread] [ExperimentEagle.experimentEagle] [func=_cameraModel_changed:line=1037] {u'auto': False, u'max': 5, u'min': -0.2}
2020-02-11 17:48:29,236 [ERROR] [MainThread] [ExperimentEagle.experimentEagle] [func=getImageData:line=141] image file not found. filling with zeros
2020-02-11 17:48:29,236 [INFO ] [MainThread] [ExperimentEagle.experimentEagle] [func=update:line=826] updating plot
2020-02-11 17:48:30,040 [INFO ] [MainThread] [ExperimentEagle.experimentEagle] [func=_configureWatchFolder_fired:line=1064] Configure watch folder for Alta1 processor
2020-02-11 17:48:30,572 [INFO ] [MainThread] [ExperimentEagle.experimentEagle] [func=_forceRefreshButton_fired:line=201] force refresh button fired
2020-02-11 17:48:30,584 [ERROR] [MainThread] [ExperimentEagle.experimentEagle] [func=getImageData:line=141] image file not found. filling with zeros
2020-02-11 17:48:30,585 [INFO ] [MainThread] [ExperimentEagle.experimentEagle] [func=update:line=826] updating plot
2020-02-11 17:48:30,589 [WARNI] [MainThread] [ExperimentEagle.experimentEagle] [func=checkForNewFiles:line=356] more than one new file found [u'evaporation Optimisation 7_ALTA0atoms_1102 174535.png', u'evaporation Optimisation 7_ALTA0atoms_1102 174507.png', u'evaporation Optimisation 7_ALTA0atoms_1102 174412.png', u'evaporation Optimisation 7_ALTA0atoms_1102 174603.png', u'evaporation Optimisation 7_ALTA0atoms_1102 174439.png'] only analysing first one
2020-02-11 17:48:30,592 [INFO ] [MainThread] [ExperimentEagle.experimentEagle] [func=_selectedFile_changed:line=988] ######################## Selected File changed ########################
2020-02-11 17:48:30,592 [INFO ] [MainThread] [ExperimentEagle.experimentEagle] [func=_selectedFile_changed:line=990] Update physics
2020-02-11 17:48:30,598 [ERROR] [MainThread] [ExperimentEagle.physicsProperties] [func=updatePhysics:line=139] Error when trying to load XML 'PhysicsProperties' object has no attribute 'selectedFileModifiedTime'
2020-02-11 17:48:30,743 [INFO ] [MainThread] [ExperimentEagle.experimentEagle] [func=getImageData:line=165] processor = <processors.standardAlta1.StandardAlta1 object at 0x000000000B791938>
2020-02-11 17:48:30,743 [INFO ] [MainThread] [ExperimentEagle.Processor] [func=process:line=37] using standard Alta 1 process function
2020-02-11 17:48:30,744 [ERROR] [MainThread] [ExperimentEagle.Processor] [func=process:line=42] T:/TOFAtomNumber/eagleWatchedFolder\evaporation Optimisation 7_ALTA0atoms_1102 174535.png
2020-02-11 17:48:30,749 [ERROR] [MainThread] [ExperimentEagle.Processor] [func=process:line=43] T:/TOFAtomNumber/eagleWatchedFolder\evaporation Optimisation 7_ALTA0dark_1102 174535.png
2020-02-11 17:48:30,750 [ERROR] [MainThread] [ExperimentEagle.Processor] [func=process:line=44] T:/TOFAtomNumber/eagleWatchedFolder\evaporation Optimisation 7_ALTA0light_1102 174535.png
2020-02-11 17:48:30,752 [INFO ] [MainThread] [ExperimentEagle.Processor] [func=read:line=38] processor reading file!
2020-02-11 17:48:30,773 [INFO ] [MainThread] [ExperimentEagle.Processor] [func=read:line=38] processor reading file!
2020-02-11 17:48:30,805 [ERROR] [MainThread] [ExperimentEagle.Processor] [func=process:line=52] atoms array mean:4641.5630544
2020-02-11 17:48:30,822 [ERROR] [MainThread] [ExperimentEagle.Processor] [func=process:line=53] light array mean:4921.91338603
2020-02-11 17:48:30,823 [INFO ] [MainThread] [ExperimentEagle.Processor] [func=read:line=38] processor reading file!
2020-02-11 17:48:30,855 [ERROR] [MainThread] [ExperimentEagle.Processor] [func=process:line=58] dark array mean:2788.77302551
2020-02-11 17:48:30,887 [INFO ] [MainThread] [ExperimentEagle.Processor] [func=rescale:line=81] processor: rescale factor = 1.0 using region of shape: 50, 50
2020-02-11 17:48:30,891 [INFO ] [MainThread] [ExperimentEagle.Processor] [func=rescale:line=81] processor: rescale factor = 1.0 using region of shape: 50, 50
2020-02-11 17:48:30,917 [ERROR] [MainThread] [ExperimentEagle.Processor] [func=process:line=77] OD mean:0.0
2020-02-11 17:48:30,993 [INFO ] [MainThread] [ExperimentEagle.experimentEagle] [func=getImageData:line=169] shape of raw Image = (512,768)
2020-02-11 17:48:31,013 [INFO ] [MainThread] [ExperimentEagle.experimentEagle] [func=update:line=826] updating plot
2020-02-11 17:48:31,016 [INFO ] [MainThread] [ExperimentEagle.experimentEagle] [func=_selectedFile_changed:line=1004] succesfully completed getImageData. Will now break from repetition loop
2020-02-11 17:48:31,016 [INFO ] [MainThread] [ExperimentEagle.experimentEagle] [func=update:line=826] updating plot
2020-02-11 17:48:31,020 [INFO ] [MainThread] [ExperimentEagle.experimentEagle] [func=_forceRefreshButton_fired:line=201] force refresh button fired
2020-02-11 17:48:31,043 [INFO ] [MainThread] [ExperimentEagle.experimentEagle] [func=getImageData:line=165] processor = <processors.standardAlta1.StandardAlta1 object at 0x000000000B791938>
2020-02-11 17:48:31,065 [INFO ] [MainThread] [ExperimentEagle.Processor] [func=process:line=37] using standard Alta 1 process function
2020-02-11 17:48:31,066 [ERROR] [MainThread] [ExperimentEagle.Processor] [func=process:line=42] T:/TOFAtomNumber/eagleWatchedFolder\evaporation Optimisation 7_ALTA0atoms_1102 174535.png
2020-02-11 17:48:31,068 [ERROR] [MainThread] [ExperimentEagle.Processor] [func=process:line=43] T:/TOFAtomNumber/eagleWatchedFolder\evaporation Optimisation 7_ALTA0dark_1102 174535.png
2020-02-11 17:48:31,069 [ERROR] [MainThread] [ExperimentEagle.Processor] [func=process:line=44] T:/TOFAtomNumber/eagleWatchedFolder\evaporation Optimisation 7_ALTA0light_1102 174535.png
2020-02-11 17:48:31,069 [INFO ] [MainThread] [ExperimentEagle.Processor] [func=read:line=38] processor reading file!
2020-02-11 17:48:31,094 [INFO ] [MainThread] [ExperimentEagle.Processor] [func=read:line=38] processor reading file!
2020-02-11 17:48:31,148 [ERROR] [MainThread] [ExperimentEagle.Processor] [func=process:line=52] atoms array mean:4641.5630544
2020-02-11 17:48:31,153 [ERROR] [MainThread] [ExperimentEagle.Processor] [func=process:line=53] light array mean:4921.91338603
2020-02-11 17:48:31,190 [INFO ] [MainThread] [ExperimentEagle.Processor] [func=read:line=38] processor reading file!
2020-02-11 17:48:31,213 [ERROR] [MainThread] [ExperimentEagle.Processor] [func=process:line=58] dark array mean:2788.77302551
2020-02-11 17:48:31,259 [INFO ] [MainThread] [ExperimentEagle.Processor] [func=rescale:line=81] processor: rescale factor = 1.0 using region of shape: 50, 50
2020-02-11 17:48:31,263 [INFO ] [MainThread] [ExperimentEagle.Processor] [func=rescale:line=81] processor: rescale factor = 1.0 using region of shape: 50, 50
2020-02-11 17:48:31,285 [ERROR] [MainThread] [ExperimentEagle.Processor] [func=process:line=77] OD mean:0.0
2020-02-11 17:48:31,361 [INFO ] [MainThread] [ExperimentEagle.experimentEagle] [func=getImageData:line=169] shape of raw Image = (512,768)
2020-02-11 17:48:31,375 [INFO ] [MainThread] [ExperimentEagle.experimentEagle] [func=update:line=826] updating plot
2020-02-11 17:48:41,743 [INFO ] [MainThread] [ExperimentEagle.OptionsDictionaryEditor] [func=editOptionsDialog:line=76] returning optionsDict
2020-02-11 17:48:41,749 [INFO ] [MainThread] [ExperimentEagle.Processor] [func=editOptions:line=96] updating options dictionary with values OrderedDict([('process?', True), ('darkSubtraction?', True), ('rawImageWithDarkSubtraction?', False), ('rescale?', False), ('rescaleInitialX', 450), ('rescaleInitialY', 300), ('rescaleWidth', 50), ('rescaleHeight', 100), ('drawRescaleRegion?', True), ('rotationAngle', 180.0)])
2020-02-11 17:48:42,665 [INFO ] [MainThread] [ExperimentEagle.experimentEagle] [func=_forceRefreshButton_fired:line=201] force refresh button fired
2020-02-11 17:48:42,698 [INFO ] [MainThread] [ExperimentEagle.experimentEagle] [func=getImageData:line=165] processor = <processors.standardAlta1.StandardAlta1 object at 0x000000000B791938>
2020-02-11 17:48:42,700 [INFO ] [MainThread] [ExperimentEagle.Processor] [func=process:line=37] using standard Alta 1 process function
2020-02-11 17:48:42,700 [ERROR] [MainThread] [ExperimentEagle.Processor] [func=process:line=42] T:/TOFAtomNumber/eagleWatchedFolder\evaporation Optimisation 7_ALTA0atoms_1102 174535.png
2020-02-11 17:48:42,701 [ERROR] [MainThread] [ExperimentEagle.Processor] [func=process:line=43] T:/TOFAtomNumber/eagleWatchedFolder\evaporation Optimisation 7_ALTA0dark_1102 174535.png
2020-02-11 17:48:42,703 [ERROR] [MainThread] [ExperimentEagle.Processor] [func=process:line=44] T:/TOFAtomNumber/eagleWatchedFolder\evaporation Optimisation 7_ALTA0light_1102 174535.png
2020-02-11 17:48:42,703 [INFO ] [MainThread] [ExperimentEagle.Processor] [func=read:line=38] processor reading file!
2020-02-11 17:48:42,724 [INFO ] [MainThread] [ExperimentEagle.Processor] [func=read:line=38] processor reading file!
2020-02-11 17:48:42,770 [ERROR] [MainThread] [ExperimentEagle.Processor] [func=process:line=52] atoms array mean:4641.5630544
2020-02-11 17:48:42,772 [ERROR] [MainThread] [ExperimentEagle.Processor] [func=process:line=53] light array mean:4921.91338603
2020-02-11 17:48:42,773 [INFO ] [MainThread] [ExperimentEagle.Processor] [func=read:line=38] processor reading file!
2020-02-11 17:48:42,796 [ERROR] [MainThread] [ExperimentEagle.Processor] [func=process:line=58] dark array mean:2788.77302551
2020-02-11 17:48:42,838 [ERROR] [MainThread] [ExperimentEagle.Processor] [func=process:line=77] OD mean:0.0
2020-02-11 17:48:42,921 [INFO ] [MainThread] [ExperimentEagle.experimentEagle] [func=getImageData:line=169] shape of raw Image = (512,768)
2020-02-11 17:48:42,940 [INFO ] [MainThread] [ExperimentEagle.experimentEagle] [func=update:line=826] updating plot
2020-02-11 17:48:42,943 [INFO ] [MainThread] [ExperimentEagle.experimentEagle] [func=_forceRefreshButton_fired:line=201] force refresh button fired
2020-02-11 17:48:42,960 [INFO ] [MainThread] [ExperimentEagle.experimentEagle] [func=getImageData:line=165] processor = <processors.standardAlta1.StandardAlta1 object at 0x000000000B791938>
2020-02-11 17:48:42,961 [INFO ] [MainThread] [ExperimentEagle.Processor] [func=process:line=37] using standard Alta 1 process function
2020-02-11 17:48:42,963 [ERROR] [MainThread] [ExperimentEagle.Processor] [func=process:line=42] T:/TOFAtomNumber/eagleWatchedFolder\evaporation Optimisation 7_ALTA0atoms_1102 174535.png
2020-02-11 17:48:42,999 [ERROR] [MainThread] [ExperimentEagle.Processor] [func=process:line=43] T:/TOFAtomNumber/eagleWatchedFolder\evaporation Optimisation 7_ALTA0dark_1102 174535.png
2020-02-11 17:48:43,000 [ERROR] [MainThread] [ExperimentEagle.Processor] [func=process:line=44] T:/TOFAtomNumber/eagleWatchedFolder\evaporation Optimisation 7_ALTA0light_1102 174535.png
2020-02-11 17:48:43,003 [INFO ] [MainThread] [ExperimentEagle.Processor] [func=read:line=38] processor reading file!
2020-02-11 17:48:43,023 [INFO ] [MainThread] [ExperimentEagle.Processor] [func=read:line=38] processor reading file!
2020-02-11 17:48:43,046 [ERROR] [MainThread] [ExperimentEagle.Processor] [func=process:line=52] atoms array mean:4641.5630544
2020-02-11 17:48:43,063 [ERROR] [MainThread] [ExperimentEagle.Processor] [func=process:line=53] light array mean:4921.91338603
2020-02-11 17:48:43,065 [INFO ] [MainThread] [ExperimentEagle.Processor] [func=read:line=38] processor reading file!
2020-02-11 17:48:43,086 [ERROR] [MainThread] [ExperimentEagle.Processor] [func=process:line=58] dark array mean:2788.77302551
2020-02-11 17:48:43,147 [ERROR] [MainThread] [ExperimentEagle.Processor] [func=process:line=77] OD mean:0.0
2020-02-11 17:48:43,196 [INFO ] [MainThread] [ExperimentEagle.experimentEagle] [func=getImageData:line=169] shape of raw Image = (512,768)
2020-02-11 17:48:43,198 [INFO ] [MainThread] [ExperimentEagle.experimentEagle] [func=update:line=826] updating plot
2020-02-11 17:48:45,025 [INFO ] [MainThread] [ExperimentEagle.KeyBindingTool] [func=normal_key_pressed:line=40] normal key pressed
2020-02-11 17:48:45,029 [INFO ] [MainThread] [ExperimentEagle.KeyBindingTool] [func=normal_key_pressed:line=41] 3 keys registered for detection
2020-02-11 17:48:45,029 [INFO ] [MainThread] [ExperimentEagle.KeyBindingTool] [func=normal_key_pressed:line=43] normal key press detected: KeyEvent(event_type='key_pressed', character='Alt', alt_down=True, control_down=False, shift_down=False, handled=False)
2020-02-11 17:48:45,032 [INFO ] [MainThread] [ExperimentEagle.KeyBindingTool] [func=normal_key_pressed:line=43] normal key press detected: KeyEvent(event_type='key_pressed', character='Alt', alt_down=True, control_down=False, shift_down=False, handled=False)
2020-02-11 17:48:45,033 [INFO ] [MainThread] [ExperimentEagle.KeyBindingTool] [func=normal_key_pressed:line=43] normal key press detected: KeyEvent(event_type='key_pressed', character='Alt', alt_down=True, control_down=False, shift_down=False, handled=False)
2020-02-11 17:48:54,052 [INFO ] [MainThread] [ExperimentEagle.experimentEagle] [func=_selectedFile_changed:line=988] ######################## Selected File changed ########################
2020-02-11 17:48:54,144 [INFO ] [MainThread] [ExperimentEagle.experimentEagle] [func=_selectedFile_changed:line=990] Update physics
2020-02-11 17:48:54,180 [ERROR] [MainThread] [ExperimentEagle.physicsProperties] [func=updatePhysics:line=122] Found very fresh sequence file. Probably read already variables of next sequence?
2020-02-11 17:48:54,233 [WARNI] [MainThread] [ExperimentEagle.physicsProperties] [func=updatePhysics:line=123] Use second last sequence file instead..
2020-02-11 17:48:54,368 [WARNI] [MainThread] [ExperimentEagle.physicsProperties] [func=updatePhysics:line=127] Age of sequence file: -9.43044018745
2020-02-11 17:48:54,497 [INFO ] [MainThread] [ExperimentEagle.experimentEagle] [func=getImageData:line=165] processor = <processors.standardAlta1.StandardAlta1 object at 0x000000000B791938>
2020-02-11 17:48:54,500 [INFO ] [MainThread] [ExperimentEagle.Processor] [func=process:line=37] using standard Alta 1 process function
2020-02-11 17:48:54,500 [ERROR] [MainThread] [ExperimentEagle.Processor] [func=process:line=42] T:/TOFAtomNumber/eagleWatchedFolder\evaporation Optimisation 7_ALTA0atoms_1102 174630.png
2020-02-11 17:48:54,502 [ERROR] [MainThread] [ExperimentEagle.Processor] [func=process:line=43] T:/TOFAtomNumber/eagleWatchedFolder\evaporation Optimisation 7_ALTA0dark_1102 174630.png
2020-02-11 17:48:54,503 [ERROR] [MainThread] [ExperimentEagle.Processor] [func=process:line=44] T:/TOFAtomNumber/eagleWatchedFolder\evaporation Optimisation 7_ALTA0light_1102 174630.png
2020-02-11 17:48:54,505 [INFO ] [MainThread] [ExperimentEagle.Processor] [func=read:line=38] processor reading file!
2020-02-11 17:48:54,526 [INFO ] [MainThread] [ExperimentEagle.Processor] [func=read:line=38] processor reading file!
2020-02-11 17:48:54,598 [ERROR] [MainThread] [ExperimentEagle.Processor] [func=process:line=52] atoms array mean:4611.09518433
2020-02-11 17:48:54,638 [ERROR] [MainThread] [ExperimentEagle.Processor] [func=process:line=53] light array mean:4955.33440653
2020-02-11 17:48:54,641 [INFO ] [MainThread] [ExperimentEagle.Processor] [func=read:line=38] processor reading file!
2020-02-11 17:48:54,671 [ERROR] [MainThread] [ExperimentEagle.Processor] [func=process:line=58] dark array mean:2788.59977214
2020-02-11 17:48:54,724 [ERROR] [MainThread] [ExperimentEagle.Processor] [func=process:line=77] OD mean:0.0
2020-02-11 17:48:54,809 [INFO ] [MainThread] [ExperimentEagle.experimentEagle] [func=getImageData:line=169] shape of raw Image = (512,768)
2020-02-11 17:48:54,819 [INFO ] [MainThread] [ExperimentEagle.experimentEagle] [func=update:line=826] updating plot
2020-02-11 17:48:54,823 [INFO ] [MainThread] [ExperimentEagle.experimentEagle] [func=_selectedFile_changed:line=1004] succesfully completed getImageData. Will now break from repetition loop
2020-02-11 17:48:54,825 [INFO ] [MainThread] [ExperimentEagle.experimentEagle] [func=update:line=826] updating plot
2020-02-11 17:49:22,056 [INFO ] [MainThread] [ExperimentEagle.experimentEagle] [func=_selectedFile_changed:line=988] ######################## Selected File changed ########################
2020-02-11 17:49:22,059 [INFO ] [MainThread] [ExperimentEagle.experimentEagle] [func=_selectedFile_changed:line=990] Update physics
2020-02-11 17:49:22,187 [WARNI] [MainThread] [ExperimentEagle.physicsProperties] [func=updatePhysics:line=127] Age of sequence file: 18.329937458
2020-02-11 17:49:22,321 [INFO ] [MainThread] [ExperimentEagle.experimentEagle] [func=getImageData:line=165] processor = <processors.standardAlta1.StandardAlta1 object at 0x000000000B791938>
2020-02-11 17:49:22,322 [INFO ] [MainThread] [ExperimentEagle.Processor] [func=process:line=37] using standard Alta 1 process function
2020-02-11 17:49:22,323 [ERROR] [MainThread] [ExperimentEagle.Processor] [func=process:line=42] T:/TOFAtomNumber/eagleWatchedFolder\evaporation Optimisation 7_ALTA0atoms_1102 174658.png
2020-02-11 17:49:22,323 [ERROR] [MainThread] [ExperimentEagle.Processor] [func=process:line=43] T:/TOFAtomNumber/eagleWatchedFolder\evaporation Optimisation 7_ALTA0dark_1102 174658.png
2020-02-11 17:49:22,325 [ERROR] [MainThread] [ExperimentEagle.Processor] [func=process:line=44] T:/TOFAtomNumber/eagleWatchedFolder\evaporation Optimisation 7_ALTA0light_1102 174658.png
2020-02-11 17:49:22,326 [INFO ] [MainThread] [ExperimentEagle.Processor] [func=read:line=38] processor reading file!
2020-02-11 17:49:22,348 [INFO ] [MainThread] [ExperimentEagle.Processor] [func=read:line=38] processor reading file!
2020-02-11 17:49:22,411 [ERROR] [MainThread] [ExperimentEagle.Processor] [func=process:line=52] atoms array mean:4584.81015015
2020-02-11 17:49:22,443 [ERROR] [MainThread] [ExperimentEagle.Processor] [func=process:line=53] light array mean:4955.79596202
2020-02-11 17:49:22,444 [INFO ] [MainThread] [ExperimentEagle.Processor] [func=read:line=38] processor reading file!
2020-02-11 17:49:22,473 [ERROR] [MainThread] [ExperimentEagle.Processor] [func=process:line=58] dark array mean:2788.65972646
2020-02-11 17:49:22,526 [ERROR] [MainThread] [ExperimentEagle.Processor] [func=process:line=77] OD mean:0.0
2020-02-11 17:49:22,611 [INFO ] [MainThread] [ExperimentEagle.experimentEagle] [func=getImageData:line=169] shape of raw Image = (512,768)
2020-02-11 17:49:22,631 [INFO ] [MainThread] [ExperimentEagle.experimentEagle] [func=update:line=826] updating plot
2020-02-11 17:49:22,634 [INFO ] [MainThread] [ExperimentEagle.experimentEagle] [func=_selectedFile_changed:line=1004] succesfully completed getImageData. Will now break from repetition loop
2020-02-11 17:49:22,634 [INFO ] [MainThread] [ExperimentEagle.experimentEagle] [func=update:line=826] updating plot
2020-02-11 17:49:50,072 [INFO ] [MainThread] [ExperimentEagle.experimentEagle] [func=_selectedFile_changed:line=988] ######################## Selected File changed ########################
2020-02-11 17:49:50,078 [INFO ] [MainThread] [ExperimentEagle.experimentEagle] [func=_selectedFile_changed:line=990] Update physics
2020-02-11 17:49:50,243 [WARNI] [MainThread] [ExperimentEagle.physicsProperties] [func=updatePhysics:line=127] Age of sequence file: 18.1271648407
2020-02-11 17:49:50,378 [INFO ] [MainThread] [ExperimentEagle.experimentEagle] [func=getImageData:line=165] processor = <processors.standardAlta1.StandardAlta1 object at 0x000000000B791938>
2020-02-11 17:49:50,391 [INFO ] [MainThread] [ExperimentEagle.Processor] [func=process:line=37] using standard Alta 1 process function
2020-02-11 17:49:50,392 [ERROR] [MainThread] [ExperimentEagle.Processor] [func=process:line=42] T:/TOFAtomNumber/eagleWatchedFolder\evaporation Optimisation 7_ALTA0atoms_1102 174726.png
2020-02-11 17:49:50,394 [ERROR] [MainThread] [ExperimentEagle.Processor] [func=process:line=43] T:/TOFAtomNumber/eagleWatchedFolder\evaporation Optimisation 7_ALTA0dark_1102 174726.png
2020-02-11 17:49:50,397 [ERROR] [MainThread] [ExperimentEagle.Processor] [func=process:line=44] T:/TOFAtomNumber/eagleWatchedFolder\evaporation Optimisation 7_ALTA0light_1102 174726.png
2020-02-11 17:49:50,401 [INFO ] [MainThread] [ExperimentEagle.Processor] [func=read:line=38] processor reading file!
2020-02-11 17:49:50,480 [INFO ] [MainThread] [ExperimentEagle.Processor] [func=read:line=38] processor reading file!
2020-02-11 17:49:50,572 [ERROR] [MainThread] [ExperimentEagle.Processor] [func=process:line=52] atoms array mean:4612.51799266
2020-02-11 17:49:50,611 [ERROR] [MainThread] [ExperimentEagle.Processor] [func=process:line=53] light array mean:4964.81834666
2020-02-11 17:49:50,612 [INFO ] [MainThread] [ExperimentEagle.Processor] [func=read:line=38] processor reading file!
2020-02-11 17:49:50,648 [ERROR] [MainThread] [ExperimentEagle.Processor] [func=process:line=58] dark array mean:2788.59910329
2020-02-11 17:49:50,697 [ERROR] [MainThread] [ExperimentEagle.Processor] [func=process:line=77] OD mean:0.0
2020-02-11 17:49:50,779 [INFO ] [MainThread] [ExperimentEagle.experimentEagle] [func=getImageData:line=169] shape of raw Image = (512,768)
2020-02-11 17:49:50,789 [INFO ] [MainThread] [ExperimentEagle.experimentEagle] [func=update:line=826] updating plot
2020-02-11 17:49:50,792 [INFO ] [MainThread] [ExperimentEagle.experimentEagle] [func=_selectedFile_changed:line=1004] succesfully completed getImageData. Will now break from repetition loop
2020-02-11 17:49:50,795 [INFO ] [MainThread] [ExperimentEagle.experimentEagle] [func=update:line=826] updating plot
2020-02-11 17:50:16,071 [INFO ] [MainThread] [ExperimentEagle.experimentEagle] [func=_selectedFile_changed:line=988] ######################## Selected File changed ########################
2020-02-11 17:50:16,072 [INFO ] [MainThread] [ExperimentEagle.experimentEagle] [func=_selectedFile_changed:line=990] Update physics
2020-02-11 17:50:16,194 [WARNI] [MainThread] [ExperimentEagle.physicsProperties] [func=updatePhysics:line=127] Age of sequence file: 18.1862726212
2020-02-11 17:50:16,325 [INFO ] [MainThread] [ExperimentEagle.experimentEagle] [func=getImageData:line=165] processor = <processors.standardAlta1.StandardAlta1 object at 0x000000000B791938>
2020-02-11 17:50:16,326 [INFO ] [MainThread] [ExperimentEagle.Processor] [func=process:line=37] using standard Alta 1 process function
2020-02-11 17:50:16,328 [ERROR] [MainThread] [ExperimentEagle.Processor] [func=process:line=42] T:/TOFAtomNumber/eagleWatchedFolder\evaporation Optimisation 7_ALTA0atoms_1102 174754.png
2020-02-11 17:50:16,328 [ERROR] [MainThread] [ExperimentEagle.Processor] [func=process:line=43] T:/TOFAtomNumber/eagleWatchedFolder\evaporation Optimisation 7_ALTA0dark_1102 174754.png
2020-02-11 17:50:16,329 [ERROR] [MainThread] [ExperimentEagle.Processor] [func=process:line=44] T:/TOFAtomNumber/eagleWatchedFolder\evaporation Optimisation 7_ALTA0light_1102 174754.png
2020-02-11 17:50:16,331 [ERROR] [MainThread] [ExperimentEagle.Processor] [func=process:line=47] Dark or Light picture does not exist!
2020-02-11 17:50:16,332 [INFO ] [MainThread] [ExperimentEagle.Processor] [func=read:line=38] processor reading file!
2020-02-11 17:50:16,352 [INFO ] [MainThread] [ExperimentEagle.experimentEagle] [func=getImageData:line=169] shape of raw Image = (512,768)
2020-02-11 17:50:16,387 [INFO ] [MainThread] [ExperimentEagle.experimentEagle] [func=update:line=826] updating plot
2020-02-11 17:50:16,388 [INFO ] [MainThread] [ExperimentEagle.experimentEagle] [func=_selectedFile_changed:line=1004] succesfully completed getImageData. Will now break from repetition loop
2020-02-11 17:50:16,390 [INFO ] [MainThread] [ExperimentEagle.experimentEagle] [func=update:line=826] updating plot
2020-02-11 17:50:33,979 [INFO ] [MainThread] [ExperimentEagle.experimentEagle] [func=closed:line=230] attempting to stop timers
