2020-02-11 18:07:52,579 [INFO ] [MainThread] [ExperimentEagle] [func=<module>:line=59] Welcome to Experiment Eagle version 4.0 written by Timothy Harrison. Report bugs to 
Timothy Harrison. See text at beginning of __init__.py for more information.
2020-02-11 18:07:56,651 [INFO ] [MainThread] [ExperimentEagle.experimentEagle] [func=_fixAspectRatioBool_changed:line=956] self.fixAspectRatioBool changed to True
2020-02-11 18:07:56,655 [INFO ] [MainThread] [ExperimentEagle.experimentEagle] [func=loadSettings:line=585] Load settings
2020-02-11 18:07:56,670 [INFO ] [MainThread] [ExperimentEagle.experimentEagle] [func=__init__:line=582] initialisation of experiment Eagle complete
2020-02-11 18:08:02,303 [INFO ] [MainThread] [ExperimentEagle.experimentEagle] [func=update:line=826] updating plot
2020-02-11 18:08:07,025 [INFO ] [MainThread] [ExperimentEagle.experimentEagle] [func=_cameraModel_changed:line=1021] Camera model changed to Alta1 processor
2020-02-11 18:08:07,033 [INFO ] [MainThread] [ExperimentEagle.experimentEagle] [func=_cameraModel_changed:line=1037] {u'auto': False, u'max': 5, u'min': -0.2}
2020-02-11 18:08:07,038 [ERROR] [MainThread] [ExperimentEagle.experimentEagle] [func=getImageData:line=141] image file not found. filling with zeros
2020-02-11 18:08:07,039 [INFO ] [MainThread] [ExperimentEagle.experimentEagle] [func=update:line=826] updating plot
2020-02-11 18:08:07,650 [INFO ] [MainThread] [ExperimentEagle.experimentEagle] [func=_configureWatchFolder_fired:line=1064] Configure watch folder for Alta1 processor
2020-02-11 18:08:08,290 [INFO ] [MainThread] [ExperimentEagle.experimentEagle] [func=_forceRefreshButton_fired:line=201] force refresh button fired
2020-02-11 18:08:08,298 [ERROR] [MainThread] [ExperimentEagle.experimentEagle] [func=getImageData:line=141] image file not found. filling with zeros
2020-02-11 18:08:08,299 [INFO ] [MainThread] [ExperimentEagle.experimentEagle] [func=update:line=826] updating plot
2020-02-11 18:08:08,308 [WARNI] [MainThread] [ExperimentEagle.experimentEagle] [func=checkForNewFiles:line=356] more than one new file found [u'evaporation Optimisation 7_ALTA0atoms_1102 180528.png', u'evaporation Optimisation 7_ALTA0atoms_1102 180433.png', u'evaporation Optimisation 7_ALTA0atoms_1102 180500.png'] only analysing first one
2020-02-11 18:08:08,336 [INFO ] [MainThread] [ExperimentEagle.experimentEagle] [func=_selectedFile_changed:line=988] ######################## Selected File changed ########################
2020-02-11 18:08:08,338 [INFO ] [MainThread] [ExperimentEagle.experimentEagle] [func=_selectedFile_changed:line=990] Update physics
2020-02-11 18:08:08,372 [ERROR] [MainThread] [ExperimentEagle.physicsProperties] [func=updatePhysics:line=139] Error when trying to load XML 'PhysicsProperties' object has no attribute 'selectedFileModifiedTime'
2020-02-11 18:08:08,546 [INFO ] [MainThread] [ExperimentEagle.experimentEagle] [func=getImageData:line=165] processor = <processors.standardAlta1.StandardAlta1 object at 0x000000000B26E8E0>
2020-02-11 18:08:08,546 [INFO ] [MainThread] [ExperimentEagle.Processor] [func=process:line=57] using standard Alta 1 process function
2020-02-11 18:08:08,548 [ERROR] [MainThread] [ExperimentEagle.Processor] [func=process:line=62] T:/TOFAtomNumber/eagleWatchedFolder\evaporation Optimisation 7_ALTA0atoms_1102 180528.png
2020-02-11 18:08:08,549 [ERROR] [MainThread] [ExperimentEagle.Processor] [func=process:line=63] T:/TOFAtomNumber/eagleWatchedFolder\evaporation Optimisation 7_ALTA0dark_1102 180528.png
2020-02-11 18:08:08,551 [ERROR] [MainThread] [ExperimentEagle.Processor] [func=process:line=64] T:/TOFAtomNumber/eagleWatchedFolder\evaporation Optimisation 7_ALTA0light_1102 180528.png
2020-02-11 18:08:08,553 [INFO ] [MainThread] [ExperimentEagle.Processor] [func=read:line=38] processor reading file!
2020-02-11 18:08:08,573 [INFO ] [MainThread] [ExperimentEagle.Processor] [func=read:line=38] processor reading file!
2020-02-11 18:08:08,622 [ERROR] [MainThread] [ExperimentEagle.Processor] [func=process:line=72] atoms array mean:4715.27208201
2020-02-11 18:08:08,657 [ERROR] [MainThread] [ExperimentEagle.Processor] [func=process:line=73] light array mean:4992.60923767
2020-02-11 18:08:08,658 [INFO ] [MainThread] [ExperimentEagle.Processor] [func=read:line=38] processor reading file!
2020-02-11 18:08:08,687 [ERROR] [MainThread] [ExperimentEagle.Processor] [func=process:line=78] dark array mean:2788.60260773
2020-02-11 18:08:08,726 [INFO ] [MainThread] [ExperimentEagle.Processor] [func=rescale:line=86] processor: rescale factor = 0.8843965497164927 using region of shape: 50, 50
2020-02-11 18:08:08,730 [INFO ] [MainThread] [ExperimentEagle.Processor] [func=rescale:line=86] processor: rescale factor = 1.00186342751224 using region of shape: 50, 50
2020-02-11 18:08:08,734 [WARNI] [MainThread] [ExperimentEagle.Processor] [func=opticalDensity:line=58] Calculate OP picture..
2020-02-11 18:08:08,753 [ERROR] [MainThread] [ExperimentEagle.Processor] [func=process:line=100] OD mean:0.011078943715
2020-02-11 18:08:08,829 [INFO ] [MainThread] [ExperimentEagle.experimentEagle] [func=getImageData:line=169] shape of raw Image = (512,768)
2020-02-11 18:08:08,855 [INFO ] [MainThread] [ExperimentEagle.experimentEagle] [func=update:line=826] updating plot
2020-02-11 18:08:08,857 [INFO ] [MainThread] [ExperimentEagle.experimentEagle] [func=_selectedFile_changed:line=1004] succesfully completed getImageData. Will now break from repetition loop
2020-02-11 18:08:08,858 [INFO ] [MainThread] [ExperimentEagle.experimentEagle] [func=update:line=826] updating plot
2020-02-11 18:08:08,861 [INFO ] [MainThread] [ExperimentEagle.experimentEagle] [func=_forceRefreshButton_fired:line=201] force refresh button fired
2020-02-11 18:08:08,881 [INFO ] [MainThread] [ExperimentEagle.experimentEagle] [func=getImageData:line=165] processor = <processors.standardAlta1.StandardAlta1 object at 0x000000000B26E8E0>
2020-02-11 18:08:08,905 [INFO ] [MainThread] [ExperimentEagle.Processor] [func=process:line=57] using standard Alta 1 process function
2020-02-11 18:08:08,907 [ERROR] [MainThread] [ExperimentEagle.Processor] [func=process:line=62] T:/TOFAtomNumber/eagleWatchedFolder\evaporation Optimisation 7_ALTA0atoms_1102 180528.png
2020-02-11 18:08:08,907 [ERROR] [MainThread] [ExperimentEagle.Processor] [func=process:line=63] T:/TOFAtomNumber/eagleWatchedFolder\evaporation Optimisation 7_ALTA0dark_1102 180528.png
2020-02-11 18:08:08,908 [ERROR] [MainThread] [ExperimentEagle.Processor] [func=process:line=64] T:/TOFAtomNumber/eagleWatchedFolder\evaporation Optimisation 7_ALTA0light_1102 180528.png
2020-02-11 18:08:08,911 [INFO ] [MainThread] [ExperimentEagle.Processor] [func=read:line=38] processor reading file!
2020-02-11 18:08:08,930 [INFO ] [MainThread] [ExperimentEagle.Processor] [func=read:line=38] processor reading file!
2020-02-11 18:08:08,990 [ERROR] [MainThread] [ExperimentEagle.Processor] [func=process:line=72] atoms array mean:4715.27208201
2020-02-11 18:08:08,992 [ERROR] [MainThread] [ExperimentEagle.Processor] [func=process:line=73] light array mean:4992.60923767
2020-02-11 18:08:08,993 [INFO ] [MainThread] [ExperimentEagle.Processor] [func=read:line=38] processor reading file!
2020-02-11 18:08:09,051 [ERROR] [MainThread] [ExperimentEagle.Processor] [func=process:line=78] dark array mean:2788.60260773
2020-02-11 18:08:09,059 [INFO ] [MainThread] [ExperimentEagle.Processor] [func=rescale:line=86] processor: rescale factor = 0.8843965497164927 using region of shape: 50, 50
2020-02-11 18:08:09,095 [INFO ] [MainThread] [ExperimentEagle.Processor] [func=rescale:line=86] processor: rescale factor = 1.00186342751224 using region of shape: 50, 50
2020-02-11 18:08:09,099 [WARNI] [MainThread] [ExperimentEagle.Processor] [func=opticalDensity:line=58] Calculate OP picture..
2020-02-11 18:08:09,119 [ERROR] [MainThread] [ExperimentEagle.Processor] [func=process:line=100] OD mean:0.011078943715
2020-02-11 18:08:09,198 [INFO ] [MainThread] [ExperimentEagle.experimentEagle] [func=getImageData:line=169] shape of raw Image = (512,768)
2020-02-11 18:08:09,217 [INFO ] [MainThread] [ExperimentEagle.experimentEagle] [func=update:line=826] updating plot
2020-02-11 18:08:19,665 [INFO ] [MainThread] [ExperimentEagle.experimentEagle] [func=_selectedFile_changed:line=988] ######################## Selected File changed ########################
2020-02-11 18:08:19,668 [INFO ] [MainThread] [ExperimentEagle.experimentEagle] [func=_selectedFile_changed:line=990] Update physics
2020-02-11 18:08:19,783 [WARNI] [MainThread] [ExperimentEagle.physicsProperties] [func=updatePhysics:line=127] Age of sequence file: 18.2917995453
2020-02-11 18:08:19,914 [INFO ] [MainThread] [ExperimentEagle.experimentEagle] [func=getImageData:line=165] processor = <processors.standardAlta1.StandardAlta1 object at 0x000000000B26E8E0>
2020-02-11 18:08:19,917 [INFO ] [MainThread] [ExperimentEagle.Processor] [func=process:line=57] using standard Alta 1 process function
2020-02-11 18:08:19,918 [ERROR] [MainThread] [ExperimentEagle.Processor] [func=process:line=62] T:/TOFAtomNumber/eagleWatchedFolder\evaporation Optimisation 7_ALTA0atoms_1102 180556.png
2020-02-11 18:08:19,921 [ERROR] [MainThread] [ExperimentEagle.Processor] [func=process:line=63] T:/TOFAtomNumber/eagleWatchedFolder\evaporation Optimisation 7_ALTA0dark_1102 180556.png
2020-02-11 18:08:19,921 [ERROR] [MainThread] [ExperimentEagle.Processor] [func=process:line=64] T:/TOFAtomNumber/eagleWatchedFolder\evaporation Optimisation 7_ALTA0light_1102 180556.png
2020-02-11 18:08:19,926 [INFO ] [MainThread] [ExperimentEagle.Processor] [func=read:line=38] processor reading file!
2020-02-11 18:08:19,947 [INFO ] [MainThread] [ExperimentEagle.Processor] [func=read:line=38] processor reading file!
2020-02-11 18:08:20,005 [ERROR] [MainThread] [ExperimentEagle.Processor] [func=process:line=72] atoms array mean:4744.94211578
2020-02-11 18:08:20,032 [ERROR] [MainThread] [ExperimentEagle.Processor] [func=process:line=73] light array mean:5013.89637502
2020-02-11 18:08:20,032 [INFO ] [MainThread] [ExperimentEagle.Processor] [func=read:line=38] processor reading file!
2020-02-11 18:08:20,063 [ERROR] [MainThread] [ExperimentEagle.Processor] [func=process:line=78] dark array mean:2788.68926239
2020-02-11 18:08:20,101 [INFO ] [MainThread] [ExperimentEagle.Processor] [func=rescale:line=86] processor: rescale factor = 0.8836164904659869 using region of shape: 50, 50
2020-02-11 18:08:20,105 [INFO ] [MainThread] [ExperimentEagle.Processor] [func=rescale:line=86] processor: rescale factor = 1.0015613911297092 using region of shape: 50, 50
2020-02-11 18:08:20,109 [WARNI] [MainThread] [ExperimentEagle.Processor] [func=opticalDensity:line=58] Calculate OP picture..
2020-02-11 18:08:20,131 [ERROR] [MainThread] [ExperimentEagle.Processor] [func=process:line=100] OD mean:0.00386117623766
2020-02-11 18:08:20,204 [INFO ] [MainThread] [ExperimentEagle.experimentEagle] [func=getImageData:line=169] shape of raw Image = (512,768)
2020-02-11 18:08:20,219 [INFO ] [MainThread] [ExperimentEagle.experimentEagle] [func=update:line=826] updating plot
2020-02-11 18:08:20,221 [INFO ] [MainThread] [ExperimentEagle.experimentEagle] [func=_selectedFile_changed:line=1004] succesfully completed getImageData. Will now break from repetition loop
2020-02-11 18:08:20,223 [INFO ] [MainThread] [ExperimentEagle.experimentEagle] [func=update:line=826] updating plot
2020-02-11 18:08:27,588 [INFO ] [MainThread] [ExperimentEagle.OptionsDictionaryEditor] [func=editOptionsDialog:line=76] returning optionsDict
2020-02-11 18:08:27,599 [INFO ] [MainThread] [ExperimentEagle.Processor] [func=editOptions:line=101] updating options dictionary with values OrderedDict([('process?', True), ('darkSubtraction?', True), ('rawImageWithDarkSubtraction?', False), ('rescale?', True), ('rescaleInitialX', 450), ('rescaleInitialY', 300), ('rescaleWidth', 50), ('rescaleHeight', 100), ('drawRescaleRegion?', True), ('rotationAngle', 0.0), ('Binning?', True), ('Bin size', 2)])
2020-02-11 18:08:30,276 [INFO ] [MainThread] [ExperimentEagle.experimentEagle] [func=_forceRefreshButton_fired:line=201] force refresh button fired
2020-02-11 18:08:30,299 [INFO ] [MainThread] [ExperimentEagle.experimentEagle] [func=getImageData:line=165] processor = <processors.standardAlta1.StandardAlta1 object at 0x000000000B26E8E0>
2020-02-11 18:08:30,301 [INFO ] [MainThread] [ExperimentEagle.Processor] [func=process:line=57] using standard Alta 1 process function
2020-02-11 18:08:30,302 [ERROR] [MainThread] [ExperimentEagle.Processor] [func=process:line=62] T:/TOFAtomNumber/eagleWatchedFolder\evaporation Optimisation 7_ALTA0atoms_1102 180556.png
2020-02-11 18:08:30,302 [ERROR] [MainThread] [ExperimentEagle.Processor] [func=process:line=63] T:/TOFAtomNumber/eagleWatchedFolder\evaporation Optimisation 7_ALTA0dark_1102 180556.png
2020-02-11 18:08:30,303 [ERROR] [MainThread] [ExperimentEagle.Processor] [func=process:line=64] T:/TOFAtomNumber/eagleWatchedFolder\evaporation Optimisation 7_ALTA0light_1102 180556.png
2020-02-11 18:08:30,305 [INFO ] [MainThread] [ExperimentEagle.Processor] [func=read:line=38] processor reading file!
2020-02-11 18:08:30,326 [INFO ] [MainThread] [ExperimentEagle.Processor] [func=read:line=38] processor reading file!
2020-02-11 18:08:30,368 [ERROR] [MainThread] [ExperimentEagle.Processor] [func=process:line=72] atoms array mean:4744.94211578
2020-02-11 18:08:30,369 [ERROR] [MainThread] [ExperimentEagle.Processor] [func=process:line=73] light array mean:5013.89637502
2020-02-11 18:08:30,405 [INFO ] [MainThread] [ExperimentEagle.Processor] [func=read:line=38] processor reading file!
2020-02-11 18:08:30,430 [ERROR] [MainThread] [ExperimentEagle.Processor] [func=process:line=78] dark array mean:2788.68926239
2020-02-11 18:08:31,789 [INFO ] [MainThread] [ExperimentEagle.Processor] [func=rescale:line=86] processor: rescale factor = nan using region of shape: 0, 0
2020-02-11 18:08:31,792 [INFO ] [MainThread] [ExperimentEagle.Processor] [func=rescale:line=86] processor: rescale factor = nan using region of shape: 0, 0
2020-02-11 18:08:31,793 [WARNI] [MainThread] [ExperimentEagle.Processor] [func=opticalDensity:line=55] negative values found in atom / light array which won't work when log is taken. clipping to 1
2020-02-11 18:08:31,796 [WARNI] [MainThread] [ExperimentEagle.Processor] [func=opticalDensity:line=58] Calculate OP picture..
2020-02-11 18:08:31,805 [ERROR] [MainThread] [ExperimentEagle.Processor] [func=process:line=100] OD mean:nan
2020-02-11 18:08:31,819 [INFO ] [MainThread] [ExperimentEagle.experimentEagle] [func=getImageData:line=169] shape of raw Image = (256,384)
2020-02-11 18:08:31,845 [WARNI] [MainThread] [ExperimentEagle.experimentEagle] [func=getImageData:line=172] number of pixels in image have changed. This causes problems for contour fit plot. Will destroy contour fit plot first
2020-02-11 18:08:31,846 [INFO ] [MainThread] [ExperimentEagle.experimentEagle] [func=_fixAspectRatioBool_changed:line=956] self.fixAspectRatioBool changed to False
2020-02-11 18:08:31,848 [INFO ] [MainThread] [ExperimentEagle.experimentEagle] [func=_fixAspectRatioBool_changed:line=956] self.fixAspectRatioBool changed to True
2020-02-11 18:08:31,849 [WARNI] [MainThread] [ExperimentEagle.Processor] [func=drawRescaleRegion:line=107] drawRescaleRegion
2020-02-11 18:08:31,852 [INFO ] [MainThread] [ExperimentEagle.experimentEagle] [func=getImageData:line=174] continuing after pixels changed = True event
2020-02-11 18:08:31,858 [INFO ] [MainThread] [ExperimentEagle.experimentEagle] [func=update:line=826] updating plot
2020-02-11 18:08:31,871 [INFO ] [MainThread] [ExperimentEagle.experimentEagle] [func=_forceRefreshButton_fired:line=201] force refresh button fired
2020-02-11 18:08:31,924 [INFO ] [MainThread] [ExperimentEagle.experimentEagle] [func=getImageData:line=165] processor = <processors.standardAlta1.StandardAlta1 object at 0x000000000B26E8E0>
2020-02-11 18:08:31,927 [INFO ] [MainThread] [ExperimentEagle.Processor] [func=process:line=57] using standard Alta 1 process function
2020-02-11 18:08:31,967 [ERROR] [MainThread] [ExperimentEagle.Processor] [func=process:line=62] T:/TOFAtomNumber/eagleWatchedFolder\evaporation Optimisation 7_ALTA0atoms_1102 180556.png
2020-02-11 18:08:31,969 [ERROR] [MainThread] [ExperimentEagle.Processor] [func=process:line=63] T:/TOFAtomNumber/eagleWatchedFolder\evaporation Optimisation 7_ALTA0dark_1102 180556.png
2020-02-11 18:08:31,970 [ERROR] [MainThread] [ExperimentEagle.Processor] [func=process:line=64] T:/TOFAtomNumber/eagleWatchedFolder\evaporation Optimisation 7_ALTA0light_1102 180556.png
2020-02-11 18:08:31,971 [INFO ] [MainThread] [ExperimentEagle.Processor] [func=read:line=38] processor reading file!
2020-02-11 18:08:31,997 [INFO ] [MainThread] [ExperimentEagle.Processor] [func=read:line=38] processor reading file!
2020-02-11 18:08:32,062 [ERROR] [MainThread] [ExperimentEagle.Processor] [func=process:line=72] atoms array mean:4744.94211578
2020-02-11 18:08:32,095 [ERROR] [MainThread] [ExperimentEagle.Processor] [func=process:line=73] light array mean:5013.89637502
2020-02-11 18:08:32,098 [INFO ] [MainThread] [ExperimentEagle.Processor] [func=read:line=38] processor reading file!
2020-02-11 18:08:32,124 [ERROR] [MainThread] [ExperimentEagle.Processor] [func=process:line=78] dark array mean:2788.68926239
2020-02-11 18:08:33,421 [INFO ] [MainThread] [ExperimentEagle.Processor] [func=rescale:line=86] processor: rescale factor = nan using region of shape: 0, 0
2020-02-11 18:08:33,423 [INFO ] [MainThread] [ExperimentEagle.Processor] [func=rescale:line=86] processor: rescale factor = nan using region of shape: 0, 0
2020-02-11 18:08:33,424 [WARNI] [MainThread] [ExperimentEagle.Processor] [func=opticalDensity:line=55] negative values found in atom / light array which won't work when log is taken. clipping to 1
2020-02-11 18:08:33,426 [WARNI] [MainThread] [ExperimentEagle.Processor] [func=opticalDensity:line=58] Calculate OP picture..
2020-02-11 18:08:33,434 [ERROR] [MainThread] [ExperimentEagle.Processor] [func=process:line=100] OD mean:nan
2020-02-11 18:08:33,476 [INFO ] [MainThread] [ExperimentEagle.experimentEagle] [func=getImageData:line=169] shape of raw Image = (256,384)
2020-02-11 18:08:33,477 [INFO ] [MainThread] [ExperimentEagle.experimentEagle] [func=update:line=826] updating plot
2020-02-11 18:08:45,664 [INFO ] [MainThread] [ExperimentEagle.experimentEagle] [func=_selectedFile_changed:line=988] ######################## Selected File changed ########################
2020-02-11 18:08:45,665 [INFO ] [MainThread] [ExperimentEagle.experimentEagle] [func=_selectedFile_changed:line=990] Update physics
2020-02-11 18:08:45,806 [WARNI] [MainThread] [ExperimentEagle.physicsProperties] [func=updatePhysics:line=127] Age of sequence file: 18.4965910912
2020-02-11 18:08:45,936 [INFO ] [MainThread] [ExperimentEagle.experimentEagle] [func=getImageData:line=165] processor = <processors.standardAlta1.StandardAlta1 object at 0x000000000B26E8E0>
2020-02-11 18:08:45,937 [INFO ] [MainThread] [ExperimentEagle.Processor] [func=process:line=57] using standard Alta 1 process function
2020-02-11 18:08:45,938 [ERROR] [MainThread] [ExperimentEagle.Processor] [func=process:line=62] T:/TOFAtomNumber/eagleWatchedFolder\evaporation Optimisation 7_ALTA0atoms_1102 180623.png
2020-02-11 18:08:45,940 [ERROR] [MainThread] [ExperimentEagle.Processor] [func=process:line=63] T:/TOFAtomNumber/eagleWatchedFolder\evaporation Optimisation 7_ALTA0dark_1102 180623.png
2020-02-11 18:08:45,940 [ERROR] [MainThread] [ExperimentEagle.Processor] [func=process:line=64] T:/TOFAtomNumber/eagleWatchedFolder\evaporation Optimisation 7_ALTA0light_1102 180623.png
2020-02-11 18:08:45,941 [ERROR] [MainThread] [ExperimentEagle.Processor] [func=process:line=67] Dark or Light picture does not exist!
2020-02-11 18:08:45,943 [INFO ] [MainThread] [ExperimentEagle.Processor] [func=read:line=38] processor reading file!
2020-02-11 18:08:45,996 [INFO ] [MainThread] [ExperimentEagle.experimentEagle] [func=getImageData:line=169] shape of raw Image = (512,768)
2020-02-11 18:08:46,003 [WARNI] [MainThread] [ExperimentEagle.experimentEagle] [func=getImageData:line=172] number of pixels in image have changed. This causes problems for contour fit plot. Will destroy contour fit plot first
2020-02-11 18:08:46,005 [INFO ] [MainThread] [ExperimentEagle.experimentEagle] [func=_fixAspectRatioBool_changed:line=956] self.fixAspectRatioBool changed to False
2020-02-11 18:08:46,006 [INFO ] [MainThread] [ExperimentEagle.experimentEagle] [func=_fixAspectRatioBool_changed:line=956] self.fixAspectRatioBool changed to True
2020-02-11 18:08:46,007 [WARNI] [MainThread] [ExperimentEagle.Processor] [func=drawRescaleRegion:line=107] drawRescaleRegion
2020-02-11 18:08:46,009 [INFO ] [MainThread] [ExperimentEagle.experimentEagle] [func=getImageData:line=174] continuing after pixels changed = True event
2020-02-11 18:08:46,012 [INFO ] [MainThread] [ExperimentEagle.experimentEagle] [func=update:line=826] updating plot
2020-02-11 18:08:46,015 [INFO ] [MainThread] [ExperimentEagle.experimentEagle] [func=_selectedFile_changed:line=1004] succesfully completed getImageData. Will now break from repetition loop
2020-02-11 18:08:46,016 [INFO ] [MainThread] [ExperimentEagle.experimentEagle] [func=update:line=826] updating plot
2020-02-11 18:08:50,729 [INFO ] [MainThread] [ExperimentEagle.experimentEagle] [func=_forceRefreshButton_fired:line=201] force refresh button fired
2020-02-11 18:08:50,790 [INFO ] [MainThread] [ExperimentEagle.experimentEagle] [func=getImageData:line=165] processor = <processors.standardAlta1.StandardAlta1 object at 0x000000000B26E8E0>
2020-02-11 18:08:50,792 [INFO ] [MainThread] [ExperimentEagle.Processor] [func=process:line=57] using standard Alta 1 process function
2020-02-11 18:08:50,793 [ERROR] [MainThread] [ExperimentEagle.Processor] [func=process:line=62] T:/TOFAtomNumber/eagleWatchedFolder\evaporation Optimisation 7_ALTA0atoms_1102 180623.png
2020-02-11 18:08:50,793 [ERROR] [MainThread] [ExperimentEagle.Processor] [func=process:line=63] T:/TOFAtomNumber/eagleWatchedFolder\evaporation Optimisation 7_ALTA0dark_1102 180623.png
2020-02-11 18:08:50,795 [ERROR] [MainThread] [ExperimentEagle.Processor] [func=process:line=64] T:/TOFAtomNumber/eagleWatchedFolder\evaporation Optimisation 7_ALTA0light_1102 180623.png
2020-02-11 18:08:50,796 [INFO ] [MainThread] [ExperimentEagle.Processor] [func=read:line=38] processor reading file!
2020-02-11 18:08:50,826 [INFO ] [MainThread] [ExperimentEagle.Processor] [func=read:line=38] processor reading file!
2020-02-11 18:08:50,869 [ERROR] [MainThread] [ExperimentEagle.Processor] [func=process:line=72] atoms array mean:4739.04313405
2020-02-11 18:08:50,904 [ERROR] [MainThread] [ExperimentEagle.Processor] [func=process:line=73] light array mean:5016.63153839
2020-02-11 18:08:50,905 [INFO ] [MainThread] [ExperimentEagle.Processor] [func=read:line=38] processor reading file!
2020-02-11 18:08:50,940 [ERROR] [MainThread] [ExperimentEagle.Processor] [func=process:line=78] dark array mean:2788.68312327
2020-02-11 18:08:52,072 [INFO ] [MainThread] [ExperimentEagle.Processor] [func=rescale:line=86] processor: rescale factor = nan using region of shape: 0, 0
2020-02-11 18:08:52,084 [INFO ] [MainThread] [ExperimentEagle.Processor] [func=rescale:line=86] processor: rescale factor = nan using region of shape: 0, 0
2020-02-11 18:08:52,086 [WARNI] [MainThread] [ExperimentEagle.Processor] [func=opticalDensity:line=55] negative values found in atom / light array which won't work when log is taken. clipping to 1
2020-02-11 18:08:52,131 [WARNI] [MainThread] [ExperimentEagle.Processor] [func=opticalDensity:line=58] Calculate OP picture..
2020-02-11 18:08:52,147 [ERROR] [MainThread] [ExperimentEagle.Processor] [func=process:line=100] OD mean:nan
2020-02-11 18:08:52,260 [INFO ] [MainThread] [ExperimentEagle.experimentEagle] [func=getImageData:line=169] shape of raw Image = (256,384)
2020-02-11 18:08:52,262 [WARNI] [MainThread] [ExperimentEagle.experimentEagle] [func=getImageData:line=172] number of pixels in image have changed. This causes problems for contour fit plot. Will destroy contour fit plot first
2020-02-11 18:08:52,263 [INFO ] [MainThread] [ExperimentEagle.experimentEagle] [func=_fixAspectRatioBool_changed:line=956] self.fixAspectRatioBool changed to False
2020-02-11 18:08:52,266 [INFO ] [MainThread] [ExperimentEagle.experimentEagle] [func=_fixAspectRatioBool_changed:line=956] self.fixAspectRatioBool changed to True
2020-02-11 18:08:52,266 [WARNI] [MainThread] [ExperimentEagle.Processor] [func=drawRescaleRegion:line=107] drawRescaleRegion
2020-02-11 18:08:52,269 [INFO ] [MainThread] [ExperimentEagle.experimentEagle] [func=getImageData:line=174] continuing after pixels changed = True event
2020-02-11 18:08:52,272 [INFO ] [MainThread] [ExperimentEagle.experimentEagle] [func=update:line=826] updating plot
2020-02-11 18:08:52,276 [INFO ] [MainThread] [ExperimentEagle.experimentEagle] [func=_forceRefreshButton_fired:line=201] force refresh button fired
2020-02-11 18:08:52,338 [INFO ] [MainThread] [ExperimentEagle.experimentEagle] [func=getImageData:line=165] processor = <processors.standardAlta1.StandardAlta1 object at 0x000000000B26E8E0>
2020-02-11 18:08:52,338 [INFO ] [MainThread] [ExperimentEagle.Processor] [func=process:line=57] using standard Alta 1 process function
2020-02-11 18:08:52,378 [ERROR] [MainThread] [ExperimentEagle.Processor] [func=process:line=62] T:/TOFAtomNumber/eagleWatchedFolder\evaporation Optimisation 7_ALTA0atoms_1102 180623.png
2020-02-11 18:08:52,398 [ERROR] [MainThread] [ExperimentEagle.Processor] [func=process:line=63] T:/TOFAtomNumber/eagleWatchedFolder\evaporation Optimisation 7_ALTA0dark_1102 180623.png
2020-02-11 18:08:52,398 [ERROR] [MainThread] [ExperimentEagle.Processor] [func=process:line=64] T:/TOFAtomNumber/eagleWatchedFolder\evaporation Optimisation 7_ALTA0light_1102 180623.png
2020-02-11 18:08:52,401 [INFO ] [MainThread] [ExperimentEagle.Processor] [func=read:line=38] processor reading file!
2020-02-11 18:08:52,459 [INFO ] [MainThread] [ExperimentEagle.Processor] [func=read:line=38] processor reading file!
2020-02-11 18:08:52,483 [ERROR] [MainThread] [ExperimentEagle.Processor] [func=process:line=72] atoms array mean:4739.04313405
2020-02-11 18:08:52,506 [ERROR] [MainThread] [ExperimentEagle.Processor] [func=process:line=73] light array mean:5016.63153839
2020-02-11 18:08:52,523 [INFO ] [MainThread] [ExperimentEagle.Processor] [func=read:line=38] processor reading file!
2020-02-11 18:08:52,549 [ERROR] [MainThread] [ExperimentEagle.Processor] [func=process:line=78] dark array mean:2788.68312327
2020-02-11 18:08:53,881 [INFO ] [MainThread] [ExperimentEagle.Processor] [func=rescale:line=86] processor: rescale factor = nan using region of shape: 0, 0
2020-02-11 18:08:53,884 [INFO ] [MainThread] [ExperimentEagle.Processor] [func=rescale:line=86] processor: rescale factor = nan using region of shape: 0, 0
2020-02-11 18:08:53,884 [WARNI] [MainThread] [ExperimentEagle.Processor] [func=opticalDensity:line=55] negative values found in atom / light array which won't work when log is taken. clipping to 1
2020-02-11 18:08:53,887 [WARNI] [MainThread] [ExperimentEagle.Processor] [func=opticalDensity:line=58] Calculate OP picture..
2020-02-11 18:08:53,897 [ERROR] [MainThread] [ExperimentEagle.Processor] [func=process:line=100] OD mean:nan
2020-02-11 18:08:53,911 [INFO ] [MainThread] [ExperimentEagle.experimentEagle] [func=getImageData:line=169] shape of raw Image = (256,384)
2020-02-11 18:08:53,946 [INFO ] [MainThread] [ExperimentEagle.experimentEagle] [func=update:line=826] updating plot
2020-02-11 18:09:07,806 [INFO ] [MainThread] [ExperimentEagle.experimentEagle] [func=_forceRefreshButton_fired:line=201] force refresh button fired
2020-02-11 18:09:07,842 [INFO ] [MainThread] [ExperimentEagle.experimentEagle] [func=getImageData:line=165] processor = <processors.standardAlta1.StandardAlta1 object at 0x000000000B26E8E0>
2020-02-11 18:09:07,869 [INFO ] [MainThread] [ExperimentEagle.Processor] [func=process:line=57] using standard Alta 1 process function
2020-02-11 18:09:07,871 [ERROR] [MainThread] [ExperimentEagle.Processor] [func=process:line=62] T:/TOFAtomNumber/eagleWatchedFolder\evaporation Optimisation 7_ALTA0atoms_1102 180623.png
2020-02-11 18:09:07,872 [ERROR] [MainThread] [ExperimentEagle.Processor] [func=process:line=63] T:/TOFAtomNumber/eagleWatchedFolder\evaporation Optimisation 7_ALTA0dark_1102 180623.png
2020-02-11 18:09:07,874 [ERROR] [MainThread] [ExperimentEagle.Processor] [func=process:line=64] T:/TOFAtomNumber/eagleWatchedFolder\evaporation Optimisation 7_ALTA0light_1102 180623.png
2020-02-11 18:09:07,875 [INFO ] [MainThread] [ExperimentEagle.Processor] [func=read:line=38] processor reading file!
2020-02-11 18:09:07,895 [INFO ] [MainThread] [ExperimentEagle.Processor] [func=read:line=38] processor reading file!
2020-02-11 18:09:07,927 [ERROR] [MainThread] [ExperimentEagle.Processor] [func=process:line=72] atoms array mean:4739.04313405
2020-02-11 18:09:07,934 [ERROR] [MainThread] [ExperimentEagle.Processor] [func=process:line=73] light array mean:5016.63153839
2020-02-11 18:09:07,936 [INFO ] [MainThread] [ExperimentEagle.Processor] [func=read:line=38] processor reading file!
2020-02-11 18:09:07,966 [ERROR] [MainThread] [ExperimentEagle.Processor] [func=process:line=78] dark array mean:2788.68312327
2020-02-11 18:09:09,285 [INFO ] [MainThread] [ExperimentEagle.Processor] [func=rescale:line=86] processor: rescale factor = nan using region of shape: 0, 0
2020-02-11 18:09:09,286 [INFO ] [MainThread] [ExperimentEagle.Processor] [func=rescale:line=86] processor: rescale factor = nan using region of shape: 0, 0
2020-02-11 18:09:09,288 [WARNI] [MainThread] [ExperimentEagle.Processor] [func=opticalDensity:line=55] negative values found in atom / light array which won't work when log is taken. clipping to 1
2020-02-11 18:09:09,289 [WARNI] [MainThread] [ExperimentEagle.Processor] [func=opticalDensity:line=58] Calculate OP picture..
2020-02-11 18:09:09,296 [ERROR] [MainThread] [ExperimentEagle.Processor] [func=process:line=100] OD mean:nan
2020-02-11 18:09:09,311 [INFO ] [MainThread] [ExperimentEagle.experimentEagle] [func=getImageData:line=169] shape of raw Image = (256,384)
2020-02-11 18:09:09,342 [INFO ] [MainThread] [ExperimentEagle.experimentEagle] [func=update:line=826] updating plot
2020-02-11 18:09:09,345 [INFO ] [MainThread] [ExperimentEagle.experimentEagle] [func=_forceRefreshButton_fired:line=201] force refresh button fired
2020-02-11 18:09:09,364 [INFO ] [MainThread] [ExperimentEagle.experimentEagle] [func=getImageData:line=165] processor = <processors.standardAlta1.StandardAlta1 object at 0x000000000B26E8E0>
2020-02-11 18:09:09,365 [INFO ] [MainThread] [ExperimentEagle.Processor] [func=process:line=57] using standard Alta 1 process function
2020-02-11 18:09:09,365 [ERROR] [MainThread] [ExperimentEagle.Processor] [func=process:line=62] T:/TOFAtomNumber/eagleWatchedFolder\evaporation Optimisation 7_ALTA0atoms_1102 180623.png
2020-02-11 18:09:09,367 [ERROR] [MainThread] [ExperimentEagle.Processor] [func=process:line=63] T:/TOFAtomNumber/eagleWatchedFolder\evaporation Optimisation 7_ALTA0dark_1102 180623.png
2020-02-11 18:09:09,368 [ERROR] [MainThread] [ExperimentEagle.Processor] [func=process:line=64] T:/TOFAtomNumber/eagleWatchedFolder\evaporation Optimisation 7_ALTA0light_1102 180623.png
2020-02-11 18:09:09,368 [INFO ] [MainThread] [ExperimentEagle.Processor] [func=read:line=38] processor reading file!
2020-02-11 18:09:09,427 [INFO ] [MainThread] [ExperimentEagle.Processor] [func=read:line=38] processor reading file!
2020-02-11 18:09:09,450 [ERROR] [MainThread] [ExperimentEagle.Processor] [func=process:line=72] atoms array mean:4739.04313405
2020-02-11 18:09:09,471 [ERROR] [MainThread] [ExperimentEagle.Processor] [func=process:line=73] light array mean:5016.63153839
2020-02-11 18:09:09,473 [INFO ] [MainThread] [ExperimentEagle.Processor] [func=read:line=38] processor reading file!
2020-02-11 18:09:09,496 [ERROR] [MainThread] [ExperimentEagle.Processor] [func=process:line=78] dark array mean:2788.68312327
2020-02-11 18:09:10,604 [INFO ] [MainThread] [ExperimentEagle.Processor] [func=rescale:line=86] processor: rescale factor = nan using region of shape: 0, 0
2020-02-11 18:09:10,618 [INFO ] [MainThread] [ExperimentEagle.Processor] [func=rescale:line=86] processor: rescale factor = nan using region of shape: 0, 0
2020-02-11 18:09:10,621 [WARNI] [MainThread] [ExperimentEagle.Processor] [func=opticalDensity:line=55] negative values found in atom / light array which won't work when log is taken. clipping to 1
2020-02-11 18:09:10,624 [WARNI] [MainThread] [ExperimentEagle.Processor] [func=opticalDensity:line=58] Calculate OP picture..
2020-02-11 18:09:10,631 [ERROR] [MainThread] [ExperimentEagle.Processor] [func=process:line=100] OD mean:nan
2020-02-11 18:09:10,644 [INFO ] [MainThread] [ExperimentEagle.experimentEagle] [func=getImageData:line=169] shape of raw Image = (256,384)
2020-02-11 18:09:10,647 [INFO ] [MainThread] [ExperimentEagle.experimentEagle] [func=update:line=826] updating plot
2020-02-11 18:09:13,665 [INFO ] [MainThread] [ExperimentEagle.experimentEagle] [func=_selectedFile_changed:line=988] ######################## Selected File changed ########################
2020-02-11 18:09:13,687 [INFO ] [MainThread] [ExperimentEagle.experimentEagle] [func=_selectedFile_changed:line=990] Update physics
2020-02-11 18:09:13,809 [WARNI] [MainThread] [ExperimentEagle.physicsProperties] [func=updatePhysics:line=127] Age of sequence file: 17.9963243008
2020-02-11 18:09:13,944 [INFO ] [MainThread] [ExperimentEagle.experimentEagle] [func=getImageData:line=165] processor = <processors.standardAlta1.StandardAlta1 object at 0x000000000B26E8E0>
2020-02-11 18:09:13,947 [INFO ] [MainThread] [ExperimentEagle.Processor] [func=process:line=57] using standard Alta 1 process function
2020-02-11 18:09:13,947 [ERROR] [MainThread] [ExperimentEagle.Processor] [func=process:line=62] T:/TOFAtomNumber/eagleWatchedFolder\evaporation Optimisation 7_ALTA0atoms_1102 180651.png
2020-02-11 18:09:13,951 [ERROR] [MainThread] [ExperimentEagle.Processor] [func=process:line=63] T:/TOFAtomNumber/eagleWatchedFolder\evaporation Optimisation 7_ALTA0dark_1102 180651.png
2020-02-11 18:09:13,953 [ERROR] [MainThread] [ExperimentEagle.Processor] [func=process:line=64] T:/TOFAtomNumber/eagleWatchedFolder\evaporation Optimisation 7_ALTA0light_1102 180651.png
2020-02-11 18:09:13,954 [INFO ] [MainThread] [ExperimentEagle.Processor] [func=read:line=38] processor reading file!
2020-02-11 18:09:13,980 [INFO ] [MainThread] [ExperimentEagle.Processor] [func=read:line=38] processor reading file!
2020-02-11 18:09:14,038 [ERROR] [MainThread] [ExperimentEagle.Processor] [func=process:line=72] atoms array mean:4720.8956426
2020-02-11 18:09:14,068 [ERROR] [MainThread] [ExperimentEagle.Processor] [func=process:line=73] light array mean:5015.12541707
2020-02-11 18:09:14,069 [INFO ] [MainThread] [ExperimentEagle.Processor] [func=read:line=38] processor reading file!
2020-02-11 18:09:14,102 [ERROR] [MainThread] [ExperimentEagle.Processor] [func=process:line=78] dark array mean:2788.74722036
2020-02-11 18:09:15,352 [INFO ] [MainThread] [ExperimentEagle.Processor] [func=rescale:line=86] processor: rescale factor = nan using region of shape: 0, 0
2020-02-11 18:09:15,368 [INFO ] [MainThread] [ExperimentEagle.Processor] [func=rescale:line=86] processor: rescale factor = nan using region of shape: 0, 0
2020-02-11 18:09:15,372 [WARNI] [MainThread] [ExperimentEagle.Processor] [func=opticalDensity:line=55] negative values found in atom / light array which won't work when log is taken. clipping to 1
2020-02-11 18:09:15,375 [WARNI] [MainThread] [ExperimentEagle.Processor] [func=opticalDensity:line=58] Calculate OP picture..
2020-02-11 18:09:15,382 [ERROR] [MainThread] [ExperimentEagle.Processor] [func=process:line=100] OD mean:nan
2020-02-11 18:09:15,397 [INFO ] [MainThread] [ExperimentEagle.experimentEagle] [func=getImageData:line=169] shape of raw Image = (256,384)
2020-02-11 18:09:15,398 [INFO ] [MainThread] [ExperimentEagle.experimentEagle] [func=update:line=826] updating plot
2020-02-11 18:09:15,401 [INFO ] [MainThread] [ExperimentEagle.experimentEagle] [func=_selectedFile_changed:line=1004] succesfully completed getImageData. Will now break from repetition loop
2020-02-11 18:09:15,436 [INFO ] [MainThread] [ExperimentEagle.experimentEagle] [func=update:line=826] updating plot
2020-02-11 18:09:41,665 [INFO ] [MainThread] [ExperimentEagle.experimentEagle] [func=_selectedFile_changed:line=988] ######################## Selected File changed ########################
2020-02-11 18:09:41,673 [INFO ] [MainThread] [ExperimentEagle.experimentEagle] [func=_selectedFile_changed:line=990] Update physics
2020-02-11 18:09:41,786 [WARNI] [MainThread] [ExperimentEagle.physicsProperties] [func=updatePhysics:line=127] Age of sequence file: 18.1951518059
2020-02-11 18:09:41,914 [INFO ] [MainThread] [ExperimentEagle.experimentEagle] [func=getImageData:line=165] processor = <processors.standardAlta1.StandardAlta1 object at 0x000000000B26E8E0>
2020-02-11 18:09:41,915 [INFO ] [MainThread] [ExperimentEagle.Processor] [func=process:line=57] using standard Alta 1 process function
2020-02-11 18:09:41,917 [ERROR] [MainThread] [ExperimentEagle.Processor] [func=process:line=62] T:/TOFAtomNumber/eagleWatchedFolder\evaporation Optimisation 7_ALTA0atoms_1102 180719.png
2020-02-11 18:09:41,917 [ERROR] [MainThread] [ExperimentEagle.Processor] [func=process:line=63] T:/TOFAtomNumber/eagleWatchedFolder\evaporation Optimisation 7_ALTA0dark_1102 180719.png
2020-02-11 18:09:41,918 [ERROR] [MainThread] [ExperimentEagle.Processor] [func=process:line=64] T:/TOFAtomNumber/eagleWatchedFolder\evaporation Optimisation 7_ALTA0light_1102 180719.png
2020-02-11 18:09:41,921 [INFO ] [MainThread] [ExperimentEagle.Processor] [func=read:line=38] processor reading file!
2020-02-11 18:09:41,940 [INFO ] [MainThread] [ExperimentEagle.Processor] [func=read:line=38] processor reading file!
2020-02-11 18:09:41,996 [ERROR] [MainThread] [ExperimentEagle.Processor] [func=process:line=72] atoms array mean:4690.69489288
2020-02-11 18:09:42,029 [ERROR] [MainThread] [ExperimentEagle.Processor] [func=process:line=73] light array mean:4997.65756734
2020-02-11 18:09:42,029 [INFO ] [MainThread] [ExperimentEagle.Processor] [func=read:line=38] processor reading file!
2020-02-11 18:09:42,059 [ERROR] [MainThread] [ExperimentEagle.Processor] [func=process:line=78] dark array mean:2788.63431295
2020-02-11 18:09:43,165 [INFO ] [MainThread] [ExperimentEagle.Processor] [func=rescale:line=86] processor: rescale factor = nan using region of shape: 0, 0
2020-02-11 18:09:43,180 [INFO ] [MainThread] [ExperimentEagle.Processor] [func=rescale:line=86] processor: rescale factor = nan using region of shape: 0, 0
2020-02-11 18:09:43,184 [WARNI] [MainThread] [ExperimentEagle.Processor] [func=opticalDensity:line=55] negative values found in atom / light array which won't work when log is taken. clipping to 1
2020-02-11 18:09:43,187 [WARNI] [MainThread] [ExperimentEagle.Processor] [func=opticalDensity:line=58] Calculate OP picture..
2020-02-11 18:09:43,194 [ERROR] [MainThread] [ExperimentEagle.Processor] [func=process:line=100] OD mean:nan
2020-02-11 18:09:43,207 [INFO ] [MainThread] [ExperimentEagle.experimentEagle] [func=getImageData:line=169] shape of raw Image = (256,384)
2020-02-11 18:09:43,210 [INFO ] [MainThread] [ExperimentEagle.experimentEagle] [func=update:line=826] updating plot
2020-02-11 18:09:43,211 [INFO ] [MainThread] [ExperimentEagle.experimentEagle] [func=_selectedFile_changed:line=1004] succesfully completed getImageData. Will now break from repetition loop
2020-02-11 18:09:43,213 [INFO ] [MainThread] [ExperimentEagle.experimentEagle] [func=update:line=826] updating plot
2020-02-11 18:10:09,661 [INFO ] [MainThread] [ExperimentEagle.experimentEagle] [func=_selectedFile_changed:line=988] ######################## Selected File changed ########################
2020-02-11 18:10:09,664 [INFO ] [MainThread] [ExperimentEagle.experimentEagle] [func=_selectedFile_changed:line=990] Update physics
2020-02-11 18:10:09,783 [WARNI] [MainThread] [ExperimentEagle.physicsProperties] [func=updatePhysics:line=127] Age of sequence file: 17.7988681793
2020-02-11 18:10:09,911 [INFO ] [MainThread] [ExperimentEagle.experimentEagle] [func=getImageData:line=165] processor = <processors.standardAlta1.StandardAlta1 object at 0x000000000B26E8E0>
2020-02-11 18:10:09,913 [INFO ] [MainThread] [ExperimentEagle.Processor] [func=process:line=57] using standard Alta 1 process function
2020-02-11 18:10:09,914 [ERROR] [MainThread] [ExperimentEagle.Processor] [func=process:line=62] T:/TOFAtomNumber/eagleWatchedFolder\evaporation Optimisation 7_ALTA0atoms_1102 180747.png
2020-02-11 18:10:09,917 [ERROR] [MainThread] [ExperimentEagle.Processor] [func=process:line=63] T:/TOFAtomNumber/eagleWatchedFolder\evaporation Optimisation 7_ALTA0dark_1102 180747.png
2020-02-11 18:10:09,918 [ERROR] [MainThread] [ExperimentEagle.Processor] [func=process:line=64] T:/TOFAtomNumber/eagleWatchedFolder\evaporation Optimisation 7_ALTA0light_1102 180747.png
2020-02-11 18:10:09,921 [INFO ] [MainThread] [ExperimentEagle.Processor] [func=read:line=38] processor reading file!
2020-02-11 18:10:09,940 [INFO ] [MainThread] [ExperimentEagle.Processor] [func=read:line=38] processor reading file!
2020-02-11 18:10:10,000 [ERROR] [MainThread] [ExperimentEagle.Processor] [func=process:line=72] atoms array mean:4670.05573781
2020-02-11 18:10:10,046 [ERROR] [MainThread] [ExperimentEagle.Processor] [func=process:line=73] light array mean:4978.17042287
2020-02-11 18:10:10,046 [INFO ] [MainThread] [ExperimentEagle.Processor] [func=read:line=38] processor reading file!
2020-02-11 18:10:10,078 [ERROR] [MainThread] [ExperimentEagle.Processor] [func=process:line=78] dark array mean:2788.69961548
2020-02-11 18:10:11,256 [INFO ] [MainThread] [ExperimentEagle.Processor] [func=rescale:line=86] processor: rescale factor = nan using region of shape: 0, 0
2020-02-11 18:10:11,259 [INFO ] [MainThread] [ExperimentEagle.Processor] [func=rescale:line=86] processor: rescale factor = nan using region of shape: 0, 0
2020-02-11 18:10:11,260 [WARNI] [MainThread] [ExperimentEagle.Processor] [func=opticalDensity:line=55] negative values found in atom / light array which won't work when log is taken. clipping to 1
2020-02-11 18:10:11,262 [WARNI] [MainThread] [ExperimentEagle.Processor] [func=opticalDensity:line=58] Calculate OP picture..
2020-02-11 18:10:11,270 [ERROR] [MainThread] [ExperimentEagle.Processor] [func=process:line=100] OD mean:nan
2020-02-11 18:10:11,285 [INFO ] [MainThread] [ExperimentEagle.experimentEagle] [func=getImageData:line=169] shape of raw Image = (256,384)
2020-02-11 18:10:11,316 [INFO ] [MainThread] [ExperimentEagle.experimentEagle] [func=update:line=826] updating plot
2020-02-11 18:10:11,321 [INFO ] [MainThread] [ExperimentEagle.experimentEagle] [func=_selectedFile_changed:line=1004] succesfully completed getImageData. Will now break from repetition loop
2020-02-11 18:10:11,321 [INFO ] [MainThread] [ExperimentEagle.experimentEagle] [func=update:line=826] updating plot
2020-02-11 18:10:37,665 [INFO ] [MainThread] [ExperimentEagle.experimentEagle] [func=_selectedFile_changed:line=988] ######################## Selected File changed ########################
2020-02-11 18:10:37,667 [INFO ] [MainThread] [ExperimentEagle.experimentEagle] [func=_selectedFile_changed:line=990] Update physics
2020-02-11 18:10:37,799 [WARNI] [MainThread] [ExperimentEagle.physicsProperties] [func=updatePhysics:line=127] Age of sequence file: 17.9110562801
2020-02-11 18:10:37,927 [INFO ] [MainThread] [ExperimentEagle.experimentEagle] [func=getImageData:line=165] processor = <processors.standardAlta1.StandardAlta1 object at 0x000000000B26E8E0>
2020-02-11 18:10:37,928 [INFO ] [MainThread] [ExperimentEagle.Processor] [func=process:line=57] using standard Alta 1 process function
2020-02-11 18:10:37,930 [ERROR] [MainThread] [ExperimentEagle.Processor] [func=process:line=62] T:/TOFAtomNumber/eagleWatchedFolder\evaporation Optimisation 7_ALTA0atoms_1102 180814.png
2020-02-11 18:10:37,930 [ERROR] [MainThread] [ExperimentEagle.Processor] [func=process:line=63] T:/TOFAtomNumber/eagleWatchedFolder\evaporation Optimisation 7_ALTA0dark_1102 180814.png
2020-02-11 18:10:37,931 [ERROR] [MainThread] [ExperimentEagle.Processor] [func=process:line=64] T:/TOFAtomNumber/eagleWatchedFolder\evaporation Optimisation 7_ALTA0light_1102 180814.png
2020-02-11 18:10:37,970 [INFO ] [MainThread] [ExperimentEagle.Processor] [func=read:line=38] processor reading file!
2020-02-11 18:10:37,992 [INFO ] [MainThread] [ExperimentEagle.Processor] [func=read:line=38] processor reading file!
2020-02-11 18:10:38,023 [ERROR] [MainThread] [ExperimentEagle.Processor] [func=process:line=72] atoms array mean:4708.59483337
2020-02-11 18:10:38,030 [ERROR] [MainThread] [ExperimentEagle.Processor] [func=process:line=73] light array mean:4998.97612
2020-02-11 18:10:38,032 [INFO ] [MainThread] [ExperimentEagle.Processor] [func=read:line=38] processor reading file!
2020-02-11 18:10:38,063 [ERROR] [MainThread] [ExperimentEagle.Processor] [func=process:line=78] dark array mean:2788.66812388
2020-02-11 18:10:39,219 [INFO ] [MainThread] [ExperimentEagle.Processor] [func=rescale:line=86] processor: rescale factor = nan using region of shape: 0, 0
2020-02-11 18:10:39,220 [INFO ] [MainThread] [ExperimentEagle.Processor] [func=rescale:line=86] processor: rescale factor = nan using region of shape: 0, 0
2020-02-11 18:10:39,221 [WARNI] [MainThread] [ExperimentEagle.Processor] [func=opticalDensity:line=55] negative values found in atom / light array which won't work when log is taken. clipping to 1
2020-02-11 18:10:39,223 [WARNI] [MainThread] [ExperimentEagle.Processor] [func=opticalDensity:line=58] Calculate OP picture..
2020-02-11 18:10:39,232 [ERROR] [MainThread] [ExperimentEagle.Processor] [func=process:line=100] OD mean:nan
2020-02-11 18:10:39,244 [INFO ] [MainThread] [ExperimentEagle.experimentEagle] [func=getImageData:line=169] shape of raw Image = (256,384)
2020-02-11 18:10:39,279 [INFO ] [MainThread] [ExperimentEagle.experimentEagle] [func=update:line=826] updating plot
2020-02-11 18:10:39,282 [INFO ] [MainThread] [ExperimentEagle.experimentEagle] [func=_selectedFile_changed:line=1004] succesfully completed getImageData. Will now break from repetition loop
2020-02-11 18:10:39,283 [INFO ] [MainThread] [ExperimentEagle.experimentEagle] [func=update:line=826] updating plot
2020-02-11 18:10:54,243 [INFO ] [MainThread] [ExperimentEagle.OptionsDictionaryEditor] [func=editOptionsDialog:line=73] detected a cancel return code. Will not update optionsDict
2020-02-11 18:10:55,444 [INFO ] [MainThread] [ExperimentEagle.experimentEagle] [func=closed:line=230] attempting to stop timers
