2020-02-22 17:09:30,654 [INFO ] [MainThread] [ExperimentEagle] [func=<module>:line=59] Welcome to Experiment Eagle version 4.0 written by Timothy Harrison. Report bugs to 
Timothy Harrison. See text at beginning of __init__.py for more information.
2020-02-22 17:09:34,507 [INFO ] [MainThread] [ExperimentEagle.experimentEagle] [func=_fixAspectRatioBool_changed:line=956] self.fixAspectRatioBool changed to True
2020-02-22 17:09:34,519 [INFO ] [MainThread] [ExperimentEagle.experimentEagle] [func=loadSettings:line=585] Load settings
2020-02-22 17:09:34,533 [INFO ] [MainThread] [ExperimentEagle.experimentEagle] [func=__init__:line=582] initialisation of experiment Eagle complete
2020-02-22 17:09:40,155 [INFO ] [MainThread] [ExperimentEagle.experimentEagle] [func=update:line=826] updating plot
2020-02-22 17:09:44,099 [INFO ] [MainThread] [ExperimentEagle.experimentEagle] [func=_cameraModel_changed:line=1021] Camera model changed to Andor2
2020-02-22 17:09:44,114 [INFO ] [MainThread] [ExperimentEagle.experimentEagle] [func=_cameraModel_changed:line=1037] {u'auto': False, u'max': 3, u'min': -0.2}
2020-02-22 17:09:44,118 [ERROR] [MainThread] [ExperimentEagle.experimentEagle] [func=getImageData:line=141] image file not found. filling with zeros
2020-02-22 17:09:44,154 [INFO ] [MainThread] [ExperimentEagle.experimentEagle] [func=update:line=826] updating plot
2020-02-22 17:09:47,543 [INFO ] [MainThread] [ExperimentEagle.experimentEagle] [func=_configureWatchFolder_fired:line=1065] Configure watch folder for Andor2
2020-02-22 17:09:49,572 [WARNI] [MainThread] [ExperimentEagle.experimentEagle] [func=checkForNewFiles:line=356] more than one new file found [u'Sequence_ANDORFT_2202 170548.png', u'Sequence_ANDORFT_2202 170453.png', u'Sequence_ANDORFT_2202 170301.png', u'Sequence_ANDORFT_2202 170425.png', u'Sequence_ANDORFT_2202 170712.png', u'Sequence_ANDORFT_2202 170616.png', u'Sequence_ANDORFT_2202 170520.png', u'Sequence_ANDORFT_2202 170329.png', u'Sequence_ANDORFT_2202 170644.png', u'Sequence_ANDORFT_2202 170357.png'] only analysing first one
2020-02-22 17:09:49,579 [INFO ] [MainThread] [ExperimentEagle.experimentEagle] [func=_selectedFile_changed:line=988] ######################## Selected File changed ########################
2020-02-22 17:09:49,615 [INFO ] [MainThread] [ExperimentEagle.experimentEagle] [func=_selectedFile_changed:line=990] Update physics
2020-02-22 17:09:49,622 [ERROR] [MainThread] [ExperimentEagle.physicsProperties] [func=updatePhysics:line=139] Error when trying to load XML 'PhysicsProperties' object has no attribute 'selectedFileModifiedTime'
2020-02-22 17:09:49,796 [INFO ] [MainThread] [ExperimentEagle.experimentEagle] [func=getImageData:line=165] processor = <processors.standardAndor2.StandardAndor2 object at 0x000000000B0D9BF8>
2020-02-22 17:09:49,802 [INFO ] [MainThread] [ExperimentEagle.Processor] [func=process:line=70] using standard Andor 0 process function
2020-02-22 17:09:49,803 [INFO ] [MainThread] [ExperimentEagle.Processor] [func=read:line=38] processor reading file!
2020-02-22 17:09:49,832 [WARNI] [MainThread] [ExperimentEagle.Processor] [func=process:line=89] loading ".gz" picture .. is .. very .. slow .., better use numpy file ".npy"
2020-02-22 17:09:51,217 [INFO ] [MainThread] [ExperimentEagle.Processor] [func=rescale:line=86] processor: rescale factor = 1.056321912728933 using region of shape: 20, 20
2020-02-22 17:09:51,243 [WARNI] [MainThread] [ExperimentEagle.Processor] [func=opticalDensity:line=58] Calculate OP picture..
2020-02-22 17:09:51,292 [INFO ] [MainThread] [ExperimentEagle.experimentEagle] [func=getImageData:line=169] shape of raw Image = (527,531)
2020-02-22 17:09:51,293 [WARNI] [MainThread] [ExperimentEagle.experimentEagle] [func=getImageData:line=172] number of pixels in image have changed. This causes problems for contour fit plot. Will destroy contour fit plot first
2020-02-22 17:09:51,295 [INFO ] [MainThread] [ExperimentEagle.experimentEagle] [func=_fixAspectRatioBool_changed:line=956] self.fixAspectRatioBool changed to False
2020-02-22 17:09:51,296 [INFO ] [MainThread] [ExperimentEagle.experimentEagle] [func=_fixAspectRatioBool_changed:line=956] self.fixAspectRatioBool changed to True
2020-02-22 17:09:51,342 [INFO ] [MainThread] [ExperimentEagle.experimentEagle] [func=getImageData:line=174] continuing after pixels changed = True event
2020-02-22 17:09:51,351 [INFO ] [MainThread] [ExperimentEagle.experimentEagle] [func=update:line=826] updating plot
2020-02-22 17:09:51,391 [INFO ] [MainThread] [ExperimentEagle.experimentEagle] [func=_selectedFile_changed:line=1004] succesfully completed getImageData. Will now break from repetition loop
2020-02-22 17:09:51,391 [INFO ] [MainThread] [ExperimentEagle.experimentEagle] [func=update:line=826] updating plot
2020-02-22 17:11:30,286 [INFO ] [MainThread] [ExperimentEagle.Processor] [func=_ok:line=23] Calculate new dark picture..
2020-02-22 17:15:43,180 [ERROR] [MainThread] [ExperimentEagle.experimentEagle] [func=closed:line=232] couldn't stop current timer 'NoneType' object has no attribute 'stop' 
