2020-06-12 20:42:22,144 [INFO ] [MainThread] [ExperimentEagle] [func=<module>:line=60] Welcome to Experiment Eagle version 4.0 written by Timothy Harrison. Report bugs to 
Timothy Harrison. See text at beginning of __init__.py for more information.
2020-06-12 20:42:27,345 [INFO ] [MainThread] [ExperimentEagle.experimentEagle] [func=_fixAspectRatioBool_changed:line=972] self.fixAspectRatioBool changed to True
2020-06-12 20:42:27,345 [INFO ] [MainThread] [ExperimentEagle.experimentEagle] [func=loadSettings:line=601] Load settings
2020-06-12 20:42:27,355 [INFO ] [MainThread] [ExperimentEagle.experimentEagle] [func=__init__:line=598] initialisation of experiment Eagle complete
2020-06-12 20:42:33,503 [INFO ] [MainThread] [ExperimentEagle.experimentEagle] [func=update:line=842] updating plot
2020-06-12 20:43:09,615 [INFO ] [MainThread] [ExperimentEagle.experimentEagle] [func=_cameraModel_changed:line=1037] Camera model changed to Andor0
2020-06-12 20:43:09,625 [INFO ] [MainThread] [ExperimentEagle.experimentEagle] [func=_cameraModel_changed:line=1053] {u'auto': False, u'max': 5, u'min': -0.2}
2020-06-12 20:43:09,635 [ERROR] [MainThread] [ExperimentEagle.experimentEagle] [func=getImageData:line=144] image file not found. filling with zeros
2020-06-12 20:43:09,635 [INFO ] [MainThread] [ExperimentEagle.experimentEagle] [func=update:line=842] updating plot
2020-06-12 20:43:10,375 [INFO ] [MainThread] [ExperimentEagle.experimentEagle] [func=_configureWatchFolder_fired:line=1081] Configure watch folder for Andor0
2020-06-12 20:43:11,075 [INFO ] [MainThread] [ExperimentEagle.experimentEagle] [func=_forceRefreshButton_fired:line=204] force refresh button fired
2020-06-12 20:43:11,075 [ERROR] [MainThread] [ExperimentEagle.experimentEagle] [func=getImageData:line=144] image file not found. filling with zeros
2020-06-12 20:43:11,075 [INFO ] [MainThread] [ExperimentEagle.experimentEagle] [func=update:line=842] updating plot
2020-06-12 20:43:11,085 [WARNI] [MainThread] [ExperimentEagle.experimentEagle] [func=checkForNewFiles:line=372] more than one new file found [u'evaporation Optimisation 7_ANDOR0FT_GeneralDummyVariable_2_LiOffsetLockSnakeImagingDetuningMHz_-1_LiOffsetLockSnakeState_2_1206 203549.png', u'evaporation Optimisation 7_ANDOR0FT_GeneralDummyVariable_2_LiOffsetLockSnakeImagingDetuningMHz_-1_LiOffsetLockSnakeState_2_1206 203257.png', u'evaporation Optimisation 7_ANDOR0FT_GeneralDummyVariable_2_LiOffsetLockSnakeImagingDetuningMHz_-1_LiOffsetLockSnakeState_2_1206 203908.png', u'evaporation Optimisation 7_ANDOR0FT_GeneralDummyVariable_2_LiOffsetLockSnakeImagingDetuningMHz_-1_LiOffsetLockSnakeState_2_1206 203617.png', u'evaporation Optimisation 7_ANDOR0FT_GeneralDummyVariable_2_LiOffsetLockSnakeImagingDetuningMHz_-1_LiOffsetLockSnakeState_2_1206 203714.png', u'evaporation Optimisation 7_ANDOR0FT_GeneralDummyVariable_2_LiOffsetLockSnakeImagingDetuningMHz_-1_LiOffsetLockSnakeState_2_1206 203743.png', u'evaporation Optimisation 7_ANDOR0FT_GeneralDummyVariable_2_LiOffsetLockSnakeImagingDetuningMHz_-1_LiOffsetLockSnakeState_2_1206 203229.png', u'evaporation Optimisation 7_ANDOR0FT_GeneralDummyVariable_2_LiOffsetLockSnakeImagingDetuningMHz_-1_LiOffsetLockSnakeState_2_1206 203452.png', u'evaporation Optimisation 7_ANDOR0FT_GeneralDummyVariable_2_LiOffsetLockSnakeImagingDetuningMHz_-1_LiOffsetLockSnakeState_2_1206 203203.png', u'evaporation Optimisation 7_ANDOR0FT_GeneralDummyVariable_2_LiOffsetLockSnakeImagingDetuningMHz_-1_LiOffsetLockSnakeState_2_1206 204006.png', u'evaporation Optimisation 7_ANDOR0FT_GeneralDummyVariable_2_LiOffsetLockSnakeImagingDetuningMHz_-1_LiOffsetLockSnakeState_2_1206 203646.png', u'evaporation Optimisation 7_ANDOR0FT_GeneralDummyVariable_2_LiOffsetLockSnakeImagingDetuningMHz_-1_LiOffsetLockSnakeState_2_1206 203326.png', u'evaporation Optimisation 7_ANDOR0FT_GeneralDummyVariable_2_LiOffsetLockSnakeImagingDetuningMHz_-1_LiOffsetLockSnakeState_2_1206 203006.png', u'evaporation Optimisation 7_ANDOR0FT_GeneralDummyVariable_2_LiOffsetLockSnakeImagingDetuningMHz_-1_LiOffsetLockSnakeState_2_1206 203840.png', u'evaporation Optimisation 7_ANDOR0FT_GeneralDummyVariable_2_LiOffsetLockSnakeImagingDetuningMHz_-1_LiOffsetLockSnakeState_2_1206 204034.png', u'evaporation Optimisation 7_ANDOR0FT_GeneralDummyVariable_2_LiOffsetLockSnakeImagingDetuningMHz_-1_LiOffsetLockSnakeState_2_1206 203811.png', u'evaporation Optimisation 7_ANDOR0FT_GeneralDummyVariable_2_LiOffsetLockSnakeImagingDetuningMHz_-1_LiOffsetLockSnakeState_2_1206 203520.png', u'evaporation Optimisation 7_ANDOR0FT_GeneralDummyVariable_2_LiOffsetLockSnakeImagingDetuningMHz_-1_LiOffsetLockSnakeState_2_1206 204103.png', u'evaporation Optimisation 7_ANDOR0FT_GeneralDummyVariable_2_LiOffsetLockSnakeImagingDetuningMHz_-1_LiOffsetLockSnakeState_2_1206 203423.png', u'evaporation Optimisation 7_ANDOR0FT_GeneralDummyVariable_2_LiOffsetLockSnakeImagingDetuningMHz_-1_LiOffsetLockSnakeState_2_1206 203937.png', u'evaporation Optimisation 7_ANDOR0FT_GeneralDummyVariable_2_LiOffsetLockSnakeImagingDetuningMHz_-1_LiOffsetLockSnakeState_2_1206 203354.png'] only analysing first one
2020-06-12 20:43:11,085 [INFO ] [MainThread] [ExperimentEagle.experimentEagle] [func=_selectedFile_changed:line=1004] ######################## Selected File changed ########################
2020-06-12 20:43:11,085 [INFO ] [MainThread] [ExperimentEagle.experimentEagle] [func=_selectedFile_changed:line=1006] Update physics
2020-06-12 20:43:11,085 [ERROR] [MainThread] [ExperimentEagle.physicsProperties] [func=updatePhysics:line=138] Could not find latest xml File. cannot update physics.
2020-06-12 20:43:11,186 [INFO ] [MainThread] [ExperimentEagle.experimentEagle] [func=getImageData:line=168] processor = <processors.standardAndor0.StandardAndor0 object at 0x0F0874B0>
2020-06-12 20:43:11,186 [INFO ] [MainThread] [ExperimentEagle.Processor] [func=process:line=36] using standard Andor 0 process function
2020-06-12 20:43:11,186 [INFO ] [MainThread] [ExperimentEagle.Processor] [func=read:line=41] processor reading file!
2020-06-12 20:43:11,706 [INFO ] [MainThread] [ExperimentEagle.Processor] [func=rescale:line=93] processor: rescale factor = 1.02160101869 using region of shape: 120, 20
2020-06-12 20:43:11,716 [WARNI] [MainThread] [ExperimentEagle.Processor] [func=opticalDensity:line=65] Calculate OD picture..
2020-06-12 20:43:11,956 [WARNI] [MainThread] [ExperimentEagle.Processor] [func=opticalDensity:line=65] Calculate OD picture..
2020-06-12 20:43:12,016 [INFO ] [MainThread] [ExperimentEagle.experimentEagle] [func=getImageData:line=172] shape of raw Image = (723,723)
2020-06-12 20:43:12,016 [WARNI] [MainThread] [ExperimentEagle.experimentEagle] [func=getImageData:line=175] number of pixels in image have changed. This causes problems for contour fit plot. Will destroy contour fit plot first
2020-06-12 20:43:12,026 [INFO ] [MainThread] [ExperimentEagle.experimentEagle] [func=_fixAspectRatioBool_changed:line=972] self.fixAspectRatioBool changed to False
2020-06-12 20:43:12,026 [INFO ] [MainThread] [ExperimentEagle.experimentEagle] [func=_fixAspectRatioBool_changed:line=972] self.fixAspectRatioBool changed to True
2020-06-12 20:43:12,026 [INFO ] [MainThread] [ExperimentEagle.experimentEagle] [func=getImageData:line=177] continuing after pixels changed = True event
2020-06-12 20:43:12,036 [INFO ] [MainThread] [ExperimentEagle.experimentEagle] [func=update:line=842] updating plot
2020-06-12 20:43:12,036 [INFO ] [MainThread] [ExperimentEagle.experimentEagle] [func=_selectedFile_changed:line=1020] succesfully completed getImageData. Will now break from repetition loop
2020-06-12 20:43:12,036 [INFO ] [MainThread] [ExperimentEagle.experimentEagle] [func=update:line=842] updating plot
2020-06-12 20:43:12,046 [INFO ] [MainThread] [ExperimentEagle.experimentEagle] [func=_forceRefreshButton_fired:line=204] force refresh button fired
2020-06-12 20:43:12,046 [INFO ] [MainThread] [ExperimentEagle.experimentEagle] [func=getImageData:line=168] processor = <processors.standardAndor0.StandardAndor0 object at 0x0F0874B0>
2020-06-12 20:43:12,046 [INFO ] [MainThread] [ExperimentEagle.Processor] [func=process:line=36] using standard Andor 0 process function
2020-06-12 20:43:12,046 [INFO ] [MainThread] [ExperimentEagle.Processor] [func=read:line=41] processor reading file!
2020-06-12 20:43:12,085 [INFO ] [MainThread] [ExperimentEagle.Processor] [func=rescale:line=93] processor: rescale factor = 1.02160101869 using region of shape: 120, 20
2020-06-12 20:43:12,085 [WARNI] [MainThread] [ExperimentEagle.Processor] [func=opticalDensity:line=65] Calculate OD picture..
2020-06-12 20:43:12,325 [WARNI] [MainThread] [ExperimentEagle.Processor] [func=opticalDensity:line=65] Calculate OD picture..
2020-06-12 20:43:12,385 [INFO ] [MainThread] [ExperimentEagle.experimentEagle] [func=getImageData:line=172] shape of raw Image = (723,723)
2020-06-12 20:43:12,395 [INFO ] [MainThread] [ExperimentEagle.experimentEagle] [func=update:line=842] updating plot
2020-06-12 20:43:32,526 [INFO ] [MainThread] [ExperimentEagle.experimentEagle] [func=_selectedFile_changed:line=1004] ######################## Selected File changed ########################
2020-06-12 20:43:32,526 [INFO ] [MainThread] [ExperimentEagle.experimentEagle] [func=_selectedFile_changed:line=1006] Update physics
2020-06-12 20:43:32,526 [ERROR] [MainThread] [ExperimentEagle.physicsProperties] [func=updatePhysics:line=138] Could not find latest xml File. cannot update physics.
2020-06-12 20:43:32,625 [INFO ] [MainThread] [ExperimentEagle.experimentEagle] [func=getImageData:line=168] processor = <processors.standardAndor0.StandardAndor0 object at 0x0F0874B0>
2020-06-12 20:43:32,625 [INFO ] [MainThread] [ExperimentEagle.Processor] [func=process:line=36] using standard Andor 0 process function
2020-06-12 20:43:32,625 [INFO ] [MainThread] [ExperimentEagle.Processor] [func=read:line=41] processor reading file!
2020-06-12 20:43:32,676 [INFO ] [MainThread] [ExperimentEagle.Processor] [func=rescale:line=93] processor: rescale factor = 0.992474095188 using region of shape: 120, 20
2020-06-12 20:43:32,676 [WARNI] [MainThread] [ExperimentEagle.Processor] [func=opticalDensity:line=65] Calculate OD picture..
2020-06-12 20:43:32,956 [WARNI] [MainThread] [ExperimentEagle.Processor] [func=opticalDensity:line=65] Calculate OD picture..
2020-06-12 20:43:33,016 [INFO ] [MainThread] [ExperimentEagle.experimentEagle] [func=getImageData:line=172] shape of raw Image = (723,723)
2020-06-12 20:43:33,026 [INFO ] [MainThread] [ExperimentEagle.experimentEagle] [func=update:line=842] updating plot
2020-06-12 20:43:33,026 [INFO ] [MainThread] [ExperimentEagle.experimentEagle] [func=_selectedFile_changed:line=1020] succesfully completed getImageData. Will now break from repetition loop
2020-06-12 20:43:33,026 [INFO ] [MainThread] [ExperimentEagle.experimentEagle] [func=update:line=842] updating plot
2020-06-12 20:44:02,709 [INFO ] [MainThread] [ExperimentEagle.experimentEagle] [func=_selectedFile_changed:line=1004] ######################## Selected File changed ########################
2020-06-12 20:44:02,709 [INFO ] [MainThread] [ExperimentEagle.experimentEagle] [func=_selectedFile_changed:line=1006] Update physics
2020-06-12 20:44:02,709 [ERROR] [MainThread] [ExperimentEagle.physicsProperties] [func=updatePhysics:line=138] Could not find latest xml File. cannot update physics.
2020-06-12 20:44:02,809 [INFO ] [MainThread] [ExperimentEagle.experimentEagle] [func=getImageData:line=168] processor = <processors.standardAndor0.StandardAndor0 object at 0x0F0874B0>
2020-06-12 20:44:02,809 [INFO ] [MainThread] [ExperimentEagle.Processor] [func=process:line=36] using standard Andor 0 process function
2020-06-12 20:44:02,809 [INFO ] [MainThread] [ExperimentEagle.Processor] [func=read:line=41] processor reading file!
2020-06-12 20:44:02,858 [INFO ] [MainThread] [ExperimentEagle.Processor] [func=rescale:line=93] processor: rescale factor = 0.941844000501 using region of shape: 120, 20
2020-06-12 20:44:02,858 [WARNI] [MainThread] [ExperimentEagle.Processor] [func=opticalDensity:line=65] Calculate OD picture..
2020-06-12 20:44:03,108 [WARNI] [MainThread] [ExperimentEagle.Processor] [func=opticalDensity:line=65] Calculate OD picture..
2020-06-12 20:44:03,168 [INFO ] [MainThread] [ExperimentEagle.experimentEagle] [func=getImageData:line=172] shape of raw Image = (723,723)
2020-06-12 20:44:03,168 [INFO ] [MainThread] [ExperimentEagle.experimentEagle] [func=update:line=842] updating plot
2020-06-12 20:44:03,178 [INFO ] [MainThread] [ExperimentEagle.experimentEagle] [func=_selectedFile_changed:line=1020] succesfully completed getImageData. Will now break from repetition loop
2020-06-12 20:44:03,178 [INFO ] [MainThread] [ExperimentEagle.experimentEagle] [func=update:line=842] updating plot
2020-06-12 20:44:26,861 [INFO ] [MainThread] [ExperimentEagle.experimentEagle] [func=_selectedFile_changed:line=1004] ######################## Selected File changed ########################
2020-06-12 20:44:26,861 [INFO ] [MainThread] [ExperimentEagle.experimentEagle] [func=_selectedFile_changed:line=1006] Update physics
2020-06-12 20:44:26,861 [ERROR] [MainThread] [ExperimentEagle.physicsProperties] [func=updatePhysics:line=138] Could not find latest xml File. cannot update physics.
2020-06-12 20:44:26,960 [INFO ] [MainThread] [ExperimentEagle.experimentEagle] [func=getImageData:line=168] processor = <processors.standardAndor0.StandardAndor0 object at 0x0F0874B0>
2020-06-12 20:44:26,960 [INFO ] [MainThread] [ExperimentEagle.Processor] [func=process:line=36] using standard Andor 0 process function
2020-06-12 20:44:26,960 [INFO ] [MainThread] [ExperimentEagle.Processor] [func=read:line=41] processor reading file!
2020-06-12 20:44:27,000 [INFO ] [MainThread] [ExperimentEagle.Processor] [func=rescale:line=93] processor: rescale factor = 0.933679236552 using region of shape: 120, 20
2020-06-12 20:44:27,000 [WARNI] [MainThread] [ExperimentEagle.Processor] [func=opticalDensity:line=65] Calculate OD picture..
2020-06-12 20:44:27,240 [WARNI] [MainThread] [ExperimentEagle.Processor] [func=opticalDensity:line=65] Calculate OD picture..
2020-06-12 20:44:27,301 [INFO ] [MainThread] [ExperimentEagle.experimentEagle] [func=getImageData:line=172] shape of raw Image = (723,723)
2020-06-12 20:44:27,311 [INFO ] [MainThread] [ExperimentEagle.experimentEagle] [func=update:line=842] updating plot
2020-06-12 20:44:27,311 [INFO ] [MainThread] [ExperimentEagle.experimentEagle] [func=_selectedFile_changed:line=1020] succesfully completed getImageData. Will now break from repetition loop
2020-06-12 20:44:27,311 [INFO ] [MainThread] [ExperimentEagle.experimentEagle] [func=update:line=842] updating plot
2020-06-12 20:44:55,030 [INFO ] [MainThread] [ExperimentEagle.experimentEagle] [func=_selectedFile_changed:line=1004] ######################## Selected File changed ########################
2020-06-12 20:44:55,030 [INFO ] [MainThread] [ExperimentEagle.experimentEagle] [func=_selectedFile_changed:line=1006] Update physics
2020-06-12 20:44:55,030 [ERROR] [MainThread] [ExperimentEagle.physicsProperties] [func=updatePhysics:line=138] Could not find latest xml File. cannot update physics.
2020-06-12 20:44:55,131 [INFO ] [MainThread] [ExperimentEagle.experimentEagle] [func=getImageData:line=168] processor = <processors.standardAndor0.StandardAndor0 object at 0x0F0874B0>
2020-06-12 20:44:55,131 [INFO ] [MainThread] [ExperimentEagle.Processor] [func=process:line=36] using standard Andor 0 process function
2020-06-12 20:44:55,131 [INFO ] [MainThread] [ExperimentEagle.Processor] [func=read:line=41] processor reading file!
2020-06-12 20:44:55,180 [INFO ] [MainThread] [ExperimentEagle.Processor] [func=rescale:line=93] processor: rescale factor = 1.0303964268 using region of shape: 120, 20
2020-06-12 20:44:55,180 [WARNI] [MainThread] [ExperimentEagle.Processor] [func=opticalDensity:line=65] Calculate OD picture..
2020-06-12 20:44:55,901 [WARNI] [MainThread] [ExperimentEagle.Processor] [func=opticalDensity:line=65] Calculate OD picture..
2020-06-12 20:44:55,970 [INFO ] [MainThread] [ExperimentEagle.experimentEagle] [func=getImageData:line=172] shape of raw Image = (723,723)
2020-06-12 20:44:55,970 [INFO ] [MainThread] [ExperimentEagle.experimentEagle] [func=update:line=842] updating plot
2020-06-12 20:44:55,980 [INFO ] [MainThread] [ExperimentEagle.experimentEagle] [func=_selectedFile_changed:line=1020] succesfully completed getImageData. Will now break from repetition loop
2020-06-12 20:44:55,980 [INFO ] [MainThread] [ExperimentEagle.experimentEagle] [func=update:line=842] updating plot
2020-06-12 20:45:23,210 [INFO ] [MainThread] [ExperimentEagle.experimentEagle] [func=_selectedFile_changed:line=1004] ######################## Selected File changed ########################
2020-06-12 20:45:23,210 [INFO ] [MainThread] [ExperimentEagle.experimentEagle] [func=_selectedFile_changed:line=1006] Update physics
2020-06-12 20:45:23,210 [ERROR] [MainThread] [ExperimentEagle.physicsProperties] [func=updatePhysics:line=138] Could not find latest xml File. cannot update physics.
2020-06-12 20:45:23,311 [INFO ] [MainThread] [ExperimentEagle.experimentEagle] [func=getImageData:line=168] processor = <processors.standardAndor0.StandardAndor0 object at 0x0F0874B0>
2020-06-12 20:45:23,311 [INFO ] [MainThread] [ExperimentEagle.Processor] [func=process:line=36] using standard Andor 0 process function
2020-06-12 20:45:23,311 [INFO ] [MainThread] [ExperimentEagle.Processor] [func=read:line=41] processor reading file!
2020-06-12 20:45:23,361 [INFO ] [MainThread] [ExperimentEagle.Processor] [func=rescale:line=93] processor: rescale factor = 1.02016967887 using region of shape: 120, 20
2020-06-12 20:45:23,361 [WARNI] [MainThread] [ExperimentEagle.Processor] [func=opticalDensity:line=65] Calculate OD picture..
2020-06-12 20:45:23,601 [WARNI] [MainThread] [ExperimentEagle.Processor] [func=opticalDensity:line=65] Calculate OD picture..
2020-06-12 20:45:23,661 [INFO ] [MainThread] [ExperimentEagle.experimentEagle] [func=getImageData:line=172] shape of raw Image = (723,723)
2020-06-12 20:45:23,671 [INFO ] [MainThread] [ExperimentEagle.experimentEagle] [func=update:line=842] updating plot
2020-06-12 20:45:23,671 [INFO ] [MainThread] [ExperimentEagle.experimentEagle] [func=_selectedFile_changed:line=1020] succesfully completed getImageData. Will now break from repetition loop
2020-06-12 20:45:23,671 [INFO ] [MainThread] [ExperimentEagle.experimentEagle] [func=update:line=842] updating plot
2020-06-12 20:45:51,381 [INFO ] [MainThread] [ExperimentEagle.experimentEagle] [func=_selectedFile_changed:line=1004] ######################## Selected File changed ########################
2020-06-12 20:45:51,381 [INFO ] [MainThread] [ExperimentEagle.experimentEagle] [func=_selectedFile_changed:line=1006] Update physics
2020-06-12 20:45:51,381 [ERROR] [MainThread] [ExperimentEagle.physicsProperties] [func=updatePhysics:line=138] Could not find latest xml File. cannot update physics.
2020-06-12 20:45:51,480 [INFO ] [MainThread] [ExperimentEagle.experimentEagle] [func=getImageData:line=168] processor = <processors.standardAndor0.StandardAndor0 object at 0x0F0874B0>
2020-06-12 20:45:51,480 [INFO ] [MainThread] [ExperimentEagle.Processor] [func=process:line=36] using standard Andor 0 process function
2020-06-12 20:45:51,480 [INFO ] [MainThread] [ExperimentEagle.Processor] [func=read:line=41] processor reading file!
2020-06-12 20:45:51,490 [ERROR] [MainThread] [ExperimentEagle.experimentEagle] [func=_selectedFile_changed:line=1015] Error. received Attribute Error when trying to getImageData. This occurs sometimes and causes duplicate points...
2020-06-12 20:45:51,490 [ERROR] [MainThread] [ExperimentEagle.experimentEagle] [func=_selectedFile_changed:line=1016] Error message :__float__
2020-06-12 20:45:51,500 [ERROR] [MainThread] [ExperimentEagle.experimentEagle] [func=_selectedFile_changed:line=1017] Will sleep and then retry
2020-06-12 20:45:52,101 [INFO ] [MainThread] [ExperimentEagle.experimentEagle] [func=getImageData:line=168] processor = <processors.standardAndor0.StandardAndor0 object at 0x0F0874B0>
2020-06-12 20:45:52,101 [INFO ] [MainThread] [ExperimentEagle.Processor] [func=process:line=36] using standard Andor 0 process function
2020-06-12 20:45:52,101 [INFO ] [MainThread] [ExperimentEagle.Processor] [func=read:line=41] processor reading file!
2020-06-12 20:45:52,151 [INFO ] [MainThread] [ExperimentEagle.Processor] [func=rescale:line=93] processor: rescale factor = 0.963098233459 using region of shape: 120, 20
2020-06-12 20:45:52,151 [WARNI] [MainThread] [ExperimentEagle.Processor] [func=opticalDensity:line=65] Calculate OD picture..
2020-06-12 20:45:52,391 [WARNI] [MainThread] [ExperimentEagle.Processor] [func=opticalDensity:line=65] Calculate OD picture..
2020-06-12 20:45:52,460 [INFO ] [MainThread] [ExperimentEagle.experimentEagle] [func=getImageData:line=172] shape of raw Image = (723,723)
2020-06-12 20:45:52,460 [INFO ] [MainThread] [ExperimentEagle.experimentEagle] [func=update:line=842] updating plot
2020-06-12 20:45:52,460 [INFO ] [MainThread] [ExperimentEagle.experimentEagle] [func=_selectedFile_changed:line=1020] succesfully completed getImageData. Will now break from repetition loop
2020-06-12 20:45:52,460 [INFO ] [MainThread] [ExperimentEagle.experimentEagle] [func=update:line=842] updating plot
2020-06-12 20:46:21,571 [INFO ] [MainThread] [ExperimentEagle.experimentEagle] [func=_selectedFile_changed:line=1004] ######################## Selected File changed ########################
2020-06-12 20:46:21,571 [INFO ] [MainThread] [ExperimentEagle.experimentEagle] [func=_selectedFile_changed:line=1006] Update physics
2020-06-12 20:46:21,571 [ERROR] [MainThread] [ExperimentEagle.physicsProperties] [func=updatePhysics:line=138] Could not find latest xml File. cannot update physics.
2020-06-12 20:46:21,671 [INFO ] [MainThread] [ExperimentEagle.experimentEagle] [func=getImageData:line=168] processor = <processors.standardAndor0.StandardAndor0 object at 0x0F0874B0>
2020-06-12 20:46:21,671 [INFO ] [MainThread] [ExperimentEagle.Processor] [func=process:line=36] using standard Andor 0 process function
2020-06-12 20:46:21,671 [INFO ] [MainThread] [ExperimentEagle.Processor] [func=read:line=41] processor reading file!
2020-06-12 20:46:21,710 [INFO ] [MainThread] [ExperimentEagle.Processor] [func=rescale:line=93] processor: rescale factor = 0.99451586794 using region of shape: 120, 20
2020-06-12 20:46:21,710 [WARNI] [MainThread] [ExperimentEagle.Processor] [func=opticalDensity:line=65] Calculate OD picture..
2020-06-12 20:46:21,950 [WARNI] [MainThread] [ExperimentEagle.Processor] [func=opticalDensity:line=65] Calculate OD picture..
2020-06-12 20:46:22,020 [INFO ] [MainThread] [ExperimentEagle.experimentEagle] [func=getImageData:line=172] shape of raw Image = (723,723)
2020-06-12 20:46:22,020 [INFO ] [MainThread] [ExperimentEagle.experimentEagle] [func=update:line=842] updating plot
2020-06-12 20:46:22,030 [INFO ] [MainThread] [ExperimentEagle.experimentEagle] [func=_selectedFile_changed:line=1020] succesfully completed getImageData. Will now break from repetition loop
2020-06-12 20:46:22,030 [INFO ] [MainThread] [ExperimentEagle.experimentEagle] [func=update:line=842] updating plot
2020-06-12 20:46:49,740 [INFO ] [MainThread] [ExperimentEagle.experimentEagle] [func=_selectedFile_changed:line=1004] ######################## Selected File changed ########################
2020-06-12 20:46:49,740 [INFO ] [MainThread] [ExperimentEagle.experimentEagle] [func=_selectedFile_changed:line=1006] Update physics
2020-06-12 20:46:49,740 [ERROR] [MainThread] [ExperimentEagle.physicsProperties] [func=updatePhysics:line=138] Could not find latest xml File. cannot update physics.
2020-06-12 20:46:49,841 [INFO ] [MainThread] [ExperimentEagle.experimentEagle] [func=getImageData:line=168] processor = <processors.standardAndor0.StandardAndor0 object at 0x0F0874B0>
2020-06-12 20:46:49,841 [INFO ] [MainThread] [ExperimentEagle.Processor] [func=process:line=36] using standard Andor 0 process function
2020-06-12 20:46:49,841 [INFO ] [MainThread] [ExperimentEagle.Processor] [func=read:line=41] processor reading file!
2020-06-12 20:46:49,881 [INFO ] [MainThread] [ExperimentEagle.Processor] [func=rescale:line=93] processor: rescale factor = 1.00802619444 using region of shape: 120, 20
2020-06-12 20:46:49,891 [WARNI] [MainThread] [ExperimentEagle.Processor] [func=opticalDensity:line=65] Calculate OD picture..
2020-06-12 20:46:50,121 [WARNI] [MainThread] [ExperimentEagle.Processor] [func=opticalDensity:line=65] Calculate OD picture..
2020-06-12 20:46:50,190 [INFO ] [MainThread] [ExperimentEagle.experimentEagle] [func=getImageData:line=172] shape of raw Image = (723,723)
2020-06-12 20:46:50,190 [INFO ] [MainThread] [ExperimentEagle.experimentEagle] [func=update:line=842] updating plot
2020-06-12 20:46:50,190 [INFO ] [MainThread] [ExperimentEagle.experimentEagle] [func=_selectedFile_changed:line=1020] succesfully completed getImageData. Will now break from repetition loop
2020-06-12 20:46:50,200 [INFO ] [MainThread] [ExperimentEagle.experimentEagle] [func=update:line=842] updating plot
2020-06-12 20:47:17,921 [INFO ] [MainThread] [ExperimentEagle.experimentEagle] [func=_selectedFile_changed:line=1004] ######################## Selected File changed ########################
2020-06-12 20:47:17,921 [INFO ] [MainThread] [ExperimentEagle.experimentEagle] [func=_selectedFile_changed:line=1006] Update physics
2020-06-12 20:47:17,921 [ERROR] [MainThread] [ExperimentEagle.physicsProperties] [func=updatePhysics:line=138] Could not find latest xml File. cannot update physics.
2020-06-12 20:47:18,020 [INFO ] [MainThread] [ExperimentEagle.experimentEagle] [func=getImageData:line=168] processor = <processors.standardAndor0.StandardAndor0 object at 0x0F0874B0>
2020-06-12 20:47:18,020 [INFO ] [MainThread] [ExperimentEagle.Processor] [func=process:line=36] using standard Andor 0 process function
2020-06-12 20:47:18,020 [INFO ] [MainThread] [ExperimentEagle.Processor] [func=read:line=41] processor reading file!
2020-06-12 20:47:18,061 [INFO ] [MainThread] [ExperimentEagle.Processor] [func=rescale:line=93] processor: rescale factor = 1.01590631279 using region of shape: 120, 20
2020-06-12 20:47:18,071 [WARNI] [MainThread] [ExperimentEagle.Processor] [func=opticalDensity:line=65] Calculate OD picture..
2020-06-12 20:47:18,301 [WARNI] [MainThread] [ExperimentEagle.Processor] [func=opticalDensity:line=65] Calculate OD picture..
2020-06-12 20:47:18,371 [INFO ] [MainThread] [ExperimentEagle.experimentEagle] [func=getImageData:line=172] shape of raw Image = (723,723)
2020-06-12 20:47:18,371 [INFO ] [MainThread] [ExperimentEagle.experimentEagle] [func=update:line=842] updating plot
2020-06-12 20:47:18,381 [INFO ] [MainThread] [ExperimentEagle.experimentEagle] [func=_selectedFile_changed:line=1020] succesfully completed getImageData. Will now break from repetition loop
2020-06-12 20:47:18,381 [INFO ] [MainThread] [ExperimentEagle.experimentEagle] [func=update:line=842] updating plot
2020-06-12 20:47:35,540 [CRITI] [MainThread] [ExperimentEagle.experimentEagle] [func=_box_selection_complete:line=288] Box selection complete
2020-06-12 20:47:40,770 [INFO ] [MainThread] [ExperimentEagle.KeyBindingTool] [func=normal_key_pressed:line=40] normal key pressed
2020-06-12 20:47:40,770 [INFO ] [MainThread] [ExperimentEagle.KeyBindingTool] [func=normal_key_pressed:line=41] 3 keys registered for detection
2020-06-12 20:47:40,770 [INFO ] [MainThread] [ExperimentEagle.KeyBindingTool] [func=normal_key_pressed:line=43] normal key press detected: KeyEvent(event_type='key_pressed', character='F12', alt_down=False, control_down=False, shift_down=False, handled=False)
2020-06-12 20:47:40,770 [INFO ] [MainThread] [ExperimentEagle.KeyBindingTool] [func=normal_key_pressed:line=43] normal key press detected: KeyEvent(event_type='key_pressed', character='F12', alt_down=False, control_down=False, shift_down=False, handled=False)
2020-06-12 20:47:40,770 [INFO ] [MainThread] [ExperimentEagle.KeyBindingTool] [func=normal_key_pressed:line=43] normal key press detected: KeyEvent(event_type='key_pressed', character='F12', alt_down=False, control_down=False, shift_down=False, handled=False)
2020-06-12 20:47:40,770 [INFO ] [MainThread] [ExperimentEagle.KeyBindingTool] [func=normal_key_pressed:line=45] key press action found for : <enable.base_tool.KeySpec object at 0x12E1BA10>
2020-06-12 20:47:40,770 [INFO ] [MainThread] [ExperimentEagle.experimentEagle] [func=_zoom_to_fit_region:line=1161] type of range Object = <class 'chaco.data_range_2d.DataRange2D'>
2020-06-12 20:47:40,780 [INFO ] [MainThread] [ExperimentEagle.experimentEagle] [func=_fixAspectRatioBool_changed:line=972] self.fixAspectRatioBool changed to True
2020-06-12 20:47:46,091 [INFO ] [MainThread] [ExperimentEagle.experimentEagle] [func=_selectedFile_changed:line=1004] ######################## Selected File changed ########################
2020-06-12 20:47:46,091 [INFO ] [MainThread] [ExperimentEagle.experimentEagle] [func=_selectedFile_changed:line=1006] Update physics
2020-06-12 20:47:46,091 [ERROR] [MainThread] [ExperimentEagle.physicsProperties] [func=updatePhysics:line=138] Could not find latest xml File. cannot update physics.
2020-06-12 20:47:46,200 [INFO ] [MainThread] [ExperimentEagle.experimentEagle] [func=getImageData:line=168] processor = <processors.standardAndor0.StandardAndor0 object at 0x0F0874B0>
2020-06-12 20:47:46,200 [INFO ] [MainThread] [ExperimentEagle.Processor] [func=process:line=36] using standard Andor 0 process function
2020-06-12 20:47:46,200 [INFO ] [MainThread] [ExperimentEagle.Processor] [func=read:line=41] processor reading file!
2020-06-12 20:47:46,250 [INFO ] [MainThread] [ExperimentEagle.Processor] [func=rescale:line=93] processor: rescale factor = 0.968695770624 using region of shape: 120, 20
2020-06-12 20:47:46,250 [WARNI] [MainThread] [ExperimentEagle.Processor] [func=opticalDensity:line=65] Calculate OD picture..
2020-06-12 20:47:46,490 [WARNI] [MainThread] [ExperimentEagle.Processor] [func=opticalDensity:line=65] Calculate OD picture..
2020-06-12 20:47:46,551 [INFO ] [MainThread] [ExperimentEagle.experimentEagle] [func=getImageData:line=172] shape of raw Image = (723,723)
2020-06-12 20:47:46,561 [INFO ] [MainThread] [ExperimentEagle.experimentEagle] [func=update:line=842] updating plot
2020-06-12 20:47:46,561 [INFO ] [MainThread] [ExperimentEagle.experimentEagle] [func=_selectedFile_changed:line=1020] succesfully completed getImageData. Will now break from repetition loop
2020-06-12 20:47:46,561 [INFO ] [MainThread] [ExperimentEagle.experimentEagle] [func=update:line=842] updating plot
2020-06-12 20:47:46,571 [CRITI] [MainThread] [ExperimentEagle.experimentEagle] [func=_box_selection_complete:line=288] Box selection complete
2020-06-12 20:47:53,220 [CRITI] [MainThread] [ExperimentEagle.experimentEagle] [func=_box_selection_complete:line=288] Box selection complete
2020-06-12 20:47:58,811 [INFO ] [MainThread] [ExperimentEagle.fits] [func=_get_subSpaceArrays:line=377] xs array sliced length 274 
2020-06-12 20:47:58,811 [INFO ] [MainThread] [ExperimentEagle.fits] [func=_get_subSpaceArrays:line=378] ys array sliced length 272  
2020-06-12 20:47:58,811 [INFO ] [MainThread] [ExperimentEagle.fits] [func=_get_subSpaceArrays:line=380] zs sub space array 272,274 
2020-06-12 20:47:59,641 [WARNI] [Thread-3] [ExperimentEagle.fits] [func=run:line=144] starting fitting thread
2020-06-12 20:47:59,641 [WARNI] [Thread-3] [ExperimentEagle.fits] [func=run:line=158] conditionalFitBool not True
2020-06-12 20:47:59,641 [INFO ] [Thread-3] [ExperimentEagle.fits] [func=_get_subSpaceArrays:line=377] xs array sliced length 274 
2020-06-12 20:47:59,641 [INFO ] [Thread-3] [ExperimentEagle.fits] [func=_get_subSpaceArrays:line=378] ys array sliced length 272  
2020-06-12 20:47:59,641 [INFO ] [Thread-3] [ExperimentEagle.fits] [func=_get_subSpaceArrays:line=380] zs sub space array 272,274 
2020-06-12 20:48:00,460 [INFO ] [Thread-3] [ExperimentEagle.fits] [func=_get_subSpaceArrays:line=377] xs array sliced length 274 
2020-06-12 20:48:00,460 [INFO ] [Thread-3] [ExperimentEagle.fits] [func=_get_subSpaceArrays:line=378] ys array sliced length 272  
2020-06-12 20:48:00,460 [INFO ] [Thread-3] [ExperimentEagle.fits] [func=_get_subSpaceArrays:line=380] zs sub space array 272,274 
2020-06-12 20:48:00,460 [INFO ] [Thread-3] [ExperimentEagle.fits] [func=_deriveCalculatedParameters:line=157] Derived values from fit
2020-06-12 20:48:00,460 [INFO ] [Thread-3] [ExperimentEagle.fits] [func=run:line=177] auto draw bool is true so using the rerefernce to imageInspector bool to call the function to draw the fit as contours
2020-06-12 20:48:00,460 [INFO ] [Thread-3] [ExperimentEagle.experimentEagle] [func=addFitPlot:line=827] first fit plot so initialising contour plot
2020-06-12 20:48:00,490 [INFO ] [Thread-3] [ExperimentEagle.experimentEagle] [func=addFitPlot:line=829] attempting to set fit data
2020-06-12 20:48:00,601 [INFO ] [Thread-3] [ExperimentEagle.fits] [func=run:line=182] saving last fit results to a separate text file
2020-06-12 20:48:01,500 [INFO ] [MainThread] [ExperimentEagle.fits] [func=_usePreviousFitValuesButton_fired:line=701] use previous fit values button fired. loading previous initial values
2020-06-12 20:48:05,381 [INFO ] [MainThread] [ExperimentEagle.experimentEagle] [func=addFitPlot:line=829] attempting to set fit data
2020-06-12 20:48:11,081 [INFO ] [MainThread] [ExperimentEagle.fits] [func=_usePreviousFitValuesButton_fired:line=701] use previous fit values button fired. loading previous initial values
2020-06-12 20:48:12,131 [WARNI] [Thread-4] [ExperimentEagle.fits] [func=run:line=144] starting fitting thread
2020-06-12 20:48:12,131 [WARNI] [Thread-4] [ExperimentEagle.fits] [func=run:line=158] conditionalFitBool not True
2020-06-12 20:48:12,141 [INFO ] [Thread-4] [ExperimentEagle.fits] [func=_get_subSpaceArrays:line=377] xs array sliced length 274 
2020-06-12 20:48:12,141 [INFO ] [Thread-4] [ExperimentEagle.fits] [func=_get_subSpaceArrays:line=378] ys array sliced length 272  
2020-06-12 20:48:12,141 [INFO ] [Thread-4] [ExperimentEagle.fits] [func=_get_subSpaceArrays:line=380] zs sub space array 272,274 
2020-06-12 20:48:12,321 [INFO ] [Thread-4] [ExperimentEagle.fits] [func=_get_subSpaceArrays:line=377] xs array sliced length 274 
2020-06-12 20:48:12,321 [INFO ] [Thread-4] [ExperimentEagle.fits] [func=_get_subSpaceArrays:line=378] ys array sliced length 272  
2020-06-12 20:48:12,331 [INFO ] [Thread-4] [ExperimentEagle.fits] [func=_get_subSpaceArrays:line=380] zs sub space array 272,274 
2020-06-12 20:48:12,331 [INFO ] [Thread-4] [ExperimentEagle.fits] [func=_deriveCalculatedParameters:line=157] Derived values from fit
2020-06-12 20:48:12,331 [INFO ] [Thread-4] [ExperimentEagle.fits] [func=run:line=177] auto draw bool is true so using the rerefernce to imageInspector bool to call the function to draw the fit as contours
2020-06-12 20:48:12,331 [INFO ] [Thread-4] [ExperimentEagle.experimentEagle] [func=addFitPlot:line=829] attempting to set fit data
2020-06-12 20:48:12,440 [INFO ] [Thread-4] [ExperimentEagle.fits] [func=run:line=182] saving last fit results to a separate text file
2020-06-12 20:48:14,260 [INFO ] [MainThread] [ExperimentEagle.experimentEagle] [func=_selectedFile_changed:line=1004] ######################## Selected File changed ########################
2020-06-12 20:48:14,260 [INFO ] [MainThread] [ExperimentEagle.experimentEagle] [func=_selectedFile_changed:line=1006] Update physics
2020-06-12 20:48:14,260 [ERROR] [MainThread] [ExperimentEagle.physicsProperties] [func=updatePhysics:line=138] Could not find latest xml File. cannot update physics.
2020-06-12 20:48:14,361 [INFO ] [MainThread] [ExperimentEagle.experimentEagle] [func=getImageData:line=168] processor = <processors.standardAndor0.StandardAndor0 object at 0x0F0874B0>
2020-06-12 20:48:14,361 [INFO ] [MainThread] [ExperimentEagle.Processor] [func=process:line=36] using standard Andor 0 process function
2020-06-12 20:48:14,361 [INFO ] [MainThread] [ExperimentEagle.Processor] [func=read:line=41] processor reading file!
2020-06-12 20:48:14,381 [ERROR] [MainThread] [ExperimentEagle.experimentEagle] [func=_selectedFile_changed:line=1015] Error. received Attribute Error when trying to getImageData. This occurs sometimes and causes duplicate points...
2020-06-12 20:48:14,381 [ERROR] [MainThread] [ExperimentEagle.experimentEagle] [func=_selectedFile_changed:line=1016] Error message :__float__
2020-06-12 20:48:14,381 [ERROR] [MainThread] [ExperimentEagle.experimentEagle] [func=_selectedFile_changed:line=1017] Will sleep and then retry
2020-06-12 20:48:14,980 [INFO ] [MainThread] [ExperimentEagle.experimentEagle] [func=getImageData:line=168] processor = <processors.standardAndor0.StandardAndor0 object at 0x0F0874B0>
2020-06-12 20:48:14,980 [INFO ] [MainThread] [ExperimentEagle.Processor] [func=process:line=36] using standard Andor 0 process function
2020-06-12 20:48:14,980 [INFO ] [MainThread] [ExperimentEagle.Processor] [func=read:line=41] processor reading file!
2020-06-12 20:48:15,020 [INFO ] [MainThread] [ExperimentEagle.Processor] [func=rescale:line=93] processor: rescale factor = 0.986691768528 using region of shape: 120, 20
2020-06-12 20:48:15,020 [WARNI] [MainThread] [ExperimentEagle.Processor] [func=opticalDensity:line=65] Calculate OD picture..
2020-06-12 20:48:15,260 [WARNI] [MainThread] [ExperimentEagle.Processor] [func=opticalDensity:line=65] Calculate OD picture..
2020-06-12 20:48:15,331 [INFO ] [MainThread] [ExperimentEagle.experimentEagle] [func=getImageData:line=172] shape of raw Image = (723,723)
2020-06-12 20:48:15,331 [INFO ] [MainThread] [ExperimentEagle.experimentEagle] [func=update:line=842] updating plot
2020-06-12 20:48:15,341 [INFO ] [MainThread] [ExperimentEagle.experimentEagle] [func=_selectedFile_changed:line=1020] succesfully completed getImageData. Will now break from repetition loop
2020-06-12 20:48:15,341 [WARNI] [Thread-5] [ExperimentEagle.fits] [func=run:line=144] starting fitting thread
2020-06-12 20:48:15,341 [INFO ] [MainThread] [ExperimentEagle.experimentEagle] [func=update:line=842] updating plot
2020-06-12 20:48:15,341 [WARNI] [Thread-5] [ExperimentEagle.fits] [func=run:line=158] conditionalFitBool not True
2020-06-12 20:48:15,341 [INFO ] [Thread-5] [ExperimentEagle.fits] [func=_get_subSpaceArrays:line=377] xs array sliced length 274 
2020-06-12 20:48:15,341 [INFO ] [Thread-5] [ExperimentEagle.fits] [func=_get_subSpaceArrays:line=378] ys array sliced length 272  
2020-06-12 20:48:15,351 [INFO ] [Thread-5] [ExperimentEagle.fits] [func=_get_subSpaceArrays:line=380] zs sub space array 272,274 
2020-06-12 20:48:17,970 [INFO ] [Thread-5] [ExperimentEagle.fits] [func=_get_subSpaceArrays:line=377] xs array sliced length 274 
2020-06-12 20:48:17,970 [INFO ] [Thread-5] [ExperimentEagle.fits] [func=_get_subSpaceArrays:line=378] ys array sliced length 272  
2020-06-12 20:48:17,970 [INFO ] [Thread-5] [ExperimentEagle.fits] [func=_get_subSpaceArrays:line=380] zs sub space array 272,274 
2020-06-12 20:48:17,970 [INFO ] [Thread-5] [ExperimentEagle.fits] [func=_deriveCalculatedParameters:line=157] Derived values from fit
2020-06-12 20:48:17,980 [INFO ] [Thread-5] [ExperimentEagle.fits] [func=run:line=177] auto draw bool is true so using the rerefernce to imageInspector bool to call the function to draw the fit as contours
2020-06-12 20:48:17,980 [INFO ] [Thread-5] [ExperimentEagle.experimentEagle] [func=addFitPlot:line=829] attempting to set fit data
2020-06-12 20:48:18,091 [INFO ] [Thread-5] [ExperimentEagle.fits] [func=run:line=182] saving last fit results to a separate text file
2020-06-12 20:48:21,290 [WARNI] [Thread-6] [ExperimentEagle.fits] [func=run:line=144] starting fitting thread
2020-06-12 20:48:21,290 [WARNI] [Thread-6] [ExperimentEagle.fits] [func=run:line=158] conditionalFitBool not True
2020-06-12 20:48:21,290 [INFO ] [Thread-6] [ExperimentEagle.fits] [func=_get_subSpaceArrays:line=377] xs array sliced length 274 
2020-06-12 20:48:21,290 [INFO ] [Thread-6] [ExperimentEagle.fits] [func=_get_subSpaceArrays:line=378] ys array sliced length 272  
2020-06-12 20:48:21,290 [INFO ] [Thread-6] [ExperimentEagle.fits] [func=_get_subSpaceArrays:line=380] zs sub space array 272,274 
2020-06-12 20:48:22,200 [INFO ] [Thread-6] [ExperimentEagle.fits] [func=_get_subSpaceArrays:line=377] xs array sliced length 274 
2020-06-12 20:48:22,200 [INFO ] [Thread-6] [ExperimentEagle.fits] [func=_get_subSpaceArrays:line=378] ys array sliced length 272  
2020-06-12 20:48:22,200 [INFO ] [Thread-6] [ExperimentEagle.fits] [func=_get_subSpaceArrays:line=380] zs sub space array 272,274 
2020-06-12 20:48:22,200 [INFO ] [Thread-6] [ExperimentEagle.fits] [func=_deriveCalculatedParameters:line=157] Derived values from fit
2020-06-12 20:48:22,210 [INFO ] [Thread-6] [ExperimentEagle.fits] [func=run:line=177] auto draw bool is true so using the rerefernce to imageInspector bool to call the function to draw the fit as contours
2020-06-12 20:48:22,210 [INFO ] [Thread-6] [ExperimentEagle.experimentEagle] [func=addFitPlot:line=829] attempting to set fit data
2020-06-12 20:48:22,280 [INFO ] [Thread-6] [ExperimentEagle.fits] [func=run:line=182] saving last fit results to a separate text file
2020-06-12 20:48:23,930 [INFO ] [MainThread] [ExperimentEagle.fits] [func=_usePreviousFitValuesButton_fired:line=701] use previous fit values button fired. loading previous initial values
2020-06-12 20:48:44,450 [INFO ] [MainThread] [ExperimentEagle.experimentEagle] [func=_selectedFile_changed:line=1004] ######################## Selected File changed ########################
2020-06-12 20:48:44,450 [INFO ] [MainThread] [ExperimentEagle.experimentEagle] [func=_selectedFile_changed:line=1006] Update physics
2020-06-12 20:48:44,450 [ERROR] [MainThread] [ExperimentEagle.physicsProperties] [func=updatePhysics:line=138] Could not find latest xml File. cannot update physics.
2020-06-12 20:48:44,551 [INFO ] [MainThread] [ExperimentEagle.experimentEagle] [func=getImageData:line=168] processor = <processors.standardAndor0.StandardAndor0 object at 0x0F0874B0>
2020-06-12 20:48:44,551 [INFO ] [MainThread] [ExperimentEagle.Processor] [func=process:line=36] using standard Andor 0 process function
2020-06-12 20:48:44,551 [INFO ] [MainThread] [ExperimentEagle.Processor] [func=read:line=41] processor reading file!
2020-06-12 20:48:44,591 [INFO ] [MainThread] [ExperimentEagle.Processor] [func=rescale:line=93] processor: rescale factor = 0.995851242894 using region of shape: 120, 20
2020-06-12 20:48:44,591 [WARNI] [MainThread] [ExperimentEagle.Processor] [func=opticalDensity:line=65] Calculate OD picture..
2020-06-12 20:48:44,831 [WARNI] [MainThread] [ExperimentEagle.Processor] [func=opticalDensity:line=65] Calculate OD picture..
2020-06-12 20:48:44,901 [INFO ] [MainThread] [ExperimentEagle.experimentEagle] [func=getImageData:line=172] shape of raw Image = (723,723)
2020-06-12 20:48:44,901 [INFO ] [MainThread] [ExperimentEagle.experimentEagle] [func=update:line=842] updating plot
2020-06-12 20:48:44,911 [INFO ] [MainThread] [ExperimentEagle.experimentEagle] [func=_selectedFile_changed:line=1020] succesfully completed getImageData. Will now break from repetition loop
2020-06-12 20:48:44,911 [WARNI] [Thread-7] [ExperimentEagle.fits] [func=run:line=144] starting fitting thread
2020-06-12 20:48:44,911 [INFO ] [MainThread] [ExperimentEagle.experimentEagle] [func=update:line=842] updating plot
2020-06-12 20:48:44,911 [WARNI] [Thread-7] [ExperimentEagle.fits] [func=run:line=158] conditionalFitBool not True
2020-06-12 20:48:44,911 [INFO ] [Thread-7] [ExperimentEagle.fits] [func=_get_subSpaceArrays:line=377] xs array sliced length 274 
2020-06-12 20:48:44,911 [INFO ] [Thread-7] [ExperimentEagle.fits] [func=_get_subSpaceArrays:line=378] ys array sliced length 272  
2020-06-12 20:48:44,911 [INFO ] [Thread-7] [ExperimentEagle.fits] [func=_get_subSpaceArrays:line=380] zs sub space array 272,274 
2020-06-12 20:48:45,290 [INFO ] [Thread-7] [ExperimentEagle.fits] [func=_get_subSpaceArrays:line=377] xs array sliced length 274 
2020-06-12 20:48:45,290 [INFO ] [Thread-7] [ExperimentEagle.fits] [func=_get_subSpaceArrays:line=378] ys array sliced length 272  
2020-06-12 20:48:45,290 [INFO ] [Thread-7] [ExperimentEagle.fits] [func=_get_subSpaceArrays:line=380] zs sub space array 272,274 
2020-06-12 20:48:45,301 [INFO ] [Thread-7] [ExperimentEagle.fits] [func=_deriveCalculatedParameters:line=157] Derived values from fit
2020-06-12 20:48:45,301 [INFO ] [Thread-7] [ExperimentEagle.fits] [func=run:line=177] auto draw bool is true so using the rerefernce to imageInspector bool to call the function to draw the fit as contours
2020-06-12 20:48:45,301 [INFO ] [Thread-7] [ExperimentEagle.experimentEagle] [func=addFitPlot:line=829] attempting to set fit data
2020-06-12 20:48:45,371 [INFO ] [Thread-7] [ExperimentEagle.fits] [func=run:line=182] saving last fit results to a separate text file
2020-06-12 20:49:12,621 [INFO ] [MainThread] [ExperimentEagle.experimentEagle] [func=_selectedFile_changed:line=1004] ######################## Selected File changed ########################
2020-06-12 20:49:12,621 [INFO ] [MainThread] [ExperimentEagle.experimentEagle] [func=_selectedFile_changed:line=1006] Update physics
2020-06-12 20:49:12,621 [ERROR] [MainThread] [ExperimentEagle.physicsProperties] [func=updatePhysics:line=138] Could not find latest xml File. cannot update physics.
2020-06-12 20:49:12,720 [INFO ] [MainThread] [ExperimentEagle.experimentEagle] [func=getImageData:line=168] processor = <processors.standardAndor0.StandardAndor0 object at 0x0F0874B0>
2020-06-12 20:49:12,720 [INFO ] [MainThread] [ExperimentEagle.Processor] [func=process:line=36] using standard Andor 0 process function
2020-06-12 20:49:12,720 [INFO ] [MainThread] [ExperimentEagle.Processor] [func=read:line=41] processor reading file!
2020-06-12 20:49:12,760 [INFO ] [MainThread] [ExperimentEagle.Processor] [func=rescale:line=93] processor: rescale factor = 0.974653896705 using region of shape: 120, 20
2020-06-12 20:49:12,760 [WARNI] [MainThread] [ExperimentEagle.Processor] [func=opticalDensity:line=65] Calculate OD picture..
2020-06-12 20:49:13,000 [WARNI] [MainThread] [ExperimentEagle.Processor] [func=opticalDensity:line=65] Calculate OD picture..
2020-06-12 20:49:13,061 [INFO ] [MainThread] [ExperimentEagle.experimentEagle] [func=getImageData:line=172] shape of raw Image = (723,723)
2020-06-12 20:49:13,071 [INFO ] [MainThread] [ExperimentEagle.experimentEagle] [func=update:line=842] updating plot
2020-06-12 20:49:13,071 [INFO ] [MainThread] [ExperimentEagle.experimentEagle] [func=_selectedFile_changed:line=1020] succesfully completed getImageData. Will now break from repetition loop
2020-06-12 20:49:13,081 [WARNI] [Thread-8] [ExperimentEagle.fits] [func=run:line=144] starting fitting thread
2020-06-12 20:49:13,081 [INFO ] [MainThread] [ExperimentEagle.experimentEagle] [func=update:line=842] updating plot
2020-06-12 20:49:13,081 [WARNI] [Thread-8] [ExperimentEagle.fits] [func=run:line=158] conditionalFitBool not True
2020-06-12 20:49:13,081 [INFO ] [Thread-8] [ExperimentEagle.fits] [func=_get_subSpaceArrays:line=377] xs array sliced length 274 
2020-06-12 20:49:13,081 [INFO ] [Thread-8] [ExperimentEagle.fits] [func=_get_subSpaceArrays:line=378] ys array sliced length 272  
2020-06-12 20:49:13,081 [INFO ] [Thread-8] [ExperimentEagle.fits] [func=_get_subSpaceArrays:line=380] zs sub space array 272,274 
2020-06-12 20:49:13,520 [INFO ] [Thread-8] [ExperimentEagle.fits] [func=_get_subSpaceArrays:line=377] xs array sliced length 274 
2020-06-12 20:49:13,520 [INFO ] [Thread-8] [ExperimentEagle.fits] [func=_get_subSpaceArrays:line=378] ys array sliced length 272  
2020-06-12 20:49:13,520 [INFO ] [Thread-8] [ExperimentEagle.fits] [func=_get_subSpaceArrays:line=380] zs sub space array 272,274 
2020-06-12 20:49:13,520 [INFO ] [Thread-8] [ExperimentEagle.fits] [func=_deriveCalculatedParameters:line=157] Derived values from fit
2020-06-12 20:49:13,530 [INFO ] [Thread-8] [ExperimentEagle.fits] [func=run:line=177] auto draw bool is true so using the rerefernce to imageInspector bool to call the function to draw the fit as contours
2020-06-12 20:49:13,530 [INFO ] [Thread-8] [ExperimentEagle.experimentEagle] [func=addFitPlot:line=829] attempting to set fit data
2020-06-12 20:49:13,601 [INFO ] [Thread-8] [ExperimentEagle.fits] [func=run:line=182] saving last fit results to a separate text file
2020-06-12 20:49:27,165 [INFO ] [MainThread] [ExperimentEagle.fits] [func=_log_fit:line=618] copying current image
2020-06-12 20:49:27,176 [INFO ] [MainThread] [ExperimentEagle.fits] [func=_log_fit:line=623] log analyser bool enabled... will attempt to run analyser script
