2020-02-24 17:22:21,342 [INFO ] [MainThread] [ExperimentEagle] [func=<module>:line=59] Welcome to Experiment Eagle version 4.0 written by Timothy Harrison. Report bugs to 
Timothy Harrison. See text at beginning of __init__.py for more information.
2020-02-24 17:22:25,658 [INFO ] [MainThread] [ExperimentEagle.experimentEagle] [func=_fixAspectRatioBool_changed:line=970] self.fixAspectRatioBool changed to True
2020-02-24 17:22:25,661 [INFO ] [MainThread] [ExperimentEagle.experimentEagle] [func=loadSettings:line=599] Load settings
2020-02-24 17:22:25,673 [INFO ] [MainThread] [ExperimentEagle.experimentEagle] [func=__init__:line=596] initialisation of experiment Eagle complete
2020-02-24 17:22:31,979 [INFO ] [MainThread] [ExperimentEagle.experimentEagle] [func=update:line=840] updating plot
2020-02-24 17:22:35,372 [INFO ] [MainThread] [ExperimentEagle.experimentEagle] [func=_cameraModel_changed:line=1035] Camera model changed to Andor2
2020-02-24 17:22:35,398 [INFO ] [MainThread] [ExperimentEagle.experimentEagle] [func=_cameraModel_changed:line=1051] {u'auto': False, u'max': 3, u'min': -0.2}
2020-02-24 17:22:35,403 [ERROR] [MainThread] [ExperimentEagle.experimentEagle] [func=getImageData:line=142] image file not found. filling with zeros
2020-02-24 17:22:35,404 [INFO ] [MainThread] [ExperimentEagle.experimentEagle] [func=update:line=840] updating plot
2020-02-24 17:22:38,707 [INFO ] [MainThread] [ExperimentEagle.experimentEagle] [func=_configureWatchFolder_fired:line=1079] Configure watch folder for Andor2
2020-02-24 17:22:40,717 [WARNI] [MainThread] [ExperimentEagle.experimentEagle] [func=checkForNewFiles:line=370] more than one new file found [u'ANDOR2_Mon Feb 24 2020_17.18.57_0_X2.tif', u'ANDOR2_Mon Feb 24 2020_17.19.52_0_X2.tif', u'ANDOR2_Mon Feb 24 2020_17.17.35_0_X2.tif', u'ANDOR2_Mon Feb 24 2020_17.20.20_0_X2.tif', u'ANDOR2_Mon Feb 24 2020_17.18.02_0_X2.tif', u'ANDOR2_Mon Feb 24 2020_17.18.30_0_X2.tif', u'ANDOR2_Mon Feb 24 2020_17.19.25_0_X2.tif'] only analysing first one
2020-02-24 17:22:40,720 [INFO ] [MainThread] [ExperimentEagle.experimentEagle] [func=_selectedFile_changed:line=1002] ######################## Selected File changed ########################
2020-02-24 17:22:40,753 [INFO ] [MainThread] [ExperimentEagle.experimentEagle] [func=_selectedFile_changed:line=1004] Update physics
2020-02-24 17:22:40,759 [ERROR] [MainThread] [ExperimentEagle.physicsProperties] [func=updatePhysics:line=141] Error when trying to load XML 'PhysicsProperties' object has no attribute 'selectedFileModifiedTime'
2020-02-24 17:22:40,892 [INFO ] [MainThread] [ExperimentEagle.experimentEagle] [func=getImageData:line=166] processor = <processors.standardAndor2.StandardAndor2 object at 0x000000000B882D58>
2020-02-24 17:22:40,894 [INFO ] [MainThread] [ExperimentEagle.Processor] [func=process:line=76] using standard Andor 0 process function
2020-02-24 17:22:41,895 [INFO ] [MainThread] [ExperimentEagle.Processor] [func=read:line=41] processor reading file!
2020-02-24 17:22:42,167 [INFO ] [MainThread] [ExperimentEagle.Processor] [func=read:line=41] processor reading file!
2020-02-24 17:22:42,563 [INFO ] [MainThread] [ExperimentEagle.Processor] [func=rescale:line=93] processor: rescale factor = 0.9187711388640776 using region of shape: 120, 20
2020-02-24 17:22:42,565 [WARNI] [MainThread] [ExperimentEagle.Processor] [func=opticalDensity:line=65] Calculate OP picture..
2020-02-24 17:22:42,766 [WARNI] [MainThread] [ExperimentEagle.Processor] [func=opticalDensity:line=65] Calculate OP picture..
2020-02-24 17:22:42,974 [INFO ] [MainThread] [ExperimentEagle.experimentEagle] [func=getImageData:line=170] shape of raw Image = (1063,1063)
2020-02-24 17:22:42,976 [WARNI] [MainThread] [ExperimentEagle.experimentEagle] [func=getImageData:line=173] number of pixels in image have changed. This causes problems for contour fit plot. Will destroy contour fit plot first
2020-02-24 17:22:42,977 [INFO ] [MainThread] [ExperimentEagle.experimentEagle] [func=_fixAspectRatioBool_changed:line=970] self.fixAspectRatioBool changed to False
2020-02-24 17:22:42,982 [INFO ] [MainThread] [ExperimentEagle.experimentEagle] [func=_fixAspectRatioBool_changed:line=970] self.fixAspectRatioBool changed to True
2020-02-24 17:22:42,984 [INFO ] [MainThread] [ExperimentEagle.experimentEagle] [func=getImageData:line=175] continuing after pixels changed = True event
2020-02-24 17:22:42,999 [INFO ] [MainThread] [ExperimentEagle.experimentEagle] [func=update:line=840] updating plot
2020-02-24 17:22:43,026 [INFO ] [MainThread] [ExperimentEagle.experimentEagle] [func=_selectedFile_changed:line=1018] succesfully completed getImageData. Will now break from repetition loop
2020-02-24 17:22:43,026 [INFO ] [MainThread] [ExperimentEagle.experimentEagle] [func=update:line=840] updating plot
2020-02-24 17:22:47,039 [INFO ] [MainThread] [ExperimentEagle.experimentEagle] [func=_forceRefreshButton_fired:line=202] force refresh button fired
2020-02-24 17:22:47,053 [INFO ] [MainThread] [ExperimentEagle.experimentEagle] [func=getImageData:line=166] processor = <processors.standardAndor2.StandardAndor2 object at 0x000000000B882D58>
2020-02-24 17:22:47,058 [INFO ] [MainThread] [ExperimentEagle.Processor] [func=process:line=76] using standard Andor 0 process function
2020-02-24 17:22:48,065 [INFO ] [MainThread] [ExperimentEagle.Processor] [func=read:line=41] processor reading file!
2020-02-24 17:22:48,111 [INFO ] [MainThread] [ExperimentEagle.Processor] [func=read:line=41] processor reading file!
2020-02-24 17:22:48,193 [INFO ] [MainThread] [ExperimentEagle.Processor] [func=rescale:line=93] processor: rescale factor = 0.9187711388640776 using region of shape: 120, 20
2020-02-24 17:22:48,194 [WARNI] [MainThread] [ExperimentEagle.Processor] [func=opticalDensity:line=65] Calculate OP picture..
2020-02-24 17:22:48,339 [WARNI] [MainThread] [ExperimentEagle.Processor] [func=opticalDensity:line=65] Calculate OP picture..
2020-02-24 17:22:48,552 [INFO ] [MainThread] [ExperimentEagle.experimentEagle] [func=getImageData:line=170] shape of raw Image = (1063,1063)
2020-02-24 17:22:48,562 [INFO ] [MainThread] [ExperimentEagle.experimentEagle] [func=update:line=840] updating plot
2020-02-24 17:22:48,573 [INFO ] [MainThread] [ExperimentEagle.experimentEagle] [func=_forceRefreshButton_fired:line=202] force refresh button fired
2020-02-24 17:22:48,575 [INFO ] [MainThread] [ExperimentEagle.experimentEagle] [func=getImageData:line=166] processor = <processors.standardAndor2.StandardAndor2 object at 0x000000000B882D58>
2020-02-24 17:22:48,575 [INFO ] [MainThread] [ExperimentEagle.Processor] [func=process:line=76] using standard Andor 0 process function
2020-02-24 17:22:49,615 [INFO ] [MainThread] [ExperimentEagle.Processor] [func=read:line=41] processor reading file!
2020-02-24 17:22:49,660 [INFO ] [MainThread] [ExperimentEagle.Processor] [func=read:line=41] processor reading file!
2020-02-24 17:22:49,740 [INFO ] [MainThread] [ExperimentEagle.Processor] [func=rescale:line=93] processor: rescale factor = 0.9187711388640776 using region of shape: 120, 20
2020-02-24 17:22:49,743 [WARNI] [MainThread] [ExperimentEagle.Processor] [func=opticalDensity:line=65] Calculate OP picture..
2020-02-24 17:22:49,891 [WARNI] [MainThread] [ExperimentEagle.Processor] [func=opticalDensity:line=65] Calculate OP picture..
2020-02-24 17:22:50,085 [INFO ] [MainThread] [ExperimentEagle.experimentEagle] [func=getImageData:line=170] shape of raw Image = (1063,1063)
2020-02-24 17:22:50,099 [INFO ] [MainThread] [ExperimentEagle.experimentEagle] [func=update:line=840] updating plot
2020-02-24 17:22:55,068 [INFO ] [MainThread] [ExperimentEagle.experimentEagle] [func=closed:line=238] attempting to stop timers
