2020-02-24 17:13:06,127 [INFO ] [MainThread] [ExperimentEagle] [func=<module>:line=59] Welcome to Experiment Eagle version 4.0 written by Timothy Harrison. Report bugs to 
Timothy Harrison. See text at beginning of __init__.py for more information.
2020-02-24 17:13:10,181 [INFO ] [MainThread] [ExperimentEagle.experimentEagle] [func=_fixAspectRatioBool_changed:line=970] self.fixAspectRatioBool changed to True
2020-02-24 17:13:10,190 [INFO ] [MainThread] [ExperimentEagle.experimentEagle] [func=loadSettings:line=599] Load settings
2020-02-24 17:13:10,203 [INFO ] [MainThread] [ExperimentEagle.experimentEagle] [func=__init__:line=596] initialisation of experiment Eagle complete
2020-02-24 17:13:16,056 [INFO ] [MainThread] [ExperimentEagle.experimentEagle] [func=update:line=840] updating plot
2020-02-24 17:13:19,499 [INFO ] [MainThread] [ExperimentEagle.experimentEagle] [func=_cameraModel_changed:line=1035] Camera model changed to Andor2
2020-02-24 17:13:19,515 [INFO ] [MainThread] [ExperimentEagle.experimentEagle] [func=_cameraModel_changed:line=1051] {u'auto': False, u'max': 3, u'min': -0.2}
2020-02-24 17:13:19,519 [ERROR] [MainThread] [ExperimentEagle.experimentEagle] [func=getImageData:line=142] image file not found. filling with zeros
2020-02-24 17:13:19,538 [INFO ] [MainThread] [ExperimentEagle.experimentEagle] [func=update:line=840] updating plot
2020-02-24 17:13:20,539 [INFO ] [MainThread] [ExperimentEagle.experimentEagle] [func=_configureWatchFolder_fired:line=1079] Configure watch folder for Andor2
2020-02-24 17:13:22,582 [WARNI] [MainThread] [ExperimentEagle.experimentEagle] [func=checkForNewFiles:line=370] more than one new file found [u'ANDOR2_Mon Feb 24 2020_17.09.47_0_X2.tif', u'ANDOR2_Mon Feb 24 2020_17.10.42_0_X2.tif', u'ANDOR2_Mon Feb 24 2020_17.08.52_0_X2.tif', u'ANDOR2_Mon Feb 24 2020_17.08.52_0_X1.tif', u'ANDOR2_Mon Feb 24 2020_17.08.24_0_X2.tif', u'ANDOR2_Mon Feb 24 2020_17.09.47_0_X1.tif', u'ANDOR2_Mon Feb 24 2020_17.11.09_0_X1.tif', u'ANDOR2_Mon Feb 24 2020_17.08.24_0_X1.tif', u'ANDOR2_Mon Feb 24 2020_17.10.14_0_X2.tif', u'ANDOR2_Mon Feb 24 2020_17.10.42_0_X1.tif', u'ANDOR2_Mon Feb 24 2020_17.07.57_0_X1.tif', u'ANDOR2_Mon Feb 24 2020_17.09.19_0_X1.tif', u'ANDOR2_Mon Feb 24 2020_17.09.19_0_X2.tif', u'ANDOR2_Mon Feb 24 2020_17.10.14_0_X1.tif', u'ANDOR2_Mon Feb 24 2020_17.07.57_0_X2.tif'] only analysing first one
2020-02-24 17:13:22,595 [INFO ] [MainThread] [ExperimentEagle.experimentEagle] [func=_selectedFile_changed:line=1002] ######################## Selected File changed ########################
2020-02-24 17:13:22,660 [INFO ] [MainThread] [ExperimentEagle.experimentEagle] [func=_selectedFile_changed:line=1004] Update physics
2020-02-24 17:13:22,667 [ERROR] [MainThread] [ExperimentEagle.physicsProperties] [func=updatePhysics:line=141] Error when trying to load XML 'PhysicsProperties' object has no attribute 'selectedFileModifiedTime'
2020-02-24 17:13:22,809 [INFO ] [MainThread] [ExperimentEagle.experimentEagle] [func=getImageData:line=166] processor = <processors.standardAndor2.StandardAndor2 object at 0x000000000BA3FDB0>
2020-02-24 17:13:22,812 [INFO ] [MainThread] [ExperimentEagle.Processor] [func=process:line=76] using standard Andor 0 process function
2020-02-24 17:13:25,823 [INFO ] [MainThread] [ExperimentEagle.Processor] [func=read:line=41] processor reading file!
2020-02-24 17:13:26,145 [INFO ] [MainThread] [ExperimentEagle.Processor] [func=read:line=41] processor reading file!
2020-02-24 17:13:26,607 [INFO ] [MainThread] [ExperimentEagle.Processor] [func=rescale:line=93] processor: rescale factor = 0.8945361282996444 using region of shape: 120, 20
2020-02-24 17:13:26,608 [WARNI] [MainThread] [ExperimentEagle.Processor] [func=opticalDensity:line=65] Calculate OP picture..
2020-02-24 17:13:26,822 [WARNI] [MainThread] [ExperimentEagle.Processor] [func=opticalDensity:line=65] Calculate OP picture..
2020-02-24 17:13:27,023 [INFO ] [MainThread] [ExperimentEagle.experimentEagle] [func=getImageData:line=170] shape of raw Image = (1063,1063)
2020-02-24 17:13:27,036 [WARNI] [MainThread] [ExperimentEagle.experimentEagle] [func=getImageData:line=173] number of pixels in image have changed. This causes problems for contour fit plot. Will destroy contour fit plot first
2020-02-24 17:13:27,040 [INFO ] [MainThread] [ExperimentEagle.experimentEagle] [func=_fixAspectRatioBool_changed:line=970] self.fixAspectRatioBool changed to False
2020-02-24 17:13:27,042 [INFO ] [MainThread] [ExperimentEagle.experimentEagle] [func=_fixAspectRatioBool_changed:line=970] self.fixAspectRatioBool changed to True
2020-02-24 17:13:27,046 [INFO ] [MainThread] [ExperimentEagle.experimentEagle] [func=getImageData:line=175] continuing after pixels changed = True event
2020-02-24 17:13:27,089 [INFO ] [MainThread] [ExperimentEagle.experimentEagle] [func=update:line=840] updating plot
2020-02-24 17:13:27,109 [INFO ] [MainThread] [ExperimentEagle.experimentEagle] [func=_selectedFile_changed:line=1018] succesfully completed getImageData. Will now break from repetition loop
2020-02-24 17:13:27,111 [INFO ] [MainThread] [ExperimentEagle.experimentEagle] [func=update:line=840] updating plot
2020-02-24 17:13:28,588 [INFO ] [MainThread] [ExperimentEagle.experimentEagle] [func=_selectedFile_changed:line=1002] ######################## Selected File changed ########################
2020-02-24 17:13:28,592 [INFO ] [MainThread] [ExperimentEagle.experimentEagle] [func=_selectedFile_changed:line=1004] Update physics
2020-02-24 17:13:28,596 [ERROR] [MainThread] [ExperimentEagle.physicsProperties] [func=updatePhysics:line=124] Found very fresh sequence file. Probably read already variables of next sequence?
2020-02-24 17:13:28,598 [WARNI] [MainThread] [ExperimentEagle.physicsProperties] [func=updatePhysics:line=125] Use second last sequence file instead..
2020-02-24 17:13:28,710 [WARNI] [MainThread] [ExperimentEagle.physicsProperties] [func=updatePhysics:line=129] Age of sequence file: -33.5278065205
2020-02-24 17:13:28,828 [INFO ] [MainThread] [ExperimentEagle.experimentEagle] [func=getImageData:line=166] processor = <processors.standardAndor2.StandardAndor2 object at 0x000000000BA3FDB0>
2020-02-24 17:13:28,829 [INFO ] [MainThread] [ExperimentEagle.Processor] [func=process:line=76] using standard Andor 0 process function
2020-02-24 17:13:31,836 [INFO ] [MainThread] [ExperimentEagle.Processor] [func=read:line=41] processor reading file!
2020-02-24 17:13:32,085 [INFO ] [MainThread] [ExperimentEagle.Processor] [func=read:line=41] processor reading file!
2020-02-24 17:13:32,368 [INFO ] [MainThread] [ExperimentEagle.Processor] [func=rescale:line=93] processor: rescale factor = 0.8793800430601956 using region of shape: 120, 20
2020-02-24 17:13:32,378 [WARNI] [MainThread] [ExperimentEagle.Processor] [func=opticalDensity:line=65] Calculate OP picture..
2020-02-24 17:13:32,542 [WARNI] [MainThread] [ExperimentEagle.Processor] [func=opticalDensity:line=65] Calculate OP picture..
2020-02-24 17:13:32,740 [INFO ] [MainThread] [ExperimentEagle.experimentEagle] [func=getImageData:line=170] shape of raw Image = (1063,1063)
2020-02-24 17:13:32,753 [INFO ] [MainThread] [ExperimentEagle.experimentEagle] [func=update:line=840] updating plot
2020-02-24 17:13:32,757 [INFO ] [MainThread] [ExperimentEagle.experimentEagle] [func=_selectedFile_changed:line=1018] succesfully completed getImageData. Will now break from repetition loop
2020-02-24 17:13:32,759 [INFO ] [MainThread] [ExperimentEagle.experimentEagle] [func=update:line=840] updating plot
2020-02-24 17:13:36,321 [INFO ] [MainThread] [ExperimentEagle.experimentEagle] [func=_forceRefreshButton_fired:line=202] force refresh button fired
2020-02-24 17:13:36,328 [INFO ] [MainThread] [ExperimentEagle.experimentEagle] [func=getImageData:line=166] processor = <processors.standardAndor2.StandardAndor2 object at 0x000000000BA3FDB0>
2020-02-24 17:13:36,331 [INFO ] [MainThread] [ExperimentEagle.Processor] [func=process:line=76] using standard Andor 0 process function
2020-02-24 17:13:39,338 [INFO ] [MainThread] [ExperimentEagle.Processor] [func=read:line=41] processor reading file!
2020-02-24 17:13:39,384 [INFO ] [MainThread] [ExperimentEagle.Processor] [func=read:line=41] processor reading file!
2020-02-24 17:13:39,467 [INFO ] [MainThread] [ExperimentEagle.Processor] [func=rescale:line=93] processor: rescale factor = 0.8793800430601956 using region of shape: 120, 20
2020-02-24 17:13:39,469 [WARNI] [MainThread] [ExperimentEagle.Processor] [func=opticalDensity:line=65] Calculate OP picture..
2020-02-24 17:13:39,625 [WARNI] [MainThread] [ExperimentEagle.Processor] [func=opticalDensity:line=65] Calculate OP picture..
2020-02-24 17:13:39,823 [INFO ] [MainThread] [ExperimentEagle.experimentEagle] [func=getImageData:line=170] shape of raw Image = (1063,1063)
2020-02-24 17:13:39,835 [INFO ] [MainThread] [ExperimentEagle.experimentEagle] [func=update:line=840] updating plot
2020-02-24 17:13:39,845 [INFO ] [MainThread] [ExperimentEagle.experimentEagle] [func=_forceRefreshButton_fired:line=202] force refresh button fired
2020-02-24 17:13:39,875 [INFO ] [MainThread] [ExperimentEagle.experimentEagle] [func=getImageData:line=166] processor = <processors.standardAndor2.StandardAndor2 object at 0x000000000BA3FDB0>
2020-02-24 17:13:39,877 [INFO ] [MainThread] [ExperimentEagle.Processor] [func=process:line=76] using standard Andor 0 process function
2020-02-24 17:13:42,884 [INFO ] [MainThread] [ExperimentEagle.Processor] [func=read:line=41] processor reading file!
2020-02-24 17:13:42,930 [INFO ] [MainThread] [ExperimentEagle.Processor] [func=read:line=41] processor reading file!
2020-02-24 17:13:43,013 [INFO ] [MainThread] [ExperimentEagle.Processor] [func=rescale:line=93] processor: rescale factor = 0.8793800430601956 using region of shape: 120, 20
2020-02-24 17:13:43,016 [WARNI] [MainThread] [ExperimentEagle.Processor] [func=opticalDensity:line=65] Calculate OP picture..
2020-02-24 17:13:43,161 [WARNI] [MainThread] [ExperimentEagle.Processor] [func=opticalDensity:line=65] Calculate OP picture..
2020-02-24 17:13:43,358 [INFO ] [MainThread] [ExperimentEagle.experimentEagle] [func=getImageData:line=170] shape of raw Image = (1063,1063)
2020-02-24 17:13:43,374 [INFO ] [MainThread] [ExperimentEagle.experimentEagle] [func=update:line=840] updating plot
2020-02-24 17:13:52,663 [INFO ] [MainThread] [ExperimentEagle.experimentEagle] [func=_selectedFile_changed:line=1002] ######################## Selected File changed ########################
2020-02-24 17:13:52,670 [INFO ] [MainThread] [ExperimentEagle.experimentEagle] [func=_selectedFile_changed:line=1004] Update physics
2020-02-24 17:13:52,796 [WARNI] [MainThread] [ExperimentEagle.physicsProperties] [func=updatePhysics:line=129] Age of sequence file: 22.2280809879
2020-02-24 17:13:52,910 [INFO ] [MainThread] [ExperimentEagle.experimentEagle] [func=getImageData:line=166] processor = <processors.standardAndor2.StandardAndor2 object at 0x000000000BA3FDB0>
2020-02-24 17:13:52,910 [INFO ] [MainThread] [ExperimentEagle.Processor] [func=process:line=76] using standard Andor 0 process function
2020-02-24 17:13:55,914 [INFO ] [MainThread] [ExperimentEagle.Processor] [func=read:line=41] processor reading file!
2020-02-24 17:13:56,170 [INFO ] [MainThread] [ExperimentEagle.Processor] [func=read:line=41] processor reading file!
2020-02-24 17:13:56,450 [INFO ] [MainThread] [ExperimentEagle.Processor] [func=rescale:line=93] processor: rescale factor = 0.9234405332039736 using region of shape: 120, 20
2020-02-24 17:13:56,457 [WARNI] [MainThread] [ExperimentEagle.Processor] [func=opticalDensity:line=65] Calculate OP picture..
2020-02-24 17:13:56,609 [WARNI] [MainThread] [ExperimentEagle.Processor] [func=opticalDensity:line=65] Calculate OP picture..
2020-02-24 17:13:56,805 [INFO ] [MainThread] [ExperimentEagle.experimentEagle] [func=getImageData:line=170] shape of raw Image = (1063,1063)
2020-02-24 17:13:56,823 [INFO ] [MainThread] [ExperimentEagle.experimentEagle] [func=update:line=840] updating plot
2020-02-24 17:13:56,826 [INFO ] [MainThread] [ExperimentEagle.experimentEagle] [func=_selectedFile_changed:line=1018] succesfully completed getImageData. Will now break from repetition loop
2020-02-24 17:13:56,858 [INFO ] [MainThread] [ExperimentEagle.experimentEagle] [func=update:line=840] updating plot
2020-02-24 17:14:11,720 [WARNI] [MainThread] [ExperimentEagle.OptionsDictionaryEditor] [func=createOption:line=43] unrecognised option type (<type 'unicode'>) in processor. Using traits.Any Editor and value
2020-02-24 17:14:18,815 [INFO ] [MainThread] [ExperimentEagle.OptionsDictionaryEditor] [func=editOptionsDialog:line=73] detected a cancel return code. Will not update optionsDict
2020-02-24 17:14:20,664 [INFO ] [MainThread] [ExperimentEagle.experimentEagle] [func=_selectedFile_changed:line=1002] ######################## Selected File changed ########################
2020-02-24 17:14:20,677 [INFO ] [MainThread] [ExperimentEagle.experimentEagle] [func=_selectedFile_changed:line=1004] Update physics
2020-02-24 17:14:20,792 [WARNI] [MainThread] [ExperimentEagle.physicsProperties] [func=updatePhysics:line=129] Age of sequence file: 21.889721632
2020-02-24 17:14:20,908 [INFO ] [MainThread] [ExperimentEagle.experimentEagle] [func=getImageData:line=166] processor = <processors.standardAndor2.StandardAndor2 object at 0x000000000BA3FDB0>
2020-02-24 17:14:20,911 [INFO ] [MainThread] [ExperimentEagle.Processor] [func=process:line=76] using standard Andor 0 process function
2020-02-24 17:14:23,917 [INFO ] [MainThread] [ExperimentEagle.Processor] [func=read:line=41] processor reading file!
2020-02-24 17:14:24,151 [INFO ] [MainThread] [ExperimentEagle.Processor] [func=read:line=41] processor reading file!
2020-02-24 17:14:24,433 [INFO ] [MainThread] [ExperimentEagle.Processor] [func=rescale:line=93] processor: rescale factor = 0.896241556214067 using region of shape: 120, 20
2020-02-24 17:14:24,440 [WARNI] [MainThread] [ExperimentEagle.Processor] [func=opticalDensity:line=65] Calculate OP picture..
2020-02-24 17:14:24,589 [WARNI] [MainThread] [ExperimentEagle.Processor] [func=opticalDensity:line=65] Calculate OP picture..
2020-02-24 17:14:24,786 [INFO ] [MainThread] [ExperimentEagle.experimentEagle] [func=getImageData:line=170] shape of raw Image = (1063,1063)
2020-02-24 17:14:24,802 [INFO ] [MainThread] [ExperimentEagle.experimentEagle] [func=update:line=840] updating plot
2020-02-24 17:14:24,806 [INFO ] [MainThread] [ExperimentEagle.experimentEagle] [func=_selectedFile_changed:line=1018] succesfully completed getImageData. Will now break from repetition loop
2020-02-24 17:14:24,809 [INFO ] [MainThread] [ExperimentEagle.experimentEagle] [func=update:line=840] updating plot
2020-02-24 17:14:48,670 [INFO ] [MainThread] [ExperimentEagle.experimentEagle] [func=_selectedFile_changed:line=1002] ######################## Selected File changed ########################
2020-02-24 17:14:48,677 [INFO ] [MainThread] [ExperimentEagle.experimentEagle] [func=_selectedFile_changed:line=1004] Update physics
2020-02-24 17:14:48,819 [WARNI] [MainThread] [ExperimentEagle.physicsProperties] [func=updatePhysics:line=129] Age of sequence file: 22.5515332222
2020-02-24 17:14:48,924 [INFO ] [MainThread] [ExperimentEagle.experimentEagle] [func=getImageData:line=166] processor = <processors.standardAndor2.StandardAndor2 object at 0x000000000BA3FDB0>
2020-02-24 17:14:48,924 [INFO ] [MainThread] [ExperimentEagle.Processor] [func=process:line=76] using standard Andor 0 process function
2020-02-24 17:14:51,930 [INFO ] [MainThread] [ExperimentEagle.Processor] [func=read:line=41] processor reading file!
2020-02-24 17:14:52,180 [INFO ] [MainThread] [ExperimentEagle.Processor] [func=read:line=41] processor reading file!
2020-02-24 17:14:52,447 [INFO ] [MainThread] [ExperimentEagle.Processor] [func=rescale:line=93] processor: rescale factor = 0.920573020292003 using region of shape: 120, 20
2020-02-24 17:14:52,460 [WARNI] [MainThread] [ExperimentEagle.Processor] [func=opticalDensity:line=65] Calculate OP picture..
2020-02-24 17:14:52,604 [WARNI] [MainThread] [ExperimentEagle.Processor] [func=opticalDensity:line=65] Calculate OP picture..
2020-02-24 17:14:52,815 [INFO ] [MainThread] [ExperimentEagle.experimentEagle] [func=getImageData:line=170] shape of raw Image = (1063,1063)
2020-02-24 17:14:52,822 [INFO ] [MainThread] [ExperimentEagle.experimentEagle] [func=update:line=840] updating plot
2020-02-24 17:14:52,826 [INFO ] [MainThread] [ExperimentEagle.experimentEagle] [func=_selectedFile_changed:line=1018] succesfully completed getImageData. Will now break from repetition loop
2020-02-24 17:14:52,828 [INFO ] [MainThread] [ExperimentEagle.experimentEagle] [func=update:line=840] updating plot
2020-02-24 17:15:06,092 [INFO ] [MainThread] [ExperimentEagle.KeyBindingTool] [func=normal_key_pressed:line=40] normal key pressed
2020-02-24 17:15:06,107 [INFO ] [MainThread] [ExperimentEagle.KeyBindingTool] [func=normal_key_pressed:line=41] 3 keys registered for detection
2020-02-24 17:15:06,108 [INFO ] [MainThread] [ExperimentEagle.KeyBindingTool] [func=normal_key_pressed:line=43] normal key press detected: KeyEvent(event_type='key_pressed', character='F11', alt_down=False, control_down=False, shift_down=False, handled=False)
2020-02-24 17:15:06,111 [INFO ] [MainThread] [ExperimentEagle.KeyBindingTool] [func=normal_key_pressed:line=45] key press action found for : <enable.base_tool.KeySpec object at 0x0000000009A276D8>
2020-02-24 17:15:06,112 [INFO ] [MainThread] [ExperimentEagle.experimentEagle] [func=_fixAspectRatioBool_changed:line=970] self.fixAspectRatioBool changed to True
2020-02-24 17:15:06,115 [INFO ] [MainThread] [ExperimentEagle.KeyBindingTool] [func=normal_key_pressed:line=43] normal key press detected: KeyEvent(event_type='key_pressed', character='F11', alt_down=False, control_down=False, shift_down=False, handled=True)
2020-02-24 17:15:06,115 [INFO ] [MainThread] [ExperimentEagle.KeyBindingTool] [func=normal_key_pressed:line=43] normal key press detected: KeyEvent(event_type='key_pressed', character='F11', alt_down=False, control_down=False, shift_down=False, handled=True)
2020-02-24 17:15:14,661 [INFO ] [MainThread] [ExperimentEagle.experimentEagle] [func=_selectedFile_changed:line=1002] ######################## Selected File changed ########################
2020-02-24 17:15:14,668 [INFO ] [MainThread] [ExperimentEagle.experimentEagle] [func=_selectedFile_changed:line=1004] Update physics
2020-02-24 17:15:15,303 [WARNI] [MainThread] [ExperimentEagle.physicsProperties] [func=updatePhysics:line=129] Age of sequence file: 22.9217507839
2020-02-24 17:15:15,421 [INFO ] [MainThread] [ExperimentEagle.experimentEagle] [func=getImageData:line=166] processor = <processors.standardAndor2.StandardAndor2 object at 0x000000000BA3FDB0>
2020-02-24 17:15:15,424 [INFO ] [MainThread] [ExperimentEagle.Processor] [func=process:line=76] using standard Andor 0 process function
2020-02-24 17:15:18,428 [INFO ] [MainThread] [ExperimentEagle.Processor] [func=read:line=41] processor reading file!
2020-02-24 17:15:18,678 [INFO ] [MainThread] [ExperimentEagle.Processor] [func=read:line=41] processor reading file!
2020-02-24 17:15:18,976 [INFO ] [MainThread] [ExperimentEagle.Processor] [func=rescale:line=93] processor: rescale factor = 0.9075762192453505 using region of shape: 120, 20
2020-02-24 17:15:18,992 [WARNI] [MainThread] [ExperimentEagle.Processor] [func=opticalDensity:line=65] Calculate OP picture..
2020-02-24 17:15:19,135 [WARNI] [MainThread] [ExperimentEagle.Processor] [func=opticalDensity:line=65] Calculate OP picture..
2020-02-24 17:15:19,334 [INFO ] [MainThread] [ExperimentEagle.experimentEagle] [func=getImageData:line=170] shape of raw Image = (1063,1063)
2020-02-24 17:15:19,351 [INFO ] [MainThread] [ExperimentEagle.experimentEagle] [func=update:line=840] updating plot
2020-02-24 17:15:19,355 [INFO ] [MainThread] [ExperimentEagle.experimentEagle] [func=_selectedFile_changed:line=1018] succesfully completed getImageData. Will now break from repetition loop
2020-02-24 17:15:19,385 [INFO ] [MainThread] [ExperimentEagle.experimentEagle] [func=update:line=840] updating plot
2020-02-24 17:15:34,933 [WARNI] [MainThread] [ExperimentEagle.OptionsDictionaryEditor] [func=createOption:line=43] unrecognised option type (<type 'unicode'>) in processor. Using traits.Any Editor and value
2020-02-24 17:15:37,930 [INFO ] [MainThread] [ExperimentEagle.OptionsDictionaryEditor] [func=editOptionsDialog:line=76] returning optionsDict
2020-02-24 17:15:37,944 [INFO ] [MainThread] [ExperimentEagle.Processor] [func=editOptions:line=116] updating options dictionary with values OrderedDict([('process?', False), ('darkSubtraction?', True), ('rawImageWithDarkSubtraction?', False), ('rescale?', True), ('rescaleInitialX', 450), ('rescaleInitialY', 250), ('rescaleWidth', 20), ('rescaleHeight', 120), ('drawRescaleRegion?', True), ('rotationAngle', 87.8), ('Skip initial rows', 0), ('Skip final rows', 0), ('correct OD with alpha function?', False), ('Rescale with circular mask?', False), ('Atom mask PosX', 295), ('Atom mask PosY', 295), ('Atom mask Radius', 160), ('Balance light Radius', 200), ('Use boosted light image?', False), ('Light boost factor', 1.0), ('Binning?', False), ('Bin size', 2), ('Dark picture', u'G:/Experiment Humphry/Experiment Control And Software/experimentEagle/calibration/darkPictures/Andor2/2020 02 22 - dark Andor2 - interval 0_017 temperature -80_0 16 c 5_1 3_3 n 100.npy'), ('High intensity correction for low OD?', False), ('alpha', 1.25), ('C0Sat', 231), ('Imaging pulse duration', 6e-06)])
2020-02-24 17:15:42,664 [INFO ] [MainThread] [ExperimentEagle.experimentEagle] [func=_selectedFile_changed:line=1002] ######################## Selected File changed ########################
2020-02-24 17:15:42,664 [INFO ] [MainThread] [ExperimentEagle.experimentEagle] [func=_selectedFile_changed:line=1004] Update physics
2020-02-24 17:15:42,786 [WARNI] [MainThread] [ExperimentEagle.physicsProperties] [func=updatePhysics:line=129] Age of sequence file: 21.7309222221
2020-02-24 17:15:42,904 [INFO ] [MainThread] [ExperimentEagle.experimentEagle] [func=getImageData:line=166] processor = <processors.standardAndor2.StandardAndor2 object at 0x000000000BA3FDB0>
2020-02-24 17:15:42,907 [INFO ] [MainThread] [ExperimentEagle.Processor] [func=process:line=76] using standard Andor 0 process function
2020-02-24 17:15:45,911 [INFO ] [MainThread] [ExperimentEagle.Processor] [func=read:line=41] processor reading file!
2020-02-24 17:15:46,160 [INFO ] [MainThread] [ExperimentEagle.Processor] [func=read:line=41] processor reading file!
2020-02-24 17:15:46,443 [INFO ] [MainThread] [ExperimentEagle.experimentEagle] [func=getImageData:line=170] shape of raw Image = (2048,1024)
2020-02-24 17:15:46,443 [WARNI] [MainThread] [ExperimentEagle.experimentEagle] [func=getImageData:line=173] number of pixels in image have changed. This causes problems for contour fit plot. Will destroy contour fit plot first
2020-02-24 17:15:46,450 [INFO ] [MainThread] [ExperimentEagle.experimentEagle] [func=_fixAspectRatioBool_changed:line=970] self.fixAspectRatioBool changed to False
2020-02-24 17:15:46,453 [INFO ] [MainThread] [ExperimentEagle.experimentEagle] [func=_fixAspectRatioBool_changed:line=970] self.fixAspectRatioBool changed to True
2020-02-24 17:15:46,487 [INFO ] [MainThread] [ExperimentEagle.experimentEagle] [func=getImageData:line=175] continuing after pixels changed = True event
2020-02-24 17:15:46,529 [INFO ] [MainThread] [ExperimentEagle.experimentEagle] [func=update:line=840] updating plot
2020-02-24 17:15:46,552 [INFO ] [MainThread] [ExperimentEagle.experimentEagle] [func=_selectedFile_changed:line=1018] succesfully completed getImageData. Will now break from repetition loop
2020-02-24 17:15:46,553 [INFO ] [MainThread] [ExperimentEagle.experimentEagle] [func=update:line=840] updating plot
2020-02-24 17:15:46,594 [INFO ] [MainThread] [ExperimentEagle.experimentEagle] [func=_forceRefreshButton_fired:line=202] force refresh button fired
2020-02-24 17:15:46,615 [INFO ] [MainThread] [ExperimentEagle.experimentEagle] [func=getImageData:line=166] processor = <processors.standardAndor2.StandardAndor2 object at 0x000000000BA3FDB0>
2020-02-24 17:15:46,618 [INFO ] [MainThread] [ExperimentEagle.Processor] [func=process:line=76] using standard Andor 0 process function
2020-02-24 17:15:49,631 [INFO ] [MainThread] [ExperimentEagle.Processor] [func=read:line=41] processor reading file!
2020-02-24 17:15:49,677 [INFO ] [MainThread] [ExperimentEagle.Processor] [func=read:line=41] processor reading file!
2020-02-24 17:15:49,743 [INFO ] [MainThread] [ExperimentEagle.experimentEagle] [func=getImageData:line=170] shape of raw Image = (2048,1024)
2020-02-24 17:15:49,753 [INFO ] [MainThread] [ExperimentEagle.experimentEagle] [func=update:line=840] updating plot
2020-02-24 17:15:49,759 [INFO ] [MainThread] [ExperimentEagle.experimentEagle] [func=_forceRefreshButton_fired:line=202] force refresh button fired
2020-02-24 17:15:49,782 [INFO ] [MainThread] [ExperimentEagle.experimentEagle] [func=getImageData:line=166] processor = <processors.standardAndor2.StandardAndor2 object at 0x000000000BA3FDB0>
2020-02-24 17:15:49,783 [INFO ] [MainThread] [ExperimentEagle.Processor] [func=process:line=76] using standard Andor 0 process function
2020-02-24 17:15:52,798 [INFO ] [MainThread] [ExperimentEagle.Processor] [func=read:line=41] processor reading file!
2020-02-24 17:15:52,854 [INFO ] [MainThread] [ExperimentEagle.Processor] [func=read:line=41] processor reading file!
2020-02-24 17:15:52,930 [INFO ] [MainThread] [ExperimentEagle.experimentEagle] [func=getImageData:line=170] shape of raw Image = (2048,1024)
2020-02-24 17:15:52,953 [INFO ] [MainThread] [ExperimentEagle.experimentEagle] [func=update:line=840] updating plot
2020-02-24 17:16:05,618 [INFO ] [MainThread] [ExperimentEagle.experimentEagle] [func=_forceRefreshButton_fired:line=202] force refresh button fired
2020-02-24 17:16:05,625 [INFO ] [MainThread] [ExperimentEagle.experimentEagle] [func=getImageData:line=166] processor = <processors.standardAndor2.StandardAndor2 object at 0x000000000BA3FDB0>
2020-02-24 17:16:05,628 [INFO ] [MainThread] [ExperimentEagle.Processor] [func=process:line=76] using standard Andor 0 process function
2020-02-24 17:16:08,642 [INFO ] [MainThread] [ExperimentEagle.Processor] [func=read:line=41] processor reading file!
2020-02-24 17:16:08,910 [INFO ] [MainThread] [ExperimentEagle.Processor] [func=read:line=41] processor reading file!
2020-02-24 17:16:09,207 [INFO ] [MainThread] [ExperimentEagle.experimentEagle] [func=getImageData:line=170] shape of raw Image = (2048,1024)
2020-02-24 17:16:09,233 [INFO ] [MainThread] [ExperimentEagle.experimentEagle] [func=update:line=840] updating plot
2020-02-24 17:16:09,246 [INFO ] [MainThread] [ExperimentEagle.experimentEagle] [func=_forceRefreshButton_fired:line=202] force refresh button fired
2020-02-24 17:16:09,270 [INFO ] [MainThread] [ExperimentEagle.experimentEagle] [func=getImageData:line=166] processor = <processors.standardAndor2.StandardAndor2 object at 0x000000000BA3FDB0>
2020-02-24 17:16:09,272 [INFO ] [MainThread] [ExperimentEagle.Processor] [func=process:line=76] using standard Andor 0 process function
2020-02-24 17:16:12,276 [INFO ] [MainThread] [ExperimentEagle.Processor] [func=read:line=41] processor reading file!
2020-02-24 17:16:12,319 [INFO ] [MainThread] [ExperimentEagle.Processor] [func=read:line=41] processor reading file!
2020-02-24 17:16:12,378 [INFO ] [MainThread] [ExperimentEagle.experimentEagle] [func=getImageData:line=170] shape of raw Image = (2048,1024)
2020-02-24 17:16:12,390 [INFO ] [MainThread] [ExperimentEagle.experimentEagle] [func=update:line=840] updating plot
2020-02-24 17:16:12,428 [INFO ] [MainThread] [ExperimentEagle.experimentEagle] [func=_selectedFile_changed:line=1002] ######################## Selected File changed ########################
2020-02-24 17:16:12,430 [INFO ] [MainThread] [ExperimentEagle.experimentEagle] [func=_selectedFile_changed:line=1004] Update physics
2020-02-24 17:16:12,543 [WARNI] [MainThread] [ExperimentEagle.physicsProperties] [func=updatePhysics:line=129] Age of sequence file: 22.345262289
2020-02-24 17:16:12,645 [INFO ] [MainThread] [ExperimentEagle.experimentEagle] [func=getImageData:line=166] processor = <processors.standardAndor2.StandardAndor2 object at 0x000000000BA3FDB0>
2020-02-24 17:16:12,647 [INFO ] [MainThread] [ExperimentEagle.Processor] [func=process:line=76] using standard Andor 0 process function
2020-02-24 17:16:15,661 [INFO ] [MainThread] [ExperimentEagle.Processor] [func=read:line=41] processor reading file!
2020-02-24 17:16:15,910 [INFO ] [MainThread] [ExperimentEagle.Processor] [func=read:line=41] processor reading file!
2020-02-24 17:16:16,174 [INFO ] [MainThread] [ExperimentEagle.experimentEagle] [func=getImageData:line=170] shape of raw Image = (2048,1024)
2020-02-24 17:16:16,197 [INFO ] [MainThread] [ExperimentEagle.experimentEagle] [func=update:line=840] updating plot
2020-02-24 17:16:16,203 [INFO ] [MainThread] [ExperimentEagle.experimentEagle] [func=_selectedFile_changed:line=1018] succesfully completed getImageData. Will now break from repetition loop
2020-02-24 17:16:16,233 [INFO ] [MainThread] [ExperimentEagle.experimentEagle] [func=update:line=840] updating plot
2020-02-24 17:16:38,671 [INFO ] [MainThread] [ExperimentEagle.experimentEagle] [func=_selectedFile_changed:line=1002] ######################## Selected File changed ########################
2020-02-24 17:16:38,678 [INFO ] [MainThread] [ExperimentEagle.experimentEagle] [func=_selectedFile_changed:line=1004] Update physics
2020-02-24 17:16:38,795 [WARNI] [MainThread] [ExperimentEagle.physicsProperties] [func=updatePhysics:line=129] Age of sequence file: 21.8435018063
2020-02-24 17:16:38,897 [INFO ] [MainThread] [ExperimentEagle.experimentEagle] [func=getImageData:line=166] processor = <processors.standardAndor2.StandardAndor2 object at 0x000000000BA3FDB0>
2020-02-24 17:16:38,898 [INFO ] [MainThread] [ExperimentEagle.Processor] [func=process:line=76] using standard Andor 0 process function
2020-02-24 17:16:41,910 [INFO ] [MainThread] [ExperimentEagle.Processor] [func=read:line=41] processor reading file!
2020-02-24 17:16:42,168 [INFO ] [MainThread] [ExperimentEagle.Processor] [func=read:line=41] processor reading file!
2020-02-24 17:16:42,446 [INFO ] [MainThread] [ExperimentEagle.experimentEagle] [func=getImageData:line=170] shape of raw Image = (2048,1024)
2020-02-24 17:16:42,457 [INFO ] [MainThread] [ExperimentEagle.experimentEagle] [func=update:line=840] updating plot
2020-02-24 17:16:42,463 [INFO ] [MainThread] [ExperimentEagle.experimentEagle] [func=_selectedFile_changed:line=1018] succesfully completed getImageData. Will now break from repetition loop
2020-02-24 17:16:42,466 [INFO ] [MainThread] [ExperimentEagle.experimentEagle] [func=update:line=840] updating plot
2020-02-24 17:17:04,726 [INFO ] [MainThread] [ExperimentEagle.experimentEagle] [func=_selectedFile_changed:line=1002] ######################## Selected File changed ########################
2020-02-24 17:17:04,733 [INFO ] [MainThread] [ExperimentEagle.experimentEagle] [func=_selectedFile_changed:line=1004] Update physics
2020-02-24 17:17:04,848 [WARNI] [MainThread] [ExperimentEagle.physicsProperties] [func=updatePhysics:line=129] Age of sequence file: 21.7335417271
2020-02-24 17:17:04,964 [INFO ] [MainThread] [ExperimentEagle.experimentEagle] [func=getImageData:line=166] processor = <processors.standardAndor2.StandardAndor2 object at 0x000000000BA3FDB0>
2020-02-24 17:17:04,967 [INFO ] [MainThread] [ExperimentEagle.Processor] [func=process:line=76] using standard Andor 0 process function
2020-02-24 17:17:07,979 [INFO ] [MainThread] [ExperimentEagle.Processor] [func=read:line=41] processor reading file!
2020-02-24 17:17:08,234 [INFO ] [MainThread] [ExperimentEagle.Processor] [func=read:line=41] processor reading file!
2020-02-24 17:17:08,510 [INFO ] [MainThread] [ExperimentEagle.experimentEagle] [func=getImageData:line=170] shape of raw Image = (2048,1024)
2020-02-24 17:17:08,523 [INFO ] [MainThread] [ExperimentEagle.experimentEagle] [func=update:line=840] updating plot
2020-02-24 17:17:08,529 [INFO ] [MainThread] [ExperimentEagle.experimentEagle] [func=_selectedFile_changed:line=1018] succesfully completed getImageData. Will now break from repetition loop
2020-02-24 17:17:08,530 [INFO ] [MainThread] [ExperimentEagle.experimentEagle] [func=update:line=840] updating plot
2020-02-24 17:17:32,788 [INFO ] [MainThread] [ExperimentEagle.experimentEagle] [func=_selectedFile_changed:line=1002] ######################## Selected File changed ########################
2020-02-24 17:17:32,796 [INFO ] [MainThread] [ExperimentEagle.experimentEagle] [func=_selectedFile_changed:line=1004] Update physics
2020-02-24 17:17:32,905 [WARNI] [MainThread] [ExperimentEagle.physicsProperties] [func=updatePhysics:line=129] Age of sequence file: 21.8892276287
2020-02-24 17:17:33,016 [INFO ] [MainThread] [ExperimentEagle.experimentEagle] [func=getImageData:line=166] processor = <processors.standardAndor2.StandardAndor2 object at 0x000000000BA3FDB0>
2020-02-24 17:17:33,016 [INFO ] [MainThread] [ExperimentEagle.Processor] [func=process:line=76] using standard Andor 0 process function
2020-02-24 17:17:36,016 [INFO ] [MainThread] [ExperimentEagle.Processor] [func=read:line=41] processor reading file!
2020-02-24 17:17:36,260 [INFO ] [MainThread] [ExperimentEagle.Processor] [func=read:line=41] processor reading file!
2020-02-24 17:17:36,507 [INFO ] [MainThread] [ExperimentEagle.experimentEagle] [func=getImageData:line=170] shape of raw Image = (2048,1024)
2020-02-24 17:17:36,523 [INFO ] [MainThread] [ExperimentEagle.experimentEagle] [func=update:line=840] updating plot
2020-02-24 17:17:36,523 [INFO ] [MainThread] [ExperimentEagle.experimentEagle] [func=_selectedFile_changed:line=1018] succesfully completed getImageData. Will now break from repetition loop
2020-02-24 17:17:36,539 [INFO ] [MainThread] [ExperimentEagle.experimentEagle] [func=update:line=840] updating plot
2020-02-24 17:18:00,798 [INFO ] [MainThread] [ExperimentEagle.experimentEagle] [func=_selectedFile_changed:line=1002] ######################## Selected File changed ########################
2020-02-24 17:18:00,805 [INFO ] [MainThread] [ExperimentEagle.experimentEagle] [func=_selectedFile_changed:line=1004] Update physics
2020-02-24 17:18:00,914 [WARNI] [MainThread] [ExperimentEagle.physicsProperties] [func=updatePhysics:line=129] Age of sequence file: 22.1295592785
2020-02-24 17:18:01,025 [INFO ] [MainThread] [ExperimentEagle.experimentEagle] [func=getImageData:line=166] processor = <processors.standardAndor2.StandardAndor2 object at 0x000000000BA3FDB0>
2020-02-24 17:18:01,025 [INFO ] [MainThread] [ExperimentEagle.Processor] [func=process:line=76] using standard Andor 0 process function
2020-02-24 17:18:04,025 [INFO ] [MainThread] [ExperimentEagle.Processor] [func=read:line=41] processor reading file!
2020-02-24 17:18:04,255 [INFO ] [MainThread] [ExperimentEagle.Processor] [func=read:line=41] processor reading file!
2020-02-24 17:18:04,515 [INFO ] [MainThread] [ExperimentEagle.experimentEagle] [func=getImageData:line=170] shape of raw Image = (2048,1024)
2020-02-24 17:18:04,529 [INFO ] [MainThread] [ExperimentEagle.experimentEagle] [func=update:line=840] updating plot
2020-02-24 17:18:04,529 [INFO ] [MainThread] [ExperimentEagle.experimentEagle] [func=_selectedFile_changed:line=1018] succesfully completed getImageData. Will now break from repetition loop
2020-02-24 17:18:04,529 [INFO ] [MainThread] [ExperimentEagle.experimentEagle] [func=update:line=840] updating plot
2020-02-24 17:18:28,786 [INFO ] [MainThread] [ExperimentEagle.experimentEagle] [func=_selectedFile_changed:line=1002] ######################## Selected File changed ########################
2020-02-24 17:18:28,793 [INFO ] [MainThread] [ExperimentEagle.experimentEagle] [func=_selectedFile_changed:line=1004] Update physics
2020-02-24 17:18:28,904 [WARNI] [MainThread] [ExperimentEagle.physicsProperties] [func=updatePhysics:line=129] Age of sequence file: 22.755604744
2020-02-24 17:18:29,013 [INFO ] [MainThread] [ExperimentEagle.experimentEagle] [func=getImageData:line=166] processor = <processors.standardAndor2.StandardAndor2 object at 0x000000000BA3FDB0>
2020-02-24 17:18:29,013 [INFO ] [MainThread] [ExperimentEagle.Processor] [func=process:line=76] using standard Andor 0 process function
2020-02-24 17:18:32,013 [INFO ] [MainThread] [ExperimentEagle.Processor] [func=read:line=41] processor reading file!
2020-02-24 17:18:32,243 [INFO ] [MainThread] [ExperimentEagle.Processor] [func=read:line=41] processor reading file!
2020-02-24 17:18:32,515 [INFO ] [MainThread] [ExperimentEagle.experimentEagle] [func=getImageData:line=170] shape of raw Image = (2048,1024)
2020-02-24 17:18:32,515 [INFO ] [MainThread] [ExperimentEagle.experimentEagle] [func=update:line=840] updating plot
2020-02-24 17:18:32,515 [INFO ] [MainThread] [ExperimentEagle.experimentEagle] [func=_selectedFile_changed:line=1018] succesfully completed getImageData. Will now break from repetition loop
2020-02-24 17:18:32,530 [INFO ] [MainThread] [ExperimentEagle.experimentEagle] [func=update:line=840] updating plot
2020-02-24 17:18:34,673 [INFO ] [MainThread] [ExperimentEagle.experimentEagle] [func=closed:line=238] attempting to stop timers
