2020-02-11 17:32:05,759 [INFO ] [MainThread] [ExperimentEagle] [func=<module>:line=59] Welcome to Experiment Eagle version 4.0 written by Timothy Harrison. Report bugs to 
Timothy Harrison. See text at beginning of __init__.py for more information.
2020-02-11 17:32:09,903 [INFO ] [MainThread] [ExperimentEagle.experimentEagle] [func=_fixAspectRatioBool_changed:line=956] self.fixAspectRatioBool changed to True
2020-02-11 17:32:09,904 [INFO ] [MainThread] [ExperimentEagle.experimentEagle] [func=loadSettings:line=585] Load settings
2020-02-11 17:32:09,915 [INFO ] [MainThread] [ExperimentEagle.experimentEagle] [func=__init__:line=582] initialisation of experiment Eagle complete
2020-02-11 17:32:15,753 [INFO ] [MainThread] [ExperimentEagle.experimentEagle] [func=update:line=826] updating plot
2020-02-11 17:32:26,290 [INFO ] [MainThread] [ExperimentEagle.experimentEagle] [func=_cameraModel_changed:line=1021] Camera model changed to Alta1 processor
2020-02-11 17:32:26,311 [INFO ] [MainThread] [ExperimentEagle.experimentEagle] [func=_cameraModel_changed:line=1037] {u'auto': False, u'max': 5, u'min': -0.2}
2020-02-11 17:32:26,315 [ERROR] [MainThread] [ExperimentEagle.experimentEagle] [func=getImageData:line=141] image file not found. filling with zeros
2020-02-11 17:32:26,316 [INFO ] [MainThread] [ExperimentEagle.experimentEagle] [func=update:line=826] updating plot
2020-02-11 17:32:29,727 [INFO ] [MainThread] [ExperimentEagle.OptionsDictionaryEditor] [func=editOptionsDialog:line=73] detected a cancel return code. Will not update optionsDict
2020-02-11 17:33:00,384 [INFO ] [MainThread] [ExperimentEagle.OptionsDictionaryEditor] [func=editOptionsDialog:line=73] detected a cancel return code. Will not update optionsDict
2020-02-11 17:33:06,743 [INFO ] [MainThread] [ExperimentEagle.experimentEagle] [func=_forceRefreshButton_fired:line=201] force refresh button fired
2020-02-11 17:33:06,747 [ERROR] [MainThread] [ExperimentEagle.experimentEagle] [func=getImageData:line=141] image file not found. filling with zeros
2020-02-11 17:33:06,749 [INFO ] [MainThread] [ExperimentEagle.experimentEagle] [func=update:line=826] updating plot
2020-02-11 17:33:06,788 [INFO ] [MainThread] [ExperimentEagle.experimentEagle] [func=_forceRefreshButton_fired:line=201] force refresh button fired
2020-02-11 17:33:06,789 [ERROR] [MainThread] [ExperimentEagle.experimentEagle] [func=getImageData:line=141] image file not found. filling with zeros
2020-02-11 17:33:06,790 [INFO ] [MainThread] [ExperimentEagle.experimentEagle] [func=update:line=826] updating plot
2020-02-11 17:33:10,901 [INFO ] [MainThread] [ExperimentEagle.experimentEagle] [func=_configureWatchFolder_fired:line=1064] Configure watch folder for Alta1 processor
2020-02-11 17:33:12,463 [INFO ] [MainThread] [ExperimentEagle.experimentEagle] [func=_forceRefreshButton_fired:line=201] force refresh button fired
2020-02-11 17:33:12,467 [ERROR] [MainThread] [ExperimentEagle.experimentEagle] [func=getImageData:line=141] image file not found. filling with zeros
2020-02-11 17:33:12,469 [INFO ] [MainThread] [ExperimentEagle.experimentEagle] [func=update:line=826] updating plot
2020-02-11 17:33:12,474 [WARNI] [MainThread] [ExperimentEagle.experimentEagle] [func=checkForNewFiles:line=356] more than one new file found [u'evaporation Optimisation 7_ALTA0atoms_1102 173019.png', u'evaporation Optimisation 7_ALTA0atoms_1102 173047.png', u'evaporation Optimisation 7_ALTA0atoms_1102 172856.png', u'evaporation Optimisation 7_ALTA0atoms_1102 172828.png', u'evaporation Optimisation 7_ALTA0atoms_1102 172924.png', u'evaporation Optimisation 7_ALTA0atoms_1102 172952.png'] only analysing first one
2020-02-11 17:33:12,476 [INFO ] [MainThread] [ExperimentEagle.experimentEagle] [func=_selectedFile_changed:line=988] ######################## Selected File changed ########################
2020-02-11 17:33:12,476 [INFO ] [MainThread] [ExperimentEagle.experimentEagle] [func=_selectedFile_changed:line=990] Update physics
2020-02-11 17:33:12,483 [ERROR] [MainThread] [ExperimentEagle.physicsProperties] [func=updatePhysics:line=139] Error when trying to load XML 'PhysicsProperties' object has no attribute 'selectedFileModifiedTime'
2020-02-11 17:33:12,625 [INFO ] [MainThread] [ExperimentEagle.experimentEagle] [func=getImageData:line=165] processor = <processors.standardAlta1.StandardAlta1 object at 0x000000000B893938>
2020-02-11 17:33:12,627 [INFO ] [MainThread] [ExperimentEagle.Processor] [func=process:line=36] using standard Alta 1 process function
2020-02-11 17:33:12,628 [INFO ] [MainThread] [ExperimentEagle.Processor] [func=read:line=38] processor reading file!
2020-02-11 17:33:12,650 [INFO ] [MainThread] [ExperimentEagle.Processor] [func=read:line=38] processor reading file!
2020-02-11 17:33:12,835 [INFO ] [MainThread] [ExperimentEagle.Processor] [func=read:line=38] processor reading file!
2020-02-11 17:33:12,880 [INFO ] [MainThread] [ExperimentEagle.Processor] [func=rescale:line=81] processor: rescale factor = 1.0 using region of shape: 50, 50
2020-02-11 17:33:12,891 [INFO ] [MainThread] [ExperimentEagle.Processor] [func=rescale:line=81] processor: rescale factor = 1.0 using region of shape: 50, 50
2020-02-11 17:33:12,967 [INFO ] [MainThread] [ExperimentEagle.experimentEagle] [func=getImageData:line=169] shape of raw Image = (512,768)
2020-02-11 17:33:12,977 [INFO ] [MainThread] [ExperimentEagle.experimentEagle] [func=update:line=826] updating plot
2020-02-11 17:33:12,980 [INFO ] [MainThread] [ExperimentEagle.experimentEagle] [func=_selectedFile_changed:line=1004] succesfully completed getImageData. Will now break from repetition loop
2020-02-11 17:33:12,980 [INFO ] [MainThread] [ExperimentEagle.experimentEagle] [func=update:line=826] updating plot
2020-02-11 17:33:12,984 [INFO ] [MainThread] [ExperimentEagle.experimentEagle] [func=_forceRefreshButton_fired:line=201] force refresh button fired
2020-02-11 17:33:13,003 [INFO ] [MainThread] [ExperimentEagle.experimentEagle] [func=getImageData:line=165] processor = <processors.standardAlta1.StandardAlta1 object at 0x000000000B893938>
2020-02-11 17:33:13,036 [INFO ] [MainThread] [ExperimentEagle.Processor] [func=process:line=36] using standard Alta 1 process function
2020-02-11 17:33:13,039 [INFO ] [MainThread] [ExperimentEagle.Processor] [func=read:line=38] processor reading file!
2020-02-11 17:33:13,059 [INFO ] [MainThread] [ExperimentEagle.Processor] [func=read:line=38] processor reading file!
2020-02-11 17:33:13,184 [INFO ] [MainThread] [ExperimentEagle.Processor] [func=read:line=38] processor reading file!
2020-02-11 17:33:13,217 [INFO ] [MainThread] [ExperimentEagle.Processor] [func=rescale:line=81] processor: rescale factor = 1.0 using region of shape: 50, 50
2020-02-11 17:33:13,256 [INFO ] [MainThread] [ExperimentEagle.Processor] [func=rescale:line=81] processor: rescale factor = 1.0 using region of shape: 50, 50
2020-02-11 17:33:13,332 [INFO ] [MainThread] [ExperimentEagle.experimentEagle] [func=getImageData:line=169] shape of raw Image = (512,768)
2020-02-11 17:33:13,335 [INFO ] [MainThread] [ExperimentEagle.experimentEagle] [func=update:line=826] updating plot
2020-02-11 17:33:36,921 [INFO ] [MainThread] [ExperimentEagle.experimentEagle] [func=_selectedFile_changed:line=988] ######################## Selected File changed ########################
2020-02-11 17:33:36,921 [INFO ] [MainThread] [ExperimentEagle.experimentEagle] [func=_selectedFile_changed:line=990] Update physics
2020-02-11 17:33:36,927 [ERROR] [MainThread] [ExperimentEagle.physicsProperties] [func=updatePhysics:line=122] Found very fresh sequence file. Probably read already variables of next sequence?
2020-02-11 17:33:36,927 [WARNI] [MainThread] [ExperimentEagle.physicsProperties] [func=updatePhysics:line=123] Use second last sequence file instead..
2020-02-11 17:33:37,088 [WARNI] [MainThread] [ExperimentEagle.physicsProperties] [func=updatePhysics:line=127] Age of sequence file: -10.1348669529
2020-02-11 17:33:37,226 [INFO ] [MainThread] [ExperimentEagle.experimentEagle] [func=getImageData:line=165] processor = <processors.standardAlta1.StandardAlta1 object at 0x000000000B893938>
2020-02-11 17:33:37,226 [INFO ] [MainThread] [ExperimentEagle.Processor] [func=process:line=36] using standard Alta 1 process function
2020-02-11 17:33:37,229 [ERROR] [MainThread] [ExperimentEagle.Processor] [func=process:line=42] Dark or Light picture does not exist!
2020-02-11 17:33:37,230 [INFO ] [MainThread] [ExperimentEagle.Processor] [func=read:line=38] processor reading file!
2020-02-11 17:33:37,253 [INFO ] [MainThread] [ExperimentEagle.experimentEagle] [func=getImageData:line=169] shape of raw Image = (512,768)
2020-02-11 17:33:37,290 [INFO ] [MainThread] [ExperimentEagle.experimentEagle] [func=update:line=826] updating plot
2020-02-11 17:33:37,292 [INFO ] [MainThread] [ExperimentEagle.experimentEagle] [func=_selectedFile_changed:line=1004] succesfully completed getImageData. Will now break from repetition loop
2020-02-11 17:33:37,293 [INFO ] [MainThread] [ExperimentEagle.experimentEagle] [func=update:line=826] updating plot
2020-02-11 17:34:04,915 [INFO ] [MainThread] [ExperimentEagle.experimentEagle] [func=_selectedFile_changed:line=988] ######################## Selected File changed ########################
2020-02-11 17:34:04,923 [INFO ] [MainThread] [ExperimentEagle.experimentEagle] [func=_selectedFile_changed:line=990] Update physics
2020-02-11 17:34:05,055 [WARNI] [MainThread] [ExperimentEagle.physicsProperties] [func=updatePhysics:line=127] Age of sequence file: 17.9271633625
2020-02-11 17:34:05,187 [INFO ] [MainThread] [ExperimentEagle.experimentEagle] [func=getImageData:line=165] processor = <processors.standardAlta1.StandardAlta1 object at 0x000000000B893938>
2020-02-11 17:34:05,187 [INFO ] [MainThread] [ExperimentEagle.Processor] [func=process:line=36] using standard Alta 1 process function
2020-02-11 17:34:05,191 [INFO ] [MainThread] [ExperimentEagle.Processor] [func=read:line=38] processor reading file!
2020-02-11 17:34:05,211 [INFO ] [MainThread] [ExperimentEagle.Processor] [func=read:line=38] processor reading file!
2020-02-11 17:34:05,385 [INFO ] [MainThread] [ExperimentEagle.Processor] [func=read:line=38] processor reading file!
2020-02-11 17:34:05,424 [INFO ] [MainThread] [ExperimentEagle.Processor] [func=rescale:line=81] processor: rescale factor = 1.0 using region of shape: 50, 50
2020-02-11 17:34:05,443 [INFO ] [MainThread] [ExperimentEagle.Processor] [func=rescale:line=81] processor: rescale factor = 1.0 using region of shape: 50, 50
2020-02-11 17:34:05,510 [INFO ] [MainThread] [ExperimentEagle.experimentEagle] [func=getImageData:line=169] shape of raw Image = (512,768)
2020-02-11 17:34:05,513 [INFO ] [MainThread] [ExperimentEagle.experimentEagle] [func=update:line=826] updating plot
2020-02-11 17:34:05,516 [INFO ] [MainThread] [ExperimentEagle.experimentEagle] [func=_selectedFile_changed:line=1004] succesfully completed getImageData. Will now break from repetition loop
2020-02-11 17:34:05,516 [INFO ] [MainThread] [ExperimentEagle.experimentEagle] [func=update:line=826] updating plot
2020-02-11 17:34:32,921 [INFO ] [MainThread] [ExperimentEagle.experimentEagle] [func=_selectedFile_changed:line=988] ######################## Selected File changed ########################
2020-02-11 17:34:32,921 [INFO ] [MainThread] [ExperimentEagle.experimentEagle] [func=_selectedFile_changed:line=990] Update physics
2020-02-11 17:34:33,055 [WARNI] [MainThread] [ExperimentEagle.physicsProperties] [func=updatePhysics:line=127] Age of sequence file: 17.3367936611
2020-02-11 17:34:33,193 [INFO ] [MainThread] [ExperimentEagle.experimentEagle] [func=getImageData:line=165] processor = <processors.standardAlta1.StandardAlta1 object at 0x000000000B893938>
2020-02-11 17:34:33,194 [INFO ] [MainThread] [ExperimentEagle.Processor] [func=process:line=36] using standard Alta 1 process function
2020-02-11 17:34:33,197 [INFO ] [MainThread] [ExperimentEagle.Processor] [func=read:line=38] processor reading file!
2020-02-11 17:34:33,223 [INFO ] [MainThread] [ExperimentEagle.Processor] [func=read:line=38] processor reading file!
2020-02-11 17:34:33,358 [INFO ] [MainThread] [ExperimentEagle.Processor] [func=read:line=38] processor reading file!
2020-02-11 17:34:33,401 [INFO ] [MainThread] [ExperimentEagle.Processor] [func=rescale:line=81] processor: rescale factor = 1.0 using region of shape: 50, 50
2020-02-11 17:34:33,440 [INFO ] [MainThread] [ExperimentEagle.Processor] [func=rescale:line=81] processor: rescale factor = 1.0 using region of shape: 50, 50
2020-02-11 17:34:33,519 [INFO ] [MainThread] [ExperimentEagle.experimentEagle] [func=getImageData:line=169] shape of raw Image = (512,768)
2020-02-11 17:34:33,523 [INFO ] [MainThread] [ExperimentEagle.experimentEagle] [func=update:line=826] updating plot
2020-02-11 17:34:33,526 [INFO ] [MainThread] [ExperimentEagle.experimentEagle] [func=_selectedFile_changed:line=1004] succesfully completed getImageData. Will now break from repetition loop
2020-02-11 17:34:33,528 [INFO ] [MainThread] [ExperimentEagle.experimentEagle] [func=update:line=826] updating plot
2020-02-11 17:34:42,982 [INFO ] [MainThread] [ExperimentEagle.experimentEagle] [func=closed:line=230] attempting to stop timers
