2020-02-24 17:26:10,956 [INFO ] [MainThread] [ExperimentEagle] [func=<module>:line=59] Welcome to Experiment Eagle version 4.0 written by Timothy Harrison. Report bugs to 
Timothy Harrison. See text at beginning of __init__.py for more information.
2020-02-24 17:26:15,196 [INFO ] [MainThread] [ExperimentEagle.experimentEagle] [func=_fixAspectRatioBool_changed:line=970] self.fixAspectRatioBool changed to True
2020-02-24 17:26:15,197 [INFO ] [MainThread] [ExperimentEagle.experimentEagle] [func=loadSettings:line=599] Load settings
2020-02-24 17:26:15,210 [INFO ] [MainThread] [ExperimentEagle.experimentEagle] [func=__init__:line=596] initialisation of experiment Eagle complete
2020-02-24 17:26:21,397 [INFO ] [MainThread] [ExperimentEagle.experimentEagle] [func=update:line=840] updating plot
2020-02-24 17:26:24,734 [INFO ] [MainThread] [ExperimentEagle.experimentEagle] [func=_cameraModel_changed:line=1035] Camera model changed to Andor2
2020-02-24 17:26:24,759 [INFO ] [MainThread] [ExperimentEagle.experimentEagle] [func=_cameraModel_changed:line=1051] {u'auto': False, u'max': 3, u'min': -0.2}
2020-02-24 17:26:24,763 [ERROR] [MainThread] [ExperimentEagle.experimentEagle] [func=getImageData:line=142] image file not found. filling with zeros
2020-02-24 17:26:24,782 [INFO ] [MainThread] [ExperimentEagle.experimentEagle] [func=update:line=840] updating plot
2020-02-24 17:26:25,783 [INFO ] [MainThread] [ExperimentEagle.experimentEagle] [func=_configureWatchFolder_fired:line=1079] Configure watch folder for Andor2
2020-02-24 17:26:27,799 [WARNI] [MainThread] [ExperimentEagle.experimentEagle] [func=checkForNewFiles:line=370] more than one new file found [u'ANDOR2_Mon Feb 24 2020_17.23.05_0_X2.tif', u'ANDOR2_Mon Feb 24 2020_17.22.10_0_X2.tif', u'ANDOR2_Mon Feb 24 2020_17.22.38_0_X2.tif', u'ANDOR2_Mon Feb 24 2020_17.21.42_0_X2.tif', u'ANDOR2_Mon Feb 24 2020_17.23.33_0_X2.tif', u'ANDOR2_Mon Feb 24 2020_17.24.00_0_X2.tif'] only analysing first one
2020-02-24 17:26:27,809 [INFO ] [MainThread] [ExperimentEagle.experimentEagle] [func=_selectedFile_changed:line=1002] ######################## Selected File changed ########################
2020-02-24 17:26:27,835 [INFO ] [MainThread] [ExperimentEagle.experimentEagle] [func=_selectedFile_changed:line=1004] Update physics
2020-02-24 17:26:27,842 [ERROR] [MainThread] [ExperimentEagle.physicsProperties] [func=updatePhysics:line=141] Error when trying to load XML 'PhysicsProperties' object has no attribute 'selectedFileModifiedTime'
2020-02-24 17:26:27,944 [INFO ] [MainThread] [ExperimentEagle.experimentEagle] [func=getImageData:line=166] processor = <processors.standardAndor2.StandardAndor2 object at 0x000000000B09DDB0>
2020-02-24 17:26:27,944 [INFO ] [MainThread] [ExperimentEagle.Processor] [func=process:line=76] using standard Andor 0 process function
2020-02-24 17:26:27,946 [INFO ] [MainThread] [ExperimentEagle.Processor] [func=read:line=41] processor reading file!
2020-02-24 17:26:28,233 [INFO ] [MainThread] [ExperimentEagle.Processor] [func=read:line=41] processor reading file!
2020-02-24 17:26:28,502 [INFO ] [MainThread] [ExperimentEagle.Processor] [func=read:line=41] processor reading file!
2020-02-24 17:26:28,548 [INFO ] [MainThread] [ExperimentEagle.Processor] [func=read:line=41] processor reading file!
2020-02-24 17:26:28,607 [INFO ] [MainThread] [ExperimentEagle.Processor] [func=read:line=41] processor reading file!
2020-02-24 17:26:28,651 [INFO ] [MainThread] [ExperimentEagle.Processor] [func=read:line=41] processor reading file!
2020-02-24 17:26:28,720 [INFO ] [MainThread] [ExperimentEagle.Processor] [func=read:line=41] processor reading file!
2020-02-24 17:26:28,766 [INFO ] [MainThread] [ExperimentEagle.Processor] [func=read:line=41] processor reading file!
2020-02-24 17:26:28,973 [INFO ] [MainThread] [ExperimentEagle.Processor] [func=rescale:line=93] processor: rescale factor = 0.8931456843041448 using region of shape: 120, 20
2020-02-24 17:26:28,980 [WARNI] [MainThread] [ExperimentEagle.Processor] [func=opticalDensity:line=65] Calculate OP picture..
2020-02-24 17:26:29,187 [WARNI] [MainThread] [ExperimentEagle.Processor] [func=opticalDensity:line=65] Calculate OP picture..
2020-02-24 17:26:29,431 [INFO ] [MainThread] [ExperimentEagle.experimentEagle] [func=getImageData:line=170] shape of raw Image = (1063,1063)
2020-02-24 17:26:29,434 [WARNI] [MainThread] [ExperimentEagle.experimentEagle] [func=getImageData:line=173] number of pixels in image have changed. This causes problems for contour fit plot. Will destroy contour fit plot first
2020-02-24 17:26:29,434 [INFO ] [MainThread] [ExperimentEagle.experimentEagle] [func=_fixAspectRatioBool_changed:line=970] self.fixAspectRatioBool changed to False
2020-02-24 17:26:29,436 [INFO ] [MainThread] [ExperimentEagle.experimentEagle] [func=_fixAspectRatioBool_changed:line=970] self.fixAspectRatioBool changed to True
2020-02-24 17:26:29,438 [INFO ] [MainThread] [ExperimentEagle.experimentEagle] [func=getImageData:line=175] continuing after pixels changed = True event
2020-02-24 17:26:29,451 [INFO ] [MainThread] [ExperimentEagle.experimentEagle] [func=update:line=840] updating plot
2020-02-24 17:26:29,490 [INFO ] [MainThread] [ExperimentEagle.experimentEagle] [func=_selectedFile_changed:line=1018] succesfully completed getImageData. Will now break from repetition loop
2020-02-24 17:26:29,490 [INFO ] [MainThread] [ExperimentEagle.experimentEagle] [func=update:line=840] updating plot
2020-02-24 17:26:43,789 [INFO ] [MainThread] [ExperimentEagle.experimentEagle] [func=_selectedFile_changed:line=1002] ######################## Selected File changed ########################
2020-02-24 17:26:43,796 [INFO ] [MainThread] [ExperimentEagle.experimentEagle] [func=_selectedFile_changed:line=1004] Update physics
2020-02-24 17:26:43,801 [ERROR] [MainThread] [ExperimentEagle.physicsProperties] [func=updatePhysics:line=124] Found very fresh sequence file. Probably read already variables of next sequence?
2020-02-24 17:26:43,802 [WARNI] [MainThread] [ExperimentEagle.physicsProperties] [func=updatePhysics:line=125] Use second last sequence file instead..
2020-02-24 17:26:43,908 [WARNI] [MainThread] [ExperimentEagle.physicsProperties] [func=updatePhysics:line=129] Age of sequence file: -32.7667050362
2020-02-24 17:26:44,026 [INFO ] [MainThread] [ExperimentEagle.experimentEagle] [func=getImageData:line=166] processor = <processors.standardAndor2.StandardAndor2 object at 0x000000000B09DDB0>
2020-02-24 17:26:44,029 [INFO ] [MainThread] [ExperimentEagle.Processor] [func=process:line=76] using standard Andor 0 process function
2020-02-24 17:26:44,029 [INFO ] [MainThread] [ExperimentEagle.Processor] [func=read:line=41] processor reading file!
2020-02-24 17:26:44,315 [WARNI] [MainThread] [ExperimentEagle.Processor] [func=process:line=84] IOError for loading tif file. Since Andor Solis needs some time to save this picture, wait 1 s and try again. Try 0 of 4
2020-02-24 17:26:45,325 [INFO ] [MainThread] [ExperimentEagle.Processor] [func=read:line=41] processor reading file!
2020-02-24 17:26:46,737 [INFO ] [MainThread] [ExperimentEagle.Processor] [func=read:line=41] processor reading file!
2020-02-24 17:26:47,000 [INFO ] [MainThread] [ExperimentEagle.Processor] [func=read:line=41] processor reading file!
2020-02-24 17:26:48,446 [INFO ] [MainThread] [ExperimentEagle.Processor] [func=read:line=41] processor reading file!
2020-02-24 17:26:48,506 [INFO ] [MainThread] [ExperimentEagle.Processor] [func=read:line=41] processor reading file!
2020-02-24 17:26:49,921 [INFO ] [MainThread] [ExperimentEagle.Processor] [func=read:line=41] processor reading file!
2020-02-24 17:26:50,013 [INFO ] [MainThread] [ExperimentEagle.Processor] [func=rescale:line=93] processor: rescale factor = 0.9194333694718928 using region of shape: 120, 20
2020-02-24 17:26:50,015 [WARNI] [MainThread] [ExperimentEagle.Processor] [func=opticalDensity:line=65] Calculate OP picture..
2020-02-24 17:26:50,157 [WARNI] [MainThread] [ExperimentEagle.Processor] [func=opticalDensity:line=65] Calculate OP picture..
2020-02-24 17:26:50,358 [INFO ] [MainThread] [ExperimentEagle.experimentEagle] [func=getImageData:line=170] shape of raw Image = (1063,1063)
2020-02-24 17:26:50,378 [INFO ] [MainThread] [ExperimentEagle.experimentEagle] [func=update:line=840] updating plot
2020-02-24 17:26:50,382 [INFO ] [MainThread] [ExperimentEagle.experimentEagle] [func=_selectedFile_changed:line=1018] succesfully completed getImageData. Will now break from repetition loop
2020-02-24 17:26:50,384 [INFO ] [MainThread] [ExperimentEagle.experimentEagle] [func=update:line=840] updating plot
2020-02-24 17:27:11,818 [INFO ] [MainThread] [ExperimentEagle.experimentEagle] [func=_selectedFile_changed:line=1002] ######################## Selected File changed ########################
2020-02-24 17:27:11,825 [INFO ] [MainThread] [ExperimentEagle.experimentEagle] [func=_selectedFile_changed:line=1004] Update physics
2020-02-24 17:27:11,989 [WARNI] [MainThread] [ExperimentEagle.physicsProperties] [func=updatePhysics:line=129] Age of sequence file: 22.9674429893
2020-02-24 17:27:12,108 [INFO ] [MainThread] [ExperimentEagle.experimentEagle] [func=getImageData:line=166] processor = <processors.standardAndor2.StandardAndor2 object at 0x000000000B09DDB0>
2020-02-24 17:27:12,111 [INFO ] [MainThread] [ExperimentEagle.Processor] [func=process:line=76] using standard Andor 0 process function
2020-02-24 17:27:12,112 [INFO ] [MainThread] [ExperimentEagle.Processor] [func=read:line=41] processor reading file!
2020-02-24 17:27:12,121 [WARNI] [MainThread] [ExperimentEagle.Processor] [func=process:line=84] IOError for loading tif file. Since Andor Solis needs some time to save this picture, wait 1 s and try again. Try 0 of 4
2020-02-24 17:27:13,124 [INFO ] [MainThread] [ExperimentEagle.Processor] [func=read:line=41] processor reading file!
2020-02-24 17:27:14,578 [INFO ] [MainThread] [ExperimentEagle.Processor] [func=read:line=41] processor reading file!
2020-02-24 17:27:14,871 [INFO ] [MainThread] [ExperimentEagle.Processor] [func=read:line=41] processor reading file!
2020-02-24 17:27:16,440 [INFO ] [MainThread] [ExperimentEagle.Processor] [func=read:line=41] processor reading file!
2020-02-24 17:27:16,523 [INFO ] [MainThread] [ExperimentEagle.Processor] [func=read:line=41] processor reading file!
2020-02-24 17:27:17,996 [INFO ] [MainThread] [ExperimentEagle.Processor] [func=read:line=41] processor reading file!
2020-02-24 17:27:18,108 [INFO ] [MainThread] [ExperimentEagle.Processor] [func=rescale:line=93] processor: rescale factor = 0.8880769550600875 using region of shape: 120, 20
2020-02-24 17:27:18,111 [WARNI] [MainThread] [ExperimentEagle.Processor] [func=opticalDensity:line=65] Calculate OP picture..
2020-02-24 17:27:18,286 [WARNI] [MainThread] [ExperimentEagle.Processor] [func=opticalDensity:line=65] Calculate OP picture..
2020-02-24 17:27:18,500 [INFO ] [MainThread] [ExperimentEagle.experimentEagle] [func=getImageData:line=170] shape of raw Image = (1063,1063)
2020-02-24 17:27:18,520 [INFO ] [MainThread] [ExperimentEagle.experimentEagle] [func=update:line=840] updating plot
2020-02-24 17:27:18,526 [INFO ] [MainThread] [ExperimentEagle.experimentEagle] [func=_selectedFile_changed:line=1018] succesfully completed getImageData. Will now break from repetition loop
2020-02-24 17:27:18,559 [INFO ] [MainThread] [ExperimentEagle.experimentEagle] [func=update:line=840] updating plot
2020-02-24 17:27:37,882 [INFO ] [MainThread] [ExperimentEagle.experimentEagle] [func=_selectedFile_changed:line=1002] ######################## Selected File changed ########################
2020-02-24 17:27:37,891 [INFO ] [MainThread] [ExperimentEagle.experimentEagle] [func=_selectedFile_changed:line=1004] Update physics
2020-02-24 17:27:38,005 [WARNI] [MainThread] [ExperimentEagle.physicsProperties] [func=updatePhysics:line=129] Age of sequence file: 23.1274375916
2020-02-24 17:27:38,122 [INFO ] [MainThread] [ExperimentEagle.experimentEagle] [func=getImageData:line=166] processor = <processors.standardAndor2.StandardAndor2 object at 0x000000000B09DDB0>
2020-02-24 17:27:38,125 [INFO ] [MainThread] [ExperimentEagle.Processor] [func=process:line=76] using standard Andor 0 process function
2020-02-24 17:27:38,127 [INFO ] [MainThread] [ExperimentEagle.Processor] [func=read:line=41] processor reading file!
2020-02-24 17:27:38,134 [WARNI] [MainThread] [ExperimentEagle.Processor] [func=process:line=84] IOError for loading tif file. Since Andor Solis needs some time to save this picture, wait 1 s and try again. Try 0 of 4
2020-02-24 17:27:39,138 [INFO ] [MainThread] [ExperimentEagle.Processor] [func=read:line=41] processor reading file!
2020-02-24 17:27:39,145 [WARNI] [MainThread] [ExperimentEagle.Processor] [func=process:line=84] IOError for loading tif file. Since Andor Solis needs some time to save this picture, wait 1 s and try again. Try 1 of 4
2020-02-24 17:27:40,148 [INFO ] [MainThread] [ExperimentEagle.Processor] [func=read:line=41] processor reading file!
2020-02-24 17:27:41,545 [INFO ] [MainThread] [ExperimentEagle.Processor] [func=read:line=41] processor reading file!
2020-02-24 17:27:41,796 [INFO ] [MainThread] [ExperimentEagle.Processor] [func=read:line=41] processor reading file!
2020-02-24 17:27:43,221 [INFO ] [MainThread] [ExperimentEagle.Processor] [func=read:line=41] processor reading file!
2020-02-24 17:27:43,306 [INFO ] [MainThread] [ExperimentEagle.Processor] [func=rescale:line=93] processor: rescale factor = 0.9021628970431228 using region of shape: 120, 20
2020-02-24 17:27:43,315 [WARNI] [MainThread] [ExperimentEagle.Processor] [func=opticalDensity:line=65] Calculate OP picture..
2020-02-24 17:27:43,474 [WARNI] [MainThread] [ExperimentEagle.Processor] [func=opticalDensity:line=65] Calculate OP picture..
2020-02-24 17:27:43,667 [INFO ] [MainThread] [ExperimentEagle.experimentEagle] [func=getImageData:line=170] shape of raw Image = (1063,1063)
2020-02-24 17:27:43,677 [INFO ] [MainThread] [ExperimentEagle.experimentEagle] [func=update:line=840] updating plot
2020-02-24 17:27:43,680 [INFO ] [MainThread] [ExperimentEagle.experimentEagle] [func=_selectedFile_changed:line=1018] succesfully completed getImageData. Will now break from repetition loop
2020-02-24 17:27:43,680 [INFO ] [MainThread] [ExperimentEagle.experimentEagle] [func=update:line=840] updating plot
2020-02-24 17:27:54,403 [INFO ] [MainThread] [ExperimentEagle.experimentEagle] [func=closed:line=238] attempting to stop timers
