2020-02-22 18:23:11,392 [INFO ] [MainThread] [ExperimentEagle] [func=<module>:line=59] Welcome to Experiment Eagle version 4.0 written by Timothy Harrison. Report bugs to 
Timothy Harrison. See text at beginning of __init__.py for more information.
2020-02-22 18:23:15,516 [INFO ] [MainThread] [ExperimentEagle.experimentEagle] [func=_fixAspectRatioBool_changed:line=970] self.fixAspectRatioBool changed to True
2020-02-22 18:23:15,519 [INFO ] [MainThread] [ExperimentEagle.experimentEagle] [func=loadSettings:line=599] Load settings
2020-02-22 18:23:15,532 [INFO ] [MainThread] [ExperimentEagle.experimentEagle] [func=__init__:line=596] initialisation of experiment Eagle complete
2020-02-22 18:23:21,621 [INFO ] [MainThread] [ExperimentEagle.experimentEagle] [func=update:line=840] updating plot
2020-02-22 18:23:24,628 [INFO ] [MainThread] [ExperimentEagle.experimentEagle] [func=_cameraModel_changed:line=1035] Camera model changed to baslerLi
2020-02-22 18:23:24,644 [INFO ] [MainThread] [ExperimentEagle.experimentEagle] [func=_cameraModel_changed:line=1051] {u'auto': False, u'max': 255, u'min': 0}
2020-02-22 18:23:24,647 [INFO ] [MainThread] [ExperimentEagle.experimentEagle] [func=_scale_changed:line=193] model scale changed
2020-02-22 18:23:25,750 [INFO ] [MainThread] [ExperimentEagle.experimentEagle] [func=_cameraModel_changed:line=1035] Camera model changed to Andor2
2020-02-22 18:23:25,769 [INFO ] [MainThread] [ExperimentEagle.experimentEagle] [func=_cameraModel_changed:line=1051] {u'auto': False, u'max': 3, u'min': -0.2}
2020-02-22 18:23:25,772 [INFO ] [MainThread] [ExperimentEagle.experimentEagle] [func=_scale_changed:line=193] model scale changed
2020-02-22 18:23:25,779 [ERROR] [MainThread] [ExperimentEagle.experimentEagle] [func=getImageData:line=142] image file not found. filling with zeros
2020-02-22 18:23:25,780 [INFO ] [MainThread] [ExperimentEagle.experimentEagle] [func=update:line=840] updating plot
2020-02-22 18:23:27,681 [INFO ] [MainThread] [ExperimentEagle.experimentEagle] [func=_configureWatchFolder_fired:line=1079] Configure watch folder for Andor2
2020-02-22 18:23:29,078 [INFO ] [MainThread] [ExperimentEagle.experimentEagle] [func=_forceRefreshButton_fired:line=202] force refresh button fired
2020-02-22 18:23:29,082 [ERROR] [MainThread] [ExperimentEagle.experimentEagle] [func=getImageData:line=142] image file not found. filling with zeros
2020-02-22 18:23:29,084 [INFO ] [MainThread] [ExperimentEagle.experimentEagle] [func=update:line=840] updating plot
2020-02-22 18:23:29,094 [INFO ] [MainThread] [ExperimentEagle.experimentEagle] [func=_selectedFile_changed:line=1002] ######################## Selected File changed ########################
2020-02-22 18:23:29,095 [INFO ] [MainThread] [ExperimentEagle.experimentEagle] [func=_selectedFile_changed:line=1004] Update physics
2020-02-22 18:23:29,101 [ERROR] [MainThread] [ExperimentEagle.physicsProperties] [func=updatePhysics:line=141] Error when trying to load XML 'PhysicsProperties' object has no attribute 'selectedFileModifiedTime'
2020-02-22 18:23:29,323 [INFO ] [MainThread] [ExperimentEagle.experimentEagle] [func=getImageData:line=166] processor = <processors.standardAndor2.StandardAndor2 object at 0x000000000B560D58>
2020-02-22 18:23:29,336 [INFO ] [MainThread] [ExperimentEagle.Processor] [func=process:line=73] using standard Andor 0 process function
2020-02-22 18:23:29,338 [INFO ] [MainThread] [ExperimentEagle.Processor] [func=read:line=38] processor reading file!
2020-02-22 18:23:29,539 [INFO ] [MainThread] [ExperimentEagle.Processor] [func=rescale:line=86] processor: rescale factor = 0.9901744245335007 using region of shape: 20, 20
2020-02-22 18:23:29,585 [WARNI] [MainThread] [ExperimentEagle.Processor] [func=opticalDensity:line=58] Calculate OP picture..
2020-02-22 18:23:29,775 [INFO ] [MainThread] [ExperimentEagle.experimentEagle] [func=getImageData:line=170] shape of raw Image = (1062,1059)
2020-02-22 18:23:29,780 [WARNI] [MainThread] [ExperimentEagle.experimentEagle] [func=getImageData:line=173] number of pixels in image have changed. This causes problems for contour fit plot. Will destroy contour fit plot first
2020-02-22 18:23:29,782 [INFO ] [MainThread] [ExperimentEagle.experimentEagle] [func=_fixAspectRatioBool_changed:line=970] self.fixAspectRatioBool changed to False
2020-02-22 18:23:29,786 [INFO ] [MainThread] [ExperimentEagle.experimentEagle] [func=_fixAspectRatioBool_changed:line=970] self.fixAspectRatioBool changed to True
2020-02-22 18:23:29,831 [INFO ] [MainThread] [ExperimentEagle.experimentEagle] [func=getImageData:line=175] continuing after pixels changed = True event
2020-02-22 18:23:29,871 [INFO ] [MainThread] [ExperimentEagle.experimentEagle] [func=update:line=840] updating plot
2020-02-22 18:23:29,898 [INFO ] [MainThread] [ExperimentEagle.experimentEagle] [func=_selectedFile_changed:line=1018] succesfully completed getImageData. Will now break from repetition loop
2020-02-22 18:23:29,927 [INFO ] [MainThread] [ExperimentEagle.experimentEagle] [func=update:line=840] updating plot
2020-02-22 18:23:29,931 [INFO ] [MainThread] [ExperimentEagle.experimentEagle] [func=_forceRefreshButton_fired:line=202] force refresh button fired
2020-02-22 18:23:30,019 [INFO ] [MainThread] [ExperimentEagle.experimentEagle] [func=getImageData:line=166] processor = <processors.standardAndor2.StandardAndor2 object at 0x000000000B560D58>
2020-02-22 18:23:30,020 [INFO ] [MainThread] [ExperimentEagle.Processor] [func=process:line=73] using standard Andor 0 process function
2020-02-22 18:23:30,022 [INFO ] [MainThread] [ExperimentEagle.Processor] [func=read:line=38] processor reading file!
2020-02-22 18:23:30,112 [INFO ] [MainThread] [ExperimentEagle.Processor] [func=rescale:line=86] processor: rescale factor = 0.9901744245335007 using region of shape: 20, 20
2020-02-22 18:23:30,154 [WARNI] [MainThread] [ExperimentEagle.Processor] [func=opticalDensity:line=58] Calculate OP picture..
2020-02-22 18:23:30,345 [INFO ] [MainThread] [ExperimentEagle.experimentEagle] [func=getImageData:line=170] shape of raw Image = (1062,1059)
2020-02-22 18:23:30,355 [INFO ] [MainThread] [ExperimentEagle.experimentEagle] [func=update:line=840] updating plot
2020-02-22 18:23:34,971 [WARNI] [MainThread] [ExperimentEagle.OptionsDictionaryEditor] [func=createOption:line=43] unrecognised option type (<type 'unicode'>) in processor. Using traits.Any Editor and value
2020-02-22 18:23:38,538 [INFO ] [MainThread] [ExperimentEagle.OptionsDictionaryEditor] [func=editOptionsDialog:line=76] returning optionsDict
2020-02-22 18:23:38,542 [INFO ] [MainThread] [ExperimentEagle.Processor] [func=editOptions:line=105] updating options dictionary with values OrderedDict([('process?', True), ('darkSubtraction?', True), ('rawImageWithDarkSubtraction?', False), ('rescale?', True), ('rescaleInitialX', 450), ('rescaleInitialY', 250), ('rescaleWidth', 20), ('rescaleHeight', 120), ('drawRescaleRegion?', True), ('rotationAngle', 87.8), ('Skip initial rows', 1), ('Skip final rows', 3), ('correct OD with alpha function?', False), ('Rescale with circular mask?', False), ('Atom mask PosX', 295), ('Atom mask PosY', 295), ('Atom mask Radius', 160), ('Balance light Radius', 200), ('Use boosted light image?', False), ('Light boost factor', 1.0), ('Binning?', True), ('Bin size', 2), ('Dark picture', u'G:/Experiment Humphry/Experiment Control And Software/experimentEagle/calibration/darkPictures/Andor2/2020 02 22 - dark Andor2 - interval 0_017 temperature -80_0 16 c 5_1 3_3 n 100.npy'), ('High intensity correction for low OD?', False), ('alpha', 1.25), ('C0Sat', 231), ('Imaging pulse duration', 6e-06)])
2020-02-22 18:23:39,714 [INFO ] [MainThread] [ExperimentEagle.experimentEagle] [func=_selectedFile_changed:line=1002] ######################## Selected File changed ########################
2020-02-22 18:23:39,724 [INFO ] [MainThread] [ExperimentEagle.experimentEagle] [func=_selectedFile_changed:line=1004] Update physics
2020-02-22 18:23:39,842 [WARNI] [MainThread] [ExperimentEagle.physicsProperties] [func=updatePhysics:line=129] Age of sequence file: 18.7836368084
2020-02-22 18:23:39,993 [INFO ] [MainThread] [ExperimentEagle.experimentEagle] [func=getImageData:line=166] processor = <processors.standardAndor2.StandardAndor2 object at 0x000000000B560D58>
2020-02-22 18:23:40,009 [INFO ] [MainThread] [ExperimentEagle.Processor] [func=process:line=73] using standard Andor 0 process function
2020-02-22 18:23:40,009 [INFO ] [MainThread] [ExperimentEagle.Processor] [func=read:line=38] processor reading file!
2020-02-22 18:23:47,868 [INFO ] [MainThread] [ExperimentEagle.Processor] [func=rescale:line=86] processor: rescale factor = 1.0 using region of shape: 20, 20
2020-02-22 18:23:47,885 [WARNI] [MainThread] [ExperimentEagle.Processor] [func=opticalDensity:line=58] Calculate OP picture..
2020-02-22 18:23:47,963 [INFO ] [MainThread] [ExperimentEagle.experimentEagle] [func=getImageData:line=170] shape of raw Image = (531,529)
2020-02-22 18:23:47,964 [WARNI] [MainThread] [ExperimentEagle.experimentEagle] [func=getImageData:line=173] number of pixels in image have changed. This causes problems for contour fit plot. Will destroy contour fit plot first
2020-02-22 18:23:47,967 [INFO ] [MainThread] [ExperimentEagle.experimentEagle] [func=_fixAspectRatioBool_changed:line=970] self.fixAspectRatioBool changed to False
2020-02-22 18:23:47,967 [INFO ] [MainThread] [ExperimentEagle.experimentEagle] [func=_fixAspectRatioBool_changed:line=970] self.fixAspectRatioBool changed to True
2020-02-22 18:23:47,970 [INFO ] [MainThread] [ExperimentEagle.experimentEagle] [func=getImageData:line=175] continuing after pixels changed = True event
2020-02-22 18:23:47,973 [INFO ] [MainThread] [ExperimentEagle.experimentEagle] [func=update:line=840] updating plot
2020-02-22 18:23:47,977 [INFO ] [MainThread] [ExperimentEagle.experimentEagle] [func=_selectedFile_changed:line=1018] succesfully completed getImageData. Will now break from repetition loop
2020-02-22 18:23:47,979 [INFO ] [MainThread] [ExperimentEagle.experimentEagle] [func=update:line=840] updating plot
2020-02-22 18:23:57,117 [CRITI] [MainThread] [ExperimentEagle.experimentEagle] [func=_box_selection_complete:line=286] Box selection complete
2020-02-22 18:24:02,325 [INFO ] [MainThread] [ExperimentEagle.fits] [func=_get_subSpaceArrays:line=349] xs array sliced length 62 
2020-02-22 18:24:02,334 [INFO ] [MainThread] [ExperimentEagle.fits] [func=_get_subSpaceArrays:line=350] ys array sliced length 31  
2020-02-22 18:24:02,335 [INFO ] [MainThread] [ExperimentEagle.fits] [func=_get_subSpaceArrays:line=352] zs sub space array 31,62 
2020-02-22 18:24:04,959 [INFO ] [Thread-3] [ExperimentEagle.fits] [func=run:line=144] starting fitting thread
2020-02-22 18:24:04,963 [INFO ] [Thread-3] [ExperimentEagle.fits] [func=_get_subSpaceArrays:line=349] xs array sliced length 62 
2020-02-22 18:24:04,964 [INFO ] [Thread-3] [ExperimentEagle.fits] [func=_get_subSpaceArrays:line=350] ys array sliced length 31  
2020-02-22 18:24:04,967 [INFO ] [Thread-3] [ExperimentEagle.fits] [func=_get_subSpaceArrays:line=352] zs sub space array 31,62 
2020-02-22 18:24:05,023 [INFO ] [Thread-3] [ExperimentEagle.fits] [func=_get_subSpaceArrays:line=349] xs array sliced length 62 
2020-02-22 18:24:05,025 [INFO ] [Thread-3] [ExperimentEagle.fits] [func=_get_subSpaceArrays:line=350] ys array sliced length 31  
2020-02-22 18:24:05,026 [INFO ] [Thread-3] [ExperimentEagle.fits] [func=_get_subSpaceArrays:line=352] zs sub space array 31,62 
2020-02-22 18:24:05,026 [INFO ] [Thread-3] [ExperimentEagle.fits] [func=_deriveCalculatedParameters:line=154] Derived values from fit
2020-02-22 18:24:05,029 [INFO ] [Thread-3] [ExperimentEagle.fits] [func=run:line=160] auto draw bool is true so using the rerefernce to imageInspector bool to call the function to draw the fit as contours
2020-02-22 18:24:05,058 [INFO ] [Thread-3] [ExperimentEagle.experimentEagle] [func=addFitPlot:line=825] first fit plot so initialising contour plot
2020-02-22 18:24:05,075 [INFO ] [Thread-3] [ExperimentEagle.experimentEagle] [func=addFitPlot:line=827] attempting to set fit data
2020-02-22 18:24:05,131 [INFO ] [Thread-3] [ExperimentEagle.fits] [func=run:line=165] saving last fit results to a separate text file
2020-02-22 18:24:06,322 [INFO ] [MainThread] [ExperimentEagle.fits] [func=_usePreviousFitValuesButton_fired:line=671] use previous fit values button fired. loading previous initial values
2020-02-22 18:24:11,790 [INFO ] [MainThread] [ExperimentEagle.experimentEagle] [func=_selectedFile_changed:line=1002] ######################## Selected File changed ########################
2020-02-22 18:24:11,799 [INFO ] [MainThread] [ExperimentEagle.experimentEagle] [func=_selectedFile_changed:line=1004] Update physics
2020-02-22 18:24:11,895 [WARNI] [MainThread] [ExperimentEagle.physicsProperties] [func=updatePhysics:line=129] Age of sequence file: 19.0367767811
2020-02-22 18:24:12,059 [INFO ] [MainThread] [ExperimentEagle.experimentEagle] [func=getImageData:line=166] processor = <processors.standardAndor2.StandardAndor2 object at 0x000000000B560D58>
2020-02-22 18:24:12,075 [INFO ] [MainThread] [ExperimentEagle.Processor] [func=process:line=73] using standard Andor 0 process function
2020-02-22 18:24:12,076 [INFO ] [MainThread] [ExperimentEagle.Processor] [func=read:line=38] processor reading file!
2020-02-22 18:24:19,944 [INFO ] [MainThread] [ExperimentEagle.Processor] [func=rescale:line=86] processor: rescale factor = 1.0 using region of shape: 20, 20
2020-02-22 18:24:19,971 [WARNI] [MainThread] [ExperimentEagle.Processor] [func=opticalDensity:line=58] Calculate OP picture..
2020-02-22 18:24:20,019 [INFO ] [MainThread] [ExperimentEagle.experimentEagle] [func=getImageData:line=170] shape of raw Image = (531,529)
2020-02-22 18:24:20,043 [INFO ] [MainThread] [ExperimentEagle.experimentEagle] [func=update:line=840] updating plot
2020-02-22 18:24:20,049 [INFO ] [MainThread] [ExperimentEagle.experimentEagle] [func=_selectedFile_changed:line=1018] succesfully completed getImageData. Will now break from repetition loop
2020-02-22 18:24:20,052 [INFO ] [Thread-4] [ExperimentEagle.fits] [func=run:line=144] starting fitting thread
2020-02-22 18:24:20,052 [INFO ] [MainThread] [ExperimentEagle.experimentEagle] [func=update:line=840] updating plot
2020-02-22 18:24:20,052 [INFO ] [Thread-4] [ExperimentEagle.fits] [func=_get_subSpaceArrays:line=349] xs array sliced length 62 
2020-02-22 18:24:20,055 [INFO ] [Thread-4] [ExperimentEagle.fits] [func=_get_subSpaceArrays:line=350] ys array sliced length 31  
2020-02-22 18:24:20,055 [INFO ] [Thread-4] [ExperimentEagle.fits] [func=_get_subSpaceArrays:line=352] zs sub space array 31,62 
2020-02-22 18:24:20,104 [INFO ] [Thread-4] [ExperimentEagle.fits] [func=_get_subSpaceArrays:line=349] xs array sliced length 62 
2020-02-22 18:24:20,107 [INFO ] [Thread-4] [ExperimentEagle.fits] [func=_get_subSpaceArrays:line=350] ys array sliced length 31  
2020-02-22 18:24:20,108 [INFO ] [Thread-4] [ExperimentEagle.fits] [func=_get_subSpaceArrays:line=352] zs sub space array 31,62 
2020-02-22 18:24:20,109 [INFO ] [Thread-4] [ExperimentEagle.fits] [func=_deriveCalculatedParameters:line=154] Derived values from fit
2020-02-22 18:24:20,111 [INFO ] [Thread-4] [ExperimentEagle.fits] [func=run:line=160] auto draw bool is true so using the rerefernce to imageInspector bool to call the function to draw the fit as contours
2020-02-22 18:24:20,144 [INFO ] [Thread-4] [ExperimentEagle.experimentEagle] [func=addFitPlot:line=827] attempting to set fit data
2020-02-22 18:24:20,184 [INFO ] [Thread-4] [ExperimentEagle.fits] [func=run:line=165] saving last fit results to a separate text file
2020-02-22 18:24:33,831 [INFO ] [MainThread] [ExperimentEagle.experimentEagle] [func=_selectedFile_changed:line=1002] ######################## Selected File changed ########################
2020-02-22 18:24:33,842 [INFO ] [MainThread] [ExperimentEagle.experimentEagle] [func=_selectedFile_changed:line=1004] Update physics
2020-02-22 18:24:33,944 [WARNI] [MainThread] [ExperimentEagle.physicsProperties] [func=updatePhysics:line=129] Age of sequence file: 19.250467062
2020-02-22 18:24:34,107 [INFO ] [MainThread] [ExperimentEagle.experimentEagle] [func=getImageData:line=166] processor = <processors.standardAndor2.StandardAndor2 object at 0x000000000B560D58>
2020-02-22 18:24:34,122 [INFO ] [MainThread] [ExperimentEagle.Processor] [func=process:line=73] using standard Andor 0 process function
2020-02-22 18:24:34,124 [INFO ] [MainThread] [ExperimentEagle.Processor] [func=read:line=38] processor reading file!
2020-02-22 18:24:41,933 [INFO ] [MainThread] [ExperimentEagle.Processor] [func=rescale:line=86] processor: rescale factor = 1.0 using region of shape: 20, 20
2020-02-22 18:24:41,953 [WARNI] [MainThread] [ExperimentEagle.Processor] [func=opticalDensity:line=58] Calculate OP picture..
2020-02-22 18:24:42,003 [INFO ] [MainThread] [ExperimentEagle.experimentEagle] [func=getImageData:line=170] shape of raw Image = (531,529)
2020-02-22 18:24:42,026 [INFO ] [MainThread] [ExperimentEagle.experimentEagle] [func=update:line=840] updating plot
2020-02-22 18:24:42,032 [INFO ] [MainThread] [ExperimentEagle.experimentEagle] [func=_selectedFile_changed:line=1018] succesfully completed getImageData. Will now break from repetition loop
2020-02-22 18:24:42,036 [INFO ] [Thread-5] [ExperimentEagle.fits] [func=run:line=144] starting fitting thread
2020-02-22 18:24:42,036 [INFO ] [MainThread] [ExperimentEagle.experimentEagle] [func=update:line=840] updating plot
2020-02-22 18:24:42,036 [INFO ] [Thread-5] [ExperimentEagle.fits] [func=_get_subSpaceArrays:line=349] xs array sliced length 62 
2020-02-22 18:24:42,038 [INFO ] [Thread-5] [ExperimentEagle.fits] [func=_get_subSpaceArrays:line=350] ys array sliced length 31  
2020-02-22 18:24:42,039 [INFO ] [Thread-5] [ExperimentEagle.fits] [func=_get_subSpaceArrays:line=352] zs sub space array 31,62 
2020-02-22 18:24:42,095 [INFO ] [Thread-5] [ExperimentEagle.fits] [func=_get_subSpaceArrays:line=349] xs array sliced length 62 
2020-02-22 18:24:42,098 [INFO ] [Thread-5] [ExperimentEagle.fits] [func=_get_subSpaceArrays:line=350] ys array sliced length 31  
2020-02-22 18:24:42,098 [INFO ] [Thread-5] [ExperimentEagle.fits] [func=_get_subSpaceArrays:line=352] zs sub space array 31,62 
2020-02-22 18:24:42,102 [INFO ] [Thread-5] [ExperimentEagle.fits] [func=_deriveCalculatedParameters:line=154] Derived values from fit
2020-02-22 18:24:42,105 [INFO ] [Thread-5] [ExperimentEagle.fits] [func=run:line=160] auto draw bool is true so using the rerefernce to imageInspector bool to call the function to draw the fit as contours
2020-02-22 18:24:42,105 [INFO ] [Thread-5] [ExperimentEagle.experimentEagle] [func=addFitPlot:line=827] attempting to set fit data
2020-02-22 18:24:42,151 [INFO ] [Thread-5] [ExperimentEagle.fits] [func=run:line=165] saving last fit results to a separate text file
2020-02-22 18:25:07,782 [INFO ] [MainThread] [ExperimentEagle.experimentEagle] [func=_selectedFile_changed:line=1002] ######################## Selected File changed ########################
2020-02-22 18:25:07,792 [INFO ] [MainThread] [ExperimentEagle.experimentEagle] [func=_selectedFile_changed:line=1004] Update physics
2020-02-22 18:25:07,891 [WARNI] [MainThread] [ExperimentEagle.physicsProperties] [func=updatePhysics:line=129] Age of sequence file: 18.3657674789
2020-02-22 18:25:08,055 [INFO ] [MainThread] [ExperimentEagle.experimentEagle] [func=getImageData:line=166] processor = <processors.standardAndor2.StandardAndor2 object at 0x000000000B560D58>
2020-02-22 18:25:08,066 [INFO ] [MainThread] [ExperimentEagle.Processor] [func=process:line=73] using standard Andor 0 process function
2020-02-22 18:25:08,068 [INFO ] [MainThread] [ExperimentEagle.Processor] [func=read:line=38] processor reading file!
2020-02-22 18:25:15,854 [INFO ] [MainThread] [ExperimentEagle.Processor] [func=rescale:line=86] processor: rescale factor = 1.0 using region of shape: 20, 20
2020-02-22 18:25:15,881 [WARNI] [MainThread] [ExperimentEagle.Processor] [func=opticalDensity:line=58] Calculate OP picture..
2020-02-22 18:25:15,928 [INFO ] [MainThread] [ExperimentEagle.experimentEagle] [func=getImageData:line=170] shape of raw Image = (531,529)
2020-02-22 18:25:15,931 [INFO ] [MainThread] [ExperimentEagle.experimentEagle] [func=update:line=840] updating plot
2020-02-22 18:25:15,937 [INFO ] [MainThread] [ExperimentEagle.experimentEagle] [func=_selectedFile_changed:line=1018] succesfully completed getImageData. Will now break from repetition loop
2020-02-22 18:25:15,940 [INFO ] [Thread-6] [ExperimentEagle.fits] [func=run:line=144] starting fitting thread
2020-02-22 18:25:15,940 [INFO ] [MainThread] [ExperimentEagle.experimentEagle] [func=update:line=840] updating plot
2020-02-22 18:25:15,973 [INFO ] [Thread-6] [ExperimentEagle.fits] [func=_get_subSpaceArrays:line=349] xs array sliced length 62 
2020-02-22 18:25:15,974 [INFO ] [Thread-6] [ExperimentEagle.fits] [func=_get_subSpaceArrays:line=350] ys array sliced length 31  
2020-02-22 18:25:16,013 [INFO ] [Thread-6] [ExperimentEagle.fits] [func=_get_subSpaceArrays:line=352] zs sub space array 31,62 
2020-02-22 18:25:16,138 [INFO ] [Thread-6] [ExperimentEagle.fits] [func=_get_subSpaceArrays:line=349] xs array sliced length 62 
2020-02-22 18:25:16,144 [INFO ] [Thread-6] [ExperimentEagle.fits] [func=_get_subSpaceArrays:line=350] ys array sliced length 31  
2020-02-22 18:25:16,148 [INFO ] [Thread-6] [ExperimentEagle.fits] [func=_get_subSpaceArrays:line=352] zs sub space array 31,62 
2020-02-22 18:25:16,151 [INFO ] [Thread-6] [ExperimentEagle.fits] [func=_deriveCalculatedParameters:line=154] Derived values from fit
2020-02-22 18:25:16,155 [INFO ] [Thread-6] [ExperimentEagle.fits] [func=run:line=160] auto draw bool is true so using the rerefernce to imageInspector bool to call the function to draw the fit as contours
2020-02-22 18:25:16,188 [INFO ] [Thread-6] [ExperimentEagle.experimentEagle] [func=addFitPlot:line=827] attempting to set fit data
2020-02-22 18:25:16,236 [INFO ] [Thread-6] [ExperimentEagle.fits] [func=run:line=165] saving last fit results to a separate text file
2020-02-22 18:25:24,299 [WARNI] [MainThread] [ExperimentEagle.OptionsDictionaryEditor] [func=createOption:line=43] unrecognised option type (<type 'unicode'>) in processor. Using traits.Any Editor and value
2020-02-22 18:25:29,434 [INFO ] [MainThread] [ExperimentEagle.OptionsDictionaryEditor] [func=editOptionsDialog:line=76] returning optionsDict
2020-02-22 18:25:29,448 [INFO ] [MainThread] [ExperimentEagle.Processor] [func=editOptions:line=105] updating options dictionary with values OrderedDict([('process?', True), ('darkSubtraction?', True), ('rawImageWithDarkSubtraction?', False), ('rescale?', True), ('rescaleInitialX', 450), ('rescaleInitialY', 250), ('rescaleWidth', 20), ('rescaleHeight', 120), ('drawRescaleRegion?', True), ('rotationAngle', 87.8), ('Skip initial rows', 1), ('Skip final rows', 3), ('correct OD with alpha function?', False), ('Rescale with circular mask?', False), ('Atom mask PosX', 295), ('Atom mask PosY', 295), ('Atom mask Radius', 160), ('Balance light Radius', 200), ('Use boosted light image?', False), ('Light boost factor', 1.0), ('Binning?', True), ('Bin size', 4), ('Dark picture', u'G:/Experiment Humphry/Experiment Control And Software/experimentEagle/calibration/darkPictures/Andor2/2020 02 22 - dark Andor2 - interval 0_017 temperature -80_0 16 c 5_1 3_3 n 100.npy'), ('High intensity correction for low OD?', False), ('alpha', 1.25), ('C0Sat', 231), ('Imaging pulse duration', 6e-06)])
2020-02-22 18:25:29,793 [INFO ] [MainThread] [ExperimentEagle.experimentEagle] [func=_selectedFile_changed:line=1002] ######################## Selected File changed ########################
2020-02-22 18:25:29,802 [INFO ] [MainThread] [ExperimentEagle.experimentEagle] [func=_selectedFile_changed:line=1004] Update physics
2020-02-22 18:25:29,907 [WARNI] [MainThread] [ExperimentEagle.physicsProperties] [func=updatePhysics:line=129] Age of sequence file: 18.5874552727
2020-02-22 18:25:30,071 [INFO ] [MainThread] [ExperimentEagle.experimentEagle] [func=getImageData:line=166] processor = <processors.standardAndor2.StandardAndor2 object at 0x000000000B560D58>
2020-02-22 18:25:30,084 [INFO ] [MainThread] [ExperimentEagle.Processor] [func=process:line=73] using standard Andor 0 process function
2020-02-22 18:25:30,085 [INFO ] [MainThread] [ExperimentEagle.Processor] [func=read:line=38] processor reading file!
2020-02-22 18:25:31,433 [INFO ] [MainThread] [ExperimentEagle.Processor] [func=rescale:line=86] processor: rescale factor = nan using region of shape: 5, 0
2020-02-22 18:25:31,470 [WARNI] [MainThread] [ExperimentEagle.Processor] [func=opticalDensity:line=55] negative values found in atom / light array which won't work when log is taken. clipping to 1
2020-02-22 18:25:31,471 [WARNI] [MainThread] [ExperimentEagle.Processor] [func=opticalDensity:line=58] Calculate OP picture..
2020-02-22 18:25:31,520 [INFO ] [MainThread] [ExperimentEagle.experimentEagle] [func=getImageData:line=170] shape of raw Image = (266,265)
2020-02-22 18:25:31,533 [WARNI] [MainThread] [ExperimentEagle.experimentEagle] [func=getImageData:line=173] number of pixels in image have changed. This causes problems for contour fit plot. Will destroy contour fit plot first
2020-02-22 18:25:31,535 [WARNI] [MainThread] [ExperimentEagle.experimentEagle] [func=_pixels_changed:line=263] number of pixels in image changed with a contour plot being drawn. To prevent a crash I need to remove contour plot
2020-02-22 18:25:31,536 [INFO ] [MainThread] [ExperimentEagle.experimentEagle] [func=_fixAspectRatioBool_changed:line=970] self.fixAspectRatioBool changed to False
2020-02-22 18:25:31,538 [INFO ] [MainThread] [ExperimentEagle.experimentEagle] [func=_fixAspectRatioBool_changed:line=970] self.fixAspectRatioBool changed to True
2020-02-22 18:25:31,571 [INFO ] [MainThread] [ExperimentEagle.experimentEagle] [func=getImageData:line=175] continuing after pixels changed = True event
2020-02-22 18:25:31,572 [INFO ] [MainThread] [ExperimentEagle.experimentEagle] [func=update:line=840] updating plot
2020-02-22 18:25:31,602 [INFO ] [MainThread] [ExperimentEagle.experimentEagle] [func=_selectedFile_changed:line=1018] succesfully completed getImageData. Will now break from repetition loop
2020-02-22 18:25:31,605 [INFO ] [Thread-7] [ExperimentEagle.fits] [func=run:line=144] starting fitting thread
2020-02-22 18:25:31,605 [INFO ] [MainThread] [ExperimentEagle.experimentEagle] [func=update:line=840] updating plot
2020-02-22 18:25:31,607 [INFO ] [Thread-7] [ExperimentEagle.fits] [func=_get_subSpaceArrays:line=349] xs array sliced length 62 
2020-02-22 18:25:31,637 [INFO ] [Thread-7] [ExperimentEagle.fits] [func=_get_subSpaceArrays:line=350] ys array sliced length 0  
2020-02-22 18:25:31,638 [INFO ] [Thread-7] [ExperimentEagle.fits] [func=_get_subSpaceArrays:line=352] zs sub space array 0,62 
2020-02-22 18:25:31,671 [ERROR] [Thread-7] [ExperimentEagle.fits] [func=run:line=186] failed to finish fit - <type 'exceptions.TypeError'> - ('Improper input: N=6 must not exceed M=0',) - Improper input: N=6 must not exceed M=0....
2020-02-22 18:25:40,805 [INFO ] [MainThread] [ExperimentEagle.experimentEagle] [func=_forceRefreshButton_fired:line=202] force refresh button fired
2020-02-22 18:25:40,885 [INFO ] [MainThread] [ExperimentEagle.experimentEagle] [func=getImageData:line=166] processor = <processors.standardAndor2.StandardAndor2 object at 0x000000000B560D58>
2020-02-22 18:25:40,887 [INFO ] [MainThread] [ExperimentEagle.Processor] [func=process:line=73] using standard Andor 0 process function
2020-02-22 18:25:40,888 [INFO ] [MainThread] [ExperimentEagle.Processor] [func=read:line=38] processor reading file!
2020-02-22 18:25:42,209 [INFO ] [MainThread] [ExperimentEagle.Processor] [func=rescale:line=86] processor: rescale factor = nan using region of shape: 5, 0
2020-02-22 18:25:42,224 [WARNI] [MainThread] [ExperimentEagle.Processor] [func=opticalDensity:line=55] negative values found in atom / light array which won't work when log is taken. clipping to 1
2020-02-22 18:25:42,226 [WARNI] [MainThread] [ExperimentEagle.Processor] [func=opticalDensity:line=58] Calculate OP picture..
2020-02-22 18:25:42,242 [INFO ] [MainThread] [ExperimentEagle.experimentEagle] [func=getImageData:line=170] shape of raw Image = (266,265)
2020-02-22 18:25:42,267 [INFO ] [MainThread] [ExperimentEagle.experimentEagle] [func=update:line=840] updating plot
2020-02-22 18:25:42,278 [INFO ] [MainThread] [ExperimentEagle.experimentEagle] [func=_forceRefreshButton_fired:line=202] force refresh button fired
2020-02-22 18:25:42,358 [INFO ] [MainThread] [ExperimentEagle.experimentEagle] [func=getImageData:line=166] processor = <processors.standardAndor2.StandardAndor2 object at 0x000000000B560D58>
2020-02-22 18:25:42,375 [INFO ] [MainThread] [ExperimentEagle.Processor] [func=process:line=73] using standard Andor 0 process function
2020-02-22 18:25:42,378 [INFO ] [MainThread] [ExperimentEagle.Processor] [func=read:line=38] processor reading file!
2020-02-22 18:25:43,709 [INFO ] [MainThread] [ExperimentEagle.Processor] [func=rescale:line=86] processor: rescale factor = nan using region of shape: 5, 0
2020-02-22 18:25:43,720 [WARNI] [MainThread] [ExperimentEagle.Processor] [func=opticalDensity:line=55] negative values found in atom / light array which won't work when log is taken. clipping to 1
2020-02-22 18:25:43,721 [WARNI] [MainThread] [ExperimentEagle.Processor] [func=opticalDensity:line=58] Calculate OP picture..
2020-02-22 18:25:43,739 [INFO ] [MainThread] [ExperimentEagle.experimentEagle] [func=getImageData:line=170] shape of raw Image = (266,265)
2020-02-22 18:25:43,756 [INFO ] [MainThread] [ExperimentEagle.experimentEagle] [func=update:line=840] updating plot
2020-02-22 18:25:46,451 [CRITI] [MainThread] [ExperimentEagle.experimentEagle] [func=_box_selection_complete:line=286] Box selection complete
2020-02-22 18:26:05,786 [INFO ] [MainThread] [ExperimentEagle.experimentEagle] [func=_selectedFile_changed:line=1002] ######################## Selected File changed ########################
2020-02-22 18:26:05,795 [INFO ] [MainThread] [ExperimentEagle.experimentEagle] [func=_selectedFile_changed:line=1004] Update physics
2020-02-22 18:26:05,904 [WARNI] [MainThread] [ExperimentEagle.physicsProperties] [func=updatePhysics:line=129] Age of sequence file: 18.5991117954
2020-02-22 18:26:06,072 [INFO ] [MainThread] [ExperimentEagle.experimentEagle] [func=getImageData:line=166] processor = <processors.standardAndor2.StandardAndor2 object at 0x000000000B560D58>
2020-02-22 18:26:06,075 [INFO ] [MainThread] [ExperimentEagle.Processor] [func=process:line=73] using standard Andor 0 process function
2020-02-22 18:26:06,075 [INFO ] [MainThread] [ExperimentEagle.Processor] [func=read:line=38] processor reading file!
2020-02-22 18:26:07,421 [INFO ] [MainThread] [ExperimentEagle.Processor] [func=rescale:line=86] processor: rescale factor = nan using region of shape: 5, 0
2020-02-22 18:26:07,434 [WARNI] [MainThread] [ExperimentEagle.Processor] [func=opticalDensity:line=55] negative values found in atom / light array which won't work when log is taken. clipping to 1
2020-02-22 18:26:07,436 [WARNI] [MainThread] [ExperimentEagle.Processor] [func=opticalDensity:line=58] Calculate OP picture..
2020-02-22 18:26:07,453 [INFO ] [MainThread] [ExperimentEagle.experimentEagle] [func=getImageData:line=170] shape of raw Image = (266,265)
2020-02-22 18:26:07,471 [INFO ] [MainThread] [ExperimentEagle.experimentEagle] [func=update:line=840] updating plot
2020-02-22 18:26:07,530 [INFO ] [MainThread] [ExperimentEagle.experimentEagle] [func=_selectedFile_changed:line=1018] succesfully completed getImageData. Will now break from repetition loop
2020-02-22 18:26:07,532 [INFO ] [Thread-8] [ExperimentEagle.fits] [func=run:line=144] starting fitting thread
2020-02-22 18:26:07,533 [INFO ] [MainThread] [ExperimentEagle.experimentEagle] [func=update:line=840] updating plot
2020-02-22 18:26:07,535 [INFO ] [Thread-8] [ExperimentEagle.fits] [func=_get_subSpaceArrays:line=349] xs array sliced length 57 
2020-02-22 18:26:07,536 [INFO ] [Thread-8] [ExperimentEagle.fits] [func=_get_subSpaceArrays:line=350] ys array sliced length 45  
2020-02-22 18:26:07,536 [INFO ] [Thread-8] [ExperimentEagle.fits] [func=_get_subSpaceArrays:line=352] zs sub space array 45,57 
2020-02-22 18:26:12,338 [INFO ] [Thread-8] [ExperimentEagle.fits] [func=_get_subSpaceArrays:line=349] xs array sliced length 57 
2020-02-22 18:26:12,339 [INFO ] [Thread-8] [ExperimentEagle.fits] [func=_get_subSpaceArrays:line=350] ys array sliced length 45  
2020-02-22 18:26:12,341 [INFO ] [Thread-8] [ExperimentEagle.fits] [func=_get_subSpaceArrays:line=352] zs sub space array 45,57 
2020-02-22 18:26:12,342 [INFO ] [Thread-8] [ExperimentEagle.fits] [func=_deriveCalculatedParameters:line=154] Derived values from fit
2020-02-22 18:26:12,342 [INFO ] [Thread-8] [ExperimentEagle.fits] [func=run:line=160] auto draw bool is true so using the rerefernce to imageInspector bool to call the function to draw the fit as contours
2020-02-22 18:26:12,344 [INFO ] [Thread-8] [ExperimentEagle.experimentEagle] [func=addFitPlot:line=825] first fit plot so initialising contour plot
2020-02-22 18:26:12,348 [INFO ] [Thread-8] [ExperimentEagle.experimentEagle] [func=addFitPlot:line=827] attempting to set fit data
2020-02-22 18:26:12,355 [INFO ] [Thread-8] [ExperimentEagle.fits] [func=run:line=165] saving last fit results to a separate text file
2020-02-22 18:26:27,786 [INFO ] [MainThread] [ExperimentEagle.experimentEagle] [func=_selectedFile_changed:line=1002] ######################## Selected File changed ########################
2020-02-22 18:26:27,796 [INFO ] [MainThread] [ExperimentEagle.experimentEagle] [func=_selectedFile_changed:line=1004] Update physics
2020-02-22 18:26:27,911 [WARNI] [MainThread] [ExperimentEagle.physicsProperties] [func=updatePhysics:line=129] Age of sequence file: 18.8339734077
2020-02-22 18:26:28,066 [INFO ] [MainThread] [ExperimentEagle.experimentEagle] [func=getImageData:line=166] processor = <processors.standardAndor2.StandardAndor2 object at 0x000000000B560D58>
2020-02-22 18:26:28,076 [INFO ] [MainThread] [ExperimentEagle.Processor] [func=process:line=73] using standard Andor 0 process function
2020-02-22 18:26:28,078 [INFO ] [MainThread] [ExperimentEagle.Processor] [func=read:line=38] processor reading file!
2020-02-22 18:26:29,423 [INFO ] [MainThread] [ExperimentEagle.Processor] [func=rescale:line=86] processor: rescale factor = nan using region of shape: 5, 0
2020-02-22 18:26:29,430 [WARNI] [MainThread] [ExperimentEagle.Processor] [func=opticalDensity:line=55] negative values found in atom / light array which won't work when log is taken. clipping to 1
2020-02-22 18:26:29,433 [WARNI] [MainThread] [ExperimentEagle.Processor] [func=opticalDensity:line=58] Calculate OP picture..
2020-02-22 18:26:29,450 [INFO ] [MainThread] [ExperimentEagle.experimentEagle] [func=getImageData:line=170] shape of raw Image = (266,265)
2020-02-22 18:26:29,470 [INFO ] [MainThread] [ExperimentEagle.experimentEagle] [func=update:line=840] updating plot
2020-02-22 18:26:29,473 [INFO ] [MainThread] [ExperimentEagle.experimentEagle] [func=_selectedFile_changed:line=1018] succesfully completed getImageData. Will now break from repetition loop
2020-02-22 18:26:29,506 [INFO ] [Thread-9] [ExperimentEagle.fits] [func=run:line=144] starting fitting thread
2020-02-22 18:26:29,506 [INFO ] [MainThread] [ExperimentEagle.experimentEagle] [func=update:line=840] updating plot
2020-02-22 18:26:29,506 [INFO ] [Thread-9] [ExperimentEagle.fits] [func=_get_subSpaceArrays:line=349] xs array sliced length 57 
2020-02-22 18:26:29,507 [INFO ] [Thread-9] [ExperimentEagle.fits] [func=_get_subSpaceArrays:line=350] ys array sliced length 45  
2020-02-22 18:26:29,509 [INFO ] [Thread-9] [ExperimentEagle.fits] [func=_get_subSpaceArrays:line=352] zs sub space array 45,57 
2020-02-22 18:26:37,091 [WARNI] [MainThread] [ExperimentEagle.OptionsDictionaryEditor] [func=createOption:line=43] unrecognised option type (<type 'unicode'>) in processor. Using traits.Any Editor and value
2020-02-22 18:26:37,796 [INFO ] [Thread-9] [ExperimentEagle.fits] [func=_get_subSpaceArrays:line=349] xs array sliced length 57 
2020-02-22 18:26:37,801 [INFO ] [Thread-9] [ExperimentEagle.fits] [func=_get_subSpaceArrays:line=350] ys array sliced length 45  
2020-02-22 18:26:37,802 [INFO ] [Thread-9] [ExperimentEagle.fits] [func=_get_subSpaceArrays:line=352] zs sub space array 45,57 
2020-02-22 18:26:37,806 [INFO ] [Thread-9] [ExperimentEagle.fits] [func=_deriveCalculatedParameters:line=154] Derived values from fit
2020-02-22 18:26:37,809 [INFO ] [Thread-9] [ExperimentEagle.fits] [func=run:line=160] auto draw bool is true so using the rerefernce to imageInspector bool to call the function to draw the fit as contours
2020-02-22 18:26:37,809 [INFO ] [Thread-9] [ExperimentEagle.experimentEagle] [func=addFitPlot:line=827] attempting to set fit data
2020-02-22 18:26:37,816 [INFO ] [Thread-9] [ExperimentEagle.fits] [func=run:line=165] saving last fit results to a separate text file
2020-02-22 18:26:40,950 [INFO ] [MainThread] [ExperimentEagle.OptionsDictionaryEditor] [func=editOptionsDialog:line=76] returning optionsDict
2020-02-22 18:26:40,963 [INFO ] [MainThread] [ExperimentEagle.Processor] [func=editOptions:line=105] updating options dictionary with values OrderedDict([('process?', True), ('darkSubtraction?', True), ('rawImageWithDarkSubtraction?', False), ('rescale?', True), ('rescaleInitialX', 450), ('rescaleInitialY', 250), ('rescaleWidth', 20), ('rescaleHeight', 120), ('drawRescaleRegion?', True), ('rotationAngle', 87.8), ('Skip initial rows', 1), ('Skip final rows', 3), ('correct OD with alpha function?', False), ('Rescale with circular mask?', False), ('Atom mask PosX', 295), ('Atom mask PosY', 295), ('Atom mask Radius', 160), ('Balance light Radius', 200), ('Use boosted light image?', False), ('Light boost factor', 1.0), ('Binning?', False), ('Bin size', 4), ('Dark picture', u'G:/Experiment Humphry/Experiment Control And Software/experimentEagle/calibration/darkPictures/Andor2/2020 02 22 - dark Andor2 - interval 0_017 temperature -80_0 16 c 5_1 3_3 n 100.npy'), ('High intensity correction for low OD?', False), ('alpha', 1.25), ('C0Sat', 231), ('Imaging pulse duration', 6e-06)])
2020-02-22 18:26:46,619 [INFO ] [MainThread] [ExperimentEagle.experimentEagle] [func=_forceRefreshButton_fired:line=202] force refresh button fired
2020-02-22 18:26:46,706 [INFO ] [MainThread] [ExperimentEagle.experimentEagle] [func=getImageData:line=166] processor = <processors.standardAndor2.StandardAndor2 object at 0x000000000B560D58>
2020-02-22 18:26:46,707 [INFO ] [MainThread] [ExperimentEagle.Processor] [func=process:line=73] using standard Andor 0 process function
2020-02-22 18:26:46,711 [INFO ] [MainThread] [ExperimentEagle.Processor] [func=read:line=38] processor reading file!
2020-02-22 18:26:46,802 [INFO ] [MainThread] [ExperimentEagle.Processor] [func=rescale:line=86] processor: rescale factor = 1.0301497347064352 using region of shape: 20, 20
2020-02-22 18:26:46,848 [WARNI] [MainThread] [ExperimentEagle.Processor] [func=opticalDensity:line=58] Calculate OP picture..
2020-02-22 18:26:47,046 [INFO ] [MainThread] [ExperimentEagle.experimentEagle] [func=getImageData:line=170] shape of raw Image = (1062,1059)
2020-02-22 18:26:47,055 [WARNI] [MainThread] [ExperimentEagle.experimentEagle] [func=getImageData:line=173] number of pixels in image have changed. This causes problems for contour fit plot. Will destroy contour fit plot first
2020-02-22 18:26:47,056 [WARNI] [MainThread] [ExperimentEagle.experimentEagle] [func=_pixels_changed:line=263] number of pixels in image changed with a contour plot being drawn. To prevent a crash I need to remove contour plot
2020-02-22 18:26:47,061 [INFO ] [MainThread] [ExperimentEagle.experimentEagle] [func=_fixAspectRatioBool_changed:line=970] self.fixAspectRatioBool changed to False
2020-02-22 18:26:47,062 [INFO ] [MainThread] [ExperimentEagle.experimentEagle] [func=_fixAspectRatioBool_changed:line=970] self.fixAspectRatioBool changed to True
2020-02-22 18:26:47,065 [INFO ] [MainThread] [ExperimentEagle.experimentEagle] [func=getImageData:line=175] continuing after pixels changed = True event
2020-02-22 18:26:47,072 [INFO ] [MainThread] [ExperimentEagle.experimentEagle] [func=update:line=840] updating plot
2020-02-22 18:26:47,105 [INFO ] [MainThread] [ExperimentEagle.experimentEagle] [func=_forceRefreshButton_fired:line=202] force refresh button fired
2020-02-22 18:26:47,164 [INFO ] [MainThread] [ExperimentEagle.experimentEagle] [func=getImageData:line=166] processor = <processors.standardAndor2.StandardAndor2 object at 0x000000000B560D58>
2020-02-22 18:26:47,167 [INFO ] [MainThread] [ExperimentEagle.Processor] [func=process:line=73] using standard Andor 0 process function
2020-02-22 18:26:47,167 [INFO ] [MainThread] [ExperimentEagle.Processor] [func=read:line=38] processor reading file!
2020-02-22 18:26:47,252 [INFO ] [MainThread] [ExperimentEagle.Processor] [func=rescale:line=86] processor: rescale factor = 1.0301497347064352 using region of shape: 20, 20
2020-02-22 18:26:47,309 [WARNI] [MainThread] [ExperimentEagle.Processor] [func=opticalDensity:line=58] Calculate OP picture..
2020-02-22 18:26:47,496 [INFO ] [MainThread] [ExperimentEagle.experimentEagle] [func=getImageData:line=170] shape of raw Image = (1062,1059)
2020-02-22 18:26:47,516 [INFO ] [MainThread] [ExperimentEagle.experimentEagle] [func=update:line=840] updating plot
2020-02-22 18:26:53,107 [WARNI] [MainThread] [ExperimentEagle.OptionsDictionaryEditor] [func=createOption:line=43] unrecognised option type (<type 'unicode'>) in processor. Using traits.Any Editor and value
2020-02-22 18:26:59,907 [INFO ] [MainThread] [ExperimentEagle.OptionsDictionaryEditor] [func=editOptionsDialog:line=76] returning optionsDict
2020-02-22 18:26:59,917 [INFO ] [MainThread] [ExperimentEagle.Processor] [func=editOptions:line=105] updating options dictionary with values OrderedDict([('process?', True), ('darkSubtraction?', True), ('rawImageWithDarkSubtraction?', False), ('rescale?', True), ('rescaleInitialX', 450), ('rescaleInitialY', 250), ('rescaleWidth', 20), ('rescaleHeight', 120), ('drawRescaleRegion?', True), ('rotationAngle', 87.8), ('Skip initial rows', 1), ('Skip final rows', 3), ('correct OD with alpha function?', False), ('Rescale with circular mask?', False), ('Atom mask PosX', 295), ('Atom mask PosY', 295), ('Atom mask Radius', 160), ('Balance light Radius', 200), ('Use boosted light image?', False), ('Light boost factor', 1.0), ('Binning?', True), ('Bin size', 4), ('Dark picture', u'G:/Experiment Humphry/Experiment Control And Software/experimentEagle/calibration/darkPictures/Andor2/2020 02 22 - dark Andor2 - interval 0_017 temperature -80_0 16 c 5_1 3_3 n 100.npy'), ('High intensity correction for low OD?', False), ('alpha', 1.25), ('C0Sat', 231), ('Imaging pulse duration', 6e-06)])
2020-02-22 18:27:01,785 [INFO ] [MainThread] [ExperimentEagle.experimentEagle] [func=_selectedFile_changed:line=1002] ######################## Selected File changed ########################
2020-02-22 18:27:01,793 [INFO ] [MainThread] [ExperimentEagle.experimentEagle] [func=_selectedFile_changed:line=1004] Update physics
2020-02-22 18:27:01,910 [WARNI] [MainThread] [ExperimentEagle.physicsProperties] [func=updatePhysics:line=129] Age of sequence file: 18.940454483
2020-02-22 18:27:02,065 [INFO ] [MainThread] [ExperimentEagle.experimentEagle] [func=getImageData:line=166] processor = <processors.standardAndor2.StandardAndor2 object at 0x000000000B560D58>
2020-02-22 18:27:02,073 [INFO ] [MainThread] [ExperimentEagle.Processor] [func=process:line=73] using standard Andor 0 process function
2020-02-22 18:27:02,075 [INFO ] [MainThread] [ExperimentEagle.Processor] [func=read:line=38] processor reading file!
2020-02-22 18:27:03,401 [INFO ] [MainThread] [ExperimentEagle.Processor] [func=rescale:line=86] processor: rescale factor = nan using region of shape: 5, 0
2020-02-22 18:27:03,424 [WARNI] [MainThread] [ExperimentEagle.Processor] [func=opticalDensity:line=55] negative values found in atom / light array which won't work when log is taken. clipping to 1
2020-02-22 18:27:03,426 [WARNI] [MainThread] [ExperimentEagle.Processor] [func=opticalDensity:line=58] Calculate OP picture..
2020-02-22 18:27:03,441 [INFO ] [MainThread] [ExperimentEagle.experimentEagle] [func=getImageData:line=170] shape of raw Image = (266,265)
2020-02-22 18:27:03,470 [WARNI] [MainThread] [ExperimentEagle.experimentEagle] [func=getImageData:line=173] number of pixels in image have changed. This causes problems for contour fit plot. Will destroy contour fit plot first
2020-02-22 18:27:03,470 [INFO ] [MainThread] [ExperimentEagle.experimentEagle] [func=_fixAspectRatioBool_changed:line=970] self.fixAspectRatioBool changed to False
2020-02-22 18:27:03,473 [INFO ] [MainThread] [ExperimentEagle.experimentEagle] [func=_fixAspectRatioBool_changed:line=970] self.fixAspectRatioBool changed to True
2020-02-22 18:27:03,476 [INFO ] [MainThread] [ExperimentEagle.experimentEagle] [func=getImageData:line=175] continuing after pixels changed = True event
2020-02-22 18:27:03,476 [INFO ] [MainThread] [ExperimentEagle.experimentEagle] [func=update:line=840] updating plot
2020-02-22 18:27:03,480 [INFO ] [MainThread] [ExperimentEagle.experimentEagle] [func=_selectedFile_changed:line=1018] succesfully completed getImageData. Will now break from repetition loop
2020-02-22 18:27:03,483 [INFO ] [Thread-10] [ExperimentEagle.fits] [func=run:line=144] starting fitting thread
2020-02-22 18:27:03,483 [INFO ] [MainThread] [ExperimentEagle.experimentEagle] [func=update:line=840] updating plot
2020-02-22 18:27:03,512 [INFO ] [Thread-10] [ExperimentEagle.fits] [func=_get_subSpaceArrays:line=349] xs array sliced length 57 
2020-02-22 18:27:03,513 [INFO ] [Thread-10] [ExperimentEagle.fits] [func=_get_subSpaceArrays:line=350] ys array sliced length 45  
2020-02-22 18:27:03,516 [INFO ] [Thread-10] [ExperimentEagle.fits] [func=_get_subSpaceArrays:line=352] zs sub space array 45,57 
2020-02-22 18:27:10,092 [INFO ] [Thread-10] [ExperimentEagle.fits] [func=_get_subSpaceArrays:line=349] xs array sliced length 57 
2020-02-22 18:27:10,099 [INFO ] [Thread-10] [ExperimentEagle.fits] [func=_get_subSpaceArrays:line=350] ys array sliced length 45  
2020-02-22 18:27:10,104 [INFO ] [Thread-10] [ExperimentEagle.fits] [func=_get_subSpaceArrays:line=352] zs sub space array 45,57 
2020-02-22 18:27:10,105 [INFO ] [Thread-10] [ExperimentEagle.fits] [func=_deriveCalculatedParameters:line=154] Derived values from fit
2020-02-22 18:27:10,107 [INFO ] [Thread-10] [ExperimentEagle.fits] [func=run:line=160] auto draw bool is true so using the rerefernce to imageInspector bool to call the function to draw the fit as contours
2020-02-22 18:27:10,108 [INFO ] [Thread-10] [ExperimentEagle.experimentEagle] [func=addFitPlot:line=825] first fit plot so initialising contour plot
2020-02-22 18:27:10,112 [INFO ] [Thread-10] [ExperimentEagle.experimentEagle] [func=addFitPlot:line=827] attempting to set fit data
2020-02-22 18:27:10,119 [INFO ] [Thread-10] [ExperimentEagle.fits] [func=run:line=165] saving last fit results to a separate text file
2020-02-22 18:27:12,049 [WARNI] [MainThread] [ExperimentEagle.OptionsDictionaryEditor] [func=createOption:line=43] unrecognised option type (<type 'unicode'>) in processor. Using traits.Any Editor and value
2020-02-22 18:27:19,059 [INFO ] [MainThread] [ExperimentEagle.OptionsDictionaryEditor] [func=editOptionsDialog:line=76] returning optionsDict
2020-02-22 18:27:19,062 [INFO ] [MainThread] [ExperimentEagle.Processor] [func=editOptions:line=105] updating options dictionary with values OrderedDict([('process?', True), ('darkSubtraction?', True), ('rawImageWithDarkSubtraction?', False), ('rescale?', True), ('rescaleInitialX', 450), ('rescaleInitialY', 250), ('rescaleWidth', 20), ('rescaleHeight', 120), ('drawRescaleRegion?', True), ('rotationAngle', 87.8), ('Skip initial rows', 1), ('Skip final rows', 3), ('correct OD with alpha function?', False), ('Rescale with circular mask?', False), ('Atom mask PosX', 295), ('Atom mask PosY', 295), ('Atom mask Radius', 160), ('Balance light Radius', 200), ('Use boosted light image?', False), ('Light boost factor', 1.0), ('Binning?', True), ('Bin size', 2), ('Dark picture', u'G:/Experiment Humphry/Experiment Control And Software/experimentEagle/calibration/darkPictures/Andor2/2020 02 22 - dark Andor2 - interval 0_017 temperature -80_0 16 c 5_1 3_3 n 100.npy'), ('High intensity correction for low OD?', False), ('alpha', 1.25), ('C0Sat', 231), ('Imaging pulse duration', 6e-06)])
2020-02-22 18:27:24,920 [INFO ] [MainThread] [ExperimentEagle.experimentEagle] [func=_forceRefreshButton_fired:line=202] force refresh button fired
2020-02-22 18:27:24,993 [INFO ] [MainThread] [ExperimentEagle.experimentEagle] [func=getImageData:line=166] processor = <processors.standardAndor2.StandardAndor2 object at 0x000000000B560D58>
2020-02-22 18:27:24,993 [INFO ] [MainThread] [ExperimentEagle.Processor] [func=process:line=73] using standard Andor 0 process function
2020-02-22 18:27:24,996 [INFO ] [MainThread] [ExperimentEagle.Processor] [func=read:line=38] processor reading file!
2020-02-22 18:27:32,792 [INFO ] [MainThread] [ExperimentEagle.Processor] [func=rescale:line=86] processor: rescale factor = 1.0 using region of shape: 20, 20
2020-02-22 18:27:32,812 [WARNI] [MainThread] [ExperimentEagle.Processor] [func=opticalDensity:line=58] Calculate OP picture..
2020-02-22 18:27:32,858 [INFO ] [MainThread] [ExperimentEagle.experimentEagle] [func=getImageData:line=170] shape of raw Image = (531,529)
2020-02-22 18:27:32,861 [WARNI] [MainThread] [ExperimentEagle.experimentEagle] [func=getImageData:line=173] number of pixels in image have changed. This causes problems for contour fit plot. Will destroy contour fit plot first
2020-02-22 18:27:32,861 [WARNI] [MainThread] [ExperimentEagle.experimentEagle] [func=_pixels_changed:line=263] number of pixels in image changed with a contour plot being drawn. To prevent a crash I need to remove contour plot
2020-02-22 18:27:32,864 [INFO ] [MainThread] [ExperimentEagle.experimentEagle] [func=_fixAspectRatioBool_changed:line=970] self.fixAspectRatioBool changed to False
2020-02-22 18:27:32,865 [INFO ] [MainThread] [ExperimentEagle.experimentEagle] [func=_fixAspectRatioBool_changed:line=970] self.fixAspectRatioBool changed to True
2020-02-22 18:27:32,904 [INFO ] [MainThread] [ExperimentEagle.experimentEagle] [func=getImageData:line=175] continuing after pixels changed = True event
2020-02-22 18:27:32,907 [INFO ] [MainThread] [ExperimentEagle.experimentEagle] [func=update:line=840] updating plot
2020-02-22 18:27:32,917 [INFO ] [MainThread] [ExperimentEagle.experimentEagle] [func=_selectedFile_changed:line=1002] ######################## Selected File changed ########################
2020-02-22 18:27:32,947 [INFO ] [MainThread] [ExperimentEagle.experimentEagle] [func=_selectedFile_changed:line=1004] Update physics
2020-02-22 18:27:32,953 [ERROR] [MainThread] [ExperimentEagle.physicsProperties] [func=updatePhysics:line=124] Found very fresh sequence file. Probably read already variables of next sequence?
2020-02-22 18:27:32,980 [WARNI] [MainThread] [ExperimentEagle.physicsProperties] [func=updatePhysics:line=125] Use second last sequence file instead..
2020-02-22 18:27:33,082 [WARNI] [MainThread] [ExperimentEagle.physicsProperties] [func=updatePhysics:line=129] Age of sequence file: -9.14422225952
2020-02-22 18:27:33,244 [INFO ] [MainThread] [ExperimentEagle.experimentEagle] [func=getImageData:line=166] processor = <processors.standardAndor2.StandardAndor2 object at 0x000000000B560D58>
2020-02-22 18:27:33,257 [INFO ] [MainThread] [ExperimentEagle.Processor] [func=process:line=73] using standard Andor 0 process function
2020-02-22 18:27:33,259 [INFO ] [MainThread] [ExperimentEagle.Processor] [func=read:line=38] processor reading file!
2020-02-22 18:27:41,506 [INFO ] [MainThread] [ExperimentEagle.Processor] [func=rescale:line=86] processor: rescale factor = 1.0 using region of shape: 20, 20
2020-02-22 18:27:41,525 [WARNI] [MainThread] [ExperimentEagle.Processor] [func=opticalDensity:line=58] Calculate OP picture..
2020-02-22 18:27:41,579 [INFO ] [MainThread] [ExperimentEagle.experimentEagle] [func=getImageData:line=170] shape of raw Image = (531,529)
2020-02-22 18:27:41,619 [INFO ] [MainThread] [ExperimentEagle.experimentEagle] [func=update:line=840] updating plot
2020-02-22 18:27:41,622 [INFO ] [MainThread] [ExperimentEagle.experimentEagle] [func=_selectedFile_changed:line=1018] succesfully completed getImageData. Will now break from repetition loop
2020-02-22 18:27:41,625 [INFO ] [Thread-11] [ExperimentEagle.fits] [func=run:line=144] starting fitting thread
2020-02-22 18:27:41,625 [INFO ] [MainThread] [ExperimentEagle.experimentEagle] [func=update:line=840] updating plot
2020-02-22 18:27:41,627 [INFO ] [Thread-11] [ExperimentEagle.fits] [func=_get_subSpaceArrays:line=349] xs array sliced length 57 
2020-02-22 18:27:41,628 [INFO ] [Thread-11] [ExperimentEagle.fits] [func=_get_subSpaceArrays:line=350] ys array sliced length 45  
2020-02-22 18:27:41,628 [INFO ] [Thread-11] [ExperimentEagle.fits] [func=_get_subSpaceArrays:line=352] zs sub space array 45,57 
2020-02-22 18:27:41,634 [INFO ] [MainThread] [ExperimentEagle.experimentEagle] [func=_forceRefreshButton_fired:line=202] force refresh button fired
2020-02-22 18:27:41,648 [INFO ] [Thread-11] [ExperimentEagle.fits] [func=_get_subSpaceArrays:line=349] xs array sliced length 57 
2020-02-22 18:27:41,711 [INFO ] [Thread-11] [ExperimentEagle.fits] [func=_get_subSpaceArrays:line=350] ys array sliced length 45  
2020-02-22 18:27:41,713 [INFO ] [Thread-11] [ExperimentEagle.fits] [func=_get_subSpaceArrays:line=352] zs sub space array 45,57 
2020-02-22 18:27:41,773 [INFO ] [MainThread] [ExperimentEagle.experimentEagle] [func=getImageData:line=166] processor = <processors.standardAndor2.StandardAndor2 object at 0x000000000B560D58>
2020-02-22 18:27:41,789 [INFO ] [Thread-11] [ExperimentEagle.fits] [func=_deriveCalculatedParameters:line=154] Derived values from fit
2020-02-22 18:27:41,793 [INFO ] [MainThread] [ExperimentEagle.Processor] [func=process:line=73] using standard Andor 0 process function
2020-02-22 18:27:41,796 [INFO ] [Thread-11] [ExperimentEagle.fits] [func=run:line=160] auto draw bool is true so using the rerefernce to imageInspector bool to call the function to draw the fit as contours
2020-02-22 18:27:41,796 [INFO ] [MainThread] [ExperimentEagle.Processor] [func=read:line=38] processor reading file!
2020-02-22 18:27:41,796 [INFO ] [Thread-11] [ExperimentEagle.experimentEagle] [func=addFitPlot:line=825] first fit plot so initialising contour plot
2020-02-22 18:27:41,894 [INFO ] [Thread-11] [ExperimentEagle.experimentEagle] [func=addFitPlot:line=827] attempting to set fit data
2020-02-22 18:27:41,960 [INFO ] [Thread-11] [ExperimentEagle.fits] [func=run:line=165] saving last fit results to a separate text file
2020-02-22 18:27:51,109 [INFO ] [MainThread] [ExperimentEagle.Processor] [func=rescale:line=86] processor: rescale factor = 1.0 using region of shape: 20, 20
2020-02-22 18:27:51,128 [WARNI] [MainThread] [ExperimentEagle.Processor] [func=opticalDensity:line=58] Calculate OP picture..
2020-02-22 18:27:51,176 [INFO ] [MainThread] [ExperimentEagle.experimentEagle] [func=getImageData:line=170] shape of raw Image = (531,529)
2020-02-22 18:27:51,178 [INFO ] [MainThread] [ExperimentEagle.experimentEagle] [func=update:line=840] updating plot
2020-02-22 18:27:51,246 [INFO ] [MainThread] [ExperimentEagle.experimentEagle] [func=_selectedFile_changed:line=1002] ######################## Selected File changed ########################
2020-02-22 18:27:51,266 [INFO ] [MainThread] [ExperimentEagle.experimentEagle] [func=_selectedFile_changed:line=1004] Update physics
2020-02-22 18:27:51,395 [WARNI] [MainThread] [ExperimentEagle.physicsProperties] [func=updatePhysics:line=129] Age of sequence file: 18.195618391
2020-02-22 18:27:51,559 [INFO ] [MainThread] [ExperimentEagle.experimentEagle] [func=getImageData:line=166] processor = <processors.standardAndor2.StandardAndor2 object at 0x000000000B560D58>
2020-02-22 18:27:51,572 [INFO ] [MainThread] [ExperimentEagle.Processor] [func=process:line=73] using standard Andor 0 process function
2020-02-22 18:27:51,575 [INFO ] [MainThread] [ExperimentEagle.Processor] [func=read:line=38] processor reading file!
2020-02-22 18:28:00,099 [INFO ] [MainThread] [ExperimentEagle.Processor] [func=rescale:line=86] processor: rescale factor = 1.0 using region of shape: 20, 20
2020-02-22 18:28:00,118 [WARNI] [MainThread] [ExperimentEagle.Processor] [func=opticalDensity:line=58] Calculate OP picture..
2020-02-22 18:28:00,171 [INFO ] [MainThread] [ExperimentEagle.experimentEagle] [func=getImageData:line=170] shape of raw Image = (531,529)
2020-02-22 18:28:00,173 [INFO ] [MainThread] [ExperimentEagle.experimentEagle] [func=update:line=840] updating plot
2020-02-22 18:28:00,177 [INFO ] [MainThread] [ExperimentEagle.experimentEagle] [func=_selectedFile_changed:line=1018] succesfully completed getImageData. Will now break from repetition loop
2020-02-22 18:28:00,214 [INFO ] [Thread-12] [ExperimentEagle.fits] [func=run:line=144] starting fitting thread
2020-02-22 18:28:00,214 [INFO ] [MainThread] [ExperimentEagle.experimentEagle] [func=update:line=840] updating plot
2020-02-22 18:28:00,217 [INFO ] [Thread-12] [ExperimentEagle.fits] [func=_get_subSpaceArrays:line=349] xs array sliced length 57 
2020-02-22 18:28:00,217 [INFO ] [Thread-12] [ExperimentEagle.fits] [func=_get_subSpaceArrays:line=350] ys array sliced length 45  
2020-02-22 18:28:00,219 [INFO ] [Thread-12] [ExperimentEagle.fits] [func=_get_subSpaceArrays:line=352] zs sub space array 45,57 
2020-02-22 18:28:00,246 [INFO ] [Thread-12] [ExperimentEagle.fits] [func=_get_subSpaceArrays:line=349] xs array sliced length 57 
2020-02-22 18:28:00,267 [INFO ] [Thread-12] [ExperimentEagle.fits] [func=_get_subSpaceArrays:line=350] ys array sliced length 45  
2020-02-22 18:28:00,269 [INFO ] [Thread-12] [ExperimentEagle.fits] [func=_get_subSpaceArrays:line=352] zs sub space array 45,57 
2020-02-22 18:28:00,270 [INFO ] [Thread-12] [ExperimentEagle.fits] [func=_deriveCalculatedParameters:line=154] Derived values from fit
2020-02-22 18:28:00,272 [INFO ] [Thread-12] [ExperimentEagle.fits] [func=run:line=160] auto draw bool is true so using the rerefernce to imageInspector bool to call the function to draw the fit as contours
2020-02-22 18:28:00,273 [INFO ] [Thread-12] [ExperimentEagle.experimentEagle] [func=addFitPlot:line=827] attempting to set fit data
2020-02-22 18:28:00,303 [INFO ] [Thread-12] [ExperimentEagle.fits] [func=run:line=165] saving last fit results to a separate text file
2020-02-22 18:28:13,786 [INFO ] [MainThread] [ExperimentEagle.experimentEagle] [func=_selectedFile_changed:line=1002] ######################## Selected File changed ########################
2020-02-22 18:28:13,859 [INFO ] [MainThread] [ExperimentEagle.experimentEagle] [func=_selectedFile_changed:line=1004] Update physics
2020-02-22 18:28:14,002 [WARNI] [MainThread] [ExperimentEagle.physicsProperties] [func=updatePhysics:line=129] Age of sequence file: 18.46778965
2020-02-22 18:28:14,180 [INFO ] [MainThread] [ExperimentEagle.experimentEagle] [func=getImageData:line=166] processor = <processors.standardAndor2.StandardAndor2 object at 0x000000000B560D58>
2020-02-22 18:28:14,183 [INFO ] [MainThread] [ExperimentEagle.Processor] [func=process:line=73] using standard Andor 0 process function
2020-02-22 18:28:14,186 [INFO ] [MainThread] [ExperimentEagle.Processor] [func=read:line=38] processor reading file!
2020-02-22 18:28:23,618 [INFO ] [MainThread] [ExperimentEagle.Processor] [func=rescale:line=86] processor: rescale factor = 1.0 using region of shape: 20, 20
2020-02-22 18:28:23,640 [WARNI] [MainThread] [ExperimentEagle.Processor] [func=opticalDensity:line=58] Calculate OP picture..
2020-02-22 18:28:23,688 [INFO ] [MainThread] [ExperimentEagle.experimentEagle] [func=getImageData:line=170] shape of raw Image = (531,529)
2020-02-22 18:28:23,691 [INFO ] [MainThread] [ExperimentEagle.experimentEagle] [func=update:line=840] updating plot
2020-02-22 18:28:23,696 [INFO ] [MainThread] [ExperimentEagle.experimentEagle] [func=_selectedFile_changed:line=1018] succesfully completed getImageData. Will now break from repetition loop
2020-02-22 18:28:23,730 [INFO ] [Thread-13] [ExperimentEagle.fits] [func=run:line=144] starting fitting thread
2020-02-22 18:28:23,732 [INFO ] [MainThread] [ExperimentEagle.experimentEagle] [func=update:line=840] updating plot
2020-02-22 18:28:23,733 [INFO ] [Thread-13] [ExperimentEagle.fits] [func=_get_subSpaceArrays:line=349] xs array sliced length 57 
2020-02-22 18:28:23,733 [INFO ] [Thread-13] [ExperimentEagle.fits] [func=_get_subSpaceArrays:line=350] ys array sliced length 45  
2020-02-22 18:28:23,734 [INFO ] [Thread-13] [ExperimentEagle.fits] [func=_get_subSpaceArrays:line=352] zs sub space array 45,57 
2020-02-22 18:28:23,763 [INFO ] [Thread-13] [ExperimentEagle.fits] [func=_get_subSpaceArrays:line=349] xs array sliced length 57 
2020-02-22 18:28:23,776 [INFO ] [Thread-13] [ExperimentEagle.fits] [func=_get_subSpaceArrays:line=350] ys array sliced length 45  
2020-02-22 18:28:23,776 [INFO ] [Thread-13] [ExperimentEagle.fits] [func=_get_subSpaceArrays:line=352] zs sub space array 45,57 
2020-02-22 18:28:23,780 [INFO ] [Thread-13] [ExperimentEagle.fits] [func=_deriveCalculatedParameters:line=154] Derived values from fit
2020-02-22 18:28:23,783 [INFO ] [Thread-13] [ExperimentEagle.fits] [func=run:line=160] auto draw bool is true so using the rerefernce to imageInspector bool to call the function to draw the fit as contours
2020-02-22 18:28:23,783 [INFO ] [Thread-13] [ExperimentEagle.experimentEagle] [func=addFitPlot:line=827] attempting to set fit data
2020-02-22 18:28:23,815 [INFO ] [Thread-13] [ExperimentEagle.fits] [func=run:line=165] saving last fit results to a separate text file
2020-02-22 18:28:43,874 [INFO ] [MainThread] [ExperimentEagle.experimentEagle] [func=_selectedFile_changed:line=1002] ######################## Selected File changed ########################
2020-02-22 18:28:43,881 [INFO ] [MainThread] [ExperimentEagle.experimentEagle] [func=_selectedFile_changed:line=1004] Update physics
2020-02-22 18:28:43,993 [WARNI] [MainThread] [ExperimentEagle.physicsProperties] [func=updatePhysics:line=129] Age of sequence file: 18.5752720833
2020-02-22 18:28:44,174 [INFO ] [MainThread] [ExperimentEagle.experimentEagle] [func=getImageData:line=166] processor = <processors.standardAndor2.StandardAndor2 object at 0x000000000B560D58>
2020-02-22 18:28:44,174 [INFO ] [MainThread] [ExperimentEagle.Processor] [func=process:line=73] using standard Andor 0 process function
2020-02-22 18:28:44,184 [INFO ] [MainThread] [ExperimentEagle.Processor] [func=read:line=38] processor reading file!
2020-02-22 18:28:54,122 [INFO ] [MainThread] [ExperimentEagle.Processor] [func=rescale:line=86] processor: rescale factor = 1.0 using region of shape: 20, 20
2020-02-22 18:28:54,138 [WARNI] [MainThread] [ExperimentEagle.Processor] [func=opticalDensity:line=58] Calculate OP picture..
2020-02-22 18:28:54,187 [INFO ] [MainThread] [ExperimentEagle.experimentEagle] [func=getImageData:line=170] shape of raw Image = (531,529)
2020-02-22 18:28:54,190 [INFO ] [MainThread] [ExperimentEagle.experimentEagle] [func=update:line=840] updating plot
2020-02-22 18:28:54,194 [INFO ] [MainThread] [ExperimentEagle.experimentEagle] [func=_selectedFile_changed:line=1018] succesfully completed getImageData. Will now break from repetition loop
2020-02-22 18:28:54,230 [INFO ] [Thread-14] [ExperimentEagle.fits] [func=run:line=144] starting fitting thread
2020-02-22 18:28:54,230 [INFO ] [MainThread] [ExperimentEagle.experimentEagle] [func=update:line=840] updating plot
2020-02-22 18:28:54,230 [INFO ] [Thread-14] [ExperimentEagle.fits] [func=_get_subSpaceArrays:line=349] xs array sliced length 57 
2020-02-22 18:28:54,232 [INFO ] [Thread-14] [ExperimentEagle.fits] [func=_get_subSpaceArrays:line=350] ys array sliced length 45  
2020-02-22 18:28:54,233 [INFO ] [Thread-14] [ExperimentEagle.fits] [func=_get_subSpaceArrays:line=352] zs sub space array 45,57 
2020-02-22 18:28:54,598 [INFO ] [Thread-14] [ExperimentEagle.fits] [func=_get_subSpaceArrays:line=349] xs array sliced length 57 
2020-02-22 18:28:54,598 [INFO ] [Thread-14] [ExperimentEagle.fits] [func=_get_subSpaceArrays:line=350] ys array sliced length 45  
2020-02-22 18:28:54,598 [INFO ] [Thread-14] [ExperimentEagle.fits] [func=_get_subSpaceArrays:line=352] zs sub space array 45,57 
2020-02-22 18:28:54,617 [INFO ] [Thread-14] [ExperimentEagle.fits] [func=_deriveCalculatedParameters:line=154] Derived values from fit
2020-02-22 18:28:54,618 [INFO ] [Thread-14] [ExperimentEagle.fits] [func=run:line=160] auto draw bool is true so using the rerefernce to imageInspector bool to call the function to draw the fit as contours
2020-02-22 18:28:54,619 [INFO ] [Thread-14] [ExperimentEagle.experimentEagle] [func=addFitPlot:line=827] attempting to set fit data
2020-02-22 18:28:54,651 [INFO ] [Thread-14] [ExperimentEagle.fits] [func=run:line=165] saving last fit results to a separate text file
2020-02-22 18:29:19,905 [INFO ] [MainThread] [ExperimentEagle.experimentEagle] [func=_selectedFile_changed:line=1002] ######################## Selected File changed ########################
2020-02-22 18:29:19,915 [INFO ] [MainThread] [ExperimentEagle.experimentEagle] [func=_selectedFile_changed:line=1004] Update physics
2020-02-22 18:29:20,025 [WARNI] [MainThread] [ExperimentEagle.physicsProperties] [func=updatePhysics:line=129] Age of sequence file: 18.8807997704
2020-02-22 18:29:20,203 [INFO ] [MainThread] [ExperimentEagle.experimentEagle] [func=getImageData:line=166] processor = <processors.standardAndor2.StandardAndor2 object at 0x000000000B560D58>
2020-02-22 18:29:20,204 [INFO ] [MainThread] [ExperimentEagle.Processor] [func=process:line=73] using standard Andor 0 process function
2020-02-22 18:29:20,207 [INFO ] [MainThread] [ExperimentEagle.Processor] [func=read:line=38] processor reading file!
2020-02-22 18:29:29,012 [INFO ] [MainThread] [ExperimentEagle.Processor] [func=rescale:line=86] processor: rescale factor = 1.0 using region of shape: 20, 20
2020-02-22 18:29:29,023 [WARNI] [MainThread] [ExperimentEagle.Processor] [func=opticalDensity:line=58] Calculate OP picture..
2020-02-22 18:29:29,107 [INFO ] [MainThread] [ExperimentEagle.experimentEagle] [func=getImageData:line=170] shape of raw Image = (531,529)
2020-02-22 18:29:29,111 [INFO ] [MainThread] [ExperimentEagle.experimentEagle] [func=update:line=840] updating plot
2020-02-22 18:29:29,115 [INFO ] [MainThread] [ExperimentEagle.experimentEagle] [func=_selectedFile_changed:line=1018] succesfully completed getImageData. Will now break from repetition loop
2020-02-22 18:29:29,118 [INFO ] [Thread-15] [ExperimentEagle.fits] [func=run:line=144] starting fitting thread
2020-02-22 18:29:29,118 [INFO ] [MainThread] [ExperimentEagle.experimentEagle] [func=update:line=840] updating plot
2020-02-22 18:29:29,118 [INFO ] [Thread-15] [ExperimentEagle.fits] [func=_get_subSpaceArrays:line=349] xs array sliced length 57 
2020-02-22 18:29:29,121 [INFO ] [Thread-15] [ExperimentEagle.fits] [func=_get_subSpaceArrays:line=350] ys array sliced length 45  
2020-02-22 18:29:29,121 [INFO ] [Thread-15] [ExperimentEagle.fits] [func=_get_subSpaceArrays:line=352] zs sub space array 45,57 
2020-02-22 18:29:29,150 [INFO ] [Thread-15] [ExperimentEagle.fits] [func=_get_subSpaceArrays:line=349] xs array sliced length 57 
2020-02-22 18:29:29,157 [INFO ] [Thread-15] [ExperimentEagle.fits] [func=_get_subSpaceArrays:line=350] ys array sliced length 45  
2020-02-22 18:29:29,160 [INFO ] [Thread-15] [ExperimentEagle.fits] [func=_get_subSpaceArrays:line=352] zs sub space array 45,57 
2020-02-22 18:29:29,161 [INFO ] [Thread-15] [ExperimentEagle.fits] [func=_deriveCalculatedParameters:line=154] Derived values from fit
2020-02-22 18:29:29,163 [INFO ] [Thread-15] [ExperimentEagle.fits] [func=run:line=160] auto draw bool is true so using the rerefernce to imageInspector bool to call the function to draw the fit as contours
2020-02-22 18:29:29,164 [INFO ] [Thread-15] [ExperimentEagle.experimentEagle] [func=addFitPlot:line=827] attempting to set fit data
2020-02-22 18:29:29,191 [INFO ] [Thread-15] [ExperimentEagle.fits] [func=run:line=165] saving last fit results to a separate text file
2020-02-22 18:29:39,960 [INFO ] [MainThread] [ExperimentEagle.experimentEagle] [func=_selectedFile_changed:line=1002] ######################## Selected File changed ########################
2020-02-22 18:29:39,961 [INFO ] [MainThread] [ExperimentEagle.experimentEagle] [func=_selectedFile_changed:line=1004] Update physics
2020-02-22 18:29:40,073 [WARNI] [MainThread] [ExperimentEagle.physicsProperties] [func=updatePhysics:line=129] Age of sequence file: 18.9686598778
2020-02-22 18:29:40,240 [INFO ] [MainThread] [ExperimentEagle.experimentEagle] [func=getImageData:line=166] processor = <processors.standardAndor2.StandardAndor2 object at 0x000000000B560D58>
2020-02-22 18:29:40,255 [INFO ] [MainThread] [ExperimentEagle.Processor] [func=process:line=73] using standard Andor 0 process function
2020-02-22 18:29:40,256 [INFO ] [MainThread] [ExperimentEagle.Processor] [func=read:line=38] processor reading file!
2020-02-22 18:29:48,598 [INFO ] [MainThread] [ExperimentEagle.Processor] [func=rescale:line=86] processor: rescale factor = 1.0 using region of shape: 20, 20
2020-02-22 18:29:48,618 [WARNI] [MainThread] [ExperimentEagle.Processor] [func=opticalDensity:line=58] Calculate OP picture..
2020-02-22 18:29:48,667 [INFO ] [MainThread] [ExperimentEagle.experimentEagle] [func=getImageData:line=170] shape of raw Image = (531,529)
2020-02-22 18:29:48,668 [INFO ] [MainThread] [ExperimentEagle.experimentEagle] [func=update:line=840] updating plot
2020-02-22 18:29:48,673 [INFO ] [MainThread] [ExperimentEagle.experimentEagle] [func=_selectedFile_changed:line=1018] succesfully completed getImageData. Will now break from repetition loop
2020-02-22 18:29:48,703 [INFO ] [Thread-16] [ExperimentEagle.fits] [func=run:line=144] starting fitting thread
2020-02-22 18:29:48,704 [INFO ] [MainThread] [ExperimentEagle.experimentEagle] [func=update:line=840] updating plot
2020-02-22 18:29:48,706 [INFO ] [Thread-16] [ExperimentEagle.fits] [func=_get_subSpaceArrays:line=349] xs array sliced length 57 
2020-02-22 18:29:48,737 [INFO ] [Thread-16] [ExperimentEagle.fits] [func=_get_subSpaceArrays:line=350] ys array sliced length 45  
2020-02-22 18:29:48,739 [INFO ] [Thread-16] [ExperimentEagle.fits] [func=_get_subSpaceArrays:line=352] zs sub space array 45,57 
2020-02-22 18:29:48,792 [INFO ] [Thread-16] [ExperimentEagle.fits] [func=_get_subSpaceArrays:line=349] xs array sliced length 57 
2020-02-22 18:29:48,809 [INFO ] [Thread-16] [ExperimentEagle.fits] [func=_get_subSpaceArrays:line=350] ys array sliced length 45  
2020-02-22 18:29:48,811 [INFO ] [Thread-16] [ExperimentEagle.fits] [func=_get_subSpaceArrays:line=352] zs sub space array 45,57 
2020-02-22 18:29:48,812 [INFO ] [Thread-16] [ExperimentEagle.fits] [func=_deriveCalculatedParameters:line=154] Derived values from fit
2020-02-22 18:29:48,813 [INFO ] [Thread-16] [ExperimentEagle.fits] [func=run:line=160] auto draw bool is true so using the rerefernce to imageInspector bool to call the function to draw the fit as contours
2020-02-22 18:29:48,815 [INFO ] [Thread-16] [ExperimentEagle.experimentEagle] [func=addFitPlot:line=827] attempting to set fit data
2020-02-22 18:29:48,845 [INFO ] [Thread-16] [ExperimentEagle.fits] [func=run:line=165] saving last fit results to a separate text file
2020-02-22 18:30:12,048 [INFO ] [MainThread] [ExperimentEagle.experimentEagle] [func=_selectedFile_changed:line=1002] ######################## Selected File changed ########################
2020-02-22 18:30:12,049 [INFO ] [MainThread] [ExperimentEagle.experimentEagle] [func=_selectedFile_changed:line=1004] Update physics
2020-02-22 18:30:12,187 [WARNI] [MainThread] [ExperimentEagle.physicsProperties] [func=updatePhysics:line=129] Age of sequence file: 19.1279132366
2020-02-22 18:30:12,371 [INFO ] [MainThread] [ExperimentEagle.experimentEagle] [func=getImageData:line=166] processor = <processors.standardAndor2.StandardAndor2 object at 0x000000000B560D58>
2020-02-22 18:30:12,375 [INFO ] [MainThread] [ExperimentEagle.Processor] [func=process:line=73] using standard Andor 0 process function
2020-02-22 18:30:12,484 [INFO ] [MainThread] [ExperimentEagle.Processor] [func=read:line=38] processor reading file!
2020-02-22 18:30:22,279 [INFO ] [MainThread] [ExperimentEagle.Processor] [func=rescale:line=86] processor: rescale factor = 1.0 using region of shape: 20, 20
2020-02-22 18:30:22,296 [WARNI] [MainThread] [ExperimentEagle.Processor] [func=opticalDensity:line=58] Calculate OP picture..
2020-02-22 18:30:22,348 [INFO ] [MainThread] [ExperimentEagle.experimentEagle] [func=getImageData:line=170] shape of raw Image = (531,529)
2020-02-22 18:30:22,349 [INFO ] [MainThread] [ExperimentEagle.experimentEagle] [func=update:line=840] updating plot
2020-02-22 18:30:22,355 [INFO ] [MainThread] [ExperimentEagle.experimentEagle] [func=_selectedFile_changed:line=1018] succesfully completed getImageData. Will now break from repetition loop
2020-02-22 18:30:22,388 [INFO ] [Thread-17] [ExperimentEagle.fits] [func=run:line=144] starting fitting thread
2020-02-22 18:30:22,390 [INFO ] [MainThread] [ExperimentEagle.experimentEagle] [func=update:line=840] updating plot
2020-02-22 18:30:22,391 [INFO ] [Thread-17] [ExperimentEagle.fits] [func=_get_subSpaceArrays:line=349] xs array sliced length 57 
2020-02-22 18:30:22,391 [INFO ] [Thread-17] [ExperimentEagle.fits] [func=_get_subSpaceArrays:line=350] ys array sliced length 45  
2020-02-22 18:30:22,394 [INFO ] [Thread-17] [ExperimentEagle.fits] [func=_get_subSpaceArrays:line=352] zs sub space array 45,57 
2020-02-22 18:30:23,178 [INFO ] [Thread-17] [ExperimentEagle.fits] [func=_get_subSpaceArrays:line=349] xs array sliced length 57 
2020-02-22 18:30:23,191 [INFO ] [Thread-17] [ExperimentEagle.fits] [func=_get_subSpaceArrays:line=350] ys array sliced length 45  
2020-02-22 18:30:23,193 [INFO ] [Thread-17] [ExperimentEagle.fits] [func=_get_subSpaceArrays:line=352] zs sub space array 45,57 
2020-02-22 18:30:23,196 [INFO ] [Thread-17] [ExperimentEagle.fits] [func=_deriveCalculatedParameters:line=154] Derived values from fit
2020-02-22 18:30:23,197 [INFO ] [Thread-17] [ExperimentEagle.fits] [func=run:line=160] auto draw bool is true so using the rerefernce to imageInspector bool to call the function to draw the fit as contours
2020-02-22 18:30:23,200 [INFO ] [Thread-17] [ExperimentEagle.experimentEagle] [func=addFitPlot:line=827] attempting to set fit data
2020-02-22 18:30:23,233 [INFO ] [Thread-17] [ExperimentEagle.fits] [func=run:line=165] saving last fit results to a separate text file
2020-02-22 18:30:25,269 [INFO ] [MainThread] [ExperimentEagle.experimentEagle] [func=closed:line=238] attempting to stop timers
