2020-02-11 17:17:32,453 [INFO ] [MainThread] [ExperimentEagle] [func=<module>:line=59] Welcome to Experiment Eagle version 4.0 written by Timothy Harrison. Report bugs to 
Timothy Harrison. See text at beginning of __init__.py for more information.
2020-02-11 17:17:36,470 [INFO ] [MainThread] [ExperimentEagle.experimentEagle] [func=_fixAspectRatioBool_changed:line=956] self.fixAspectRatioBool changed to True
2020-02-11 17:17:36,471 [INFO ] [MainThread] [ExperimentEagle.experimentEagle] [func=loadSettings:line=585] Load settings
2020-02-11 17:17:36,483 [INFO ] [MainThread] [ExperimentEagle.experimentEagle] [func=__init__:line=582] initialisation of experiment Eagle complete
2020-02-11 17:17:42,770 [INFO ] [MainThread] [ExperimentEagle.experimentEagle] [func=update:line=826] updating plot
2020-02-11 17:18:48,198 [INFO ] [MainThread] [ExperimentEagle.experimentEagle] [func=_cameraModel_changed:line=1021] Camera model changed to Andor0
2020-02-11 17:18:48,213 [INFO ] [MainThread] [ExperimentEagle.experimentEagle] [func=_cameraModel_changed:line=1037] {u'auto': False, u'max': 5, u'min': -0.2}
2020-02-11 17:18:48,255 [ERROR] [MainThread] [ExperimentEagle.experimentEagle] [func=getImageData:line=141] image file not found. filling with zeros
2020-02-11 17:18:48,256 [INFO ] [MainThread] [ExperimentEagle.experimentEagle] [func=update:line=826] updating plot
2020-02-11 17:18:50,190 [INFO ] [MainThread] [ExperimentEagle.experimentEagle] [func=_configureWatchFolder_fired:line=1064] Configure watch folder for Andor0
2020-02-11 17:18:52,246 [WARNI] [MainThread] [ExperimentEagle.experimentEagle] [func=checkForNewFiles:line=356] more than one new file found [u'evaporation Optimisation 7_ANDOR0FT_1102 171150.png', u'evaporation Optimisation 7_ANDOR0FT_1102 171532.png', u'evaporation Optimisation 7_ANDOR0FT_1102 171245.png', u'evaporation Optimisation 7_ANDOR0FT_1102 171504.png', u'evaporation Optimisation 7_ANDOR0FT_1102 171408.png', u'evaporation Optimisation 7_ANDOR0FT_1102 171313.png', u'evaporation Optimisation 7_ANDOR0FT_1102 171341.png', u'evaporation Optimisation 7_ANDOR0FT_1102 171122.png', u'evaporation Optimisation 7_ANDOR0FT_1102 171217.png', u'evaporation Optimisation 7_ANDOR0FT_1102 171627.png', u'evaporation Optimisation 7_ANDOR0FT_1102 171559.png', u'evaporation Optimisation 7_ANDOR0FT_1102 171436.png'] only analysing first one
2020-02-11 17:18:52,250 [INFO ] [MainThread] [ExperimentEagle.experimentEagle] [func=_selectedFile_changed:line=988] ######################## Selected File changed ########################
2020-02-11 17:18:52,293 [INFO ] [MainThread] [ExperimentEagle.experimentEagle] [func=_selectedFile_changed:line=990] Update physics
2020-02-11 17:18:52,299 [ERROR] [MainThread] [ExperimentEagle.physicsProperties] [func=updatePhysics:line=139] Error when trying to load XML 'PhysicsProperties' object has no attribute 'selectedFileModifiedTime'
2020-02-11 17:18:52,447 [INFO ] [MainThread] [ExperimentEagle.experimentEagle] [func=getImageData:line=165] processor = <processors.standardAndor0.StandardAndor0 object at 0x000000000AC157D8>
2020-02-11 17:18:52,448 [INFO ] [MainThread] [ExperimentEagle.Processor] [func=process:line=36] using standard Andor 0 process function
2020-02-11 17:18:52,450 [INFO ] [MainThread] [ExperimentEagle.Processor] [func=read:line=38] processor reading file!
2020-02-11 17:18:52,605 [INFO ] [MainThread] [ExperimentEagle.Processor] [func=rescale:line=81] processor: rescale factor = 2.4360551795474525 using region of shape: 20, 20
2020-02-11 17:18:52,664 [INFO ] [MainThread] [ExperimentEagle.experimentEagle] [func=getImageData:line=169] shape of raw Image = (723,723)
2020-02-11 17:18:52,667 [WARNI] [MainThread] [ExperimentEagle.experimentEagle] [func=getImageData:line=172] number of pixels in image have changed. This causes problems for contour fit plot. Will destroy contour fit plot first
2020-02-11 17:18:52,668 [INFO ] [MainThread] [ExperimentEagle.experimentEagle] [func=_fixAspectRatioBool_changed:line=956] self.fixAspectRatioBool changed to False
2020-02-11 17:18:52,670 [INFO ] [MainThread] [ExperimentEagle.experimentEagle] [func=_fixAspectRatioBool_changed:line=956] self.fixAspectRatioBool changed to True
2020-02-11 17:18:52,673 [INFO ] [MainThread] [ExperimentEagle.experimentEagle] [func=getImageData:line=174] continuing after pixels changed = True event
2020-02-11 17:18:52,766 [INFO ] [MainThread] [ExperimentEagle.experimentEagle] [func=update:line=826] updating plot
2020-02-11 17:18:52,802 [INFO ] [MainThread] [ExperimentEagle.experimentEagle] [func=_selectedFile_changed:line=1004] succesfully completed getImageData. Will now break from repetition loop
2020-02-11 17:18:52,802 [INFO ] [MainThread] [ExperimentEagle.experimentEagle] [func=update:line=826] updating plot
2020-02-11 17:18:58,703 [INFO ] [MainThread] [ExperimentEagle.experimentEagle] [func=_cameraModel_changed:line=1021] Camera model changed to Alta1 processor
2020-02-11 17:18:58,720 [INFO ] [MainThread] [ExperimentEagle.experimentEagle] [func=_cameraModel_changed:line=1037] {u'auto': False, u'max': 5, u'min': -0.2}
2020-02-11 17:18:58,746 [INFO ] [MainThread] [ExperimentEagle.experimentEagle] [func=getImageData:line=165] processor = <processors.standardAlta1.StandardAlta1 object at 0x000000000AC15830>
2020-02-11 17:18:58,767 [INFO ] [MainThread] [ExperimentEagle.Processor] [func=process:line=36] using standard Alta 1 process function
2020-02-11 17:18:58,769 [INFO ] [MainThread] [ExperimentEagle.Processor] [func=read:line=38] processor reading file!
2020-02-11 17:18:58,796 [INFO ] [MainThread] [ExperimentEagle.Processor] [func=read:line=38] processor reading file!
2020-02-11 17:18:58,845 [INFO ] [MainThread] [ExperimentEagle.Processor] [func=read:line=38] processor reading file!
2020-02-11 17:18:58,907 [INFO ] [MainThread] [ExperimentEagle.Processor] [func=rescale:line=81] processor: rescale factor = 1.0 using region of shape: 50, 50
2020-02-11 17:18:58,924 [INFO ] [MainThread] [ExperimentEagle.Processor] [func=rescale:line=81] processor: rescale factor = 1.0 using region of shape: 50, 50
2020-02-11 17:18:59,052 [INFO ] [MainThread] [ExperimentEagle.experimentEagle] [func=getImageData:line=169] shape of raw Image = (1024,512)
2020-02-11 17:18:59,052 [WARNI] [MainThread] [ExperimentEagle.experimentEagle] [func=getImageData:line=172] number of pixels in image have changed. This causes problems for contour fit plot. Will destroy contour fit plot first
2020-02-11 17:18:59,055 [INFO ] [MainThread] [ExperimentEagle.experimentEagle] [func=_fixAspectRatioBool_changed:line=956] self.fixAspectRatioBool changed to False
2020-02-11 17:18:59,058 [INFO ] [MainThread] [ExperimentEagle.experimentEagle] [func=_fixAspectRatioBool_changed:line=956] self.fixAspectRatioBool changed to True
2020-02-11 17:18:59,059 [WARNI] [MainThread] [ExperimentEagle.Processor] [func=drawRescaleRegion:line=74] drawRescaleRegion
2020-02-11 17:18:59,062 [INFO ] [MainThread] [ExperimentEagle.experimentEagle] [func=getImageData:line=174] continuing after pixels changed = True event
2020-02-11 17:18:59,065 [INFO ] [MainThread] [ExperimentEagle.experimentEagle] [func=update:line=826] updating plot
2020-02-11 17:19:03,885 [INFO ] [MainThread] [ExperimentEagle.KeyBindingTool] [func=normal_key_pressed:line=40] normal key pressed
2020-02-11 17:19:03,895 [INFO ] [MainThread] [ExperimentEagle.KeyBindingTool] [func=normal_key_pressed:line=41] 3 keys registered for detection
2020-02-11 17:19:03,897 [INFO ] [MainThread] [ExperimentEagle.KeyBindingTool] [func=normal_key_pressed:line=43] normal key press detected: KeyEvent(event_type='key_pressed', character='F11', alt_down=False, control_down=False, shift_down=False, handled=False)
2020-02-11 17:19:03,933 [INFO ] [MainThread] [ExperimentEagle.KeyBindingTool] [func=normal_key_pressed:line=43] normal key press detected: KeyEvent(event_type='key_pressed', character='F11', alt_down=False, control_down=False, shift_down=False, handled=False)
2020-02-11 17:19:03,934 [INFO ] [MainThread] [ExperimentEagle.KeyBindingTool] [func=normal_key_pressed:line=45] key press action found for : <enable.base_tool.KeySpec object at 0x000000000896AFD0>
2020-02-11 17:19:03,936 [INFO ] [MainThread] [ExperimentEagle.experimentEagle] [func=_fixAspectRatioBool_changed:line=956] self.fixAspectRatioBool changed to True
2020-02-11 17:19:03,937 [INFO ] [MainThread] [ExperimentEagle.KeyBindingTool] [func=normal_key_pressed:line=43] normal key press detected: KeyEvent(event_type='key_pressed', character='F11', alt_down=False, control_down=False, shift_down=False, handled=True)
2020-02-11 17:19:05,776 [INFO ] [MainThread] [ExperimentEagle.KeyBindingTool] [func=normal_key_pressed:line=40] normal key pressed
2020-02-11 17:19:05,788 [INFO ] [MainThread] [ExperimentEagle.KeyBindingTool] [func=normal_key_pressed:line=41] 3 keys registered for detection
2020-02-11 17:19:05,789 [INFO ] [MainThread] [ExperimentEagle.KeyBindingTool] [func=normal_key_pressed:line=43] normal key press detected: KeyEvent(event_type='key_pressed', character='F12', alt_down=False, control_down=False, shift_down=False, handled=False)
2020-02-11 17:19:05,792 [INFO ] [MainThread] [ExperimentEagle.KeyBindingTool] [func=normal_key_pressed:line=43] normal key press detected: KeyEvent(event_type='key_pressed', character='F12', alt_down=False, control_down=False, shift_down=False, handled=False)
2020-02-11 17:19:05,795 [INFO ] [MainThread] [ExperimentEagle.KeyBindingTool] [func=normal_key_pressed:line=43] normal key press detected: KeyEvent(event_type='key_pressed', character='F12', alt_down=False, control_down=False, shift_down=False, handled=False)
2020-02-11 17:19:05,796 [INFO ] [MainThread] [ExperimentEagle.KeyBindingTool] [func=normal_key_pressed:line=45] key press action found for : <enable.base_tool.KeySpec object at 0x00000000027B3860>
2020-02-11 17:19:05,796 [INFO ] [MainThread] [ExperimentEagle.experimentEagle] [func=_zoom_to_fit_region:line=1141] type of range Object = <class 'chaco.data_range_2d.DataRange2D'>
2020-02-11 17:19:05,799 [INFO ] [MainThread] [ExperimentEagle.experimentEagle] [func=_fixAspectRatioBool_changed:line=956] self.fixAspectRatioBool changed to True
2020-02-11 17:19:08,595 [INFO ] [MainThread] [ExperimentEagle.KeyBindingTool] [func=normal_key_pressed:line=40] normal key pressed
2020-02-11 17:19:08,608 [INFO ] [MainThread] [ExperimentEagle.KeyBindingTool] [func=normal_key_pressed:line=41] 3 keys registered for detection
2020-02-11 17:19:08,608 [INFO ] [MainThread] [ExperimentEagle.KeyBindingTool] [func=normal_key_pressed:line=43] normal key press detected: KeyEvent(event_type='key_pressed', character='F11', alt_down=False, control_down=False, shift_down=False, handled=False)
2020-02-11 17:19:08,611 [INFO ] [MainThread] [ExperimentEagle.KeyBindingTool] [func=normal_key_pressed:line=43] normal key press detected: KeyEvent(event_type='key_pressed', character='F11', alt_down=False, control_down=False, shift_down=False, handled=False)
2020-02-11 17:19:08,612 [INFO ] [MainThread] [ExperimentEagle.KeyBindingTool] [func=normal_key_pressed:line=45] key press action found for : <enable.base_tool.KeySpec object at 0x000000000896AFD0>
2020-02-11 17:19:08,614 [INFO ] [MainThread] [ExperimentEagle.experimentEagle] [func=_fixAspectRatioBool_changed:line=956] self.fixAspectRatioBool changed to True
2020-02-11 17:19:08,615 [INFO ] [MainThread] [ExperimentEagle.KeyBindingTool] [func=normal_key_pressed:line=43] normal key press detected: KeyEvent(event_type='key_pressed', character='F11', alt_down=False, control_down=False, shift_down=False, handled=True)
2020-02-11 17:19:08,663 [INFO ] [MainThread] [ExperimentEagle.KeyBindingTool] [func=normal_key_pressed:line=40] normal key pressed
2020-02-11 17:19:08,664 [INFO ] [MainThread] [ExperimentEagle.KeyBindingTool] [func=normal_key_pressed:line=41] 3 keys registered for detection
2020-02-11 17:19:08,665 [INFO ] [MainThread] [ExperimentEagle.KeyBindingTool] [func=normal_key_pressed:line=43] normal key press detected: KeyEvent(event_type='key_pressed', character='F12', alt_down=False, control_down=False, shift_down=False, handled=False)
2020-02-11 17:19:08,667 [INFO ] [MainThread] [ExperimentEagle.KeyBindingTool] [func=normal_key_pressed:line=43] normal key press detected: KeyEvent(event_type='key_pressed', character='F12', alt_down=False, control_down=False, shift_down=False, handled=False)
2020-02-11 17:19:08,670 [INFO ] [MainThread] [ExperimentEagle.KeyBindingTool] [func=normal_key_pressed:line=43] normal key press detected: KeyEvent(event_type='key_pressed', character='F12', alt_down=False, control_down=False, shift_down=False, handled=False)
2020-02-11 17:19:08,671 [INFO ] [MainThread] [ExperimentEagle.KeyBindingTool] [func=normal_key_pressed:line=45] key press action found for : <enable.base_tool.KeySpec object at 0x00000000027B3860>
2020-02-11 17:19:08,671 [INFO ] [MainThread] [ExperimentEagle.experimentEagle] [func=_zoom_to_fit_region:line=1141] type of range Object = <class 'chaco.data_range_2d.DataRange2D'>
2020-02-11 17:19:08,714 [INFO ] [MainThread] [ExperimentEagle.experimentEagle] [func=_fixAspectRatioBool_changed:line=956] self.fixAspectRatioBool changed to True
2020-02-11 17:19:13,782 [INFO ] [MainThread] [ExperimentEagle.KeyBindingTool] [func=normal_key_pressed:line=40] normal key pressed
2020-02-11 17:19:13,783 [INFO ] [MainThread] [ExperimentEagle.KeyBindingTool] [func=normal_key_pressed:line=41] 3 keys registered for detection
2020-02-11 17:19:13,785 [INFO ] [MainThread] [ExperimentEagle.KeyBindingTool] [func=normal_key_pressed:line=43] normal key press detected: KeyEvent(event_type='key_pressed', character='F11', alt_down=False, control_down=False, shift_down=False, handled=False)
2020-02-11 17:19:13,788 [INFO ] [MainThread] [ExperimentEagle.KeyBindingTool] [func=normal_key_pressed:line=43] normal key press detected: KeyEvent(event_type='key_pressed', character='F11', alt_down=False, control_down=False, shift_down=False, handled=False)
2020-02-11 17:19:13,789 [INFO ] [MainThread] [ExperimentEagle.KeyBindingTool] [func=normal_key_pressed:line=45] key press action found for : <enable.base_tool.KeySpec object at 0x000000000896AFD0>
2020-02-11 17:19:13,828 [INFO ] [MainThread] [ExperimentEagle.experimentEagle] [func=_fixAspectRatioBool_changed:line=956] self.fixAspectRatioBool changed to True
2020-02-11 17:19:13,829 [INFO ] [MainThread] [ExperimentEagle.KeyBindingTool] [func=normal_key_pressed:line=43] normal key press detected: KeyEvent(event_type='key_pressed', character='F11', alt_down=False, control_down=False, shift_down=False, handled=True)
2020-02-11 17:19:15,589 [INFO ] [MainThread] [ExperimentEagle.KeyBindingTool] [func=normal_key_pressed:line=40] normal key pressed
2020-02-11 17:19:15,601 [INFO ] [MainThread] [ExperimentEagle.KeyBindingTool] [func=normal_key_pressed:line=41] 3 keys registered for detection
2020-02-11 17:19:15,602 [INFO ] [MainThread] [ExperimentEagle.KeyBindingTool] [func=normal_key_pressed:line=43] normal key press detected: KeyEvent(event_type='key_pressed', character='Alt', alt_down=True, control_down=False, shift_down=False, handled=False)
2020-02-11 17:19:15,605 [INFO ] [MainThread] [ExperimentEagle.KeyBindingTool] [func=normal_key_pressed:line=43] normal key press detected: KeyEvent(event_type='key_pressed', character='Alt', alt_down=True, control_down=False, shift_down=False, handled=False)
2020-02-11 17:19:15,607 [INFO ] [MainThread] [ExperimentEagle.KeyBindingTool] [func=normal_key_pressed:line=43] normal key press detected: KeyEvent(event_type='key_pressed', character='Alt', alt_down=True, control_down=False, shift_down=False, handled=False)
2020-02-11 17:19:16,006 [INFO ] [MainThread] [ExperimentEagle.KeyBindingTool] [func=normal_key_pressed:line=40] normal key pressed
2020-02-11 17:19:16,006 [INFO ] [MainThread] [ExperimentEagle.KeyBindingTool] [func=normal_key_pressed:line=41] 3 keys registered for detection
2020-02-11 17:19:16,009 [INFO ] [MainThread] [ExperimentEagle.KeyBindingTool] [func=normal_key_pressed:line=43] normal key press detected: KeyEvent(event_type='key_pressed', character='Right', alt_down=True, control_down=False, shift_down=False, handled=False)
2020-02-11 17:19:16,012 [INFO ] [MainThread] [ExperimentEagle.KeyBindingTool] [func=normal_key_pressed:line=43] normal key press detected: KeyEvent(event_type='key_pressed', character='Right', alt_down=True, control_down=False, shift_down=False, handled=False)
2020-02-11 17:19:16,013 [INFO ] [MainThread] [ExperimentEagle.KeyBindingTool] [func=normal_key_pressed:line=43] normal key press detected: KeyEvent(event_type='key_pressed', character='Right', alt_down=True, control_down=False, shift_down=False, handled=False)
2020-02-11 17:19:16,575 [INFO ] [MainThread] [ExperimentEagle.KeyBindingTool] [func=normal_key_pressed:line=40] normal key pressed
2020-02-11 17:19:16,591 [INFO ] [MainThread] [ExperimentEagle.KeyBindingTool] [func=normal_key_pressed:line=41] 3 keys registered for detection
2020-02-11 17:19:16,592 [INFO ] [MainThread] [ExperimentEagle.KeyBindingTool] [func=normal_key_pressed:line=43] normal key press detected: KeyEvent(event_type='key_pressed', character='Right', alt_down=True, control_down=False, shift_down=False, handled=False)
2020-02-11 17:19:16,595 [INFO ] [MainThread] [ExperimentEagle.KeyBindingTool] [func=normal_key_pressed:line=43] normal key press detected: KeyEvent(event_type='key_pressed', character='Right', alt_down=True, control_down=False, shift_down=False, handled=False)
2020-02-11 17:19:16,596 [INFO ] [MainThread] [ExperimentEagle.KeyBindingTool] [func=normal_key_pressed:line=43] normal key press detected: KeyEvent(event_type='key_pressed', character='Right', alt_down=True, control_down=False, shift_down=False, handled=False)
2020-02-11 17:19:17,232 [INFO ] [MainThread] [ExperimentEagle.KeyBindingTool] [func=normal_key_pressed:line=40] normal key pressed
2020-02-11 17:19:17,239 [INFO ] [MainThread] [ExperimentEagle.KeyBindingTool] [func=normal_key_pressed:line=41] 3 keys registered for detection
2020-02-11 17:19:17,240 [INFO ] [MainThread] [ExperimentEagle.KeyBindingTool] [func=normal_key_pressed:line=43] normal key press detected: KeyEvent(event_type='key_pressed', character='Control', alt_down=False, control_down=True, shift_down=False, handled=False)
2020-02-11 17:19:17,278 [INFO ] [MainThread] [ExperimentEagle.KeyBindingTool] [func=normal_key_pressed:line=43] normal key press detected: KeyEvent(event_type='key_pressed', character='Control', alt_down=False, control_down=True, shift_down=False, handled=False)
2020-02-11 17:19:17,279 [INFO ] [MainThread] [ExperimentEagle.KeyBindingTool] [func=normal_key_pressed:line=43] normal key press detected: KeyEvent(event_type='key_pressed', character='Control', alt_down=False, control_down=True, shift_down=False, handled=False)
2020-02-11 17:19:17,358 [INFO ] [MainThread] [ExperimentEagle.KeyBindingTool] [func=normal_key_pressed:line=40] normal key pressed
2020-02-11 17:19:17,358 [INFO ] [MainThread] [ExperimentEagle.KeyBindingTool] [func=normal_key_pressed:line=41] 3 keys registered for detection
2020-02-11 17:19:17,359 [INFO ] [MainThread] [ExperimentEagle.KeyBindingTool] [func=normal_key_pressed:line=43] normal key press detected: KeyEvent(event_type='key_pressed', character='Left', alt_down=False, control_down=True, shift_down=False, handled=False)
2020-02-11 17:19:17,397 [INFO ] [MainThread] [ExperimentEagle.KeyBindingTool] [func=normal_key_pressed:line=43] normal key press detected: KeyEvent(event_type='key_pressed', character='Left', alt_down=False, control_down=True, shift_down=False, handled=False)
2020-02-11 17:19:17,398 [INFO ] [MainThread] [ExperimentEagle.KeyBindingTool] [func=normal_key_pressed:line=43] normal key press detected: KeyEvent(event_type='key_pressed', character='Left', alt_down=False, control_down=True, shift_down=False, handled=False)
2020-02-11 17:19:17,664 [INFO ] [MainThread] [ExperimentEagle.KeyBindingTool] [func=normal_key_pressed:line=40] normal key pressed
2020-02-11 17:19:17,678 [INFO ] [MainThread] [ExperimentEagle.KeyBindingTool] [func=normal_key_pressed:line=41] 3 keys registered for detection
2020-02-11 17:19:17,680 [INFO ] [MainThread] [ExperimentEagle.KeyBindingTool] [func=normal_key_pressed:line=43] normal key press detected: KeyEvent(event_type='key_pressed', character='Right', alt_down=False, control_down=True, shift_down=False, handled=False)
2020-02-11 17:19:17,683 [INFO ] [MainThread] [ExperimentEagle.KeyBindingTool] [func=normal_key_pressed:line=43] normal key press detected: KeyEvent(event_type='key_pressed', character='Right', alt_down=False, control_down=True, shift_down=False, handled=False)
2020-02-11 17:19:17,684 [INFO ] [MainThread] [ExperimentEagle.KeyBindingTool] [func=normal_key_pressed:line=43] normal key press detected: KeyEvent(event_type='key_pressed', character='Right', alt_down=False, control_down=True, shift_down=False, handled=False)
2020-02-11 17:19:18,154 [INFO ] [MainThread] [ExperimentEagle.KeyBindingTool] [func=normal_key_pressed:line=40] normal key pressed
2020-02-11 17:19:18,167 [INFO ] [MainThread] [ExperimentEagle.KeyBindingTool] [func=normal_key_pressed:line=41] 3 keys registered for detection
2020-02-11 17:19:18,168 [INFO ] [MainThread] [ExperimentEagle.KeyBindingTool] [func=normal_key_pressed:line=43] normal key press detected: KeyEvent(event_type='key_pressed', character='Shift', alt_down=False, control_down=True, shift_down=True, handled=False)
2020-02-11 17:19:18,207 [INFO ] [MainThread] [ExperimentEagle.KeyBindingTool] [func=normal_key_pressed:line=43] normal key press detected: KeyEvent(event_type='key_pressed', character='Shift', alt_down=False, control_down=True, shift_down=True, handled=False)
2020-02-11 17:19:18,209 [INFO ] [MainThread] [ExperimentEagle.KeyBindingTool] [func=normal_key_pressed:line=43] normal key press detected: KeyEvent(event_type='key_pressed', character='Shift', alt_down=False, control_down=True, shift_down=True, handled=False)
2020-02-11 17:19:22,561 [INFO ] [MainThread] [ExperimentEagle.KeyBindingTool] [func=normal_key_pressed:line=40] normal key pressed
2020-02-11 17:19:22,566 [INFO ] [MainThread] [ExperimentEagle.KeyBindingTool] [func=normal_key_pressed:line=41] 3 keys registered for detection
2020-02-11 17:19:22,568 [INFO ] [MainThread] [ExperimentEagle.KeyBindingTool] [func=normal_key_pressed:line=43] normal key press detected: KeyEvent(event_type='key_pressed', character='F11', alt_down=False, control_down=False, shift_down=False, handled=False)
2020-02-11 17:19:22,569 [INFO ] [MainThread] [ExperimentEagle.KeyBindingTool] [func=normal_key_pressed:line=43] normal key press detected: KeyEvent(event_type='key_pressed', character='F11', alt_down=False, control_down=False, shift_down=False, handled=False)
2020-02-11 17:19:22,608 [INFO ] [MainThread] [ExperimentEagle.KeyBindingTool] [func=normal_key_pressed:line=45] key press action found for : <enable.base_tool.KeySpec object at 0x000000000896AFD0>
2020-02-11 17:19:22,608 [INFO ] [MainThread] [ExperimentEagle.experimentEagle] [func=_fixAspectRatioBool_changed:line=956] self.fixAspectRatioBool changed to True
2020-02-11 17:19:22,609 [INFO ] [MainThread] [ExperimentEagle.KeyBindingTool] [func=normal_key_pressed:line=43] normal key press detected: KeyEvent(event_type='key_pressed', character='F11', alt_down=False, control_down=False, shift_down=False, handled=True)
2020-02-11 17:19:25,663 [INFO ] [MainThread] [ExperimentEagle.KeyBindingTool] [func=normal_key_pressed:line=40] normal key pressed
2020-02-11 17:19:25,671 [INFO ] [MainThread] [ExperimentEagle.KeyBindingTool] [func=normal_key_pressed:line=41] 3 keys registered for detection
2020-02-11 17:19:25,671 [INFO ] [MainThread] [ExperimentEagle.KeyBindingTool] [func=normal_key_pressed:line=43] normal key press detected: KeyEvent(event_type='key_pressed', character='F11', alt_down=False, control_down=False, shift_down=False, handled=False)
2020-02-11 17:19:25,674 [INFO ] [MainThread] [ExperimentEagle.KeyBindingTool] [func=normal_key_pressed:line=43] normal key press detected: KeyEvent(event_type='key_pressed', character='F11', alt_down=False, control_down=False, shift_down=False, handled=False)
2020-02-11 17:19:25,676 [INFO ] [MainThread] [ExperimentEagle.KeyBindingTool] [func=normal_key_pressed:line=45] key press action found for : <enable.base_tool.KeySpec object at 0x000000000896AFD0>
2020-02-11 17:19:25,677 [INFO ] [MainThread] [ExperimentEagle.experimentEagle] [func=_fixAspectRatioBool_changed:line=956] self.fixAspectRatioBool changed to True
2020-02-11 17:19:25,677 [INFO ] [MainThread] [ExperimentEagle.KeyBindingTool] [func=normal_key_pressed:line=43] normal key press detected: KeyEvent(event_type='key_pressed', character='F11', alt_down=False, control_down=False, shift_down=False, handled=True)
2020-02-11 17:19:26,953 [INFO ] [MainThread] [ExperimentEagle.KeyBindingTool] [func=normal_key_pressed:line=40] normal key pressed
2020-02-11 17:19:26,967 [INFO ] [MainThread] [ExperimentEagle.KeyBindingTool] [func=normal_key_pressed:line=41] 3 keys registered for detection
2020-02-11 17:19:26,967 [INFO ] [MainThread] [ExperimentEagle.KeyBindingTool] [func=normal_key_pressed:line=43] normal key press detected: KeyEvent(event_type='key_pressed', character='F12', alt_down=False, control_down=False, shift_down=False, handled=False)
2020-02-11 17:19:26,970 [INFO ] [MainThread] [ExperimentEagle.KeyBindingTool] [func=normal_key_pressed:line=43] normal key press detected: KeyEvent(event_type='key_pressed', character='F12', alt_down=False, control_down=False, shift_down=False, handled=False)
2020-02-11 17:19:27,009 [INFO ] [MainThread] [ExperimentEagle.KeyBindingTool] [func=normal_key_pressed:line=43] normal key press detected: KeyEvent(event_type='key_pressed', character='F12', alt_down=False, control_down=False, shift_down=False, handled=False)
2020-02-11 17:19:27,009 [INFO ] [MainThread] [ExperimentEagle.KeyBindingTool] [func=normal_key_pressed:line=45] key press action found for : <enable.base_tool.KeySpec object at 0x00000000027B3860>
2020-02-11 17:19:27,010 [INFO ] [MainThread] [ExperimentEagle.experimentEagle] [func=_zoom_to_fit_region:line=1141] type of range Object = <class 'chaco.data_range_2d.DataRange2D'>
2020-02-11 17:19:27,013 [INFO ] [MainThread] [ExperimentEagle.experimentEagle] [func=_fixAspectRatioBool_changed:line=956] self.fixAspectRatioBool changed to True
2020-02-11 17:19:32,582 [INFO ] [MainThread] [ExperimentEagle.KeyBindingTool] [func=normal_key_pressed:line=40] normal key pressed
2020-02-11 17:19:32,592 [INFO ] [MainThread] [ExperimentEagle.KeyBindingTool] [func=normal_key_pressed:line=41] 3 keys registered for detection
2020-02-11 17:19:32,594 [INFO ] [MainThread] [ExperimentEagle.KeyBindingTool] [func=normal_key_pressed:line=43] normal key press detected: KeyEvent(event_type='key_pressed', character='Alt', alt_down=True, control_down=False, shift_down=False, handled=False)
2020-02-11 17:19:32,596 [INFO ] [MainThread] [ExperimentEagle.KeyBindingTool] [func=normal_key_pressed:line=43] normal key press detected: KeyEvent(event_type='key_pressed', character='Alt', alt_down=True, control_down=False, shift_down=False, handled=False)
2020-02-11 17:19:32,598 [INFO ] [MainThread] [ExperimentEagle.KeyBindingTool] [func=normal_key_pressed:line=43] normal key press detected: KeyEvent(event_type='key_pressed', character='Alt', alt_down=True, control_down=False, shift_down=False, handled=False)
2020-02-11 17:19:46,278 [INFO ] [MainThread] [ExperimentEagle.experimentEagle] [func=_selectedFile_changed:line=988] ######################## Selected File changed ########################
2020-02-11 17:19:46,286 [INFO ] [MainThread] [ExperimentEagle.experimentEagle] [func=_selectedFile_changed:line=990] Update physics
2020-02-11 17:19:46,292 [ERROR] [MainThread] [ExperimentEagle.physicsProperties] [func=updatePhysics:line=122] Found very fresh sequence file. Probably read already variables of next sequence?
2020-02-11 17:19:46,293 [WARNI] [MainThread] [ExperimentEagle.physicsProperties] [func=updatePhysics:line=123] Use second last sequence file instead..
2020-02-11 17:19:46,418 [WARNI] [MainThread] [ExperimentEagle.physicsProperties] [func=updatePhysics:line=127] Age of sequence file: -287.711618662
2020-02-11 17:19:46,538 [INFO ] [MainThread] [ExperimentEagle.experimentEagle] [func=getImageData:line=165] processor = <processors.standardAlta1.StandardAlta1 object at 0x000000000AC15830>
2020-02-11 17:19:46,549 [INFO ] [MainThread] [ExperimentEagle.Processor] [func=process:line=36] using standard Alta 1 process function
2020-02-11 17:19:46,551 [INFO ] [MainThread] [ExperimentEagle.Processor] [func=read:line=38] processor reading file!
2020-02-11 17:19:46,575 [INFO ] [MainThread] [ExperimentEagle.Processor] [func=read:line=38] processor reading file!
2020-02-11 17:19:46,640 [INFO ] [MainThread] [ExperimentEagle.Processor] [func=read:line=38] processor reading file!
2020-02-11 17:19:46,700 [INFO ] [MainThread] [ExperimentEagle.Processor] [func=rescale:line=81] processor: rescale factor = 1.0 using region of shape: 50, 50
2020-02-11 17:19:46,734 [INFO ] [MainThread] [ExperimentEagle.Processor] [func=rescale:line=81] processor: rescale factor = 1.0 using region of shape: 50, 50
2020-02-11 17:19:46,805 [INFO ] [MainThread] [ExperimentEagle.experimentEagle] [func=getImageData:line=169] shape of raw Image = (512,768)
2020-02-11 17:19:46,831 [WARNI] [MainThread] [ExperimentEagle.experimentEagle] [func=getImageData:line=172] number of pixels in image have changed. This causes problems for contour fit plot. Will destroy contour fit plot first
2020-02-11 17:19:46,832 [INFO ] [MainThread] [ExperimentEagle.experimentEagle] [func=_fixAspectRatioBool_changed:line=956] self.fixAspectRatioBool changed to False
2020-02-11 17:19:46,834 [INFO ] [MainThread] [ExperimentEagle.experimentEagle] [func=_fixAspectRatioBool_changed:line=956] self.fixAspectRatioBool changed to True
2020-02-11 17:19:46,835 [WARNI] [MainThread] [ExperimentEagle.Processor] [func=drawRescaleRegion:line=74] drawRescaleRegion
2020-02-11 17:19:46,838 [INFO ] [MainThread] [ExperimentEagle.experimentEagle] [func=getImageData:line=174] continuing after pixels changed = True event
2020-02-11 17:19:46,878 [INFO ] [MainThread] [ExperimentEagle.experimentEagle] [func=update:line=826] updating plot
2020-02-11 17:19:46,881 [INFO ] [MainThread] [ExperimentEagle.experimentEagle] [func=_selectedFile_changed:line=1004] succesfully completed getImageData. Will now break from repetition loop
2020-02-11 17:19:46,882 [INFO ] [MainThread] [ExperimentEagle.experimentEagle] [func=update:line=826] updating plot
2020-02-11 17:20:07,328 [INFO ] [MainThread] [ExperimentEagle.experimentEagle] [func=_forceRefreshButton_fired:line=201] force refresh button fired
2020-02-11 17:20:07,372 [INFO ] [MainThread] [ExperimentEagle.experimentEagle] [func=getImageData:line=165] processor = <processors.standardAlta1.StandardAlta1 object at 0x000000000AC15830>
2020-02-11 17:20:07,391 [INFO ] [MainThread] [ExperimentEagle.Processor] [func=process:line=36] using standard Alta 1 process function
2020-02-11 17:20:07,394 [ERROR] [MainThread] [ExperimentEagle.Processor] [func=process:line=42] Dark or Light picture does not exist!
2020-02-11 17:20:07,394 [INFO ] [MainThread] [ExperimentEagle.Processor] [func=read:line=38] processor reading file!
2020-02-11 17:20:07,417 [INFO ] [MainThread] [ExperimentEagle.experimentEagle] [func=getImageData:line=169] shape of raw Image = (512,768)
2020-02-11 17:20:07,444 [INFO ] [MainThread] [ExperimentEagle.experimentEagle] [func=update:line=826] updating plot
2020-02-11 17:20:07,447 [INFO ] [MainThread] [ExperimentEagle.experimentEagle] [func=_forceRefreshButton_fired:line=201] force refresh button fired
2020-02-11 17:20:07,466 [INFO ] [MainThread] [ExperimentEagle.experimentEagle] [func=getImageData:line=165] processor = <processors.standardAlta1.StandardAlta1 object at 0x000000000AC15830>
2020-02-11 17:20:07,487 [INFO ] [MainThread] [ExperimentEagle.Processor] [func=process:line=36] using standard Alta 1 process function
2020-02-11 17:20:07,490 [ERROR] [MainThread] [ExperimentEagle.Processor] [func=process:line=42] Dark or Light picture does not exist!
2020-02-11 17:20:07,492 [INFO ] [MainThread] [ExperimentEagle.Processor] [func=read:line=38] processor reading file!
2020-02-11 17:20:07,513 [INFO ] [MainThread] [ExperimentEagle.experimentEagle] [func=getImageData:line=169] shape of raw Image = (512,768)
2020-02-11 17:20:07,540 [INFO ] [MainThread] [ExperimentEagle.experimentEagle] [func=update:line=826] updating plot
2020-02-11 17:20:12,270 [INFO ] [MainThread] [ExperimentEagle.experimentEagle] [func=_selectedFile_changed:line=988] ######################## Selected File changed ########################
2020-02-11 17:20:12,278 [INFO ] [MainThread] [ExperimentEagle.experimentEagle] [func=_selectedFile_changed:line=990] Update physics
2020-02-11 17:20:12,415 [WARNI] [MainThread] [ExperimentEagle.physicsProperties] [func=updatePhysics:line=127] Age of sequence file: 18.449587822
2020-02-11 17:20:12,545 [INFO ] [MainThread] [ExperimentEagle.experimentEagle] [func=getImageData:line=165] processor = <processors.standardAlta1.StandardAlta1 object at 0x000000000AC15830>
2020-02-11 17:20:12,546 [INFO ] [MainThread] [ExperimentEagle.Processor] [func=process:line=36] using standard Alta 1 process function
2020-02-11 17:20:12,549 [ERROR] [MainThread] [ExperimentEagle.Processor] [func=process:line=42] Dark or Light picture does not exist!
2020-02-11 17:20:12,549 [INFO ] [MainThread] [ExperimentEagle.Processor] [func=read:line=38] processor reading file!
2020-02-11 17:20:12,571 [INFO ] [MainThread] [ExperimentEagle.experimentEagle] [func=getImageData:line=169] shape of raw Image = (512,768)
2020-02-11 17:20:12,594 [INFO ] [MainThread] [ExperimentEagle.experimentEagle] [func=update:line=826] updating plot
2020-02-11 17:20:12,596 [INFO ] [MainThread] [ExperimentEagle.experimentEagle] [func=_selectedFile_changed:line=1004] succesfully completed getImageData. Will now break from repetition loop
2020-02-11 17:20:12,598 [INFO ] [MainThread] [ExperimentEagle.experimentEagle] [func=update:line=826] updating plot
2020-02-11 17:20:40,286 [INFO ] [MainThread] [ExperimentEagle.experimentEagle] [func=_selectedFile_changed:line=988] ######################## Selected File changed ########################
2020-02-11 17:20:40,295 [INFO ] [MainThread] [ExperimentEagle.experimentEagle] [func=_selectedFile_changed:line=990] Update physics
2020-02-11 17:20:40,448 [WARNI] [MainThread] [ExperimentEagle.physicsProperties] [func=updatePhysics:line=127] Age of sequence file: 17.4877493382
2020-02-11 17:20:40,579 [INFO ] [MainThread] [ExperimentEagle.experimentEagle] [func=getImageData:line=165] processor = <processors.standardAlta1.StandardAlta1 object at 0x000000000AC15830>
2020-02-11 17:20:40,581 [INFO ] [MainThread] [ExperimentEagle.Processor] [func=process:line=36] using standard Alta 1 process function
2020-02-11 17:20:40,585 [INFO ] [MainThread] [ExperimentEagle.Processor] [func=read:line=38] processor reading file!
2020-02-11 17:20:40,644 [INFO ] [MainThread] [ExperimentEagle.Processor] [func=read:line=38] processor reading file!
2020-02-11 17:20:40,707 [INFO ] [MainThread] [ExperimentEagle.Processor] [func=read:line=38] processor reading file!
2020-02-11 17:20:40,755 [ERROR] [MainThread] [ExperimentEagle.experimentEagle] [func=_selectedFile_changed:line=999] Error. received Attribute Error when trying to getImageData. This occurs sometimes and causes duplicate points...
2020-02-11 17:20:40,788 [ERROR] [MainThread] [ExperimentEagle.experimentEagle] [func=_selectedFile_changed:line=1000] Error message :__float__
2020-02-11 17:20:40,789 [ERROR] [MainThread] [ExperimentEagle.experimentEagle] [func=_selectedFile_changed:line=1001] Will sleep and then retry
2020-02-11 17:20:41,421 [INFO ] [MainThread] [ExperimentEagle.experimentEagle] [func=getImageData:line=165] processor = <processors.standardAlta1.StandardAlta1 object at 0x000000000AC15830>
2020-02-11 17:20:41,424 [INFO ] [MainThread] [ExperimentEagle.Processor] [func=process:line=36] using standard Alta 1 process function
2020-02-11 17:20:41,427 [INFO ] [MainThread] [ExperimentEagle.Processor] [func=read:line=38] processor reading file!
2020-02-11 17:20:41,450 [INFO ] [MainThread] [ExperimentEagle.Processor] [func=read:line=38] processor reading file!
2020-02-11 17:20:41,494 [INFO ] [MainThread] [ExperimentEagle.Processor] [func=read:line=38] processor reading file!
2020-02-11 17:20:41,634 [INFO ] [MainThread] [ExperimentEagle.Processor] [func=rescale:line=81] processor: rescale factor = 1.0 using region of shape: 50, 50
2020-02-11 17:20:41,640 [INFO ] [MainThread] [ExperimentEagle.Processor] [func=rescale:line=81] processor: rescale factor = 1.0 using region of shape: 50, 50
2020-02-11 17:20:41,707 [INFO ] [MainThread] [ExperimentEagle.experimentEagle] [func=getImageData:line=169] shape of raw Image = (512,768)
2020-02-11 17:20:41,711 [INFO ] [MainThread] [ExperimentEagle.experimentEagle] [func=update:line=826] updating plot
2020-02-11 17:20:41,713 [INFO ] [MainThread] [ExperimentEagle.experimentEagle] [func=_selectedFile_changed:line=1004] succesfully completed getImageData. Will now break from repetition loop
2020-02-11 17:20:41,713 [INFO ] [MainThread] [ExperimentEagle.experimentEagle] [func=update:line=826] updating plot
2020-02-11 17:20:54,595 [INFO ] [MainThread] [ExperimentEagle.KeyBindingTool] [func=normal_key_pressed:line=40] normal key pressed
2020-02-11 17:20:54,604 [INFO ] [MainThread] [ExperimentEagle.KeyBindingTool] [func=normal_key_pressed:line=41] 3 keys registered for detection
2020-02-11 17:20:54,605 [INFO ] [MainThread] [ExperimentEagle.KeyBindingTool] [func=normal_key_pressed:line=43] normal key press detected: KeyEvent(event_type='key_pressed', character='Menu', alt_down=False, control_down=False, shift_down=False, handled=False)
2020-02-11 17:20:54,608 [INFO ] [MainThread] [ExperimentEagle.KeyBindingTool] [func=normal_key_pressed:line=43] normal key press detected: KeyEvent(event_type='key_pressed', character='Menu', alt_down=False, control_down=False, shift_down=False, handled=False)
2020-02-11 17:20:54,608 [INFO ] [MainThread] [ExperimentEagle.KeyBindingTool] [func=normal_key_pressed:line=43] normal key press detected: KeyEvent(event_type='key_pressed', character='Menu', alt_down=False, control_down=False, shift_down=False, handled=False)
2020-02-11 17:21:08,378 [INFO ] [MainThread] [ExperimentEagle.experimentEagle] [func=_selectedFile_changed:line=988] ######################## Selected File changed ########################
2020-02-11 17:21:08,385 [INFO ] [MainThread] [ExperimentEagle.experimentEagle] [func=_selectedFile_changed:line=990] Update physics
2020-02-11 17:21:08,530 [WARNI] [MainThread] [ExperimentEagle.physicsProperties] [func=updatePhysics:line=127] Age of sequence file: 17.9416201115
2020-02-11 17:21:08,664 [INFO ] [MainThread] [ExperimentEagle.experimentEagle] [func=getImageData:line=165] processor = <processors.standardAlta1.StandardAlta1 object at 0x000000000AC15830>
2020-02-11 17:21:08,671 [INFO ] [MainThread] [ExperimentEagle.Processor] [func=process:line=36] using standard Alta 1 process function
2020-02-11 17:21:08,671 [INFO ] [MainThread] [ExperimentEagle.Processor] [func=read:line=38] processor reading file!
2020-02-11 17:21:08,696 [INFO ] [MainThread] [ExperimentEagle.Processor] [func=read:line=38] processor reading file!
2020-02-11 17:21:08,753 [INFO ] [MainThread] [ExperimentEagle.Processor] [func=read:line=38] processor reading file!
2020-02-11 17:21:08,825 [INFO ] [MainThread] [ExperimentEagle.Processor] [func=rescale:line=81] processor: rescale factor = 1.0 using region of shape: 50, 50
2020-02-11 17:21:08,841 [INFO ] [MainThread] [ExperimentEagle.Processor] [func=rescale:line=81] processor: rescale factor = 1.0 using region of shape: 50, 50
2020-02-11 17:21:08,908 [INFO ] [MainThread] [ExperimentEagle.experimentEagle] [func=getImageData:line=169] shape of raw Image = (512,768)
2020-02-11 17:21:08,911 [INFO ] [MainThread] [ExperimentEagle.experimentEagle] [func=update:line=826] updating plot
2020-02-11 17:21:08,914 [INFO ] [MainThread] [ExperimentEagle.experimentEagle] [func=_selectedFile_changed:line=1004] succesfully completed getImageData. Will now break from repetition loop
2020-02-11 17:21:08,953 [INFO ] [MainThread] [ExperimentEagle.experimentEagle] [func=update:line=826] updating plot
2020-02-11 17:21:36,428 [INFO ] [MainThread] [ExperimentEagle.experimentEagle] [func=_selectedFile_changed:line=988] ######################## Selected File changed ########################
2020-02-11 17:21:36,430 [INFO ] [MainThread] [ExperimentEagle.experimentEagle] [func=_selectedFile_changed:line=990] Update physics
2020-02-11 17:21:36,546 [WARNI] [MainThread] [ExperimentEagle.physicsProperties] [func=updatePhysics:line=127] Age of sequence file: 18.1776685715
2020-02-11 17:21:36,664 [INFO ] [MainThread] [ExperimentEagle.experimentEagle] [func=getImageData:line=165] processor = <processors.standardAlta1.StandardAlta1 object at 0x000000000AC15830>
2020-02-11 17:21:36,677 [INFO ] [MainThread] [ExperimentEagle.Processor] [func=process:line=36] using standard Alta 1 process function
2020-02-11 17:21:36,677 [INFO ] [MainThread] [ExperimentEagle.Processor] [func=read:line=38] processor reading file!
2020-02-11 17:21:36,703 [INFO ] [MainThread] [ExperimentEagle.Processor] [func=read:line=38] processor reading file!
2020-02-11 17:21:36,765 [INFO ] [MainThread] [ExperimentEagle.Processor] [func=read:line=38] processor reading file!
2020-02-11 17:21:36,822 [INFO ] [MainThread] [ExperimentEagle.Processor] [func=rescale:line=81] processor: rescale factor = 1.0 using region of shape: 50, 50
2020-02-11 17:21:36,842 [INFO ] [MainThread] [ExperimentEagle.Processor] [func=rescale:line=81] processor: rescale factor = 1.0 using region of shape: 50, 50
2020-02-11 17:21:36,911 [INFO ] [MainThread] [ExperimentEagle.experimentEagle] [func=getImageData:line=169] shape of raw Image = (512,768)
2020-02-11 17:21:36,937 [INFO ] [MainThread] [ExperimentEagle.experimentEagle] [func=update:line=826] updating plot
2020-02-11 17:21:36,940 [INFO ] [MainThread] [ExperimentEagle.experimentEagle] [func=_selectedFile_changed:line=1004] succesfully completed getImageData. Will now break from repetition loop
2020-02-11 17:21:36,941 [INFO ] [MainThread] [ExperimentEagle.experimentEagle] [func=update:line=826] updating plot
2020-02-11 17:22:04,467 [INFO ] [MainThread] [ExperimentEagle.experimentEagle] [func=_selectedFile_changed:line=988] ######################## Selected File changed ########################
2020-02-11 17:22:04,469 [INFO ] [MainThread] [ExperimentEagle.experimentEagle] [func=_selectedFile_changed:line=990] Update physics
2020-02-11 17:22:04,605 [WARNI] [MainThread] [ExperimentEagle.physicsProperties] [func=updatePhysics:line=127] Age of sequence file: 17.480522871
2020-02-11 17:22:04,739 [INFO ] [MainThread] [ExperimentEagle.experimentEagle] [func=getImageData:line=165] processor = <processors.standardAlta1.StandardAlta1 object at 0x000000000AC15830>
2020-02-11 17:22:04,743 [INFO ] [MainThread] [ExperimentEagle.Processor] [func=process:line=36] using standard Alta 1 process function
2020-02-11 17:22:04,744 [INFO ] [MainThread] [ExperimentEagle.Processor] [func=read:line=38] processor reading file!
2020-02-11 17:22:04,772 [INFO ] [MainThread] [ExperimentEagle.Processor] [func=read:line=38] processor reading file!
2020-02-11 17:22:04,836 [INFO ] [MainThread] [ExperimentEagle.Processor] [func=read:line=38] processor reading file!
2020-02-11 17:22:04,915 [INFO ] [MainThread] [ExperimentEagle.Processor] [func=rescale:line=81] processor: rescale factor = 1.0 using region of shape: 50, 50
2020-02-11 17:22:04,938 [INFO ] [MainThread] [ExperimentEagle.Processor] [func=rescale:line=81] processor: rescale factor = 1.0 using region of shape: 50, 50
2020-02-11 17:22:05,019 [INFO ] [MainThread] [ExperimentEagle.experimentEagle] [func=getImageData:line=169] shape of raw Image = (512,768)
2020-02-11 17:22:05,023 [INFO ] [MainThread] [ExperimentEagle.experimentEagle] [func=update:line=826] updating plot
2020-02-11 17:22:05,028 [INFO ] [MainThread] [ExperimentEagle.experimentEagle] [func=_selectedFile_changed:line=1004] succesfully completed getImageData. Will now break from repetition loop
2020-02-11 17:22:05,029 [INFO ] [MainThread] [ExperimentEagle.experimentEagle] [func=update:line=826] updating plot
2020-02-11 17:22:32,470 [INFO ] [MainThread] [ExperimentEagle.experimentEagle] [func=_selectedFile_changed:line=988] ######################## Selected File changed ########################
2020-02-11 17:22:32,476 [INFO ] [MainThread] [ExperimentEagle.experimentEagle] [func=_selectedFile_changed:line=990] Update physics
2020-02-11 17:22:32,598 [WARNI] [MainThread] [ExperimentEagle.physicsProperties] [func=updatePhysics:line=127] Age of sequence file: 17.9833006859
2020-02-11 17:22:32,730 [INFO ] [MainThread] [ExperimentEagle.experimentEagle] [func=getImageData:line=165] processor = <processors.standardAlta1.StandardAlta1 object at 0x000000000AC15830>
2020-02-11 17:22:32,739 [INFO ] [MainThread] [ExperimentEagle.Processor] [func=process:line=36] using standard Alta 1 process function
2020-02-11 17:22:32,740 [INFO ] [MainThread] [ExperimentEagle.Processor] [func=read:line=38] processor reading file!
2020-02-11 17:22:32,763 [INFO ] [MainThread] [ExperimentEagle.Processor] [func=read:line=38] processor reading file!
2020-02-11 17:22:32,816 [INFO ] [MainThread] [ExperimentEagle.Processor] [func=read:line=38] processor reading file!
2020-02-11 17:22:32,874 [INFO ] [MainThread] [ExperimentEagle.Processor] [func=rescale:line=81] processor: rescale factor = 1.0 using region of shape: 50, 50
2020-02-11 17:22:32,890 [INFO ] [MainThread] [ExperimentEagle.Processor] [func=rescale:line=81] processor: rescale factor = 1.0 using region of shape: 50, 50
2020-02-11 17:22:32,957 [INFO ] [MainThread] [ExperimentEagle.experimentEagle] [func=getImageData:line=169] shape of raw Image = (512,768)
2020-02-11 17:22:32,976 [INFO ] [MainThread] [ExperimentEagle.experimentEagle] [func=update:line=826] updating plot
2020-02-11 17:22:32,979 [INFO ] [MainThread] [ExperimentEagle.experimentEagle] [func=_selectedFile_changed:line=1004] succesfully completed getImageData. Will now break from repetition loop
2020-02-11 17:22:33,017 [INFO ] [MainThread] [ExperimentEagle.experimentEagle] [func=update:line=826] updating plot
2020-02-11 17:23:00,516 [INFO ] [MainThread] [ExperimentEagle.experimentEagle] [func=_selectedFile_changed:line=988] ######################## Selected File changed ########################
2020-02-11 17:23:00,523 [INFO ] [MainThread] [ExperimentEagle.experimentEagle] [func=_selectedFile_changed:line=990] Update physics
2020-02-11 17:23:00,650 [WARNI] [MainThread] [ExperimentEagle.physicsProperties] [func=updatePhysics:line=127] Age of sequence file: 17.5117638111
2020-02-11 17:23:00,766 [INFO ] [MainThread] [ExperimentEagle.experimentEagle] [func=getImageData:line=165] processor = <processors.standardAlta1.StandardAlta1 object at 0x000000000AC15830>
2020-02-11 17:23:00,782 [INFO ] [MainThread] [ExperimentEagle.Processor] [func=process:line=36] using standard Alta 1 process function
2020-02-11 17:23:00,786 [INFO ] [MainThread] [ExperimentEagle.Processor] [func=read:line=38] processor reading file!
2020-02-11 17:23:00,808 [INFO ] [MainThread] [ExperimentEagle.Processor] [func=read:line=38] processor reading file!
2020-02-11 17:23:00,871 [INFO ] [MainThread] [ExperimentEagle.Processor] [func=read:line=38] processor reading file!
2020-02-11 17:23:00,930 [INFO ] [MainThread] [ExperimentEagle.Processor] [func=rescale:line=81] processor: rescale factor = 1.0 using region of shape: 50, 50
2020-02-11 17:23:00,966 [INFO ] [MainThread] [ExperimentEagle.Processor] [func=rescale:line=81] processor: rescale factor = 1.0 using region of shape: 50, 50
2020-02-11 17:23:01,036 [INFO ] [MainThread] [ExperimentEagle.experimentEagle] [func=getImageData:line=169] shape of raw Image = (512,768)
2020-02-11 17:23:01,063 [INFO ] [MainThread] [ExperimentEagle.experimentEagle] [func=update:line=826] updating plot
2020-02-11 17:23:01,068 [INFO ] [MainThread] [ExperimentEagle.experimentEagle] [func=_selectedFile_changed:line=1004] succesfully completed getImageData. Will now break from repetition loop
2020-02-11 17:23:01,105 [INFO ] [MainThread] [ExperimentEagle.experimentEagle] [func=update:line=826] updating plot
2020-02-11 17:23:26,513 [INFO ] [MainThread] [ExperimentEagle.experimentEagle] [func=_selectedFile_changed:line=988] ######################## Selected File changed ########################
2020-02-11 17:23:26,519 [INFO ] [MainThread] [ExperimentEagle.experimentEagle] [func=_selectedFile_changed:line=990] Update physics
2020-02-11 17:23:27,171 [WARNI] [MainThread] [ExperimentEagle.physicsProperties] [func=updatePhysics:line=127] Age of sequence file: 18.0010433197
2020-02-11 17:23:27,311 [INFO ] [MainThread] [ExperimentEagle.experimentEagle] [func=getImageData:line=165] processor = <processors.standardAlta1.StandardAlta1 object at 0x000000000AC15830>
2020-02-11 17:23:27,319 [INFO ] [MainThread] [ExperimentEagle.Processor] [func=process:line=36] using standard Alta 1 process function
2020-02-11 17:23:27,322 [INFO ] [MainThread] [ExperimentEagle.Processor] [func=read:line=38] processor reading file!
2020-02-11 17:23:27,345 [INFO ] [MainThread] [ExperimentEagle.Processor] [func=read:line=38] processor reading file!
2020-02-11 17:23:27,398 [INFO ] [MainThread] [ExperimentEagle.Processor] [func=read:line=38] processor reading file!
2020-02-11 17:23:27,460 [INFO ] [MainThread] [ExperimentEagle.Processor] [func=rescale:line=81] processor: rescale factor = 1.0 using region of shape: 50, 50
2020-02-11 17:23:27,480 [INFO ] [MainThread] [ExperimentEagle.Processor] [func=rescale:line=81] processor: rescale factor = 1.0 using region of shape: 50, 50
2020-02-11 17:23:27,592 [INFO ] [MainThread] [ExperimentEagle.experimentEagle] [func=getImageData:line=169] shape of raw Image = (512,768)
2020-02-11 17:23:27,595 [INFO ] [MainThread] [ExperimentEagle.experimentEagle] [func=update:line=826] updating plot
2020-02-11 17:23:27,599 [INFO ] [MainThread] [ExperimentEagle.experimentEagle] [func=_selectedFile_changed:line=1004] succesfully completed getImageData. Will now break from repetition loop
2020-02-11 17:23:27,601 [INFO ] [MainThread] [ExperimentEagle.experimentEagle] [func=update:line=826] updating plot
2020-02-11 17:23:54,563 [INFO ] [MainThread] [ExperimentEagle.experimentEagle] [func=_selectedFile_changed:line=988] ######################## Selected File changed ########################
2020-02-11 17:23:54,572 [INFO ] [MainThread] [ExperimentEagle.experimentEagle] [func=_selectedFile_changed:line=990] Update physics
2020-02-11 17:23:54,700 [WARNI] [MainThread] [ExperimentEagle.physicsProperties] [func=updatePhysics:line=127] Age of sequence file: 18.0227255821
2020-02-11 17:23:54,823 [INFO ] [MainThread] [ExperimentEagle.experimentEagle] [func=getImageData:line=165] processor = <processors.standardAlta1.StandardAlta1 object at 0x000000000AC15830>
2020-02-11 17:23:54,828 [INFO ] [MainThread] [ExperimentEagle.Processor] [func=process:line=36] using standard Alta 1 process function
2020-02-11 17:23:54,829 [ERROR] [MainThread] [ExperimentEagle.Processor] [func=process:line=42] Dark or Light picture does not exist!
2020-02-11 17:23:54,868 [INFO ] [MainThread] [ExperimentEagle.Processor] [func=read:line=38] processor reading file!
2020-02-11 17:23:54,891 [INFO ] [MainThread] [ExperimentEagle.experimentEagle] [func=getImageData:line=169] shape of raw Image = (512,768)
2020-02-11 17:23:54,928 [INFO ] [MainThread] [ExperimentEagle.experimentEagle] [func=update:line=826] updating plot
2020-02-11 17:23:54,930 [INFO ] [MainThread] [ExperimentEagle.experimentEagle] [func=_selectedFile_changed:line=1004] succesfully completed getImageData. Will now break from repetition loop
2020-02-11 17:23:54,934 [INFO ] [MainThread] [ExperimentEagle.experimentEagle] [func=update:line=826] updating plot
2020-02-11 17:24:22,621 [INFO ] [MainThread] [ExperimentEagle.experimentEagle] [func=_selectedFile_changed:line=988] ######################## Selected File changed ########################
2020-02-11 17:24:22,628 [INFO ] [MainThread] [ExperimentEagle.experimentEagle] [func=_selectedFile_changed:line=990] Update physics
2020-02-11 17:24:22,753 [WARNI] [MainThread] [ExperimentEagle.physicsProperties] [func=updatePhysics:line=127] Age of sequence file: 17.419303894
2020-02-11 17:24:22,875 [INFO ] [MainThread] [ExperimentEagle.experimentEagle] [func=getImageData:line=165] processor = <processors.standardAlta1.StandardAlta1 object at 0x000000000AC15830>
2020-02-11 17:24:22,882 [INFO ] [MainThread] [ExperimentEagle.Processor] [func=process:line=36] using standard Alta 1 process function
2020-02-11 17:24:22,887 [INFO ] [MainThread] [ExperimentEagle.Processor] [func=read:line=38] processor reading file!
2020-02-11 17:24:22,941 [INFO ] [MainThread] [ExperimentEagle.Processor] [func=read:line=38] processor reading file!
2020-02-11 17:24:22,993 [INFO ] [MainThread] [ExperimentEagle.Processor] [func=read:line=38] processor reading file!
2020-02-11 17:24:23,069 [INFO ] [MainThread] [ExperimentEagle.Processor] [func=rescale:line=81] processor: rescale factor = 1.0 using region of shape: 50, 50
2020-02-11 17:24:23,101 [INFO ] [MainThread] [ExperimentEagle.Processor] [func=rescale:line=81] processor: rescale factor = 1.0 using region of shape: 50, 50
2020-02-11 17:24:23,165 [INFO ] [MainThread] [ExperimentEagle.experimentEagle] [func=getImageData:line=169] shape of raw Image = (512,768)
2020-02-11 17:24:23,190 [INFO ] [MainThread] [ExperimentEagle.experimentEagle] [func=update:line=826] updating plot
2020-02-11 17:24:23,196 [INFO ] [MainThread] [ExperimentEagle.experimentEagle] [func=_selectedFile_changed:line=1004] succesfully completed getImageData. Will now break from repetition loop
2020-02-11 17:24:23,197 [INFO ] [MainThread] [ExperimentEagle.experimentEagle] [func=update:line=826] updating plot
2020-02-11 17:24:50,644 [INFO ] [MainThread] [ExperimentEagle.experimentEagle] [func=_selectedFile_changed:line=988] ######################## Selected File changed ########################
2020-02-11 17:24:50,647 [INFO ] [MainThread] [ExperimentEagle.experimentEagle] [func=_selectedFile_changed:line=990] Update physics
2020-02-11 17:24:50,782 [WARNI] [MainThread] [ExperimentEagle.physicsProperties] [func=updatePhysics:line=127] Age of sequence file: 17.9005064964
2020-02-11 17:24:50,910 [INFO ] [MainThread] [ExperimentEagle.experimentEagle] [func=getImageData:line=165] processor = <processors.standardAlta1.StandardAlta1 object at 0x000000000AC15830>
2020-02-11 17:24:50,915 [INFO ] [MainThread] [ExperimentEagle.Processor] [func=process:line=36] using standard Alta 1 process function
2020-02-11 17:24:50,917 [INFO ] [MainThread] [ExperimentEagle.Processor] [func=read:line=38] processor reading file!
2020-02-11 17:24:50,940 [INFO ] [MainThread] [ExperimentEagle.Processor] [func=read:line=38] processor reading file!
2020-02-11 17:24:50,993 [INFO ] [MainThread] [ExperimentEagle.Processor] [func=read:line=38] processor reading file!
2020-02-11 17:24:51,052 [INFO ] [MainThread] [ExperimentEagle.Processor] [func=rescale:line=81] processor: rescale factor = 1.0 using region of shape: 50, 50
2020-02-11 17:24:51,071 [INFO ] [MainThread] [ExperimentEagle.Processor] [func=rescale:line=81] processor: rescale factor = 1.0 using region of shape: 50, 50
2020-02-11 17:24:51,138 [INFO ] [MainThread] [ExperimentEagle.experimentEagle] [func=getImageData:line=169] shape of raw Image = (512,768)
2020-02-11 17:24:51,167 [INFO ] [MainThread] [ExperimentEagle.experimentEagle] [func=update:line=826] updating plot
2020-02-11 17:24:51,171 [INFO ] [MainThread] [ExperimentEagle.experimentEagle] [func=_selectedFile_changed:line=1004] succesfully completed getImageData. Will now break from repetition loop
2020-02-11 17:24:51,171 [INFO ] [MainThread] [ExperimentEagle.experimentEagle] [func=update:line=826] updating plot
2020-02-11 17:25:18,724 [INFO ] [MainThread] [ExperimentEagle.experimentEagle] [func=_selectedFile_changed:line=988] ######################## Selected File changed ########################
2020-02-11 17:25:18,726 [INFO ] [MainThread] [ExperimentEagle.experimentEagle] [func=_selectedFile_changed:line=990] Update physics
2020-02-11 17:25:18,839 [WARNI] [MainThread] [ExperimentEagle.physicsProperties] [func=updatePhysics:line=127] Age of sequence file: 18.139695406
2020-02-11 17:25:18,956 [INFO ] [MainThread] [ExperimentEagle.experimentEagle] [func=getImageData:line=165] processor = <processors.standardAlta1.StandardAlta1 object at 0x000000000AC15830>
2020-02-11 17:25:18,971 [INFO ] [MainThread] [ExperimentEagle.Processor] [func=process:line=36] using standard Alta 1 process function
2020-02-11 17:25:18,973 [INFO ] [MainThread] [ExperimentEagle.Processor] [func=read:line=38] processor reading file!
2020-02-11 17:25:18,996 [INFO ] [MainThread] [ExperimentEagle.Processor] [func=read:line=38] processor reading file!
2020-02-11 17:25:19,055 [INFO ] [MainThread] [ExperimentEagle.Processor] [func=read:line=38] processor reading file!
2020-02-11 17:25:19,111 [INFO ] [MainThread] [ExperimentEagle.Processor] [func=rescale:line=81] processor: rescale factor = 1.0 using region of shape: 50, 50
2020-02-11 17:25:19,131 [INFO ] [MainThread] [ExperimentEagle.Processor] [func=rescale:line=81] processor: rescale factor = 1.0 using region of shape: 50, 50
2020-02-11 17:25:19,198 [INFO ] [MainThread] [ExperimentEagle.experimentEagle] [func=getImageData:line=169] shape of raw Image = (512,768)
2020-02-11 17:25:19,201 [INFO ] [MainThread] [ExperimentEagle.experimentEagle] [func=update:line=826] updating plot
2020-02-11 17:25:19,203 [INFO ] [MainThread] [ExperimentEagle.experimentEagle] [func=_selectedFile_changed:line=1004] succesfully completed getImageData. Will now break from repetition loop
2020-02-11 17:25:19,204 [INFO ] [MainThread] [ExperimentEagle.experimentEagle] [func=update:line=826] updating plot
2020-02-11 17:25:46,746 [INFO ] [MainThread] [ExperimentEagle.experimentEagle] [func=_selectedFile_changed:line=988] ######################## Selected File changed ########################
2020-02-11 17:25:46,746 [INFO ] [MainThread] [ExperimentEagle.experimentEagle] [func=_selectedFile_changed:line=990] Update physics
2020-02-11 17:25:46,878 [WARNI] [MainThread] [ExperimentEagle.physicsProperties] [func=updatePhysics:line=127] Age of sequence file: 17.4752976894
2020-02-11 17:25:46,996 [INFO ] [MainThread] [ExperimentEagle.experimentEagle] [func=getImageData:line=165] processor = <processors.standardAlta1.StandardAlta1 object at 0x000000000AC15830>
2020-02-11 17:25:47,012 [INFO ] [MainThread] [ExperimentEagle.Processor] [func=process:line=36] using standard Alta 1 process function
2020-02-11 17:25:47,013 [INFO ] [MainThread] [ExperimentEagle.Processor] [func=read:line=38] processor reading file!
2020-02-11 17:25:47,036 [INFO ] [MainThread] [ExperimentEagle.Processor] [func=read:line=38] processor reading file!
2020-02-11 17:25:47,099 [INFO ] [MainThread] [ExperimentEagle.Processor] [func=read:line=38] processor reading file!
2020-02-11 17:25:47,171 [INFO ] [MainThread] [ExperimentEagle.Processor] [func=rescale:line=81] processor: rescale factor = 1.0 using region of shape: 50, 50
2020-02-11 17:25:47,187 [INFO ] [MainThread] [ExperimentEagle.Processor] [func=rescale:line=81] processor: rescale factor = 1.0 using region of shape: 50, 50
2020-02-11 17:25:47,256 [INFO ] [MainThread] [ExperimentEagle.experimentEagle] [func=getImageData:line=169] shape of raw Image = (512,768)
2020-02-11 17:25:47,259 [INFO ] [MainThread] [ExperimentEagle.experimentEagle] [func=update:line=826] updating plot
2020-02-11 17:25:47,260 [INFO ] [MainThread] [ExperimentEagle.experimentEagle] [func=_selectedFile_changed:line=1004] succesfully completed getImageData. Will now break from repetition loop
2020-02-11 17:25:47,263 [INFO ] [MainThread] [ExperimentEagle.experimentEagle] [func=update:line=826] updating plot
2020-02-11 17:26:12,767 [INFO ] [MainThread] [ExperimentEagle.experimentEagle] [func=_selectedFile_changed:line=988] ######################## Selected File changed ########################
2020-02-11 17:26:12,775 [INFO ] [MainThread] [ExperimentEagle.experimentEagle] [func=_selectedFile_changed:line=990] Update physics
2020-02-11 17:26:12,904 [WARNI] [MainThread] [ExperimentEagle.physicsProperties] [func=updatePhysics:line=127] Age of sequence file: 18.2334647179
2020-02-11 17:26:13,026 [INFO ] [MainThread] [ExperimentEagle.experimentEagle] [func=getImageData:line=165] processor = <processors.standardAlta1.StandardAlta1 object at 0x000000000AC15830>
2020-02-11 17:26:13,036 [INFO ] [MainThread] [ExperimentEagle.Processor] [func=process:line=36] using standard Alta 1 process function
2020-02-11 17:26:13,039 [ERROR] [MainThread] [ExperimentEagle.Processor] [func=process:line=42] Dark or Light picture does not exist!
2020-02-11 17:26:13,040 [INFO ] [MainThread] [ExperimentEagle.Processor] [func=read:line=38] processor reading file!
2020-02-11 17:26:13,104 [INFO ] [MainThread] [ExperimentEagle.experimentEagle] [func=getImageData:line=169] shape of raw Image = (512,768)
2020-02-11 17:26:13,134 [INFO ] [MainThread] [ExperimentEagle.experimentEagle] [func=update:line=826] updating plot
2020-02-11 17:26:13,137 [INFO ] [MainThread] [ExperimentEagle.experimentEagle] [func=_selectedFile_changed:line=1004] succesfully completed getImageData. Will now break from repetition loop
2020-02-11 17:26:13,138 [INFO ] [MainThread] [ExperimentEagle.experimentEagle] [func=update:line=826] updating plot
2020-02-11 17:26:40,753 [INFO ] [MainThread] [ExperimentEagle.experimentEagle] [func=_selectedFile_changed:line=988] ######################## Selected File changed ########################
2020-02-11 17:26:40,760 [INFO ] [MainThread] [ExperimentEagle.experimentEagle] [func=_selectedFile_changed:line=990] Update physics
2020-02-11 17:26:40,882 [WARNI] [MainThread] [ExperimentEagle.physicsProperties] [func=updatePhysics:line=127] Age of sequence file: 18.1396481991
2020-02-11 17:26:41,009 [INFO ] [MainThread] [ExperimentEagle.experimentEagle] [func=getImageData:line=165] processor = <processors.standardAlta1.StandardAlta1 object at 0x000000000AC15830>
2020-02-11 17:26:41,016 [INFO ] [MainThread] [ExperimentEagle.Processor] [func=process:line=36] using standard Alta 1 process function
2020-02-11 17:26:41,017 [ERROR] [MainThread] [ExperimentEagle.Processor] [func=process:line=42] Dark or Light picture does not exist!
2020-02-11 17:26:41,019 [INFO ] [MainThread] [ExperimentEagle.Processor] [func=read:line=38] processor reading file!
2020-02-11 17:26:41,040 [INFO ] [MainThread] [ExperimentEagle.experimentEagle] [func=getImageData:line=169] shape of raw Image = (512,768)
2020-02-11 17:26:41,065 [INFO ] [MainThread] [ExperimentEagle.experimentEagle] [func=update:line=826] updating plot
2020-02-11 17:26:41,069 [INFO ] [MainThread] [ExperimentEagle.experimentEagle] [func=_selectedFile_changed:line=1004] succesfully completed getImageData. Will now break from repetition loop
2020-02-11 17:26:41,069 [INFO ] [MainThread] [ExperimentEagle.experimentEagle] [func=update:line=826] updating plot
2020-02-11 17:27:08,802 [INFO ] [MainThread] [ExperimentEagle.experimentEagle] [func=_selectedFile_changed:line=988] ######################## Selected File changed ########################
2020-02-11 17:27:08,812 [INFO ] [MainThread] [ExperimentEagle.experimentEagle] [func=_selectedFile_changed:line=990] Update physics
2020-02-11 17:27:08,934 [WARNI] [MainThread] [ExperimentEagle.physicsProperties] [func=updatePhysics:line=127] Age of sequence file: 17.5601334572
2020-02-11 17:27:09,055 [INFO ] [MainThread] [ExperimentEagle.experimentEagle] [func=getImageData:line=165] processor = <processors.standardAlta1.StandardAlta1 object at 0x000000000AC15830>
2020-02-11 17:27:09,062 [INFO ] [MainThread] [ExperimentEagle.Processor] [func=process:line=36] using standard Alta 1 process function
2020-02-11 17:27:09,066 [ERROR] [MainThread] [ExperimentEagle.Processor] [func=process:line=42] Dark or Light picture does not exist!
2020-02-11 17:27:09,068 [INFO ] [MainThread] [ExperimentEagle.Processor] [func=read:line=38] processor reading file!
2020-02-11 17:27:09,089 [INFO ] [MainThread] [ExperimentEagle.experimentEagle] [func=getImageData:line=169] shape of raw Image = (512,768)
2020-02-11 17:27:09,115 [INFO ] [MainThread] [ExperimentEagle.experimentEagle] [func=update:line=826] updating plot
2020-02-11 17:27:09,118 [INFO ] [MainThread] [ExperimentEagle.experimentEagle] [func=_selectedFile_changed:line=1004] succesfully completed getImageData. Will now break from repetition loop
2020-02-11 17:27:09,118 [INFO ] [MainThread] [ExperimentEagle.experimentEagle] [func=update:line=826] updating plot
2020-02-11 17:27:37,134 [INFO ] [MainThread] [ExperimentEagle.experimentEagle] [func=_selectedFile_changed:line=988] ######################## Selected File changed ########################
2020-02-11 17:27:37,142 [INFO ] [MainThread] [ExperimentEagle.experimentEagle] [func=_selectedFile_changed:line=990] Update physics
2020-02-11 17:27:37,342 [WARNI] [MainThread] [ExperimentEagle.physicsProperties] [func=updatePhysics:line=127] Age of sequence file: 17.9505338669
2020-02-11 17:27:37,483 [INFO ] [MainThread] [ExperimentEagle.experimentEagle] [func=getImageData:line=165] processor = <processors.standardAlta1.StandardAlta1 object at 0x000000000AC15830>
2020-02-11 17:27:37,486 [INFO ] [MainThread] [ExperimentEagle.Processor] [func=process:line=36] using standard Alta 1 process function
2020-02-11 17:27:37,490 [INFO ] [MainThread] [ExperimentEagle.Processor] [func=read:line=38] processor reading file!
2020-02-11 17:27:37,522 [INFO ] [MainThread] [ExperimentEagle.Processor] [func=read:line=38] processor reading file!
2020-02-11 17:27:37,618 [INFO ] [MainThread] [ExperimentEagle.Processor] [func=read:line=38] processor reading file!
2020-02-11 17:27:37,697 [INFO ] [MainThread] [ExperimentEagle.Processor] [func=rescale:line=81] processor: rescale factor = 1.0 using region of shape: 50, 50
2020-02-11 17:27:37,756 [INFO ] [MainThread] [ExperimentEagle.Processor] [func=rescale:line=81] processor: rescale factor = 1.0 using region of shape: 50, 50
2020-02-11 17:27:37,855 [INFO ] [MainThread] [ExperimentEagle.experimentEagle] [func=getImageData:line=169] shape of raw Image = (512,768)
2020-02-11 17:27:37,858 [INFO ] [MainThread] [ExperimentEagle.experimentEagle] [func=update:line=826] updating plot
2020-02-11 17:27:37,862 [INFO ] [MainThread] [ExperimentEagle.experimentEagle] [func=_selectedFile_changed:line=1004] succesfully completed getImageData. Will now break from repetition loop
2020-02-11 17:27:37,864 [INFO ] [MainThread] [ExperimentEagle.experimentEagle] [func=update:line=826] updating plot
2020-02-11 17:27:40,400 [INFO ] [MainThread] [ExperimentEagle.experimentEagle] [func=_forceRefreshButton_fired:line=201] force refresh button fired
2020-02-11 17:27:40,437 [INFO ] [MainThread] [ExperimentEagle.experimentEagle] [func=getImageData:line=165] processor = <processors.standardAlta1.StandardAlta1 object at 0x000000000AC15830>
2020-02-11 17:27:40,516 [INFO ] [MainThread] [ExperimentEagle.Processor] [func=process:line=36] using standard Alta 1 process function
2020-02-11 17:27:40,523 [INFO ] [MainThread] [ExperimentEagle.Processor] [func=read:line=38] processor reading file!
2020-02-11 17:27:40,555 [INFO ] [MainThread] [ExperimentEagle.Processor] [func=read:line=38] processor reading file!
2020-02-11 17:27:40,631 [INFO ] [MainThread] [ExperimentEagle.Processor] [func=read:line=38] processor reading file!
2020-02-11 17:27:40,782 [INFO ] [MainThread] [ExperimentEagle.Processor] [func=rescale:line=81] processor: rescale factor = 1.0 using region of shape: 50, 50
2020-02-11 17:27:40,825 [INFO ] [MainThread] [ExperimentEagle.Processor] [func=rescale:line=81] processor: rescale factor = 1.0 using region of shape: 50, 50
2020-02-11 17:27:40,928 [INFO ] [MainThread] [ExperimentEagle.experimentEagle] [func=getImageData:line=169] shape of raw Image = (512,768)
2020-02-11 17:27:40,940 [INFO ] [MainThread] [ExperimentEagle.experimentEagle] [func=update:line=826] updating plot
2020-02-11 17:27:40,947 [INFO ] [MainThread] [ExperimentEagle.experimentEagle] [func=_forceRefreshButton_fired:line=201] force refresh button fired
2020-02-11 17:27:40,982 [INFO ] [MainThread] [ExperimentEagle.experimentEagle] [func=getImageData:line=165] processor = <processors.standardAlta1.StandardAlta1 object at 0x000000000AC15830>
2020-02-11 17:27:41,071 [INFO ] [MainThread] [ExperimentEagle.Processor] [func=process:line=36] using standard Alta 1 process function
2020-02-11 17:27:41,073 [INFO ] [MainThread] [ExperimentEagle.Processor] [func=read:line=38] processor reading file!
2020-02-11 17:27:41,105 [INFO ] [MainThread] [ExperimentEagle.Processor] [func=read:line=38] processor reading file!
2020-02-11 17:27:41,256 [INFO ] [MainThread] [ExperimentEagle.Processor] [func=read:line=38] processor reading file!
2020-02-11 17:27:41,431 [INFO ] [MainThread] [ExperimentEagle.Processor] [func=rescale:line=81] processor: rescale factor = 1.0 using region of shape: 50, 50
2020-02-11 17:27:41,546 [INFO ] [MainThread] [ExperimentEagle.Processor] [func=rescale:line=81] processor: rescale factor = 1.0 using region of shape: 50, 50
2020-02-11 17:27:41,647 [INFO ] [MainThread] [ExperimentEagle.experimentEagle] [func=getImageData:line=169] shape of raw Image = (512,768)
2020-02-11 17:27:41,743 [INFO ] [MainThread] [ExperimentEagle.experimentEagle] [func=update:line=826] updating plot
2020-02-11 17:27:46,119 [INFO ] [MainThread] [ExperimentEagle.experimentEagle] [func=_forceRefreshButton_fired:line=201] force refresh button fired
2020-02-11 17:27:46,153 [INFO ] [MainThread] [ExperimentEagle.experimentEagle] [func=getImageData:line=165] processor = <processors.standardAlta1.StandardAlta1 object at 0x000000000AC15830>
2020-02-11 17:27:46,187 [INFO ] [MainThread] [ExperimentEagle.Processor] [func=process:line=36] using standard Alta 1 process function
2020-02-11 17:27:46,190 [INFO ] [MainThread] [ExperimentEagle.Processor] [func=read:line=38] processor reading file!
2020-02-11 17:27:46,210 [INFO ] [MainThread] [ExperimentEagle.Processor] [func=read:line=38] processor reading file!
2020-02-11 17:27:46,236 [INFO ] [MainThread] [ExperimentEagle.Processor] [func=read:line=38] processor reading file!
2020-02-11 17:27:46,289 [INFO ] [MainThread] [ExperimentEagle.Processor] [func=rescale:line=81] processor: rescale factor = 1.0 using region of shape: 50, 50
2020-02-11 17:27:46,319 [INFO ] [MainThread] [ExperimentEagle.Processor] [func=rescale:line=81] processor: rescale factor = 1.0 using region of shape: 50, 50
2020-02-11 17:27:46,391 [INFO ] [MainThread] [ExperimentEagle.experimentEagle] [func=getImageData:line=169] shape of raw Image = (512,768)
2020-02-11 17:27:46,394 [INFO ] [MainThread] [ExperimentEagle.experimentEagle] [func=update:line=826] updating plot
2020-02-11 17:27:46,401 [INFO ] [MainThread] [ExperimentEagle.experimentEagle] [func=_forceRefreshButton_fired:line=201] force refresh button fired
2020-02-11 17:27:46,457 [INFO ] [MainThread] [ExperimentEagle.experimentEagle] [func=getImageData:line=165] processor = <processors.standardAlta1.StandardAlta1 object at 0x000000000AC15830>
2020-02-11 17:27:46,460 [INFO ] [MainThread] [ExperimentEagle.Processor] [func=process:line=36] using standard Alta 1 process function
2020-02-11 17:27:46,460 [INFO ] [MainThread] [ExperimentEagle.Processor] [func=read:line=38] processor reading file!
2020-02-11 17:27:46,483 [INFO ] [MainThread] [ExperimentEagle.Processor] [func=read:line=38] processor reading file!
2020-02-11 17:27:46,529 [INFO ] [MainThread] [ExperimentEagle.Processor] [func=read:line=38] processor reading file!
2020-02-11 17:27:46,596 [INFO ] [MainThread] [ExperimentEagle.Processor] [func=rescale:line=81] processor: rescale factor = 1.0 using region of shape: 50, 50
2020-02-11 17:27:46,632 [INFO ] [MainThread] [ExperimentEagle.Processor] [func=rescale:line=81] processor: rescale factor = 1.0 using region of shape: 50, 50
2020-02-11 17:27:46,703 [INFO ] [MainThread] [ExperimentEagle.experimentEagle] [func=getImageData:line=169] shape of raw Image = (512,768)
2020-02-11 17:27:46,706 [INFO ] [MainThread] [ExperimentEagle.experimentEagle] [func=update:line=826] updating plot
2020-02-11 17:28:05,134 [INFO ] [MainThread] [ExperimentEagle.experimentEagle] [func=_selectedFile_changed:line=988] ######################## Selected File changed ########################
2020-02-11 17:28:05,137 [INFO ] [MainThread] [ExperimentEagle.experimentEagle] [func=_selectedFile_changed:line=990] Update physics
2020-02-11 17:28:05,260 [WARNI] [MainThread] [ExperimentEagle.physicsProperties] [func=updatePhysics:line=127] Age of sequence file: 17.2975206375
2020-02-11 17:28:05,388 [INFO ] [MainThread] [ExperimentEagle.experimentEagle] [func=getImageData:line=165] processor = <processors.standardAlta1.StandardAlta1 object at 0x000000000AC15830>
2020-02-11 17:28:05,390 [INFO ] [MainThread] [ExperimentEagle.Processor] [func=process:line=36] using standard Alta 1 process function
2020-02-11 17:28:05,391 [INFO ] [MainThread] [ExperimentEagle.Processor] [func=read:line=38] processor reading file!
2020-02-11 17:28:05,413 [INFO ] [MainThread] [ExperimentEagle.Processor] [func=read:line=38] processor reading file!
2020-02-11 17:28:05,473 [INFO ] [MainThread] [ExperimentEagle.Processor] [func=read:line=38] processor reading file!
2020-02-11 17:28:05,548 [INFO ] [MainThread] [ExperimentEagle.Processor] [func=rescale:line=81] processor: rescale factor = 1.0 using region of shape: 50, 50
2020-02-11 17:28:05,572 [INFO ] [MainThread] [ExperimentEagle.Processor] [func=rescale:line=81] processor: rescale factor = 1.0 using region of shape: 50, 50
2020-02-11 17:28:05,642 [INFO ] [MainThread] [ExperimentEagle.experimentEagle] [func=getImageData:line=169] shape of raw Image = (512,768)
2020-02-11 17:28:05,644 [INFO ] [MainThread] [ExperimentEagle.experimentEagle] [func=update:line=826] updating plot
2020-02-11 17:28:05,648 [INFO ] [MainThread] [ExperimentEagle.experimentEagle] [func=_selectedFile_changed:line=1004] succesfully completed getImageData. Will now break from repetition loop
2020-02-11 17:28:05,690 [INFO ] [MainThread] [ExperimentEagle.experimentEagle] [func=update:line=826] updating plot
2020-02-11 17:28:33,131 [INFO ] [MainThread] [ExperimentEagle.experimentEagle] [func=_selectedFile_changed:line=988] ######################## Selected File changed ########################
2020-02-11 17:28:33,131 [INFO ] [MainThread] [ExperimentEagle.experimentEagle] [func=_selectedFile_changed:line=990] Update physics
2020-02-11 17:28:33,286 [WARNI] [MainThread] [ExperimentEagle.physicsProperties] [func=updatePhysics:line=127] Age of sequence file: 17.5962340832
2020-02-11 17:28:33,426 [INFO ] [MainThread] [ExperimentEagle.experimentEagle] [func=getImageData:line=165] processor = <processors.standardAlta1.StandardAlta1 object at 0x000000000AC15830>
2020-02-11 17:28:33,427 [INFO ] [MainThread] [ExperimentEagle.Processor] [func=process:line=36] using standard Alta 1 process function
2020-02-11 17:28:33,430 [INFO ] [MainThread] [ExperimentEagle.Processor] [func=read:line=38] processor reading file!
2020-02-11 17:28:33,457 [INFO ] [MainThread] [ExperimentEagle.Processor] [func=read:line=38] processor reading file!
2020-02-11 17:28:33,517 [INFO ] [MainThread] [ExperimentEagle.Processor] [func=read:line=38] processor reading file!
2020-02-11 17:28:33,601 [INFO ] [MainThread] [ExperimentEagle.Processor] [func=rescale:line=81] processor: rescale factor = 1.0 using region of shape: 50, 50
2020-02-11 17:28:33,657 [INFO ] [MainThread] [ExperimentEagle.Processor] [func=rescale:line=81] processor: rescale factor = 1.0 using region of shape: 50, 50
2020-02-11 17:28:33,755 [INFO ] [MainThread] [ExperimentEagle.experimentEagle] [func=getImageData:line=169] shape of raw Image = (512,768)
2020-02-11 17:28:33,757 [INFO ] [MainThread] [ExperimentEagle.experimentEagle] [func=update:line=826] updating plot
2020-02-11 17:28:33,762 [INFO ] [MainThread] [ExperimentEagle.experimentEagle] [func=_selectedFile_changed:line=1004] succesfully completed getImageData. Will now break from repetition loop
2020-02-11 17:28:33,763 [INFO ] [MainThread] [ExperimentEagle.experimentEagle] [func=update:line=826] updating plot
2020-02-11 17:29:01,131 [INFO ] [MainThread] [ExperimentEagle.experimentEagle] [func=_selectedFile_changed:line=988] ######################## Selected File changed ########################
2020-02-11 17:29:01,131 [INFO ] [MainThread] [ExperimentEagle.experimentEagle] [func=_selectedFile_changed:line=990] Update physics
2020-02-11 17:29:01,260 [WARNI] [MainThread] [ExperimentEagle.physicsProperties] [func=updatePhysics:line=127] Age of sequence file: 18.0214555264
2020-02-11 17:29:01,394 [INFO ] [MainThread] [ExperimentEagle.experimentEagle] [func=getImageData:line=165] processor = <processors.standardAlta1.StandardAlta1 object at 0x000000000AC15830>
2020-02-11 17:29:01,397 [INFO ] [MainThread] [ExperimentEagle.Processor] [func=process:line=36] using standard Alta 1 process function
2020-02-11 17:29:01,398 [INFO ] [MainThread] [ExperimentEagle.Processor] [func=read:line=38] processor reading file!
2020-02-11 17:29:01,423 [INFO ] [MainThread] [ExperimentEagle.Processor] [func=read:line=38] processor reading file!
2020-02-11 17:29:01,480 [INFO ] [MainThread] [ExperimentEagle.Processor] [func=read:line=38] processor reading file!
2020-02-11 17:29:01,549 [INFO ] [MainThread] [ExperimentEagle.Processor] [func=rescale:line=81] processor: rescale factor = 1.0 using region of shape: 50, 50
2020-02-11 17:29:01,553 [INFO ] [MainThread] [ExperimentEagle.Processor] [func=rescale:line=81] processor: rescale factor = 1.0 using region of shape: 50, 50
2020-02-11 17:29:01,634 [INFO ] [MainThread] [ExperimentEagle.experimentEagle] [func=getImageData:line=169] shape of raw Image = (512,768)
2020-02-11 17:29:01,668 [INFO ] [MainThread] [ExperimentEagle.experimentEagle] [func=update:line=826] updating plot
2020-02-11 17:29:01,671 [INFO ] [MainThread] [ExperimentEagle.experimentEagle] [func=_selectedFile_changed:line=1004] succesfully completed getImageData. Will now break from repetition loop
2020-02-11 17:29:01,674 [INFO ] [MainThread] [ExperimentEagle.experimentEagle] [func=update:line=826] updating plot
2020-02-11 17:29:27,134 [INFO ] [MainThread] [ExperimentEagle.experimentEagle] [func=_selectedFile_changed:line=988] ######################## Selected File changed ########################
2020-02-11 17:29:27,595 [INFO ] [MainThread] [ExperimentEagle.experimentEagle] [func=_selectedFile_changed:line=990] Update physics
2020-02-11 17:29:27,756 [WARNI] [MainThread] [ExperimentEagle.physicsProperties] [func=updatePhysics:line=127] Age of sequence file: 17.3271753788
2020-02-11 17:29:27,944 [INFO ] [MainThread] [ExperimentEagle.experimentEagle] [func=getImageData:line=165] processor = <processors.standardAlta1.StandardAlta1 object at 0x000000000AC15830>
2020-02-11 17:29:28,089 [INFO ] [MainThread] [ExperimentEagle.Processor] [func=process:line=36] using standard Alta 1 process function
2020-02-11 17:29:28,094 [INFO ] [MainThread] [ExperimentEagle.Processor] [func=read:line=38] processor reading file!
2020-02-11 17:29:28,115 [INFO ] [MainThread] [ExperimentEagle.Processor] [func=read:line=38] processor reading file!
2020-02-11 17:29:28,153 [INFO ] [MainThread] [ExperimentEagle.Processor] [func=read:line=38] processor reading file!
2020-02-11 17:29:28,207 [INFO ] [MainThread] [ExperimentEagle.Processor] [func=rescale:line=81] processor: rescale factor = 1.0 using region of shape: 50, 50
2020-02-11 17:29:28,230 [INFO ] [MainThread] [ExperimentEagle.Processor] [func=rescale:line=81] processor: rescale factor = 1.0 using region of shape: 50, 50
2020-02-11 17:29:28,311 [INFO ] [MainThread] [ExperimentEagle.experimentEagle] [func=getImageData:line=169] shape of raw Image = (512,768)
2020-02-11 17:29:28,348 [INFO ] [MainThread] [ExperimentEagle.experimentEagle] [func=update:line=826] updating plot
2020-02-11 17:29:28,368 [INFO ] [MainThread] [ExperimentEagle.experimentEagle] [func=_selectedFile_changed:line=1004] succesfully completed getImageData. Will now break from repetition loop
2020-02-11 17:29:28,410 [INFO ] [MainThread] [ExperimentEagle.experimentEagle] [func=update:line=826] updating plot
2020-02-11 17:29:55,151 [INFO ] [MainThread] [ExperimentEagle.experimentEagle] [func=_selectedFile_changed:line=988] ######################## Selected File changed ########################
2020-02-11 17:29:55,160 [INFO ] [MainThread] [ExperimentEagle.experimentEagle] [func=_selectedFile_changed:line=990] Update physics
2020-02-11 17:29:55,315 [WARNI] [MainThread] [ExperimentEagle.physicsProperties] [func=updatePhysics:line=127] Age of sequence file: 17.728148222
2020-02-11 17:29:55,450 [INFO ] [MainThread] [ExperimentEagle.experimentEagle] [func=getImageData:line=165] processor = <processors.standardAlta1.StandardAlta1 object at 0x000000000AC15830>
2020-02-11 17:29:55,450 [INFO ] [MainThread] [ExperimentEagle.Processor] [func=process:line=36] using standard Alta 1 process function
2020-02-11 17:29:55,453 [ERROR] [MainThread] [ExperimentEagle.Processor] [func=process:line=42] Dark or Light picture does not exist!
2020-02-11 17:29:55,454 [INFO ] [MainThread] [ExperimentEagle.Processor] [func=read:line=38] processor reading file!
2020-02-11 17:29:55,486 [INFO ] [MainThread] [ExperimentEagle.experimentEagle] [func=getImageData:line=169] shape of raw Image = (512,768)
2020-02-11 17:29:55,520 [INFO ] [MainThread] [ExperimentEagle.experimentEagle] [func=update:line=826] updating plot
2020-02-11 17:29:55,540 [INFO ] [MainThread] [ExperimentEagle.experimentEagle] [func=_selectedFile_changed:line=1004] succesfully completed getImageData. Will now break from repetition loop
2020-02-11 17:29:55,542 [INFO ] [MainThread] [ExperimentEagle.experimentEagle] [func=update:line=826] updating plot
2020-02-11 17:30:10,009 [INFO ] [MainThread] [ExperimentEagle.experimentEagle] [func=closed:line=230] attempting to stop timers
