2020-02-11 18:05:20,842 [INFO ] [MainThread] [ExperimentEagle] [func=<module>:line=59] Welcome to Experiment Eagle version 4.0 written by Timothy Harrison. Report bugs to 
Timothy Harrison. See text at beginning of __init__.py for more information.
2020-02-11 18:05:24,953 [INFO ] [MainThread] [ExperimentEagle.experimentEagle] [func=_fixAspectRatioBool_changed:line=956] self.fixAspectRatioBool changed to True
2020-02-11 18:05:24,956 [INFO ] [MainThread] [ExperimentEagle.experimentEagle] [func=loadSettings:line=585] Load settings
2020-02-11 18:05:24,967 [INFO ] [MainThread] [ExperimentEagle.experimentEagle] [func=__init__:line=582] initialisation of experiment Eagle complete
2020-02-11 18:05:30,762 [INFO ] [MainThread] [ExperimentEagle.experimentEagle] [func=update:line=826] updating plot
2020-02-11 18:05:33,493 [INFO ] [MainThread] [ExperimentEagle.experimentEagle] [func=_cameraModel_changed:line=1021] Camera model changed to Alta1 processor
2020-02-11 18:05:33,512 [INFO ] [MainThread] [ExperimentEagle.experimentEagle] [func=_cameraModel_changed:line=1037] {u'auto': False, u'max': 5, u'min': -0.2}
2020-02-11 18:05:33,516 [ERROR] [MainThread] [ExperimentEagle.experimentEagle] [func=getImageData:line=141] image file not found. filling with zeros
2020-02-11 18:05:33,516 [INFO ] [MainThread] [ExperimentEagle.experimentEagle] [func=update:line=826] updating plot
2020-02-11 18:05:34,229 [INFO ] [MainThread] [ExperimentEagle.experimentEagle] [func=_configureWatchFolder_fired:line=1064] Configure watch folder for Alta1 processor
2020-02-11 18:05:35,275 [INFO ] [MainThread] [ExperimentEagle.experimentEagle] [func=_forceRefreshButton_fired:line=201] force refresh button fired
2020-02-11 18:05:35,288 [ERROR] [MainThread] [ExperimentEagle.experimentEagle] [func=getImageData:line=141] image file not found. filling with zeros
2020-02-11 18:05:35,289 [INFO ] [MainThread] [ExperimentEagle.experimentEagle] [func=update:line=826] updating plot
2020-02-11 18:05:35,293 [WARNI] [MainThread] [ExperimentEagle.experimentEagle] [func=checkForNewFiles:line=356] more than one new file found [u'evaporation Optimisation 7_ALTA0atoms_1102 180214.png', u'evaporation Optimisation 7_ALTA0atoms_1102 180242.png', u'evaporation Optimisation 7_ALTA0atoms_1102 180309.png'] only analysing first one
2020-02-11 18:05:35,295 [INFO ] [MainThread] [ExperimentEagle.experimentEagle] [func=_selectedFile_changed:line=988] ######################## Selected File changed ########################
2020-02-11 18:05:35,296 [INFO ] [MainThread] [ExperimentEagle.experimentEagle] [func=_selectedFile_changed:line=990] Update physics
2020-02-11 18:05:35,302 [ERROR] [MainThread] [ExperimentEagle.physicsProperties] [func=updatePhysics:line=139] Error when trying to load XML 'PhysicsProperties' object has no attribute 'selectedFileModifiedTime'
2020-02-11 18:05:35,433 [INFO ] [MainThread] [ExperimentEagle.experimentEagle] [func=getImageData:line=165] processor = <processors.standardAlta1.StandardAlta1 object at 0x000000000BABF8E0>
2020-02-11 18:05:35,433 [INFO ] [MainThread] [ExperimentEagle.Processor] [func=process:line=57] using standard Alta 1 process function
2020-02-11 18:05:35,433 [ERROR] [MainThread] [ExperimentEagle.Processor] [func=process:line=62] T:/TOFAtomNumber/eagleWatchedFolder\evaporation Optimisation 7_ALTA0atoms_1102 180214.png
2020-02-11 18:05:35,450 [ERROR] [MainThread] [ExperimentEagle.Processor] [func=process:line=63] T:/TOFAtomNumber/eagleWatchedFolder\evaporation Optimisation 7_ALTA0dark_1102 180214.png
2020-02-11 18:05:35,451 [ERROR] [MainThread] [ExperimentEagle.Processor] [func=process:line=64] T:/TOFAtomNumber/eagleWatchedFolder\evaporation Optimisation 7_ALTA0light_1102 180214.png
2020-02-11 18:05:35,453 [INFO ] [MainThread] [ExperimentEagle.Processor] [func=read:line=38] processor reading file!
2020-02-11 18:05:35,473 [INFO ] [MainThread] [ExperimentEagle.Processor] [func=read:line=38] processor reading file!
2020-02-11 18:05:35,530 [ERROR] [MainThread] [ExperimentEagle.Processor] [func=process:line=72] atoms array mean:4660.20458984
2020-02-11 18:05:35,563 [ERROR] [MainThread] [ExperimentEagle.Processor] [func=process:line=73] light array mean:4928.01754761
2020-02-11 18:05:35,565 [INFO ] [MainThread] [ExperimentEagle.Processor] [func=read:line=38] processor reading file!
2020-02-11 18:05:35,594 [ERROR] [MainThread] [ExperimentEagle.Processor] [func=process:line=78] dark array mean:2788.63282267
2020-02-11 18:05:35,631 [INFO ] [MainThread] [ExperimentEagle.Processor] [func=rescale:line=86] processor: rescale factor = 0.8865436126091601 using region of shape: 50, 50
2020-02-11 18:05:35,635 [INFO ] [MainThread] [ExperimentEagle.Processor] [func=rescale:line=86] processor: rescale factor = 1.0018435608739005 using region of shape: 50, 50
2020-02-11 18:05:35,641 [WARNI] [MainThread] [ExperimentEagle.Processor] [func=opticalDensity:line=58] Calculate OP picture..
2020-02-11 18:05:35,661 [ERROR] [MainThread] [ExperimentEagle.Processor] [func=process:line=100] OD mean:0.0112963736562
2020-02-11 18:05:35,736 [INFO ] [MainThread] [ExperimentEagle.experimentEagle] [func=getImageData:line=169] shape of raw Image = (512,768)
2020-02-11 18:05:35,759 [INFO ] [MainThread] [ExperimentEagle.experimentEagle] [func=update:line=826] updating plot
2020-02-11 18:05:35,760 [INFO ] [MainThread] [ExperimentEagle.experimentEagle] [func=_selectedFile_changed:line=1004] succesfully completed getImageData. Will now break from repetition loop
2020-02-11 18:05:35,762 [INFO ] [MainThread] [ExperimentEagle.experimentEagle] [func=update:line=826] updating plot
2020-02-11 18:05:35,765 [INFO ] [MainThread] [ExperimentEagle.experimentEagle] [func=_forceRefreshButton_fired:line=201] force refresh button fired
2020-02-11 18:05:35,785 [INFO ] [MainThread] [ExperimentEagle.experimentEagle] [func=getImageData:line=165] processor = <processors.standardAlta1.StandardAlta1 object at 0x000000000BABF8E0>
2020-02-11 18:05:35,812 [INFO ] [MainThread] [ExperimentEagle.Processor] [func=process:line=57] using standard Alta 1 process function
2020-02-11 18:05:35,813 [ERROR] [MainThread] [ExperimentEagle.Processor] [func=process:line=62] T:/TOFAtomNumber/eagleWatchedFolder\evaporation Optimisation 7_ALTA0atoms_1102 180214.png
2020-02-11 18:05:35,815 [ERROR] [MainThread] [ExperimentEagle.Processor] [func=process:line=63] T:/TOFAtomNumber/eagleWatchedFolder\evaporation Optimisation 7_ALTA0dark_1102 180214.png
2020-02-11 18:05:35,815 [ERROR] [MainThread] [ExperimentEagle.Processor] [func=process:line=64] T:/TOFAtomNumber/eagleWatchedFolder\evaporation Optimisation 7_ALTA0light_1102 180214.png
2020-02-11 18:05:35,816 [INFO ] [MainThread] [ExperimentEagle.Processor] [func=read:line=38] processor reading file!
2020-02-11 18:05:35,838 [INFO ] [MainThread] [ExperimentEagle.Processor] [func=read:line=38] processor reading file!
2020-02-11 18:05:35,895 [ERROR] [MainThread] [ExperimentEagle.Processor] [func=process:line=72] atoms array mean:4660.20458984
2020-02-11 18:05:35,898 [ERROR] [MainThread] [ExperimentEagle.Processor] [func=process:line=73] light array mean:4928.01754761
2020-02-11 18:05:35,898 [INFO ] [MainThread] [ExperimentEagle.Processor] [func=read:line=38] processor reading file!
2020-02-11 18:05:35,921 [ERROR] [MainThread] [ExperimentEagle.Processor] [func=process:line=78] dark array mean:2788.63282267
2020-02-11 18:05:35,946 [INFO ] [MainThread] [ExperimentEagle.Processor] [func=rescale:line=86] processor: rescale factor = 0.8865436126091601 using region of shape: 50, 50
2020-02-11 18:05:35,948 [INFO ] [MainThread] [ExperimentEagle.Processor] [func=rescale:line=86] processor: rescale factor = 1.0018435608739005 using region of shape: 50, 50
2020-02-11 18:05:35,953 [WARNI] [MainThread] [ExperimentEagle.Processor] [func=opticalDensity:line=58] Calculate OP picture..
2020-02-11 18:05:35,973 [ERROR] [MainThread] [ExperimentEagle.Processor] [func=process:line=100] OD mean:0.0112963736562
2020-02-11 18:05:36,045 [INFO ] [MainThread] [ExperimentEagle.experimentEagle] [func=getImageData:line=169] shape of raw Image = (512,768)
2020-02-11 18:05:36,063 [INFO ] [MainThread] [ExperimentEagle.experimentEagle] [func=update:line=826] updating plot
2020-02-11 18:05:48,165 [INFO ] [MainThread] [ExperimentEagle.OptionsDictionaryEditor] [func=editOptionsDialog:line=76] returning optionsDict
2020-02-11 18:05:48,180 [INFO ] [MainThread] [ExperimentEagle.Processor] [func=editOptions:line=101] updating options dictionary with values OrderedDict([('process?', True), ('darkSubtraction?', True), ('rawImageWithDarkSubtraction?', False), ('rescale?', True), ('rescaleInitialX', 450), ('rescaleInitialY', 300), ('rescaleWidth', 50), ('rescaleHeight', 100), ('drawRescaleRegion?', True), ('rotationAngle', 0.0), ('Binning?', True), ('Bin size', 2)])
2020-02-11 18:05:48,979 [INFO ] [MainThread] [ExperimentEagle.experimentEagle] [func=_forceRefreshButton_fired:line=201] force refresh button fired
2020-02-11 18:05:49,012 [INFO ] [MainThread] [ExperimentEagle.experimentEagle] [func=getImageData:line=165] processor = <processors.standardAlta1.StandardAlta1 object at 0x000000000BABF8E0>
2020-02-11 18:05:49,035 [INFO ] [MainThread] [ExperimentEagle.Processor] [func=process:line=57] using standard Alta 1 process function
2020-02-11 18:05:49,036 [ERROR] [MainThread] [ExperimentEagle.Processor] [func=process:line=62] T:/TOFAtomNumber/eagleWatchedFolder\evaporation Optimisation 7_ALTA0atoms_1102 180214.png
2020-02-11 18:05:49,036 [ERROR] [MainThread] [ExperimentEagle.Processor] [func=process:line=63] T:/TOFAtomNumber/eagleWatchedFolder\evaporation Optimisation 7_ALTA0dark_1102 180214.png
2020-02-11 18:05:49,038 [ERROR] [MainThread] [ExperimentEagle.Processor] [func=process:line=64] T:/TOFAtomNumber/eagleWatchedFolder\evaporation Optimisation 7_ALTA0light_1102 180214.png
2020-02-11 18:05:49,039 [INFO ] [MainThread] [ExperimentEagle.Processor] [func=read:line=38] processor reading file!
2020-02-11 18:05:49,061 [INFO ] [MainThread] [ExperimentEagle.Processor] [func=read:line=38] processor reading file!
2020-02-11 18:05:49,128 [ERROR] [MainThread] [ExperimentEagle.Processor] [func=process:line=72] atoms array mean:4660.20458984
2020-02-11 18:05:49,158 [ERROR] [MainThread] [ExperimentEagle.Processor] [func=process:line=73] light array mean:4928.01754761
2020-02-11 18:05:49,160 [INFO ] [MainThread] [ExperimentEagle.Processor] [func=read:line=38] processor reading file!
2020-02-11 18:05:49,188 [ERROR] [MainThread] [ExperimentEagle.Processor] [func=process:line=78] dark array mean:2788.63282267
2020-02-11 18:05:49,240 [INFO ] [MainThread] [ExperimentEagle.experimentEagle] [func=_forceRefreshButton_fired:line=201] force refresh button fired
2020-02-11 18:05:49,260 [INFO ] [MainThread] [ExperimentEagle.experimentEagle] [func=getImageData:line=165] processor = <processors.standardAlta1.StandardAlta1 object at 0x000000000BABF8E0>
2020-02-11 18:05:49,276 [INFO ] [MainThread] [ExperimentEagle.Processor] [func=process:line=57] using standard Alta 1 process function
2020-02-11 18:05:49,278 [ERROR] [MainThread] [ExperimentEagle.Processor] [func=process:line=62] T:/TOFAtomNumber/eagleWatchedFolder\evaporation Optimisation 7_ALTA0atoms_1102 180214.png
2020-02-11 18:05:49,279 [ERROR] [MainThread] [ExperimentEagle.Processor] [func=process:line=63] T:/TOFAtomNumber/eagleWatchedFolder\evaporation Optimisation 7_ALTA0dark_1102 180214.png
2020-02-11 18:05:49,279 [ERROR] [MainThread] [ExperimentEagle.Processor] [func=process:line=64] T:/TOFAtomNumber/eagleWatchedFolder\evaporation Optimisation 7_ALTA0light_1102 180214.png
2020-02-11 18:05:49,280 [INFO ] [MainThread] [ExperimentEagle.Processor] [func=read:line=38] processor reading file!
2020-02-11 18:05:49,302 [INFO ] [MainThread] [ExperimentEagle.Processor] [func=read:line=38] processor reading file!
2020-02-11 18:05:49,325 [ERROR] [MainThread] [ExperimentEagle.Processor] [func=process:line=72] atoms array mean:4660.20458984
2020-02-11 18:05:49,336 [ERROR] [MainThread] [ExperimentEagle.Processor] [func=process:line=73] light array mean:4928.01754761
2020-02-11 18:05:49,338 [INFO ] [MainThread] [ExperimentEagle.Processor] [func=read:line=38] processor reading file!
2020-02-11 18:05:49,391 [ERROR] [MainThread] [ExperimentEagle.Processor] [func=process:line=78] dark array mean:2788.63282267
2020-02-11 18:06:00,237 [INFO ] [MainThread] [ExperimentEagle.experimentEagle] [func=_selectedFile_changed:line=988] ######################## Selected File changed ########################
2020-02-11 18:06:00,240 [INFO ] [MainThread] [ExperimentEagle.experimentEagle] [func=_selectedFile_changed:line=990] Update physics
2020-02-11 18:06:00,244 [ERROR] [MainThread] [ExperimentEagle.physicsProperties] [func=updatePhysics:line=122] Found very fresh sequence file. Probably read already variables of next sequence?
2020-02-11 18:06:00,269 [WARNI] [MainThread] [ExperimentEagle.physicsProperties] [func=updatePhysics:line=123] Use second last sequence file instead..
2020-02-11 18:06:00,385 [WARNI] [MainThread] [ExperimentEagle.physicsProperties] [func=updatePhysics:line=127] Age of sequence file: -37.118355751
2020-02-11 18:06:00,519 [INFO ] [MainThread] [ExperimentEagle.experimentEagle] [func=getImageData:line=165] processor = <processors.standardAlta1.StandardAlta1 object at 0x000000000BABF8E0>
2020-02-11 18:06:00,522 [INFO ] [MainThread] [ExperimentEagle.Processor] [func=process:line=57] using standard Alta 1 process function
2020-02-11 18:06:00,523 [ERROR] [MainThread] [ExperimentEagle.Processor] [func=process:line=62] T:/TOFAtomNumber/eagleWatchedFolder\evaporation Optimisation 7_ALTA0atoms_1102 180337.png
2020-02-11 18:06:00,523 [ERROR] [MainThread] [ExperimentEagle.Processor] [func=process:line=63] T:/TOFAtomNumber/eagleWatchedFolder\evaporation Optimisation 7_ALTA0dark_1102 180337.png
2020-02-11 18:06:00,525 [ERROR] [MainThread] [ExperimentEagle.Processor] [func=process:line=64] T:/TOFAtomNumber/eagleWatchedFolder\evaporation Optimisation 7_ALTA0light_1102 180337.png
2020-02-11 18:06:00,526 [INFO ] [MainThread] [ExperimentEagle.Processor] [func=read:line=38] processor reading file!
2020-02-11 18:06:00,578 [INFO ] [MainThread] [ExperimentEagle.Processor] [func=read:line=38] processor reading file!
2020-02-11 18:06:00,609 [ERROR] [MainThread] [ExperimentEagle.Processor] [func=process:line=72] atoms array mean:4712.54788971
2020-02-11 18:06:00,622 [ERROR] [MainThread] [ExperimentEagle.Processor] [func=process:line=73] light array mean:4958.20465342
2020-02-11 18:06:00,624 [INFO ] [MainThread] [ExperimentEagle.Processor] [func=read:line=38] processor reading file!
2020-02-11 18:06:00,657 [ERROR] [MainThread] [ExperimentEagle.Processor] [func=process:line=78] dark array mean:2788.63862101
2020-02-11 18:06:23,805 [INFO ] [MainThread] [ExperimentEagle.experimentEagle] [func=closed:line=230] attempting to stop timers
