2020-02-22 18:16:45,513 [INFO ] [MainThread] [ExperimentEagle] [func=<module>:line=59] Welcome to Experiment Eagle version 4.0 written by Timothy Harrison. Report bugs to 
Timothy Harrison. See text at beginning of __init__.py for more information.
2020-02-22 18:16:49,381 [INFO ] [MainThread] [ExperimentEagle.experimentEagle] [func=_fixAspectRatioBool_changed:line=970] self.fixAspectRatioBool changed to True
2020-02-22 18:16:49,387 [INFO ] [MainThread] [ExperimentEagle.experimentEagle] [func=loadSettings:line=599] Load settings
2020-02-22 18:16:49,398 [INFO ] [MainThread] [ExperimentEagle.experimentEagle] [func=__init__:line=596] initialisation of experiment Eagle complete
2020-02-22 18:16:55,184 [INFO ] [MainThread] [ExperimentEagle.experimentEagle] [func=update:line=840] updating plot
2020-02-22 18:17:00,397 [INFO ] [MainThread] [ExperimentEagle.experimentEagle] [func=_cameraModel_changed:line=1035] Camera model changed to Andor2
2020-02-22 18:17:00,423 [INFO ] [MainThread] [ExperimentEagle.experimentEagle] [func=_cameraModel_changed:line=1051] {u'auto': False, u'max': 3, u'min': -0.2}
2020-02-22 18:17:00,427 [ERROR] [MainThread] [ExperimentEagle.experimentEagle] [func=getImageData:line=142] image file not found. filling with zeros
2020-02-22 18:17:00,460 [INFO ] [MainThread] [ExperimentEagle.experimentEagle] [func=update:line=840] updating plot
2020-02-22 18:17:07,789 [INFO ] [MainThread] [ExperimentEagle.experimentEagle] [func=_configureWatchFolder_fired:line=1079] Configure watch folder for Andor2
2020-02-22 18:17:09,220 [INFO ] [MainThread] [ExperimentEagle.experimentEagle] [func=_forceRefreshButton_fired:line=202] force refresh button fired
2020-02-22 18:17:09,226 [ERROR] [MainThread] [ExperimentEagle.experimentEagle] [func=getImageData:line=142] image file not found. filling with zeros
2020-02-22 18:17:09,226 [INFO ] [MainThread] [ExperimentEagle.experimentEagle] [func=update:line=840] updating plot
2020-02-22 18:17:09,267 [INFO ] [MainThread] [ExperimentEagle.experimentEagle] [func=_selectedFile_changed:line=1002] ######################## Selected File changed ########################
2020-02-22 18:17:09,269 [INFO ] [MainThread] [ExperimentEagle.experimentEagle] [func=_selectedFile_changed:line=1004] Update physics
2020-02-22 18:17:09,276 [ERROR] [MainThread] [ExperimentEagle.physicsProperties] [func=updatePhysics:line=141] Error when trying to load XML 'PhysicsProperties' object has no attribute 'selectedFileModifiedTime'
2020-02-22 18:17:09,486 [INFO ] [MainThread] [ExperimentEagle.experimentEagle] [func=getImageData:line=166] processor = <processors.standardAndor2.StandardAndor2 object at 0x000000000B03FD58>
2020-02-22 18:17:09,489 [INFO ] [MainThread] [ExperimentEagle.Processor] [func=process:line=73] using standard Andor 0 process function
2020-02-22 18:17:09,490 [INFO ] [MainThread] [ExperimentEagle.Processor] [func=read:line=38] processor reading file!
2020-02-22 18:17:09,687 [INFO ] [MainThread] [ExperimentEagle.Processor] [func=rescale:line=86] processor: rescale factor = 1.2077341421424324 using region of shape: 20, 20
2020-02-22 18:17:09,733 [WARNI] [MainThread] [ExperimentEagle.Processor] [func=opticalDensity:line=58] Calculate OP picture..
2020-02-22 18:17:09,920 [INFO ] [MainThread] [ExperimentEagle.experimentEagle] [func=getImageData:line=170] shape of raw Image = (1062,1059)
2020-02-22 18:17:09,931 [WARNI] [MainThread] [ExperimentEagle.experimentEagle] [func=getImageData:line=173] number of pixels in image have changed. This causes problems for contour fit plot. Will destroy contour fit plot first
2020-02-22 18:17:09,934 [INFO ] [MainThread] [ExperimentEagle.experimentEagle] [func=_fixAspectRatioBool_changed:line=970] self.fixAspectRatioBool changed to False
2020-02-22 18:17:09,937 [INFO ] [MainThread] [ExperimentEagle.experimentEagle] [func=_fixAspectRatioBool_changed:line=970] self.fixAspectRatioBool changed to True
2020-02-22 18:17:09,940 [INFO ] [MainThread] [ExperimentEagle.experimentEagle] [func=getImageData:line=175] continuing after pixels changed = True event
2020-02-22 18:17:09,986 [INFO ] [MainThread] [ExperimentEagle.experimentEagle] [func=update:line=840] updating plot
2020-02-22 18:17:09,989 [INFO ] [MainThread] [ExperimentEagle.experimentEagle] [func=_selectedFile_changed:line=1018] succesfully completed getImageData. Will now break from repetition loop
2020-02-22 18:17:09,990 [INFO ] [MainThread] [ExperimentEagle.experimentEagle] [func=update:line=840] updating plot
2020-02-22 18:17:10,030 [INFO ] [MainThread] [ExperimentEagle.experimentEagle] [func=_forceRefreshButton_fired:line=202] force refresh button fired
2020-02-22 18:17:10,094 [INFO ] [MainThread] [ExperimentEagle.experimentEagle] [func=getImageData:line=166] processor = <processors.standardAndor2.StandardAndor2 object at 0x000000000B03FD58>
2020-02-22 18:17:10,095 [INFO ] [MainThread] [ExperimentEagle.Processor] [func=process:line=73] using standard Andor 0 process function
2020-02-22 18:17:10,096 [INFO ] [MainThread] [ExperimentEagle.Processor] [func=read:line=38] processor reading file!
2020-02-22 18:17:10,190 [INFO ] [MainThread] [ExperimentEagle.Processor] [func=rescale:line=86] processor: rescale factor = 1.2077341421424324 using region of shape: 20, 20
2020-02-22 18:17:10,230 [WARNI] [MainThread] [ExperimentEagle.Processor] [func=opticalDensity:line=58] Calculate OP picture..
2020-02-22 18:17:10,420 [INFO ] [MainThread] [ExperimentEagle.experimentEagle] [func=getImageData:line=170] shape of raw Image = (1062,1059)
2020-02-22 18:17:10,433 [INFO ] [MainThread] [ExperimentEagle.experimentEagle] [func=update:line=840] updating plot
2020-02-22 18:17:15,829 [INFO ] [MainThread] [ExperimentEagle.experimentEagle] [func=_selectedFile_changed:line=1002] ######################## Selected File changed ########################
2020-02-22 18:17:15,838 [INFO ] [MainThread] [ExperimentEagle.experimentEagle] [func=_selectedFile_changed:line=1004] Update physics
2020-02-22 18:17:15,953 [WARNI] [MainThread] [ExperimentEagle.physicsProperties] [func=updatePhysics:line=129] Age of sequence file: 18.6697473526
2020-02-22 18:17:16,104 [INFO ] [MainThread] [ExperimentEagle.experimentEagle] [func=getImageData:line=166] processor = <processors.standardAndor2.StandardAndor2 object at 0x000000000B03FD58>
2020-02-22 18:17:16,119 [INFO ] [MainThread] [ExperimentEagle.Processor] [func=process:line=73] using standard Andor 0 process function
2020-02-22 18:17:16,121 [INFO ] [MainThread] [ExperimentEagle.Processor] [func=read:line=38] processor reading file!
2020-02-22 18:17:16,216 [INFO ] [MainThread] [ExperimentEagle.Processor] [func=rescale:line=86] processor: rescale factor = 1.1144104545741766 using region of shape: 20, 20
2020-02-22 18:17:16,259 [WARNI] [MainThread] [ExperimentEagle.Processor] [func=opticalDensity:line=58] Calculate OP picture..
2020-02-22 18:17:16,453 [INFO ] [MainThread] [ExperimentEagle.experimentEagle] [func=getImageData:line=170] shape of raw Image = (1062,1059)
2020-02-22 18:17:16,470 [INFO ] [MainThread] [ExperimentEagle.experimentEagle] [func=update:line=840] updating plot
2020-02-22 18:17:16,476 [INFO ] [MainThread] [ExperimentEagle.experimentEagle] [func=_selectedFile_changed:line=1018] succesfully completed getImageData. Will now break from repetition loop
2020-02-22 18:17:16,507 [INFO ] [MainThread] [ExperimentEagle.experimentEagle] [func=update:line=840] updating plot
2020-02-22 18:17:18,450 [WARNI] [MainThread] [ExperimentEagle.OptionsDictionaryEditor] [func=createOption:line=43] unrecognised option type (<type 'unicode'>) in processor. Using traits.Any Editor and value
2020-02-22 18:17:22,651 [INFO ] [MainThread] [ExperimentEagle.OptionsDictionaryEditor] [func=editOptionsDialog:line=76] returning optionsDict
2020-02-22 18:17:22,665 [INFO ] [MainThread] [ExperimentEagle.Processor] [func=editOptions:line=105] updating options dictionary with values OrderedDict([('process?', True), ('darkSubtraction?', True), ('rawImageWithDarkSubtraction?', False), ('rescale?', True), ('rescaleInitialX', 450), ('rescaleInitialY', 250), ('rescaleWidth', 20), ('rescaleHeight', 120), ('drawRescaleRegion?', True), ('rotationAngle', 87.8), ('Skip initial rows', 1), ('Skip final rows', 3), ('correct OD with alpha function?', False), ('Rescale with circular mask?', False), ('Atom mask PosX', 295), ('Atom mask PosY', 295), ('Atom mask Radius', 160), ('Balance light Radius', 200), ('Use boosted light image?', False), ('Light boost factor', 1.0), ('Binning?', True), ('Bin size', 2), ('Dark picture', u'G:/Experiment Humphry/Experiment Control And Software/experimentEagle/calibration/darkPictures/Andor2/2020 02 22 - dark Andor2 - interval 0_017 temperature -80_0 16 c 5_1 3_3 n 100.npy'), ('High intensity correction for low OD?', False), ('alpha', 1.25), ('C0Sat', 231), ('Imaging pulse duration', 6e-06)])
2020-02-22 18:17:23,572 [INFO ] [MainThread] [ExperimentEagle.experimentEagle] [func=_forceRefreshButton_fired:line=202] force refresh button fired
2020-02-22 18:17:23,647 [INFO ] [MainThread] [ExperimentEagle.experimentEagle] [func=getImageData:line=166] processor = <processors.standardAndor2.StandardAndor2 object at 0x000000000B03FD58>
2020-02-22 18:17:23,648 [INFO ] [MainThread] [ExperimentEagle.Processor] [func=process:line=73] using standard Andor 0 process function
2020-02-22 18:17:23,648 [INFO ] [MainThread] [ExperimentEagle.Processor] [func=read:line=38] processor reading file!
2020-02-22 18:17:31,463 [INFO ] [MainThread] [ExperimentEagle.Processor] [func=rescale:line=86] processor: rescale factor = 1.0173905202703615 using region of shape: 10, 10
2020-02-22 18:17:31,490 [WARNI] [MainThread] [ExperimentEagle.Processor] [func=opticalDensity:line=58] Calculate OP picture..
2020-02-22 18:17:31,565 [INFO ] [MainThread] [ExperimentEagle.experimentEagle] [func=getImageData:line=170] shape of raw Image = (531,529)
2020-02-22 18:17:31,568 [WARNI] [MainThread] [ExperimentEagle.experimentEagle] [func=getImageData:line=173] number of pixels in image have changed. This causes problems for contour fit plot. Will destroy contour fit plot first
2020-02-22 18:17:31,569 [INFO ] [MainThread] [ExperimentEagle.experimentEagle] [func=_fixAspectRatioBool_changed:line=970] self.fixAspectRatioBool changed to False
2020-02-22 18:17:31,569 [INFO ] [MainThread] [ExperimentEagle.experimentEagle] [func=_fixAspectRatioBool_changed:line=970] self.fixAspectRatioBool changed to True
2020-02-22 18:17:31,607 [INFO ] [MainThread] [ExperimentEagle.experimentEagle] [func=getImageData:line=175] continuing after pixels changed = True event
2020-02-22 18:17:31,608 [INFO ] [MainThread] [ExperimentEagle.experimentEagle] [func=update:line=840] updating plot
2020-02-22 18:17:31,621 [INFO ] [MainThread] [ExperimentEagle.experimentEagle] [func=_forceRefreshButton_fired:line=202] force refresh button fired
2020-02-22 18:17:31,677 [INFO ] [MainThread] [ExperimentEagle.experimentEagle] [func=getImageData:line=166] processor = <processors.standardAndor2.StandardAndor2 object at 0x000000000B03FD58>
2020-02-22 18:17:31,687 [INFO ] [MainThread] [ExperimentEagle.Processor] [func=process:line=73] using standard Andor 0 process function
2020-02-22 18:17:31,688 [INFO ] [MainThread] [ExperimentEagle.Processor] [func=read:line=38] processor reading file!
2020-02-22 18:17:39,476 [INFO ] [MainThread] [ExperimentEagle.Processor] [func=rescale:line=86] processor: rescale factor = 1.0173905202703615 using region of shape: 10, 10
2020-02-22 18:17:39,502 [WARNI] [MainThread] [ExperimentEagle.Processor] [func=opticalDensity:line=58] Calculate OP picture..
2020-02-22 18:17:39,548 [INFO ] [MainThread] [ExperimentEagle.experimentEagle] [func=getImageData:line=170] shape of raw Image = (531,529)
2020-02-22 18:17:39,569 [INFO ] [MainThread] [ExperimentEagle.experimentEagle] [func=update:line=840] updating plot
2020-02-22 18:17:41,877 [INFO ] [MainThread] [ExperimentEagle.experimentEagle] [func=_selectedFile_changed:line=1002] ######################## Selected File changed ########################
2020-02-22 18:17:41,885 [INFO ] [MainThread] [ExperimentEagle.experimentEagle] [func=_selectedFile_changed:line=1004] Update physics
2020-02-22 18:17:41,990 [WARNI] [MainThread] [ExperimentEagle.physicsProperties] [func=updatePhysics:line=129] Age of sequence file: 19.1980183125
2020-02-22 18:17:42,151 [INFO ] [MainThread] [ExperimentEagle.experimentEagle] [func=getImageData:line=166] processor = <processors.standardAndor2.StandardAndor2 object at 0x000000000B03FD58>
2020-02-22 18:17:42,164 [INFO ] [MainThread] [ExperimentEagle.Processor] [func=process:line=73] using standard Andor 0 process function
2020-02-22 18:17:42,164 [INFO ] [MainThread] [ExperimentEagle.Processor] [func=read:line=38] processor reading file!
2020-02-22 18:17:49,993 [INFO ] [MainThread] [ExperimentEagle.Processor] [func=rescale:line=86] processor: rescale factor = 1.224162470719909 using region of shape: 10, 10
2020-02-22 18:17:50,012 [WARNI] [MainThread] [ExperimentEagle.Processor] [func=opticalDensity:line=58] Calculate OP picture..
2020-02-22 18:17:50,058 [INFO ] [MainThread] [ExperimentEagle.experimentEagle] [func=getImageData:line=170] shape of raw Image = (531,529)
2020-02-22 18:17:50,061 [INFO ] [MainThread] [ExperimentEagle.experimentEagle] [func=update:line=840] updating plot
2020-02-22 18:17:50,065 [INFO ] [MainThread] [ExperimentEagle.experimentEagle] [func=_selectedFile_changed:line=1018] succesfully completed getImageData. Will now break from repetition loop
2020-02-22 18:17:50,066 [INFO ] [MainThread] [ExperimentEagle.experimentEagle] [func=update:line=840] updating plot
2020-02-22 18:18:13,867 [INFO ] [MainThread] [ExperimentEagle.experimentEagle] [func=_selectedFile_changed:line=1002] ######################## Selected File changed ########################
2020-02-22 18:18:13,875 [INFO ] [MainThread] [ExperimentEagle.experimentEagle] [func=_selectedFile_changed:line=1004] Update physics
2020-02-22 18:18:13,984 [WARNI] [MainThread] [ExperimentEagle.physicsProperties] [func=updatePhysics:line=129] Age of sequence file: 19.0059502125
2020-02-22 18:18:14,164 [INFO ] [MainThread] [ExperimentEagle.experimentEagle] [func=getImageData:line=166] processor = <processors.standardAndor2.StandardAndor2 object at 0x000000000B03FD58>
2020-02-22 18:18:14,165 [INFO ] [MainThread] [ExperimentEagle.Processor] [func=process:line=73] using standard Andor 0 process function
2020-02-22 18:18:14,167 [INFO ] [MainThread] [ExperimentEagle.Processor] [func=read:line=38] processor reading file!
2020-02-22 18:18:21,913 [INFO ] [MainThread] [ExperimentEagle.Processor] [func=rescale:line=86] processor: rescale factor = 1.0472967257391885 using region of shape: 10, 10
2020-02-22 18:18:21,936 [WARNI] [MainThread] [ExperimentEagle.Processor] [func=opticalDensity:line=58] Calculate OP picture..
2020-02-22 18:18:22,013 [INFO ] [MainThread] [ExperimentEagle.experimentEagle] [func=getImageData:line=170] shape of raw Image = (531,529)
2020-02-22 18:18:22,016 [INFO ] [MainThread] [ExperimentEagle.experimentEagle] [func=update:line=840] updating plot
2020-02-22 18:18:22,022 [INFO ] [MainThread] [ExperimentEagle.experimentEagle] [func=_selectedFile_changed:line=1018] succesfully completed getImageData. Will now break from repetition loop
2020-02-22 18:18:22,023 [INFO ] [MainThread] [ExperimentEagle.experimentEagle] [func=update:line=840] updating plot
2020-02-22 18:18:32,257 [WARNI] [MainThread] [ExperimentEagle.OptionsDictionaryEditor] [func=createOption:line=43] unrecognised option type (<type 'unicode'>) in processor. Using traits.Any Editor and value
2020-02-22 18:18:38,986 [INFO ] [MainThread] [ExperimentEagle.OptionsDictionaryEditor] [func=editOptionsDialog:line=73] detected a cancel return code. Will not update optionsDict
2020-02-22 18:18:43,914 [INFO ] [MainThread] [ExperimentEagle.experimentEagle] [func=_selectedFile_changed:line=1002] ######################## Selected File changed ########################
2020-02-22 18:18:43,921 [INFO ] [MainThread] [ExperimentEagle.experimentEagle] [func=_selectedFile_changed:line=1004] Update physics
2020-02-22 18:18:44,046 [WARNI] [MainThread] [ExperimentEagle.physicsProperties] [func=updatePhysics:line=129] Age of sequence file: 19.4496934414
2020-02-22 18:18:44,198 [INFO ] [MainThread] [ExperimentEagle.experimentEagle] [func=getImageData:line=166] processor = <processors.standardAndor2.StandardAndor2 object at 0x000000000B03FD58>
2020-02-22 18:18:44,213 [INFO ] [MainThread] [ExperimentEagle.Processor] [func=process:line=73] using standard Andor 0 process function
2020-02-22 18:18:44,213 [INFO ] [MainThread] [ExperimentEagle.Processor] [func=read:line=38] processor reading file!
2020-02-22 18:18:52,023 [INFO ] [MainThread] [ExperimentEagle.Processor] [func=rescale:line=86] processor: rescale factor = 0.9664619941203506 using region of shape: 10, 10
2020-02-22 18:18:52,052 [WARNI] [MainThread] [ExperimentEagle.Processor] [func=opticalDensity:line=58] Calculate OP picture..
2020-02-22 18:18:52,130 [INFO ] [MainThread] [ExperimentEagle.experimentEagle] [func=getImageData:line=170] shape of raw Image = (531,529)
2020-02-22 18:18:52,135 [INFO ] [MainThread] [ExperimentEagle.experimentEagle] [func=update:line=840] updating plot
2020-02-22 18:18:52,140 [INFO ] [MainThread] [ExperimentEagle.experimentEagle] [func=_selectedFile_changed:line=1018] succesfully completed getImageData. Will now break from repetition loop
2020-02-22 18:18:52,141 [INFO ] [MainThread] [ExperimentEagle.experimentEagle] [func=update:line=840] updating plot
2020-02-22 18:18:53,453 [WARNI] [MainThread] [ExperimentEagle.OptionsDictionaryEditor] [func=createOption:line=43] unrecognised option type (<type 'unicode'>) in processor. Using traits.Any Editor and value
2020-02-22 18:18:57,273 [INFO ] [MainThread] [ExperimentEagle.OptionsDictionaryEditor] [func=editOptionsDialog:line=76] returning optionsDict
2020-02-22 18:18:57,276 [INFO ] [MainThread] [ExperimentEagle.Processor] [func=editOptions:line=105] updating options dictionary with values OrderedDict([('process?', True), ('darkSubtraction?', True), ('rawImageWithDarkSubtraction?', False), ('rescale?', True), ('rescaleInitialX', 450), ('rescaleInitialY', 250), ('rescaleWidth', 20), ('rescaleHeight', 120), ('drawRescaleRegion?', True), ('rotationAngle', 87.8), ('Skip initial rows', 1), ('Skip final rows', 3), ('correct OD with alpha function?', False), ('Rescale with circular mask?', False), ('Atom mask PosX', 295), ('Atom mask PosY', 295), ('Atom mask Radius', 160), ('Balance light Radius', 200), ('Use boosted light image?', False), ('Light boost factor', 1.0), ('Binning?', False), ('Bin size', 2), ('Dark picture', u'G:/Experiment Humphry/Experiment Control And Software/experimentEagle/calibration/darkPictures/Andor2/2020 02 22 - dark Andor2 - interval 0_017 temperature -80_0 16 c 5_1 3_3 n 100.npy'), ('High intensity correction for low OD?', False), ('alpha', 1.25), ('C0Sat', 231), ('Imaging pulse duration', 6e-06)])
2020-02-22 18:18:58,322 [INFO ] [MainThread] [ExperimentEagle.experimentEagle] [func=_forceRefreshButton_fired:line=202] force refresh button fired
2020-02-22 18:18:58,394 [INFO ] [MainThread] [ExperimentEagle.experimentEagle] [func=getImageData:line=166] processor = <processors.standardAndor2.StandardAndor2 object at 0x000000000B03FD58>
2020-02-22 18:18:58,397 [INFO ] [MainThread] [ExperimentEagle.Processor] [func=process:line=73] using standard Andor 0 process function
2020-02-22 18:18:58,398 [INFO ] [MainThread] [ExperimentEagle.Processor] [func=read:line=38] processor reading file!
2020-02-22 18:18:58,493 [INFO ] [MainThread] [ExperimentEagle.Processor] [func=rescale:line=86] processor: rescale factor = 0.9895971678665313 using region of shape: 20, 20
2020-02-22 18:18:58,536 [WARNI] [MainThread] [ExperimentEagle.Processor] [func=opticalDensity:line=58] Calculate OP picture..
2020-02-22 18:18:58,729 [INFO ] [MainThread] [ExperimentEagle.experimentEagle] [func=getImageData:line=170] shape of raw Image = (1062,1059)
2020-02-22 18:18:58,742 [WARNI] [MainThread] [ExperimentEagle.experimentEagle] [func=getImageData:line=173] number of pixels in image have changed. This causes problems for contour fit plot. Will destroy contour fit plot first
2020-02-22 18:18:58,743 [INFO ] [MainThread] [ExperimentEagle.experimentEagle] [func=_fixAspectRatioBool_changed:line=970] self.fixAspectRatioBool changed to False
2020-02-22 18:18:58,747 [INFO ] [MainThread] [ExperimentEagle.experimentEagle] [func=_fixAspectRatioBool_changed:line=970] self.fixAspectRatioBool changed to True
2020-02-22 18:18:58,786 [INFO ] [MainThread] [ExperimentEagle.experimentEagle] [func=getImageData:line=175] continuing after pixels changed = True event
2020-02-22 18:18:58,792 [INFO ] [MainThread] [ExperimentEagle.experimentEagle] [func=update:line=840] updating plot
2020-02-22 18:18:58,796 [INFO ] [MainThread] [ExperimentEagle.experimentEagle] [func=_forceRefreshButton_fired:line=202] force refresh button fired
2020-02-22 18:18:58,857 [INFO ] [MainThread] [ExperimentEagle.experimentEagle] [func=getImageData:line=166] processor = <processors.standardAndor2.StandardAndor2 object at 0x000000000B03FD58>
2020-02-22 18:18:58,882 [INFO ] [MainThread] [ExperimentEagle.Processor] [func=process:line=73] using standard Andor 0 process function
2020-02-22 18:18:58,884 [INFO ] [MainThread] [ExperimentEagle.Processor] [func=read:line=38] processor reading file!
2020-02-22 18:18:58,982 [INFO ] [MainThread] [ExperimentEagle.Processor] [func=rescale:line=86] processor: rescale factor = 0.9895971678665313 using region of shape: 20, 20
2020-02-22 18:18:59,023 [WARNI] [MainThread] [ExperimentEagle.Processor] [func=opticalDensity:line=58] Calculate OP picture..
2020-02-22 18:18:59,213 [INFO ] [MainThread] [ExperimentEagle.experimentEagle] [func=getImageData:line=170] shape of raw Image = (1062,1059)
2020-02-22 18:18:59,226 [INFO ] [MainThread] [ExperimentEagle.experimentEagle] [func=update:line=840] updating plot
2020-02-22 18:19:05,911 [INFO ] [MainThread] [ExperimentEagle.experimentEagle] [func=_selectedFile_changed:line=1002] ######################## Selected File changed ########################
2020-02-22 18:19:05,918 [INFO ] [MainThread] [ExperimentEagle.experimentEagle] [func=_selectedFile_changed:line=1004] Update physics
2020-02-22 18:19:06,016 [WARNI] [MainThread] [ExperimentEagle.physicsProperties] [func=updatePhysics:line=129] Age of sequence file: 18.3714599609
2020-02-22 18:19:06,194 [INFO ] [MainThread] [ExperimentEagle.experimentEagle] [func=getImageData:line=166] processor = <processors.standardAndor2.StandardAndor2 object at 0x000000000B03FD58>
2020-02-22 18:19:06,194 [INFO ] [MainThread] [ExperimentEagle.Processor] [func=process:line=73] using standard Andor 0 process function
2020-02-22 18:19:06,210 [INFO ] [MainThread] [ExperimentEagle.Processor] [func=read:line=38] processor reading file!
2020-02-22 18:19:06,312 [INFO ] [MainThread] [ExperimentEagle.Processor] [func=rescale:line=86] processor: rescale factor = 1.1827271114277471 using region of shape: 20, 20
2020-02-22 18:19:06,354 [WARNI] [MainThread] [ExperimentEagle.Processor] [func=opticalDensity:line=58] Calculate OP picture..
2020-02-22 18:19:06,545 [INFO ] [MainThread] [ExperimentEagle.experimentEagle] [func=getImageData:line=170] shape of raw Image = (1062,1059)
2020-02-22 18:19:06,559 [INFO ] [MainThread] [ExperimentEagle.experimentEagle] [func=update:line=840] updating plot
2020-02-22 18:19:06,562 [INFO ] [MainThread] [ExperimentEagle.experimentEagle] [func=_selectedFile_changed:line=1018] succesfully completed getImageData. Will now break from repetition loop
2020-02-22 18:19:06,565 [INFO ] [MainThread] [ExperimentEagle.experimentEagle] [func=update:line=840] updating plot
2020-02-22 18:19:13,839 [WARNI] [MainThread] [ExperimentEagle.OptionsDictionaryEditor] [func=createOption:line=43] unrecognised option type (<type 'unicode'>) in processor. Using traits.Any Editor and value
2020-02-22 18:19:21,625 [INFO ] [MainThread] [ExperimentEagle.OptionsDictionaryEditor] [func=editOptionsDialog:line=73] detected a cancel return code. Will not update optionsDict
2020-02-22 18:19:31,846 [WARNI] [MainThread] [ExperimentEagle.OptionsDictionaryEditor] [func=createOption:line=43] unrecognised option type (<type 'unicode'>) in processor. Using traits.Any Editor and value
2020-02-22 18:19:35,838 [INFO ] [MainThread] [ExperimentEagle.OptionsDictionaryEditor] [func=editOptionsDialog:line=76] returning optionsDict
2020-02-22 18:19:35,845 [INFO ] [MainThread] [ExperimentEagle.Processor] [func=editOptions:line=105] updating options dictionary with values OrderedDict([('process?', True), ('darkSubtraction?', True), ('rawImageWithDarkSubtraction?', False), ('rescale?', True), ('rescaleInitialX', 450), ('rescaleInitialY', 250), ('rescaleWidth', 20), ('rescaleHeight', 120), ('drawRescaleRegion?', True), ('rotationAngle', 87.8), ('Skip initial rows', 1), ('Skip final rows', 3), ('correct OD with alpha function?', False), ('Rescale with circular mask?', False), ('Atom mask PosX', 295), ('Atom mask PosY', 295), ('Atom mask Radius', 160), ('Balance light Radius', 200), ('Use boosted light image?', False), ('Light boost factor', 1.0), ('Binning?', True), ('Bin size', 2), ('Dark picture', u'G:/Experiment Humphry/Experiment Control And Software/experimentEagle/calibration/darkPictures/Andor2/2020 02 22 - dark Andor2 - interval 0_017 temperature -80_0 16 c 5_1 3_3 n 100.npy'), ('High intensity correction for low OD?', False), ('alpha', 1.25), ('C0Sat', 231), ('Imaging pulse duration', 6e-06)])
2020-02-22 18:19:37,917 [INFO ] [MainThread] [ExperimentEagle.experimentEagle] [func=_selectedFile_changed:line=1002] ######################## Selected File changed ########################
2020-02-22 18:19:37,926 [INFO ] [MainThread] [ExperimentEagle.experimentEagle] [func=_selectedFile_changed:line=1004] Update physics
2020-02-22 18:19:38,030 [WARNI] [MainThread] [ExperimentEagle.physicsProperties] [func=updatePhysics:line=129] Age of sequence file: 18.7567420006
2020-02-22 18:19:38,210 [INFO ] [MainThread] [ExperimentEagle.experimentEagle] [func=getImageData:line=166] processor = <processors.standardAndor2.StandardAndor2 object at 0x000000000B03FD58>
2020-02-22 18:19:38,213 [INFO ] [MainThread] [ExperimentEagle.Processor] [func=process:line=73] using standard Andor 0 process function
2020-02-22 18:19:38,214 [INFO ] [MainThread] [ExperimentEagle.Processor] [func=read:line=38] processor reading file!
2020-02-22 18:19:46,005 [INFO ] [MainThread] [ExperimentEagle.Processor] [func=rescale:line=86] processor: rescale factor = 0.9655070783429678 using region of shape: 10, 10
2020-02-22 18:19:46,020 [WARNI] [MainThread] [ExperimentEagle.Processor] [func=opticalDensity:line=58] Calculate OP picture..
2020-02-22 18:19:46,101 [INFO ] [MainThread] [ExperimentEagle.experimentEagle] [func=getImageData:line=170] shape of raw Image = (531,529)
2020-02-22 18:19:46,102 [WARNI] [MainThread] [ExperimentEagle.experimentEagle] [func=getImageData:line=173] number of pixels in image have changed. This causes problems for contour fit plot. Will destroy contour fit plot first
2020-02-22 18:19:46,104 [INFO ] [MainThread] [ExperimentEagle.experimentEagle] [func=_fixAspectRatioBool_changed:line=970] self.fixAspectRatioBool changed to False
2020-02-22 18:19:46,105 [INFO ] [MainThread] [ExperimentEagle.experimentEagle] [func=_fixAspectRatioBool_changed:line=970] self.fixAspectRatioBool changed to True
2020-02-22 18:19:46,108 [INFO ] [MainThread] [ExperimentEagle.experimentEagle] [func=getImageData:line=175] continuing after pixels changed = True event
2020-02-22 18:19:46,111 [INFO ] [MainThread] [ExperimentEagle.experimentEagle] [func=update:line=840] updating plot
2020-02-22 18:19:46,115 [INFO ] [MainThread] [ExperimentEagle.experimentEagle] [func=_selectedFile_changed:line=1018] succesfully completed getImageData. Will now break from repetition loop
2020-02-22 18:19:46,148 [INFO ] [MainThread] [ExperimentEagle.experimentEagle] [func=update:line=840] updating plot
2020-02-22 18:19:59,911 [INFO ] [MainThread] [ExperimentEagle.experimentEagle] [func=_selectedFile_changed:line=1002] ######################## Selected File changed ########################
2020-02-22 18:19:59,920 [INFO ] [MainThread] [ExperimentEagle.experimentEagle] [func=_selectedFile_changed:line=1004] Update physics
2020-02-22 18:20:00,049 [WARNI] [MainThread] [ExperimentEagle.physicsProperties] [func=updatePhysics:line=129] Age of sequence file: 18.5674726963
2020-02-22 18:20:00,221 [INFO ] [MainThread] [ExperimentEagle.experimentEagle] [func=getImageData:line=166] processor = <processors.standardAndor2.StandardAndor2 object at 0x000000000B03FD58>
2020-02-22 18:20:00,223 [INFO ] [MainThread] [ExperimentEagle.Processor] [func=process:line=73] using standard Andor 0 process function
2020-02-22 18:20:00,223 [INFO ] [MainThread] [ExperimentEagle.Processor] [func=read:line=38] processor reading file!
2020-02-22 18:20:08,976 [INFO ] [MainThread] [ExperimentEagle.Processor] [func=rescale:line=86] processor: rescale factor = 0.9848387187559139 using region of shape: 10, 10
2020-02-22 18:20:08,990 [WARNI] [MainThread] [ExperimentEagle.Processor] [func=opticalDensity:line=58] Calculate OP picture..
2020-02-22 18:20:09,046 [INFO ] [MainThread] [ExperimentEagle.experimentEagle] [func=getImageData:line=170] shape of raw Image = (531,529)
2020-02-22 18:20:09,081 [INFO ] [MainThread] [ExperimentEagle.experimentEagle] [func=update:line=840] updating plot
2020-02-22 18:20:09,084 [INFO ] [MainThread] [ExperimentEagle.experimentEagle] [func=_selectedFile_changed:line=1018] succesfully completed getImageData. Will now break from repetition loop
2020-02-22 18:20:09,085 [INFO ] [MainThread] [ExperimentEagle.experimentEagle] [func=update:line=840] updating plot
2020-02-22 18:20:31,946 [INFO ] [MainThread] [ExperimentEagle.experimentEagle] [func=_selectedFile_changed:line=1002] ######################## Selected File changed ########################
2020-02-22 18:20:31,946 [INFO ] [MainThread] [ExperimentEagle.experimentEagle] [func=_selectedFile_changed:line=1004] Update physics
2020-02-22 18:20:32,045 [WARNI] [MainThread] [ExperimentEagle.physicsProperties] [func=updatePhysics:line=129] Age of sequence file: 19.0571684837
2020-02-22 18:20:32,220 [INFO ] [MainThread] [ExperimentEagle.experimentEagle] [func=getImageData:line=166] processor = <processors.standardAndor2.StandardAndor2 object at 0x000000000B03FD58>
2020-02-22 18:20:32,236 [INFO ] [MainThread] [ExperimentEagle.Processor] [func=process:line=73] using standard Andor 0 process function
2020-02-22 18:20:32,237 [INFO ] [MainThread] [ExperimentEagle.Processor] [func=read:line=38] processor reading file!
2020-02-22 18:20:41,023 [INFO ] [MainThread] [ExperimentEagle.Processor] [func=rescale:line=86] processor: rescale factor = 0.981379999534316 using region of shape: 10, 10
2020-02-22 18:20:41,049 [WARNI] [MainThread] [ExperimentEagle.Processor] [func=opticalDensity:line=58] Calculate OP picture..
2020-02-22 18:20:41,098 [INFO ] [MainThread] [ExperimentEagle.experimentEagle] [func=getImageData:line=170] shape of raw Image = (531,529)
2020-02-22 18:20:41,101 [INFO ] [MainThread] [ExperimentEagle.experimentEagle] [func=update:line=840] updating plot
2020-02-22 18:20:41,104 [INFO ] [MainThread] [ExperimentEagle.experimentEagle] [func=_selectedFile_changed:line=1018] succesfully completed getImageData. Will now break from repetition loop
2020-02-22 18:20:41,105 [INFO ] [MainThread] [ExperimentEagle.experimentEagle] [func=update:line=840] updating plot
2020-02-22 18:20:53,959 [INFO ] [MainThread] [ExperimentEagle.experimentEagle] [func=_selectedFile_changed:line=1002] ######################## Selected File changed ########################
2020-02-22 18:20:53,967 [INFO ] [MainThread] [ExperimentEagle.experimentEagle] [func=_selectedFile_changed:line=1004] Update physics
2020-02-22 18:20:54,082 [WARNI] [MainThread] [ExperimentEagle.physicsProperties] [func=updatePhysics:line=129] Age of sequence file: 18.9130430222
2020-02-22 18:20:54,246 [INFO ] [MainThread] [ExperimentEagle.experimentEagle] [func=getImageData:line=166] processor = <processors.standardAndor2.StandardAndor2 object at 0x000000000B03FD58>
2020-02-22 18:20:54,249 [INFO ] [MainThread] [ExperimentEagle.Processor] [func=process:line=73] using standard Andor 0 process function
2020-02-22 18:20:54,250 [INFO ] [MainThread] [ExperimentEagle.Processor] [func=read:line=38] processor reading file!
2020-02-22 18:21:02,492 [INFO ] [MainThread] [ExperimentEagle.Processor] [func=rescale:line=86] processor: rescale factor = 1.0508321479668374 using region of shape: 10, 10
2020-02-22 18:21:02,503 [WARNI] [MainThread] [ExperimentEagle.Processor] [func=opticalDensity:line=58] Calculate OP picture..
2020-02-22 18:21:02,552 [INFO ] [MainThread] [ExperimentEagle.experimentEagle] [func=getImageData:line=170] shape of raw Image = (531,529)
2020-02-22 18:21:02,555 [INFO ] [MainThread] [ExperimentEagle.experimentEagle] [func=update:line=840] updating plot
2020-02-22 18:21:02,559 [INFO ] [MainThread] [ExperimentEagle.experimentEagle] [func=_selectedFile_changed:line=1018] succesfully completed getImageData. Will now break from repetition loop
2020-02-22 18:21:02,592 [INFO ] [MainThread] [ExperimentEagle.experimentEagle] [func=update:line=840] updating plot
2020-02-22 18:21:24,002 [INFO ] [MainThread] [ExperimentEagle.experimentEagle] [func=_selectedFile_changed:line=1002] ######################## Selected File changed ########################
2020-02-22 18:21:24,009 [INFO ] [MainThread] [ExperimentEagle.experimentEagle] [func=_selectedFile_changed:line=1004] Update physics
2020-02-22 18:21:24,107 [WARNI] [MainThread] [ExperimentEagle.physicsProperties] [func=updatePhysics:line=129] Age of sequence file: 19.2709131241
2020-02-22 18:21:24,286 [INFO ] [MainThread] [ExperimentEagle.experimentEagle] [func=getImageData:line=166] processor = <processors.standardAndor2.StandardAndor2 object at 0x000000000B03FD58>
2020-02-22 18:21:24,301 [INFO ] [MainThread] [ExperimentEagle.Processor] [func=process:line=73] using standard Andor 0 process function
2020-02-22 18:21:24,302 [INFO ] [MainThread] [ExperimentEagle.Processor] [func=read:line=38] processor reading file!
2020-02-22 18:21:32,671 [INFO ] [MainThread] [ExperimentEagle.Processor] [func=rescale:line=86] processor: rescale factor = 1.0060252952154967 using region of shape: 10, 10
2020-02-22 18:21:32,697 [WARNI] [MainThread] [ExperimentEagle.Processor] [func=opticalDensity:line=58] Calculate OP picture..
2020-02-22 18:21:32,746 [INFO ] [MainThread] [ExperimentEagle.experimentEagle] [func=getImageData:line=170] shape of raw Image = (531,529)
2020-02-22 18:21:32,747 [INFO ] [MainThread] [ExperimentEagle.experimentEagle] [func=update:line=840] updating plot
2020-02-22 18:21:32,750 [INFO ] [MainThread] [ExperimentEagle.experimentEagle] [func=_selectedFile_changed:line=1018] succesfully completed getImageData. Will now break from repetition loop
2020-02-22 18:21:32,752 [INFO ] [MainThread] [ExperimentEagle.experimentEagle] [func=update:line=840] updating plot
2020-02-22 18:21:54,039 [INFO ] [MainThread] [ExperimentEagle.experimentEagle] [func=_selectedFile_changed:line=1002] ######################## Selected File changed ########################
2020-02-22 18:21:54,039 [INFO ] [MainThread] [ExperimentEagle.experimentEagle] [func=_selectedFile_changed:line=1004] Update physics
2020-02-22 18:21:54,668 [WARNI] [MainThread] [ExperimentEagle.physicsProperties] [func=updatePhysics:line=129] Age of sequence file: 19.2367198467
2020-02-22 18:21:54,841 [INFO ] [MainThread] [ExperimentEagle.experimentEagle] [func=getImageData:line=166] processor = <processors.standardAndor2.StandardAndor2 object at 0x000000000B03FD58>
2020-02-22 18:21:54,842 [INFO ] [MainThread] [ExperimentEagle.Processor] [func=process:line=73] using standard Andor 0 process function
2020-02-22 18:21:54,844 [INFO ] [MainThread] [ExperimentEagle.Processor] [func=read:line=38] processor reading file!
2020-02-22 18:22:03,921 [INFO ] [MainThread] [ExperimentEagle.Processor] [func=rescale:line=86] processor: rescale factor = 1.0689286727772527 using region of shape: 10, 10
2020-02-22 18:22:03,943 [WARNI] [MainThread] [ExperimentEagle.Processor] [func=opticalDensity:line=58] Calculate OP picture..
2020-02-22 18:22:03,992 [INFO ] [MainThread] [ExperimentEagle.experimentEagle] [func=getImageData:line=170] shape of raw Image = (531,529)
2020-02-22 18:22:03,994 [INFO ] [MainThread] [ExperimentEagle.experimentEagle] [func=update:line=840] updating plot
2020-02-22 18:22:03,997 [INFO ] [MainThread] [ExperimentEagle.experimentEagle] [func=_selectedFile_changed:line=1018] succesfully completed getImageData. Will now break from repetition loop
2020-02-22 18:22:03,999 [INFO ] [MainThread] [ExperimentEagle.experimentEagle] [func=update:line=840] updating plot
2020-02-22 18:22:18,032 [INFO ] [MainThread] [ExperimentEagle.experimentEagle] [func=_selectedFile_changed:line=1002] ######################## Selected File changed ########################
2020-02-22 18:22:18,042 [INFO ] [MainThread] [ExperimentEagle.experimentEagle] [func=_selectedFile_changed:line=1004] Update physics
2020-02-22 18:22:18,153 [WARNI] [MainThread] [ExperimentEagle.physicsProperties] [func=updatePhysics:line=129] Age of sequence file: 18.4846978188
2020-02-22 18:22:18,313 [INFO ] [MainThread] [ExperimentEagle.experimentEagle] [func=getImageData:line=166] processor = <processors.standardAndor2.StandardAndor2 object at 0x000000000B03FD58>
2020-02-22 18:22:18,329 [INFO ] [MainThread] [ExperimentEagle.Processor] [func=process:line=73] using standard Andor 0 process function
2020-02-22 18:22:18,334 [INFO ] [MainThread] [ExperimentEagle.Processor] [func=read:line=38] processor reading file!
2020-02-22 18:22:26,519 [INFO ] [MainThread] [ExperimentEagle.Processor] [func=rescale:line=86] processor: rescale factor = 0.9886115671699127 using region of shape: 10, 10
2020-02-22 18:22:26,539 [WARNI] [MainThread] [ExperimentEagle.Processor] [func=opticalDensity:line=58] Calculate OP picture..
2020-02-22 18:22:26,615 [INFO ] [MainThread] [ExperimentEagle.experimentEagle] [func=getImageData:line=170] shape of raw Image = (531,529)
2020-02-22 18:22:26,621 [INFO ] [MainThread] [ExperimentEagle.experimentEagle] [func=update:line=840] updating plot
2020-02-22 18:22:26,624 [INFO ] [MainThread] [ExperimentEagle.experimentEagle] [func=_selectedFile_changed:line=1018] succesfully completed getImageData. Will now break from repetition loop
2020-02-22 18:22:26,625 [INFO ] [MainThread] [ExperimentEagle.experimentEagle] [func=update:line=840] updating plot
2020-02-22 18:22:52,049 [INFO ] [MainThread] [ExperimentEagle.experimentEagle] [func=_selectedFile_changed:line=1002] ######################## Selected File changed ########################
2020-02-22 18:22:52,058 [INFO ] [MainThread] [ExperimentEagle.experimentEagle] [func=_selectedFile_changed:line=1004] Update physics
2020-02-22 18:22:52,170 [WARNI] [MainThread] [ExperimentEagle.physicsProperties] [func=updatePhysics:line=129] Age of sequence file: 18.5472033024
2020-02-22 18:22:52,329 [INFO ] [MainThread] [ExperimentEagle.experimentEagle] [func=getImageData:line=166] processor = <processors.standardAndor2.StandardAndor2 object at 0x000000000B03FD58>
2020-02-22 18:22:52,345 [INFO ] [MainThread] [ExperimentEagle.Processor] [func=process:line=73] using standard Andor 0 process function
2020-02-22 18:22:52,345 [INFO ] [MainThread] [ExperimentEagle.Processor] [func=read:line=38] processor reading file!
2020-02-22 18:23:00,851 [INFO ] [MainThread] [ExperimentEagle.Processor] [func=rescale:line=86] processor: rescale factor = 0.9146612867045748 using region of shape: 10, 10
2020-02-22 18:23:00,865 [WARNI] [MainThread] [ExperimentEagle.Processor] [func=opticalDensity:line=58] Calculate OP picture..
2020-02-22 18:23:00,911 [INFO ] [MainThread] [ExperimentEagle.experimentEagle] [func=getImageData:line=170] shape of raw Image = (531,529)
2020-02-22 18:23:00,914 [INFO ] [MainThread] [ExperimentEagle.experimentEagle] [func=update:line=840] updating plot
2020-02-22 18:23:00,917 [INFO ] [MainThread] [ExperimentEagle.experimentEagle] [func=_selectedFile_changed:line=1018] succesfully completed getImageData. Will now break from repetition loop
2020-02-22 18:23:00,950 [INFO ] [MainThread] [ExperimentEagle.experimentEagle] [func=update:line=840] updating plot
2020-02-22 18:23:09,121 [INFO ] [MainThread] [ExperimentEagle.experimentEagle] [func=closed:line=238] attempting to stop timers
