2020-02-22 19:07:04,915 [INFO ] [MainThread] [ExperimentEagle] [func=<module>:line=59] Welcome to Experiment Eagle version 4.0 written by Timothy Harrison. Report bugs to 
Timothy Harrison. See text at beginning of __init__.py for more information.
2020-02-22 19:07:08,755 [INFO ] [MainThread] [ExperimentEagle.experimentEagle] [func=_fixAspectRatioBool_changed:line=970] self.fixAspectRatioBool changed to True
2020-02-22 19:07:08,757 [INFO ] [MainThread] [ExperimentEagle.experimentEagle] [func=loadSettings:line=599] Load settings
2020-02-22 19:07:08,769 [INFO ] [MainThread] [ExperimentEagle.experimentEagle] [func=__init__:line=596] initialisation of experiment Eagle complete
2020-02-22 19:07:14,355 [INFO ] [MainThread] [ExperimentEagle.experimentEagle] [func=update:line=840] updating plot
2020-02-22 19:07:18,211 [INFO ] [MainThread] [ExperimentEagle.experimentEagle] [func=_cameraModel_changed:line=1035] Camera model changed to Andor2
2020-02-22 19:07:18,227 [INFO ] [MainThread] [ExperimentEagle.experimentEagle] [func=_cameraModel_changed:line=1051] {u'auto': False, u'max': 3, u'min': -0.2}
2020-02-22 19:07:18,232 [ERROR] [MainThread] [ExperimentEagle.experimentEagle] [func=getImageData:line=142] image file not found. filling with zeros
2020-02-22 19:07:18,233 [INFO ] [MainThread] [ExperimentEagle.experimentEagle] [func=update:line=840] updating plot
2020-02-22 19:07:19,509 [INFO ] [MainThread] [ExperimentEagle.experimentEagle] [func=_configureWatchFolder_fired:line=1079] Configure watch folder for Andor2
2020-02-22 19:07:21,525 [WARNI] [MainThread] [ExperimentEagle.experimentEagle] [func=checkForNewFiles:line=370] more than one new file found [u'Sequence_ANDORFT_GeneralDummyVariable_2_EvapSnakeStep1FreqMHz_1776.3_2202 190326.png', u'Sequence_ANDORFT_GeneralDummyVariable_2_EvapSnakeStep1FreqMHz_1776.2_2202 190353.png', u'Sequence_ANDORFT_GeneralDummyVariable_2_EvapSnakeStep1FreqMHz_1776.1_2202 190421.png', u'Sequence_ANDORFT_GeneralDummyVariable_2_EvapSnakeStep1FreqMHz_1776.4_2202 190258.png', u'Sequence_ANDORFT_GeneralDummyVariable_2_EvapSnakeStep1FreqMHz_1776_2202 190448.png'] only analysing first one
2020-02-22 19:07:21,532 [INFO ] [MainThread] [ExperimentEagle.experimentEagle] [func=_selectedFile_changed:line=1002] ######################## Selected File changed ########################
2020-02-22 19:07:21,563 [INFO ] [MainThread] [ExperimentEagle.experimentEagle] [func=_selectedFile_changed:line=1004] Update physics
2020-02-22 19:07:21,571 [ERROR] [MainThread] [ExperimentEagle.physicsProperties] [func=updatePhysics:line=141] Error when trying to load XML 'PhysicsProperties' object has no attribute 'selectedFileModifiedTime'
2020-02-22 19:07:21,792 [INFO ] [MainThread] [ExperimentEagle.experimentEagle] [func=getImageData:line=166] processor = <processors.standardAndor2.StandardAndor2 object at 0x000000000B43DD58>
2020-02-22 19:07:21,798 [INFO ] [MainThread] [ExperimentEagle.Processor] [func=process:line=73] using standard Andor 0 process function
2020-02-22 19:07:21,799 [INFO ] [MainThread] [ExperimentEagle.Processor] [func=read:line=38] processor reading file!
2020-02-22 19:07:21,996 [INFO ] [MainThread] [ExperimentEagle.Processor] [func=rescale:line=86] processor: rescale factor = 0.9298006921900657 using region of shape: 20, 20
2020-02-22 19:07:22,046 [WARNI] [MainThread] [ExperimentEagle.Processor] [func=opticalDensity:line=58] Calculate OP picture..
2020-02-22 19:07:22,229 [INFO ] [MainThread] [ExperimentEagle.experimentEagle] [func=getImageData:line=170] shape of raw Image = (1062,1059)
2020-02-22 19:07:22,240 [WARNI] [MainThread] [ExperimentEagle.experimentEagle] [func=getImageData:line=173] number of pixels in image have changed. This causes problems for contour fit plot. Will destroy contour fit plot first
2020-02-22 19:07:22,243 [INFO ] [MainThread] [ExperimentEagle.experimentEagle] [func=_fixAspectRatioBool_changed:line=970] self.fixAspectRatioBool changed to False
2020-02-22 19:07:22,246 [INFO ] [MainThread] [ExperimentEagle.experimentEagle] [func=_fixAspectRatioBool_changed:line=970] self.fixAspectRatioBool changed to True
2020-02-22 19:07:22,249 [INFO ] [MainThread] [ExperimentEagle.experimentEagle] [func=getImageData:line=175] continuing after pixels changed = True event
2020-02-22 19:07:22,262 [INFO ] [MainThread] [ExperimentEagle.experimentEagle] [func=update:line=840] updating plot
2020-02-22 19:07:22,282 [INFO ] [MainThread] [ExperimentEagle.experimentEagle] [func=_selectedFile_changed:line=1018] succesfully completed getImageData. Will now break from repetition loop
2020-02-22 19:07:22,312 [INFO ] [MainThread] [ExperimentEagle.experimentEagle] [func=update:line=840] updating plot
2020-02-22 19:07:25,164 [INFO ] [MainThread] [ExperimentEagle.experimentEagle] [func=_forceRefreshButton_fired:line=202] force refresh button fired
2020-02-22 19:07:25,229 [INFO ] [MainThread] [ExperimentEagle.experimentEagle] [func=getImageData:line=166] processor = <processors.standardAndor2.StandardAndor2 object at 0x000000000B43DD58>
2020-02-22 19:07:25,230 [INFO ] [MainThread] [ExperimentEagle.Processor] [func=process:line=73] using standard Andor 0 process function
2020-02-22 19:07:25,232 [INFO ] [MainThread] [ExperimentEagle.Processor] [func=read:line=38] processor reading file!
2020-02-22 19:07:25,316 [INFO ] [MainThread] [ExperimentEagle.Processor] [func=rescale:line=86] processor: rescale factor = 0.9298006921900657 using region of shape: 20, 20
2020-02-22 19:07:25,368 [WARNI] [MainThread] [ExperimentEagle.Processor] [func=opticalDensity:line=58] Calculate OP picture..
2020-02-22 19:07:25,562 [INFO ] [MainThread] [ExperimentEagle.experimentEagle] [func=getImageData:line=170] shape of raw Image = (1062,1059)
2020-02-22 19:07:25,573 [INFO ] [MainThread] [ExperimentEagle.experimentEagle] [func=update:line=840] updating plot
2020-02-22 19:07:25,578 [INFO ] [MainThread] [ExperimentEagle.experimentEagle] [func=_forceRefreshButton_fired:line=202] force refresh button fired
2020-02-22 19:07:25,635 [INFO ] [MainThread] [ExperimentEagle.experimentEagle] [func=getImageData:line=166] processor = <processors.standardAndor2.StandardAndor2 object at 0x000000000B43DD58>
2020-02-22 19:07:25,648 [INFO ] [MainThread] [ExperimentEagle.Processor] [func=process:line=73] using standard Andor 0 process function
2020-02-22 19:07:25,651 [INFO ] [MainThread] [ExperimentEagle.Processor] [func=read:line=38] processor reading file!
2020-02-22 19:07:25,744 [INFO ] [MainThread] [ExperimentEagle.Processor] [func=rescale:line=86] processor: rescale factor = 0.9298006921900657 using region of shape: 20, 20
2020-02-22 19:07:25,786 [WARNI] [MainThread] [ExperimentEagle.Processor] [func=opticalDensity:line=58] Calculate OP picture..
2020-02-22 19:07:25,979 [INFO ] [MainThread] [ExperimentEagle.experimentEagle] [func=getImageData:line=170] shape of raw Image = (1062,1059)
2020-02-22 19:07:25,996 [INFO ] [MainThread] [ExperimentEagle.experimentEagle] [func=update:line=840] updating plot
2020-02-22 19:07:40,619 [WARNI] [MainThread] [ExperimentEagle.OptionsDictionaryEditor] [func=createOption:line=43] unrecognised option type (<type 'unicode'>) in processor. Using traits.Any Editor and value
2020-02-22 19:07:43,536 [INFO ] [MainThread] [ExperimentEagle.experimentEagle] [func=_selectedFile_changed:line=1002] ######################## Selected File changed ########################
2020-02-22 19:07:43,546 [INFO ] [MainThread] [ExperimentEagle.experimentEagle] [func=_selectedFile_changed:line=1004] Update physics
2020-02-22 19:07:43,552 [ERROR] [MainThread] [ExperimentEagle.physicsProperties] [func=updatePhysics:line=124] Found very fresh sequence file. Probably read already variables of next sequence?
2020-02-22 19:07:43,553 [WARNI] [MainThread] [ExperimentEagle.physicsProperties] [func=updatePhysics:line=125] Use second last sequence file instead..
2020-02-22 19:07:43,667 [WARNI] [MainThread] [ExperimentEagle.physicsProperties] [func=updatePhysics:line=129] Age of sequence file: -64.2804710865
2020-02-22 19:07:43,845 [INFO ] [MainThread] [ExperimentEagle.experimentEagle] [func=getImageData:line=166] processor = <processors.standardAndor2.StandardAndor2 object at 0x000000000B43DD58>
2020-02-22 19:07:43,846 [INFO ] [MainThread] [ExperimentEagle.Processor] [func=process:line=73] using standard Andor 0 process function
2020-02-22 19:07:43,848 [INFO ] [MainThread] [ExperimentEagle.Processor] [func=read:line=38] processor reading file!
2020-02-22 19:07:43,946 [INFO ] [MainThread] [ExperimentEagle.Processor] [func=rescale:line=86] processor: rescale factor = 0.9932415391626097 using region of shape: 20, 20
2020-02-22 19:07:43,990 [WARNI] [MainThread] [ExperimentEagle.Processor] [func=opticalDensity:line=58] Calculate OP picture..
2020-02-22 19:07:44,178 [INFO ] [MainThread] [ExperimentEagle.experimentEagle] [func=getImageData:line=170] shape of raw Image = (1062,1059)
2020-02-22 19:07:44,191 [INFO ] [MainThread] [ExperimentEagle.experimentEagle] [func=update:line=840] updating plot
2020-02-22 19:07:44,196 [INFO ] [MainThread] [ExperimentEagle.experimentEagle] [func=_selectedFile_changed:line=1018] succesfully completed getImageData. Will now break from repetition loop
2020-02-22 19:07:44,197 [INFO ] [MainThread] [ExperimentEagle.experimentEagle] [func=update:line=840] updating plot
2020-02-22 19:07:46,362 [INFO ] [MainThread] [ExperimentEagle.OptionsDictionaryEditor] [func=editOptionsDialog:line=76] returning optionsDict
2020-02-22 19:07:46,371 [INFO ] [MainThread] [ExperimentEagle.Processor] [func=editOptions:line=105] updating options dictionary with values OrderedDict([('process?', True), ('darkSubtraction?', True), ('rawImageWithDarkSubtraction?', False), ('rescale?', True), ('rescaleInitialX', 450), ('rescaleInitialY', 250), ('rescaleWidth', 20), ('rescaleHeight', 120), ('drawRescaleRegion?', True), ('rotationAngle', 87.8), ('Skip initial rows', 0), ('Skip final rows', 0), ('correct OD with alpha function?', False), ('Rescale with circular mask?', False), ('Atom mask PosX', 295), ('Atom mask PosY', 295), ('Atom mask Radius', 160), ('Balance light Radius', 200), ('Use boosted light image?', False), ('Light boost factor', 1.0), ('Binning?', False), ('Bin size', 2), ('Dark picture', u'G:/Experiment Humphry/Experiment Control And Software/experimentEagle/calibration/darkPictures/Andor2/2020 02 22 - dark Andor2 - interval 0_017 temperature -80_0 16 c 5_1 3_3 n 100.npy'), ('High intensity correction for low OD?', False), ('alpha', 1.25), ('C0Sat', 231), ('Imaging pulse duration', 6e-06)])
2020-02-22 19:07:52,259 [INFO ] [MainThread] [ExperimentEagle.experimentEagle] [func=_forceRefreshButton_fired:line=202] force refresh button fired
2020-02-22 19:07:52,319 [INFO ] [MainThread] [ExperimentEagle.experimentEagle] [func=getImageData:line=166] processor = <processors.standardAndor2.StandardAndor2 object at 0x000000000B43DD58>
2020-02-22 19:07:52,322 [INFO ] [MainThread] [ExperimentEagle.Processor] [func=process:line=73] using standard Andor 0 process function
2020-02-22 19:07:52,325 [INFO ] [MainThread] [ExperimentEagle.Processor] [func=read:line=38] processor reading file!
2020-02-22 19:07:52,415 [INFO ] [MainThread] [ExperimentEagle.Processor] [func=rescale:line=86] processor: rescale factor = 1.075604031579597 using region of shape: 20, 20
2020-02-22 19:07:52,460 [WARNI] [MainThread] [ExperimentEagle.Processor] [func=opticalDensity:line=58] Calculate OP picture..
2020-02-22 19:07:52,644 [INFO ] [MainThread] [ExperimentEagle.experimentEagle] [func=getImageData:line=170] shape of raw Image = (1063,1063)
2020-02-22 19:07:52,655 [WARNI] [MainThread] [ExperimentEagle.experimentEagle] [func=getImageData:line=173] number of pixels in image have changed. This causes problems for contour fit plot. Will destroy contour fit plot first
2020-02-22 19:07:52,661 [INFO ] [MainThread] [ExperimentEagle.experimentEagle] [func=_fixAspectRatioBool_changed:line=970] self.fixAspectRatioBool changed to False
2020-02-22 19:07:52,661 [INFO ] [MainThread] [ExperimentEagle.experimentEagle] [func=_fixAspectRatioBool_changed:line=970] self.fixAspectRatioBool changed to True
2020-02-22 19:07:52,694 [INFO ] [MainThread] [ExperimentEagle.experimentEagle] [func=getImageData:line=175] continuing after pixels changed = True event
2020-02-22 19:07:52,700 [INFO ] [MainThread] [ExperimentEagle.experimentEagle] [func=update:line=840] updating plot
2020-02-22 19:07:52,732 [INFO ] [MainThread] [ExperimentEagle.experimentEagle] [func=_forceRefreshButton_fired:line=202] force refresh button fired
2020-02-22 19:07:52,818 [INFO ] [MainThread] [ExperimentEagle.experimentEagle] [func=getImageData:line=166] processor = <processors.standardAndor2.StandardAndor2 object at 0x000000000B43DD58>
2020-02-22 19:07:52,819 [INFO ] [MainThread] [ExperimentEagle.Processor] [func=process:line=73] using standard Andor 0 process function
2020-02-22 19:07:52,821 [INFO ] [MainThread] [ExperimentEagle.Processor] [func=read:line=38] processor reading file!
2020-02-22 19:07:52,914 [INFO ] [MainThread] [ExperimentEagle.Processor] [func=rescale:line=86] processor: rescale factor = 1.075604031579597 using region of shape: 20, 20
2020-02-22 19:07:52,957 [WARNI] [MainThread] [ExperimentEagle.Processor] [func=opticalDensity:line=58] Calculate OP picture..
2020-02-22 19:07:53,141 [INFO ] [MainThread] [ExperimentEagle.experimentEagle] [func=getImageData:line=170] shape of raw Image = (1063,1063)
2020-02-22 19:07:53,157 [INFO ] [MainThread] [ExperimentEagle.experimentEagle] [func=update:line=840] updating plot
2020-02-22 19:08:15,536 [INFO ] [MainThread] [ExperimentEagle.experimentEagle] [func=_selectedFile_changed:line=1002] ######################## Selected File changed ########################
2020-02-22 19:08:15,543 [INFO ] [MainThread] [ExperimentEagle.experimentEagle] [func=_selectedFile_changed:line=1004] Update physics
2020-02-22 19:08:15,648 [WARNI] [MainThread] [ExperimentEagle.physicsProperties] [func=updatePhysics:line=129] Age of sequence file: 18.4928295612
2020-02-22 19:08:15,809 [INFO ] [MainThread] [ExperimentEagle.experimentEagle] [func=getImageData:line=166] processor = <processors.standardAndor2.StandardAndor2 object at 0x000000000B43DD58>
2020-02-22 19:08:15,822 [INFO ] [MainThread] [ExperimentEagle.Processor] [func=process:line=73] using standard Andor 0 process function
2020-02-22 19:08:15,825 [INFO ] [MainThread] [ExperimentEagle.Processor] [func=read:line=38] processor reading file!
2020-02-22 19:08:15,924 [INFO ] [MainThread] [ExperimentEagle.Processor] [func=rescale:line=86] processor: rescale factor = 1.4023296483241727 using region of shape: 20, 20
2020-02-22 19:08:15,967 [WARNI] [MainThread] [ExperimentEagle.Processor] [func=opticalDensity:line=58] Calculate OP picture..
2020-02-22 19:08:16,160 [INFO ] [MainThread] [ExperimentEagle.experimentEagle] [func=getImageData:line=170] shape of raw Image = (1063,1063)
2020-02-22 19:08:16,171 [INFO ] [MainThread] [ExperimentEagle.experimentEagle] [func=update:line=840] updating plot
2020-02-22 19:08:16,177 [INFO ] [MainThread] [ExperimentEagle.experimentEagle] [func=_selectedFile_changed:line=1018] succesfully completed getImageData. Will now break from repetition loop
2020-02-22 19:08:16,178 [INFO ] [MainThread] [ExperimentEagle.experimentEagle] [func=update:line=840] updating plot
2020-02-22 19:08:25,081 [WARNI] [MainThread] [ExperimentEagle.OptionsDictionaryEditor] [func=createOption:line=43] unrecognised option type (<type 'unicode'>) in processor. Using traits.Any Editor and value
2020-02-22 19:08:32,046 [INFO ] [MainThread] [ExperimentEagle.OptionsDictionaryEditor] [func=editOptionsDialog:line=76] returning optionsDict
2020-02-22 19:08:32,059 [INFO ] [MainThread] [ExperimentEagle.Processor] [func=editOptions:line=105] updating options dictionary with values OrderedDict([('process?', True), ('darkSubtraction?', True), ('rawImageWithDarkSubtraction?', False), ('rescale?', True), ('rescaleInitialX', 450), ('rescaleInitialY', 250), ('rescaleWidth', 20), ('rescaleHeight', 120), ('drawRescaleRegion?', True), ('rotationAngle', 87.8), ('Skip initial rows', 0), ('Skip final rows', 0), ('correct OD with alpha function?', False), ('Rescale with circular mask?', False), ('Atom mask PosX', 295), ('Atom mask PosY', 295), ('Atom mask Radius', 160), ('Balance light Radius', 200), ('Use boosted light image?', False), ('Light boost factor', 1.0), ('Binning?', True), ('Bin size', 4), ('Dark picture', u'G:/Experiment Humphry/Experiment Control And Software/experimentEagle/calibration/darkPictures/Andor2/2020 02 22 - dark Andor2 - interval 0_017 temperature -80_0 16 c 5_1 3_3 n 100.npy'), ('High intensity correction for low OD?', False), ('alpha', 1.25), ('C0Sat', 231), ('Imaging pulse duration', 6e-06)])
2020-02-22 19:08:37,023 [INFO ] [MainThread] [ExperimentEagle.experimentEagle] [func=_forceRefreshButton_fired:line=202] force refresh button fired
2020-02-22 19:08:37,092 [INFO ] [MainThread] [ExperimentEagle.experimentEagle] [func=getImageData:line=166] processor = <processors.standardAndor2.StandardAndor2 object at 0x000000000B43DD58>
2020-02-22 19:08:37,094 [INFO ] [MainThread] [ExperimentEagle.Processor] [func=process:line=73] using standard Andor 0 process function
2020-02-22 19:08:37,095 [INFO ] [MainThread] [ExperimentEagle.Processor] [func=read:line=38] processor reading file!
2020-02-22 19:08:37,191 [INFO ] [MainThread] [ExperimentEagle.Processor] [func=rescale:line=86] processor: rescale factor = 1.4023296483241727 using region of shape: 20, 20
2020-02-22 19:08:38,467 [WARNI] [MainThread] [ExperimentEagle.Processor] [func=opticalDensity:line=58] Calculate OP picture..
2020-02-22 19:08:38,493 [INFO ] [MainThread] [ExperimentEagle.experimentEagle] [func=getImageData:line=170] shape of raw Image = (266,266)
2020-02-22 19:08:38,493 [WARNI] [MainThread] [ExperimentEagle.experimentEagle] [func=getImageData:line=173] number of pixels in image have changed. This causes problems for contour fit plot. Will destroy contour fit plot first
2020-02-22 19:08:38,494 [INFO ] [MainThread] [ExperimentEagle.experimentEagle] [func=_fixAspectRatioBool_changed:line=970] self.fixAspectRatioBool changed to False
2020-02-22 19:08:38,528 [INFO ] [MainThread] [ExperimentEagle.experimentEagle] [func=_fixAspectRatioBool_changed:line=970] self.fixAspectRatioBool changed to True
2020-02-22 19:08:38,561 [INFO ] [MainThread] [ExperimentEagle.experimentEagle] [func=getImageData:line=175] continuing after pixels changed = True event
2020-02-22 19:08:38,562 [INFO ] [MainThread] [ExperimentEagle.experimentEagle] [func=update:line=840] updating plot
2020-02-22 19:08:38,599 [INFO ] [MainThread] [ExperimentEagle.experimentEagle] [func=_selectedFile_changed:line=1002] ######################## Selected File changed ########################
2020-02-22 19:08:38,621 [INFO ] [MainThread] [ExperimentEagle.experimentEagle] [func=_selectedFile_changed:line=1004] Update physics
2020-02-22 19:08:39,197 [WARNI] [MainThread] [ExperimentEagle.physicsProperties] [func=updatePhysics:line=129] Age of sequence file: 18.6530203819
2020-02-22 19:08:39,358 [INFO ] [MainThread] [ExperimentEagle.experimentEagle] [func=getImageData:line=166] processor = <processors.standardAndor2.StandardAndor2 object at 0x000000000B43DD58>
2020-02-22 19:08:39,369 [INFO ] [MainThread] [ExperimentEagle.Processor] [func=process:line=73] using standard Andor 0 process function
2020-02-22 19:08:39,371 [INFO ] [MainThread] [ExperimentEagle.Processor] [func=read:line=38] processor reading file!
2020-02-22 19:08:39,469 [INFO ] [MainThread] [ExperimentEagle.Processor] [func=rescale:line=86] processor: rescale factor = 1.1335751042955615 using region of shape: 20, 20
2020-02-22 19:08:40,719 [WARNI] [MainThread] [ExperimentEagle.Processor] [func=opticalDensity:line=58] Calculate OP picture..
2020-02-22 19:08:40,747 [INFO ] [MainThread] [ExperimentEagle.experimentEagle] [func=getImageData:line=170] shape of raw Image = (266,266)
2020-02-22 19:08:40,776 [INFO ] [MainThread] [ExperimentEagle.experimentEagle] [func=update:line=840] updating plot
2020-02-22 19:08:40,779 [INFO ] [MainThread] [ExperimentEagle.experimentEagle] [func=_selectedFile_changed:line=1018] succesfully completed getImageData. Will now break from repetition loop
2020-02-22 19:08:40,805 [INFO ] [MainThread] [ExperimentEagle.experimentEagle] [func=update:line=840] updating plot
2020-02-22 19:08:40,809 [INFO ] [MainThread] [ExperimentEagle.experimentEagle] [func=_forceRefreshButton_fired:line=202] force refresh button fired
2020-02-22 19:08:40,867 [INFO ] [MainThread] [ExperimentEagle.experimentEagle] [func=getImageData:line=166] processor = <processors.standardAndor2.StandardAndor2 object at 0x000000000B43DD58>
2020-02-22 19:08:40,875 [INFO ] [MainThread] [ExperimentEagle.Processor] [func=process:line=73] using standard Andor 0 process function
2020-02-22 19:08:40,877 [INFO ] [MainThread] [ExperimentEagle.Processor] [func=read:line=38] processor reading file!
2020-02-22 19:08:40,970 [INFO ] [MainThread] [ExperimentEagle.Processor] [func=rescale:line=86] processor: rescale factor = 1.1335751042955615 using region of shape: 20, 20
2020-02-22 19:08:42,236 [WARNI] [MainThread] [ExperimentEagle.Processor] [func=opticalDensity:line=58] Calculate OP picture..
2020-02-22 19:08:42,253 [INFO ] [MainThread] [ExperimentEagle.experimentEagle] [func=getImageData:line=170] shape of raw Image = (266,266)
2020-02-22 19:08:42,255 [INFO ] [MainThread] [ExperimentEagle.experimentEagle] [func=update:line=840] updating plot
2020-02-22 19:09:09,075 [INFO ] [MainThread] [ExperimentEagle.KeyBindingTool] [func=normal_key_pressed:line=40] normal key pressed
2020-02-22 19:09:09,079 [INFO ] [MainThread] [ExperimentEagle.KeyBindingTool] [func=normal_key_pressed:line=41] 3 keys registered for detection
2020-02-22 19:09:09,081 [INFO ] [MainThread] [ExperimentEagle.KeyBindingTool] [func=normal_key_pressed:line=43] normal key press detected: KeyEvent(event_type='key_pressed', character='Alt', alt_down=True, control_down=False, shift_down=False, handled=False)
2020-02-22 19:09:09,084 [INFO ] [MainThread] [ExperimentEagle.KeyBindingTool] [func=normal_key_pressed:line=43] normal key press detected: KeyEvent(event_type='key_pressed', character='Alt', alt_down=True, control_down=False, shift_down=False, handled=False)
2020-02-22 19:09:09,085 [INFO ] [MainThread] [ExperimentEagle.KeyBindingTool] [func=normal_key_pressed:line=43] normal key press detected: KeyEvent(event_type='key_pressed', character='Alt', alt_down=True, control_down=False, shift_down=False, handled=False)
2020-02-22 19:09:13,539 [INFO ] [MainThread] [ExperimentEagle.experimentEagle] [func=_selectedFile_changed:line=1002] ######################## Selected File changed ########################
2020-02-22 19:09:13,540 [INFO ] [MainThread] [ExperimentEagle.experimentEagle] [func=_selectedFile_changed:line=1004] Update physics
2020-02-22 19:09:13,664 [WARNI] [MainThread] [ExperimentEagle.physicsProperties] [func=updatePhysics:line=129] Age of sequence file: 18.8210132122
2020-02-22 19:09:13,973 [INFO ] [MainThread] [ExperimentEagle.experimentEagle] [func=getImageData:line=166] processor = <processors.standardAndor2.StandardAndor2 object at 0x000000000B43DD58>
2020-02-22 19:09:13,989 [INFO ] [MainThread] [ExperimentEagle.Processor] [func=process:line=73] using standard Andor 0 process function
2020-02-22 19:09:13,990 [INFO ] [MainThread] [ExperimentEagle.Processor] [func=read:line=38] processor reading file!
2020-02-22 19:09:14,101 [INFO ] [MainThread] [ExperimentEagle.Processor] [func=rescale:line=86] processor: rescale factor = 1.1785556664478127 using region of shape: 20, 20
2020-02-22 19:09:15,611 [WARNI] [MainThread] [ExperimentEagle.Processor] [func=opticalDensity:line=58] Calculate OP picture..
2020-02-22 19:09:15,635 [INFO ] [MainThread] [ExperimentEagle.experimentEagle] [func=getImageData:line=170] shape of raw Image = (266,266)
2020-02-22 19:09:15,680 [INFO ] [MainThread] [ExperimentEagle.experimentEagle] [func=update:line=840] updating plot
2020-02-22 19:09:15,686 [INFO ] [MainThread] [ExperimentEagle.experimentEagle] [func=_selectedFile_changed:line=1018] succesfully completed getImageData. Will now break from repetition loop
2020-02-22 19:09:15,687 [INFO ] [MainThread] [ExperimentEagle.experimentEagle] [func=update:line=840] updating plot
2020-02-22 19:09:37,540 [INFO ] [MainThread] [ExperimentEagle.experimentEagle] [func=_selectedFile_changed:line=1002] ######################## Selected File changed ########################
2020-02-22 19:09:37,542 [INFO ] [MainThread] [ExperimentEagle.experimentEagle] [func=_selectedFile_changed:line=1004] Update physics
2020-02-22 19:09:37,657 [WARNI] [MainThread] [ExperimentEagle.physicsProperties] [func=updatePhysics:line=129] Age of sequence file: 18.9704236984
2020-02-22 19:09:37,821 [INFO ] [MainThread] [ExperimentEagle.experimentEagle] [func=getImageData:line=166] processor = <processors.standardAndor2.StandardAndor2 object at 0x000000000B43DD58>
2020-02-22 19:09:37,822 [INFO ] [MainThread] [ExperimentEagle.Processor] [func=process:line=73] using standard Andor 0 process function
2020-02-22 19:09:37,822 [INFO ] [MainThread] [ExperimentEagle.Processor] [func=read:line=38] processor reading file!
2020-02-22 19:09:37,917 [INFO ] [MainThread] [ExperimentEagle.Processor] [func=rescale:line=86] processor: rescale factor = 1.3748610799230183 using region of shape: 20, 20
2020-02-22 19:09:39,322 [WARNI] [MainThread] [ExperimentEagle.Processor] [func=opticalDensity:line=58] Calculate OP picture..
2020-02-22 19:09:39,336 [INFO ] [MainThread] [ExperimentEagle.experimentEagle] [func=getImageData:line=170] shape of raw Image = (266,266)
2020-02-22 19:09:39,338 [INFO ] [MainThread] [ExperimentEagle.experimentEagle] [func=update:line=840] updating plot
2020-02-22 19:09:39,341 [INFO ] [MainThread] [ExperimentEagle.experimentEagle] [func=_selectedFile_changed:line=1018] succesfully completed getImageData. Will now break from repetition loop
2020-02-22 19:09:39,371 [INFO ] [MainThread] [ExperimentEagle.experimentEagle] [func=update:line=840] updating plot
2020-02-22 19:09:59,538 [INFO ] [MainThread] [ExperimentEagle.experimentEagle] [func=_selectedFile_changed:line=1002] ######################## Selected File changed ########################
2020-02-22 19:09:59,539 [INFO ] [MainThread] [ExperimentEagle.experimentEagle] [func=_selectedFile_changed:line=1004] Update physics
2020-02-22 19:09:59,654 [WARNI] [MainThread] [ExperimentEagle.physicsProperties] [func=updatePhysics:line=129] Age of sequence file: 19.0910568237
2020-02-22 19:09:59,779 [INFO ] [MainThread] [ExperimentEagle.experimentEagle] [func=getImageData:line=166] processor = <processors.standardAndor2.StandardAndor2 object at 0x000000000B43DD58>
2020-02-22 19:09:59,782 [INFO ] [MainThread] [ExperimentEagle.Processor] [func=process:line=73] using standard Andor 0 process function
2020-02-22 19:09:59,782 [INFO ] [MainThread] [ExperimentEagle.Processor] [func=read:line=38] processor reading file!
2020-02-22 19:09:59,803 [ERROR] [MainThread] [ExperimentEagle.experimentEagle] [func=_selectedFile_changed:line=1013] Error. received Attribute Error when trying to getImageData. This occurs sometimes and causes duplicate points...
2020-02-22 19:09:59,826 [ERROR] [MainThread] [ExperimentEagle.experimentEagle] [func=_selectedFile_changed:line=1014] Error message :__float__
2020-02-22 19:09:59,828 [ERROR] [MainThread] [ExperimentEagle.experimentEagle] [func=_selectedFile_changed:line=1015] Will sleep and then retry
2020-02-22 19:10:00,519 [INFO ] [MainThread] [ExperimentEagle.experimentEagle] [func=getImageData:line=166] processor = <processors.standardAndor2.StandardAndor2 object at 0x000000000B43DD58>
2020-02-22 19:10:00,522 [INFO ] [MainThread] [ExperimentEagle.Processor] [func=process:line=73] using standard Andor 0 process function
2020-02-22 19:10:00,523 [INFO ] [MainThread] [ExperimentEagle.Processor] [func=read:line=38] processor reading file!
2020-02-22 19:10:00,653 [INFO ] [MainThread] [ExperimentEagle.Processor] [func=rescale:line=86] processor: rescale factor = 1.536297331424775 using region of shape: 20, 20
2020-02-22 19:10:02,007 [WARNI] [MainThread] [ExperimentEagle.Processor] [func=opticalDensity:line=58] Calculate OP picture..
2020-02-22 19:10:02,029 [INFO ] [MainThread] [ExperimentEagle.experimentEagle] [func=getImageData:line=170] shape of raw Image = (266,266)
2020-02-22 19:10:02,030 [INFO ] [MainThread] [ExperimentEagle.experimentEagle] [func=update:line=840] updating plot
2020-02-22 19:10:02,033 [INFO ] [MainThread] [ExperimentEagle.experimentEagle] [func=_selectedFile_changed:line=1018] succesfully completed getImageData. Will now break from repetition loop
2020-02-22 19:10:02,033 [INFO ] [MainThread] [ExperimentEagle.experimentEagle] [func=update:line=840] updating plot
2020-02-22 19:10:33,536 [INFO ] [MainThread] [ExperimentEagle.experimentEagle] [func=_selectedFile_changed:line=1002] ######################## Selected File changed ########################
2020-02-22 19:10:33,546 [INFO ] [MainThread] [ExperimentEagle.experimentEagle] [func=_selectedFile_changed:line=1004] Update physics
2020-02-22 19:10:33,658 [WARNI] [MainThread] [ExperimentEagle.physicsProperties] [func=updatePhysics:line=129] Age of sequence file: 18.3324146271
2020-02-22 19:10:33,819 [INFO ] [MainThread] [ExperimentEagle.experimentEagle] [func=getImageData:line=166] processor = <processors.standardAndor2.StandardAndor2 object at 0x000000000B43DD58>
2020-02-22 19:10:33,835 [INFO ] [MainThread] [ExperimentEagle.Processor] [func=process:line=73] using standard Andor 0 process function
2020-02-22 19:10:33,835 [INFO ] [MainThread] [ExperimentEagle.Processor] [func=read:line=38] processor reading file!
2020-02-22 19:10:33,930 [INFO ] [MainThread] [ExperimentEagle.Processor] [func=rescale:line=86] processor: rescale factor = 1.1237918075198443 using region of shape: 20, 20
2020-02-22 19:10:35,219 [WARNI] [MainThread] [ExperimentEagle.Processor] [func=opticalDensity:line=58] Calculate OP picture..
2020-02-22 19:10:35,236 [INFO ] [MainThread] [ExperimentEagle.experimentEagle] [func=getImageData:line=170] shape of raw Image = (266,266)
2020-02-22 19:10:35,236 [INFO ] [MainThread] [ExperimentEagle.experimentEagle] [func=update:line=840] updating plot
2020-02-22 19:10:35,240 [INFO ] [MainThread] [ExperimentEagle.experimentEagle] [func=_selectedFile_changed:line=1018] succesfully completed getImageData. Will now break from repetition loop
2020-02-22 19:10:35,272 [INFO ] [MainThread] [ExperimentEagle.experimentEagle] [func=update:line=840] updating plot
2020-02-22 19:10:55,535 [INFO ] [MainThread] [ExperimentEagle.experimentEagle] [func=_selectedFile_changed:line=1002] ######################## Selected File changed ########################
2020-02-22 19:10:55,543 [INFO ] [MainThread] [ExperimentEagle.experimentEagle] [func=_selectedFile_changed:line=1004] Update physics
2020-02-22 19:10:55,654 [WARNI] [MainThread] [ExperimentEagle.physicsProperties] [func=updatePhysics:line=129] Age of sequence file: 18.4867734909
2020-02-22 19:10:55,818 [INFO ] [MainThread] [ExperimentEagle.experimentEagle] [func=getImageData:line=166] processor = <processors.standardAndor2.StandardAndor2 object at 0x000000000B43DD58>
2020-02-22 19:10:55,826 [INFO ] [MainThread] [ExperimentEagle.Processor] [func=process:line=73] using standard Andor 0 process function
2020-02-22 19:10:55,828 [INFO ] [MainThread] [ExperimentEagle.Processor] [func=read:line=38] processor reading file!
2020-02-22 19:10:55,920 [INFO ] [MainThread] [ExperimentEagle.Processor] [func=rescale:line=86] processor: rescale factor = 1.1422177362218946 using region of shape: 20, 20
2020-02-22 19:10:57,200 [WARNI] [MainThread] [ExperimentEagle.Processor] [func=opticalDensity:line=58] Calculate OP picture..
2020-02-22 19:10:57,223 [INFO ] [MainThread] [ExperimentEagle.experimentEagle] [func=getImageData:line=170] shape of raw Image = (266,266)
2020-02-22 19:10:57,252 [INFO ] [MainThread] [ExperimentEagle.experimentEagle] [func=update:line=840] updating plot
2020-02-22 19:10:57,253 [INFO ] [MainThread] [ExperimentEagle.experimentEagle] [func=_selectedFile_changed:line=1018] succesfully completed getImageData. Will now break from repetition loop
2020-02-22 19:10:57,283 [INFO ] [MainThread] [ExperimentEagle.experimentEagle] [func=update:line=840] updating plot
2020-02-22 19:11:25,563 [INFO ] [MainThread] [ExperimentEagle.experimentEagle] [func=_selectedFile_changed:line=1002] ######################## Selected File changed ########################
2020-02-22 19:11:25,573 [INFO ] [MainThread] [ExperimentEagle.experimentEagle] [func=_selectedFile_changed:line=1004] Update physics
2020-02-22 19:11:25,683 [WARNI] [MainThread] [ExperimentEagle.physicsProperties] [func=updatePhysics:line=129] Age of sequence file: 18.661229372
2020-02-22 19:11:25,858 [INFO ] [MainThread] [ExperimentEagle.experimentEagle] [func=getImageData:line=166] processor = <processors.standardAndor2.StandardAndor2 object at 0x000000000B43DD58>
2020-02-22 19:11:25,861 [INFO ] [MainThread] [ExperimentEagle.Processor] [func=process:line=73] using standard Andor 0 process function
2020-02-22 19:11:25,861 [INFO ] [MainThread] [ExperimentEagle.Processor] [func=read:line=38] processor reading file!
2020-02-22 19:11:25,963 [INFO ] [MainThread] [ExperimentEagle.Processor] [func=rescale:line=86] processor: rescale factor = 0.8558318634070445 using region of shape: 20, 20
2020-02-22 19:11:27,515 [WARNI] [MainThread] [ExperimentEagle.Processor] [func=opticalDensity:line=58] Calculate OP picture..
2020-02-22 19:11:27,542 [INFO ] [MainThread] [ExperimentEagle.experimentEagle] [func=getImageData:line=170] shape of raw Image = (266,266)
2020-02-22 19:11:27,576 [INFO ] [MainThread] [ExperimentEagle.experimentEagle] [func=update:line=840] updating plot
2020-02-22 19:11:27,579 [INFO ] [MainThread] [ExperimentEagle.experimentEagle] [func=_selectedFile_changed:line=1018] succesfully completed getImageData. Will now break from repetition loop
2020-02-22 19:11:27,581 [INFO ] [MainThread] [ExperimentEagle.experimentEagle] [func=update:line=840] updating plot
2020-02-22 19:11:57,607 [INFO ] [MainThread] [ExperimentEagle.experimentEagle] [func=_selectedFile_changed:line=1002] ######################## Selected File changed ########################
2020-02-22 19:11:57,608 [INFO ] [MainThread] [ExperimentEagle.experimentEagle] [func=_selectedFile_changed:line=1004] Update physics
2020-02-22 19:11:57,750 [WARNI] [MainThread] [ExperimentEagle.physicsProperties] [func=updatePhysics:line=129] Age of sequence file: 18.7669584751
2020-02-22 19:11:57,915 [INFO ] [MainThread] [ExperimentEagle.experimentEagle] [func=getImageData:line=166] processor = <processors.standardAndor2.StandardAndor2 object at 0x000000000B43DD58>
2020-02-22 19:11:57,926 [INFO ] [MainThread] [ExperimentEagle.Processor] [func=process:line=73] using standard Andor 0 process function
2020-02-22 19:11:57,927 [INFO ] [MainThread] [ExperimentEagle.Processor] [func=read:line=38] processor reading file!
2020-02-22 19:11:58,035 [INFO ] [MainThread] [ExperimentEagle.Processor] [func=rescale:line=86] processor: rescale factor = 1.1029913809176217 using region of shape: 20, 20
2020-02-22 19:11:59,506 [WARNI] [MainThread] [ExperimentEagle.Processor] [func=opticalDensity:line=58] Calculate OP picture..
2020-02-22 19:11:59,536 [INFO ] [MainThread] [ExperimentEagle.experimentEagle] [func=getImageData:line=170] shape of raw Image = (266,266)
2020-02-22 19:11:59,538 [INFO ] [MainThread] [ExperimentEagle.experimentEagle] [func=update:line=840] updating plot
2020-02-22 19:11:59,540 [INFO ] [MainThread] [ExperimentEagle.experimentEagle] [func=_selectedFile_changed:line=1018] succesfully completed getImageData. Will now break from repetition loop
2020-02-22 19:11:59,542 [INFO ] [MainThread] [ExperimentEagle.experimentEagle] [func=update:line=840] updating plot
2020-02-22 19:12:07,457 [INFO ] [MainThread] [ExperimentEagle.experimentEagle] [func=closed:line=238] attempting to stop timers
