2020-01-31 11:28:43,762 [INFO ] [MainThread] [ExperimentEagle] [func=<module>:line=59] Welcome to Experiment Eagle version 4.0 written by Timothy Harrison. Report bugs to 
Timothy Harrison. See text at beginning of __init__.py for more information.
2020-01-31 11:28:47,461 [INFO ] [MainThread] [ExperimentEagle.experimentEagle] [func=_fixAspectRatioBool_changed:line=954] self.fixAspectRatioBool changed to True
2020-01-31 11:28:47,461 [INFO ] [MainThread] [ExperimentEagle.experimentEagle] [func=loadSettings:line=583] Load settings
2020-01-31 11:28:47,471 [INFO ] [MainThread] [ExperimentEagle.experimentEagle] [func=__init__:line=580] initialisation of experiment Eagle complete
2020-01-31 11:28:53,427 [INFO ] [MainThread] [ExperimentEagle.experimentEagle] [func=update:line=824] updating plot
2020-01-31 11:28:56,095 [INFO ] [MainThread] [ExperimentEagle.experimentEagle] [func=_cameraModel_changed:line=1019] Camera model changed to Andor0
2020-01-31 11:28:56,095 [INFO ] [MainThread] [ExperimentEagle.experimentEagle] [func=_cameraModel_changed:line=1035] {u'auto': False, u'max': 5, u'min': -0.2}
2020-01-31 11:28:56,105 [ERROR] [MainThread] [ExperimentEagle.experimentEagle] [func=getImageData:line=139] image file not found. filling with zeros
2020-01-31 11:28:56,105 [INFO ] [MainThread] [ExperimentEagle.experimentEagle] [func=update:line=824] updating plot
2020-01-31 11:28:56,934 [INFO ] [MainThread] [ExperimentEagle.experimentEagle] [func=_configureWatchFolder_fired:line=1061] Configure watch folder for Andor0
2020-01-31 11:28:57,625 [INFO ] [MainThread] [ExperimentEagle.experimentEagle] [func=_forceRefreshButton_fired:line=199] force refresh button fired
2020-01-31 11:28:57,625 [ERROR] [MainThread] [ExperimentEagle.experimentEagle] [func=getImageData:line=139] image file not found. filling with zeros
2020-01-31 11:28:57,634 [INFO ] [MainThread] [ExperimentEagle.experimentEagle] [func=update:line=824] updating plot
2020-01-31 11:28:57,634 [WARNI] [MainThread] [ExperimentEagle.experimentEagle] [func=checkForNewFiles:line=354] more than one new file found [u'evaporation Optimisation 7_ANDOR0FT_GeneralFlagVariable_126_LiOffsetLockSnakeState_2_3101 112446.png', u'evaporation Optimisation 7_ANDOR0FT_GeneralFlagVariable_126_LiOffsetLockSnakeState_2_3101 112542.png', u'evaporation Optimisation 7_ANDOR0FT_GeneralFlagVariable_126_LiOffsetLockSnakeState_2_3101 112514.png', u'evaporation Optimisation 7_ANDOR0FT_GeneralFlagVariable_126_LiOffsetLockSnakeState_2_3101 112418.png'] only analysing first one
2020-01-31 11:28:57,634 [INFO ] [MainThread] [ExperimentEagle.experimentEagle] [func=_selectedFile_changed:line=986] ######################## Selected File changed ########################
2020-01-31 11:28:57,634 [INFO ] [MainThread] [ExperimentEagle.experimentEagle] [func=_selectedFile_changed:line=988] Update physics
2020-01-31 11:28:57,634 [ERROR] [MainThread] [ExperimentEagle.physicsProperties] [func=updatePhysics:line=139] Error when trying to load XML 'PhysicsProperties' object has no attribute 'selectedFileModifiedTime'
2020-01-31 11:28:57,775 [INFO ] [MainThread] [ExperimentEagle.experimentEagle] [func=getImageData:line=163] processor = <processors.standardAndor0.StandardAndor0 object at 0x0F05FAB0>
2020-01-31 11:28:57,775 [INFO ] [MainThread] [ExperimentEagle.Processor] [func=process:line=32] using standard Andor 0 process function
2020-01-31 11:28:57,775 [INFO ] [MainThread] [ExperimentEagle.Processor] [func=read:line=38] processor reading file!
2020-01-31 11:28:58,904 [INFO ] [MainThread] [ExperimentEagle.Processor] [func=rescale:line=81] processor: rescale factor = 1.02171919554 using region of shape: 20, 20
2020-01-31 11:28:58,974 [INFO ] [MainThread] [ExperimentEagle.experimentEagle] [func=getImageData:line=167] shape of raw Image = (723,723)
2020-01-31 11:28:58,974 [WARNI] [MainThread] [ExperimentEagle.experimentEagle] [func=getImageData:line=170] number of pixels in image have changed. This causes problems for contour fit plot. Will destroy contour fit plot first
2020-01-31 11:28:58,974 [INFO ] [MainThread] [ExperimentEagle.experimentEagle] [func=_fixAspectRatioBool_changed:line=954] self.fixAspectRatioBool changed to False
2020-01-31 11:28:58,984 [INFO ] [MainThread] [ExperimentEagle.experimentEagle] [func=_fixAspectRatioBool_changed:line=954] self.fixAspectRatioBool changed to True
2020-01-31 11:28:58,984 [INFO ] [MainThread] [ExperimentEagle.experimentEagle] [func=getImageData:line=172] continuing after pixels changed = True event
2020-01-31 11:28:58,994 [INFO ] [MainThread] [ExperimentEagle.experimentEagle] [func=update:line=824] updating plot
2020-01-31 11:28:58,994 [INFO ] [MainThread] [ExperimentEagle.experimentEagle] [func=_selectedFile_changed:line=1002] succesfully completed getImageData. Will now break from repetition loop
2020-01-31 11:28:58,994 [INFO ] [MainThread] [ExperimentEagle.experimentEagle] [func=update:line=824] updating plot
2020-01-31 11:28:59,005 [INFO ] [MainThread] [ExperimentEagle.experimentEagle] [func=_forceRefreshButton_fired:line=199] force refresh button fired
2020-01-31 11:28:59,035 [INFO ] [MainThread] [ExperimentEagle.experimentEagle] [func=getImageData:line=163] processor = <processors.standardAndor0.StandardAndor0 object at 0x0F05FAB0>
2020-01-31 11:28:59,035 [INFO ] [MainThread] [ExperimentEagle.Processor] [func=process:line=32] using standard Andor 0 process function
2020-01-31 11:28:59,035 [INFO ] [MainThread] [ExperimentEagle.Processor] [func=read:line=38] processor reading file!
2020-01-31 11:29:00,134 [INFO ] [MainThread] [ExperimentEagle.Processor] [func=rescale:line=81] processor: rescale factor = 1.02171919554 using region of shape: 20, 20
2020-01-31 11:29:00,204 [INFO ] [MainThread] [ExperimentEagle.experimentEagle] [func=getImageData:line=167] shape of raw Image = (723,723)
2020-01-31 11:29:00,224 [INFO ] [MainThread] [ExperimentEagle.experimentEagle] [func=update:line=824] updating plot
2020-01-31 11:29:01,065 [INFO ] [MainThread] [ExperimentEagle.experimentEagle] [func=_selectedFile_changed:line=986] ######################## Selected File changed ########################
2020-01-31 11:29:01,065 [INFO ] [MainThread] [ExperimentEagle.experimentEagle] [func=_selectedFile_changed:line=988] Update physics
2020-01-31 11:29:01,075 [ERROR] [MainThread] [ExperimentEagle.physicsProperties] [func=updatePhysics:line=122] Found very fresh sequence file. Probably read already variables of next sequence?
2020-01-31 11:29:01,075 [WARNI] [MainThread] [ExperimentEagle.physicsProperties] [func=updatePhysics:line=123] Use second last sequence file instead..
2020-01-31 11:29:01,184 [WARNI] [MainThread] [ExperimentEagle.physicsProperties] [func=updatePhysics:line=127] Age of sequence file: -39.5977876186
2020-01-31 11:29:01,315 [INFO ] [MainThread] [ExperimentEagle.experimentEagle] [func=getImageData:line=163] processor = <processors.standardAndor0.StandardAndor0 object at 0x0F05FAB0>
2020-01-31 11:29:01,315 [INFO ] [MainThread] [ExperimentEagle.Processor] [func=process:line=32] using standard Andor 0 process function
2020-01-31 11:29:01,315 [INFO ] [MainThread] [ExperimentEagle.Processor] [func=read:line=38] processor reading file!
2020-01-31 11:29:02,424 [INFO ] [MainThread] [ExperimentEagle.Processor] [func=rescale:line=81] processor: rescale factor = 0.976505886478 using region of shape: 20, 20
2020-01-31 11:29:02,505 [INFO ] [MainThread] [ExperimentEagle.experimentEagle] [func=getImageData:line=167] shape of raw Image = (723,723)
2020-01-31 11:29:02,505 [INFO ] [MainThread] [ExperimentEagle.experimentEagle] [func=update:line=824] updating plot
2020-01-31 11:29:02,525 [INFO ] [MainThread] [ExperimentEagle.experimentEagle] [func=_selectedFile_changed:line=1002] succesfully completed getImageData. Will now break from repetition loop
2020-01-31 11:29:02,525 [INFO ] [MainThread] [ExperimentEagle.experimentEagle] [func=update:line=824] updating plot
2020-01-31 11:29:02,535 [INFO ] [MainThread] [ExperimentEagle.experimentEagle] [func=organiseImageFile:line=328] file deleted during organisation process successfully
2020-01-31 11:29:02,535 [INFO ] [MainThread] [ExperimentEagle.experimentEagle] [func=organiseImageFile:line=328] file deleted during organisation process successfully
2020-01-31 11:29:02,545 [INFO ] [MainThread] [ExperimentEagle.experimentEagle] [func=organiseImageFile:line=328] file deleted during organisation process successfully
2020-01-31 11:29:02,545 [INFO ] [MainThread] [ExperimentEagle.experimentEagle] [func=organiseImageFile:line=328] file deleted during organisation process successfully
2020-01-31 11:29:09,194 [CRITI] [MainThread] [ExperimentEagle.experimentEagle] [func=_box_selection_complete:line=270] Box selection complete
2020-01-31 11:29:12,335 [INFO ] [MainThread] [ExperimentEagle.fits] [func=_get_subSpaceArrays:line=349] xs array sliced length 208 
2020-01-31 11:29:12,335 [INFO ] [MainThread] [ExperimentEagle.fits] [func=_get_subSpaceArrays:line=350] ys array sliced length 300  
2020-01-31 11:29:12,335 [INFO ] [MainThread] [ExperimentEagle.fits] [func=_get_subSpaceArrays:line=352] zs sub space array 300,208 
2020-01-31 11:29:13,045 [INFO ] [Thread-3] [ExperimentEagle.fits] [func=run:line=144] starting fitting thread
2020-01-31 11:29:13,045 [INFO ] [Thread-3] [ExperimentEagle.fits] [func=_get_subSpaceArrays:line=349] xs array sliced length 208 
2020-01-31 11:29:13,045 [INFO ] [Thread-3] [ExperimentEagle.fits] [func=_get_subSpaceArrays:line=350] ys array sliced length 300  
2020-01-31 11:29:13,045 [INFO ] [Thread-3] [ExperimentEagle.fits] [func=_get_subSpaceArrays:line=352] zs sub space array 300,208 
2020-01-31 11:29:13,194 [INFO ] [Thread-3] [ExperimentEagle.fits] [func=_get_subSpaceArrays:line=349] xs array sliced length 208 
2020-01-31 11:29:13,204 [INFO ] [Thread-3] [ExperimentEagle.fits] [func=_get_subSpaceArrays:line=350] ys array sliced length 300  
2020-01-31 11:29:13,204 [INFO ] [Thread-3] [ExperimentEagle.fits] [func=_get_subSpaceArrays:line=352] zs sub space array 300,208 
2020-01-31 11:29:13,204 [INFO ] [Thread-3] [ExperimentEagle.fits] [func=_deriveCalculatedParameters:line=154] Derived values from fit
2020-01-31 11:29:13,204 [INFO ] [Thread-3] [ExperimentEagle.fits] [func=run:line=160] auto draw bool is true so using the rerefernce to imageInspector bool to call the function to draw the fit as contours
2020-01-31 11:29:13,204 [INFO ] [Thread-3] [ExperimentEagle.experimentEagle] [func=addFitPlot:line=809] first fit plot so initialising contour plot
2020-01-31 11:29:13,244 [INFO ] [Thread-3] [ExperimentEagle.experimentEagle] [func=addFitPlot:line=811] attempting to set fit data
2020-01-31 11:29:13,315 [INFO ] [Thread-3] [ExperimentEagle.fits] [func=run:line=165] saving last fit results to a separate text file
2020-01-31 11:29:13,765 [INFO ] [MainThread] [ExperimentEagle.fits] [func=_usePreviousFitValuesButton_fired:line=671] use previous fit values button fired. loading previous initial values
2020-01-31 11:29:17,974 [INFO ] [MainThread] [ExperimentEagle.KeyBindingTool] [func=normal_key_pressed:line=40] normal key pressed
2020-01-31 11:29:17,984 [INFO ] [MainThread] [ExperimentEagle.KeyBindingTool] [func=normal_key_pressed:line=41] 3 keys registered for detection
2020-01-31 11:29:17,984 [INFO ] [MainThread] [ExperimentEagle.KeyBindingTool] [func=normal_key_pressed:line=43] normal key press detected: KeyEvent(event_type='key_pressed', character='F11', alt_down=False, control_down=False, shift_down=False, handled=False)
2020-01-31 11:29:17,984 [INFO ] [MainThread] [ExperimentEagle.KeyBindingTool] [func=normal_key_pressed:line=43] normal key press detected: KeyEvent(event_type='key_pressed', character='F11', alt_down=False, control_down=False, shift_down=False, handled=False)
2020-01-31 11:29:17,984 [INFO ] [MainThread] [ExperimentEagle.KeyBindingTool] [func=normal_key_pressed:line=43] normal key press detected: KeyEvent(event_type='key_pressed', character='F11', alt_down=False, control_down=False, shift_down=False, handled=False)
2020-01-31 11:29:17,984 [INFO ] [MainThread] [ExperimentEagle.KeyBindingTool] [func=normal_key_pressed:line=45] key press action found for : <enable.base_tool.KeySpec object at 0x05C55BF0>
2020-01-31 11:29:17,984 [INFO ] [MainThread] [ExperimentEagle.experimentEagle] [func=_fixAspectRatioBool_changed:line=954] self.fixAspectRatioBool changed to True
2020-01-31 11:29:21,095 [INFO ] [MainThread] [ExperimentEagle.experimentEagle] [func=_selectedFile_changed:line=986] ######################## Selected File changed ########################
2020-01-31 11:29:21,095 [INFO ] [MainThread] [ExperimentEagle.experimentEagle] [func=_selectedFile_changed:line=988] Update physics
2020-01-31 11:29:21,214 [WARNI] [MainThread] [ExperimentEagle.physicsProperties] [func=updatePhysics:line=127] Age of sequence file: 15.5829589367
2020-01-31 11:29:21,355 [INFO ] [MainThread] [ExperimentEagle.experimentEagle] [func=getImageData:line=163] processor = <processors.standardAndor0.StandardAndor0 object at 0x0F05FAB0>
2020-01-31 11:29:21,355 [INFO ] [MainThread] [ExperimentEagle.Processor] [func=process:line=32] using standard Andor 0 process function
2020-01-31 11:29:21,355 [INFO ] [MainThread] [ExperimentEagle.Processor] [func=read:line=38] processor reading file!
2020-01-31 11:29:22,545 [INFO ] [MainThread] [ExperimentEagle.Processor] [func=rescale:line=81] processor: rescale factor = 0.99842798302 using region of shape: 20, 20
2020-01-31 11:29:22,615 [INFO ] [MainThread] [ExperimentEagle.experimentEagle] [func=getImageData:line=167] shape of raw Image = (723,723)
2020-01-31 11:29:22,615 [INFO ] [MainThread] [ExperimentEagle.experimentEagle] [func=update:line=824] updating plot
2020-01-31 11:29:22,625 [INFO ] [MainThread] [ExperimentEagle.experimentEagle] [func=_selectedFile_changed:line=1002] succesfully completed getImageData. Will now break from repetition loop
2020-01-31 11:29:22,625 [INFO ] [Thread-4] [ExperimentEagle.fits] [func=run:line=144] starting fitting thread
2020-01-31 11:29:22,625 [INFO ] [MainThread] [ExperimentEagle.experimentEagle] [func=update:line=824] updating plot
2020-01-31 11:29:22,625 [INFO ] [Thread-4] [ExperimentEagle.fits] [func=_get_subSpaceArrays:line=349] xs array sliced length 208 
2020-01-31 11:29:22,625 [INFO ] [Thread-4] [ExperimentEagle.fits] [func=_get_subSpaceArrays:line=350] ys array sliced length 300  
2020-01-31 11:29:22,625 [INFO ] [Thread-4] [ExperimentEagle.fits] [func=_get_subSpaceArrays:line=352] zs sub space array 300,208 
2020-01-31 11:29:22,644 [INFO ] [MainThread] [ExperimentEagle.experimentEagle] [func=organiseImageFile:line=328] file deleted during organisation process successfully
2020-01-31 11:29:22,964 [INFO ] [Thread-4] [ExperimentEagle.fits] [func=_get_subSpaceArrays:line=349] xs array sliced length 208 
2020-01-31 11:29:22,964 [INFO ] [Thread-4] [ExperimentEagle.fits] [func=_get_subSpaceArrays:line=350] ys array sliced length 300  
2020-01-31 11:29:22,964 [INFO ] [Thread-4] [ExperimentEagle.fits] [func=_get_subSpaceArrays:line=352] zs sub space array 300,208 
2020-01-31 11:29:22,974 [INFO ] [Thread-4] [ExperimentEagle.fits] [func=_deriveCalculatedParameters:line=154] Derived values from fit
2020-01-31 11:29:22,974 [INFO ] [Thread-4] [ExperimentEagle.fits] [func=run:line=160] auto draw bool is true so using the rerefernce to imageInspector bool to call the function to draw the fit as contours
2020-01-31 11:29:22,974 [INFO ] [Thread-4] [ExperimentEagle.experimentEagle] [func=addFitPlot:line=811] attempting to set fit data
2020-01-31 11:29:23,035 [INFO ] [Thread-4] [ExperimentEagle.fits] [func=run:line=165] saving last fit results to a separate text file
2020-01-31 11:29:41,265 [INFO ] [MainThread] [ExperimentEagle.fits] [func=_log_fit:line=588] copying current image
2020-01-31 11:29:41,265 [INFO ] [MainThread] [ExperimentEagle.fits] [func=_log_fit:line=593] log analyser bool enabled... will attempt to run analyser script
2020-01-31 11:29:51,285 [INFO ] [MainThread] [ExperimentEagle.experimentEagle] [func=_selectedFile_changed:line=986] ######################## Selected File changed ########################
2020-01-31 11:29:51,285 [INFO ] [MainThread] [ExperimentEagle.experimentEagle] [func=_selectedFile_changed:line=988] Update physics
2020-01-31 11:29:51,444 [WARNI] [MainThread] [ExperimentEagle.physicsProperties] [func=updatePhysics:line=127] Age of sequence file: 16.2450404167
2020-01-31 11:29:51,605 [INFO ] [MainThread] [ExperimentEagle.experimentEagle] [func=getImageData:line=163] processor = <processors.standardAndor0.StandardAndor0 object at 0x0F05FAB0>
2020-01-31 11:29:51,605 [INFO ] [MainThread] [ExperimentEagle.Processor] [func=process:line=32] using standard Andor 0 process function
2020-01-31 11:29:51,615 [INFO ] [MainThread] [ExperimentEagle.Processor] [func=read:line=38] processor reading file!
2020-01-31 11:29:52,855 [INFO ] [MainThread] [ExperimentEagle.Processor] [func=rescale:line=81] processor: rescale factor = 1.00138841591 using region of shape: 20, 20
2020-01-31 11:29:52,924 [INFO ] [MainThread] [ExperimentEagle.experimentEagle] [func=getImageData:line=167] shape of raw Image = (723,723)
2020-01-31 11:29:52,924 [INFO ] [MainThread] [ExperimentEagle.experimentEagle] [func=update:line=824] updating plot
2020-01-31 11:29:52,924 [INFO ] [MainThread] [ExperimentEagle.experimentEagle] [func=_selectedFile_changed:line=1002] succesfully completed getImageData. Will now break from repetition loop
2020-01-31 11:29:52,934 [INFO ] [Thread-5] [ExperimentEagle.fits] [func=run:line=144] starting fitting thread
2020-01-31 11:29:52,934 [INFO ] [MainThread] [ExperimentEagle.experimentEagle] [func=update:line=824] updating plot
2020-01-31 11:29:52,934 [INFO ] [Thread-5] [ExperimentEagle.fits] [func=_get_subSpaceArrays:line=349] xs array sliced length 208 
2020-01-31 11:29:52,934 [INFO ] [Thread-5] [ExperimentEagle.fits] [func=_get_subSpaceArrays:line=350] ys array sliced length 300  
2020-01-31 11:29:52,934 [INFO ] [Thread-5] [ExperimentEagle.fits] [func=_get_subSpaceArrays:line=352] zs sub space array 300,208 
2020-01-31 11:29:52,944 [INFO ] [MainThread] [ExperimentEagle.experimentEagle] [func=organiseImageFile:line=328] file deleted during organisation process successfully
2020-01-31 11:29:53,265 [INFO ] [Thread-5] [ExperimentEagle.fits] [func=_get_subSpaceArrays:line=349] xs array sliced length 208 
2020-01-31 11:29:53,275 [INFO ] [Thread-5] [ExperimentEagle.fits] [func=_get_subSpaceArrays:line=350] ys array sliced length 300  
2020-01-31 11:29:53,275 [INFO ] [Thread-5] [ExperimentEagle.fits] [func=_get_subSpaceArrays:line=352] zs sub space array 300,208 
2020-01-31 11:29:53,275 [INFO ] [Thread-5] [ExperimentEagle.fits] [func=_deriveCalculatedParameters:line=154] Derived values from fit
2020-01-31 11:29:53,275 [INFO ] [Thread-5] [ExperimentEagle.fits] [func=run:line=160] auto draw bool is true so using the rerefernce to imageInspector bool to call the function to draw the fit as contours
2020-01-31 11:29:53,275 [INFO ] [Thread-5] [ExperimentEagle.experimentEagle] [func=addFitPlot:line=811] attempting to set fit data
2020-01-31 11:29:53,335 [INFO ] [Thread-5] [ExperimentEagle.fits] [func=run:line=165] saving last fit results to a separate text file
2020-01-31 11:29:59,865 [INFO ] [MainThread] [ExperimentEagle.fits] [func=_log_fit:line=551] creating a new log folder \\192.168.16.71\Humphry\Data\eagleLogs\2020 01 31 - Li BEC noon
2020-01-31 11:29:59,865 [INFO ] [MainThread] [ExperimentEagle.fits] [func=_log_fit:line=556] creating a new images Folder \\192.168.16.71\Humphry\Data\eagleLogs\2020 01 31 - Li BEC noon\images
2020-01-31 11:29:59,875 [INFO ] [MainThread] [ExperimentEagle.fits] [func=_log_fit:line=561] creating a comments file \\192.168.16.71\Humphry\Data\eagleLogs\2020 01 31 - Li BEC noon\comments.txt
2020-01-31 11:29:59,875 [INFO ] [MainThread] [ExperimentEagle.fits] [func=_log_fit:line=566] creating a copy of the first sequence \\ursa\AQOGroupFolder\Experiment Humphry\Experiment Control And Software\currentSequence\latestSequence.xml -> \\192.168.16.71\Humphry\Data\eagleLogs\2020 01 31 - Li BEC noon\copyOfInitialSequence.ctr
2020-01-31 11:29:59,954 [INFO ] [MainThread] [ExperimentEagle.fits] [func=_log_fit:line=588] copying current image
2020-01-31 11:29:59,954 [INFO ] [MainThread] [ExperimentEagle.fits] [func=_log_fit:line=593] log analyser bool enabled... will attempt to run analyser script
2020-01-31 11:30:21,464 [INFO ] [MainThread] [ExperimentEagle.experimentEagle] [func=_selectedFile_changed:line=986] ######################## Selected File changed ########################
2020-01-31 11:30:21,464 [INFO ] [MainThread] [ExperimentEagle.experimentEagle] [func=_selectedFile_changed:line=988] Update physics
2020-01-31 11:30:21,575 [WARNI] [MainThread] [ExperimentEagle.physicsProperties] [func=updatePhysics:line=127] Age of sequence file: 15.7840034962
2020-01-31 11:30:21,704 [INFO ] [MainThread] [ExperimentEagle.experimentEagle] [func=getImageData:line=163] processor = <processors.standardAndor0.StandardAndor0 object at 0x0F05FAB0>
2020-01-31 11:30:21,704 [INFO ] [MainThread] [ExperimentEagle.Processor] [func=process:line=32] using standard Andor 0 process function
2020-01-31 11:30:21,704 [INFO ] [MainThread] [ExperimentEagle.Processor] [func=read:line=38] processor reading file!
2020-01-31 11:30:22,825 [INFO ] [MainThread] [ExperimentEagle.Processor] [func=rescale:line=81] processor: rescale factor = 0.989869006624 using region of shape: 20, 20
2020-01-31 11:30:22,894 [INFO ] [MainThread] [ExperimentEagle.experimentEagle] [func=getImageData:line=167] shape of raw Image = (723,723)
2020-01-31 11:30:22,894 [INFO ] [MainThread] [ExperimentEagle.experimentEagle] [func=update:line=824] updating plot
2020-01-31 11:30:22,904 [INFO ] [MainThread] [ExperimentEagle.experimentEagle] [func=_selectedFile_changed:line=1002] succesfully completed getImageData. Will now break from repetition loop
2020-01-31 11:30:22,904 [INFO ] [Thread-6] [ExperimentEagle.fits] [func=run:line=144] starting fitting thread
2020-01-31 11:30:22,904 [INFO ] [MainThread] [ExperimentEagle.experimentEagle] [func=update:line=824] updating plot
2020-01-31 11:30:22,904 [INFO ] [Thread-6] [ExperimentEagle.fits] [func=_get_subSpaceArrays:line=349] xs array sliced length 208 
2020-01-31 11:30:22,904 [INFO ] [Thread-6] [ExperimentEagle.fits] [func=_get_subSpaceArrays:line=350] ys array sliced length 300  
2020-01-31 11:30:22,904 [INFO ] [Thread-6] [ExperimentEagle.fits] [func=_get_subSpaceArrays:line=352] zs sub space array 300,208 
2020-01-31 11:30:22,924 [INFO ] [MainThread] [ExperimentEagle.experimentEagle] [func=organiseImageFile:line=328] file deleted during organisation process successfully
2020-01-31 11:30:23,244 [INFO ] [Thread-6] [ExperimentEagle.fits] [func=_get_subSpaceArrays:line=349] xs array sliced length 208 
2020-01-31 11:30:23,244 [INFO ] [Thread-6] [ExperimentEagle.fits] [func=_get_subSpaceArrays:line=350] ys array sliced length 300  
2020-01-31 11:30:23,244 [INFO ] [Thread-6] [ExperimentEagle.fits] [func=_get_subSpaceArrays:line=352] zs sub space array 300,208 
2020-01-31 11:30:23,244 [INFO ] [Thread-6] [ExperimentEagle.fits] [func=_deriveCalculatedParameters:line=154] Derived values from fit
2020-01-31 11:30:23,244 [INFO ] [Thread-6] [ExperimentEagle.fits] [func=run:line=160] auto draw bool is true so using the rerefernce to imageInspector bool to call the function to draw the fit as contours
2020-01-31 11:30:23,244 [INFO ] [Thread-6] [ExperimentEagle.experimentEagle] [func=addFitPlot:line=811] attempting to set fit data
2020-01-31 11:30:23,315 [INFO ] [Thread-6] [ExperimentEagle.fits] [func=run:line=163] logging the fit
2020-01-31 11:30:23,355 [INFO ] [Thread-6] [ExperimentEagle.fits] [func=_log_fit:line=588] copying current image
2020-01-31 11:30:23,355 [INFO ] [Thread-6] [ExperimentEagle.fits] [func=_log_fit:line=593] log analyser bool enabled... will attempt to run analyser script
2020-01-31 11:30:23,414 [ERROR] [Thread-6] [ExperimentEagle.fits] [func=run:line=186] failed to finish fit - <type 'exceptions.SyntaxError'> - ('invalid syntax', ('\\\\ursa\\AQOGroupFolder\\Experiment Humphry\\Experiment Control And Software\\experimentEagle\\fits\\logAnalysers\\photodiodeMonitors.py', 31, 24, 'if __name__=="__main__":\n')) - ....
2020-01-31 11:30:51,654 [INFO ] [MainThread] [ExperimentEagle.experimentEagle] [func=_selectedFile_changed:line=986] ######################## Selected File changed ########################
2020-01-31 11:30:51,654 [INFO ] [MainThread] [ExperimentEagle.experimentEagle] [func=_selectedFile_changed:line=988] Update physics
2020-01-31 11:30:51,765 [WARNI] [MainThread] [ExperimentEagle.physicsProperties] [func=updatePhysics:line=127] Age of sequence file: 16.2515921593
2020-01-31 11:30:51,894 [INFO ] [MainThread] [ExperimentEagle.experimentEagle] [func=getImageData:line=163] processor = <processors.standardAndor0.StandardAndor0 object at 0x0F05FAB0>
2020-01-31 11:30:51,894 [INFO ] [MainThread] [ExperimentEagle.Processor] [func=process:line=32] using standard Andor 0 process function
2020-01-31 11:30:51,894 [INFO ] [MainThread] [ExperimentEagle.Processor] [func=read:line=38] processor reading file!
2020-01-31 11:30:53,025 [INFO ] [MainThread] [ExperimentEagle.Processor] [func=rescale:line=81] processor: rescale factor = 1.00629045731 using region of shape: 20, 20
2020-01-31 11:30:53,085 [INFO ] [MainThread] [ExperimentEagle.experimentEagle] [func=getImageData:line=167] shape of raw Image = (723,723)
2020-01-31 11:30:53,095 [INFO ] [MainThread] [ExperimentEagle.experimentEagle] [func=update:line=824] updating plot
2020-01-31 11:30:53,095 [INFO ] [MainThread] [ExperimentEagle.experimentEagle] [func=_selectedFile_changed:line=1002] succesfully completed getImageData. Will now break from repetition loop
2020-01-31 11:30:53,105 [INFO ] [Thread-7] [ExperimentEagle.fits] [func=run:line=144] starting fitting thread
2020-01-31 11:30:53,105 [INFO ] [MainThread] [ExperimentEagle.experimentEagle] [func=update:line=824] updating plot
2020-01-31 11:30:53,105 [INFO ] [Thread-7] [ExperimentEagle.fits] [func=_get_subSpaceArrays:line=349] xs array sliced length 208 
2020-01-31 11:30:53,105 [INFO ] [Thread-7] [ExperimentEagle.fits] [func=_get_subSpaceArrays:line=350] ys array sliced length 300  
2020-01-31 11:30:53,105 [INFO ] [Thread-7] [ExperimentEagle.fits] [func=_get_subSpaceArrays:line=352] zs sub space array 300,208 
2020-01-31 11:30:53,115 [INFO ] [MainThread] [ExperimentEagle.experimentEagle] [func=organiseImageFile:line=328] file deleted during organisation process successfully
2020-01-31 11:30:53,434 [INFO ] [Thread-7] [ExperimentEagle.fits] [func=_get_subSpaceArrays:line=349] xs array sliced length 208 
2020-01-31 11:30:53,434 [INFO ] [Thread-7] [ExperimentEagle.fits] [func=_get_subSpaceArrays:line=350] ys array sliced length 300  
2020-01-31 11:30:53,444 [INFO ] [Thread-7] [ExperimentEagle.fits] [func=_get_subSpaceArrays:line=352] zs sub space array 300,208 
2020-01-31 11:30:53,444 [INFO ] [Thread-7] [ExperimentEagle.fits] [func=_deriveCalculatedParameters:line=154] Derived values from fit
2020-01-31 11:30:53,444 [INFO ] [Thread-7] [ExperimentEagle.fits] [func=run:line=160] auto draw bool is true so using the rerefernce to imageInspector bool to call the function to draw the fit as contours
2020-01-31 11:30:53,444 [INFO ] [Thread-7] [ExperimentEagle.experimentEagle] [func=addFitPlot:line=811] attempting to set fit data
2020-01-31 11:30:53,505 [INFO ] [Thread-7] [ExperimentEagle.fits] [func=run:line=163] logging the fit
2020-01-31 11:30:53,545 [INFO ] [Thread-7] [ExperimentEagle.fits] [func=_log_fit:line=588] copying current image
2020-01-31 11:30:53,545 [INFO ] [Thread-7] [ExperimentEagle.fits] [func=_log_fit:line=593] log analyser bool enabled... will attempt to run analyser script
2020-01-31 11:30:53,674 [INFO ] [Thread-7] [ExperimentEagle.fits] [func=_log_fit:line=595] analyser result = [['plugPDVoltage', 'LiMOTFluorescenceBaslerCamera', 'NaMOTFluorescenceBaslerCamera', 'photodiodeLiMOTVoltage', 'photodiodeNaMOTVoltage'], [0.0067741935483870966, 6766630335.960502, 27149140108.693226, 1.0887096774193548, 0.5503225806451612]] 
2020-01-31 11:30:53,694 [INFO ] [Thread-7] [ExperimentEagle.fits] [func=run:line=165] saving last fit results to a separate text file
2020-01-31 11:30:57,595 [INFO ] [MainThread] [ExperimentEagle.experimentEagle] [func=closed:line=228] attempting to stop timers
