2020-01-31 11:25:21,038 [INFO ] [MainThread] [ExperimentEagle] [func=<module>:line=59] Welcome to Experiment Eagle version 4.0 written by Timothy Harrison. Report bugs to 
Timothy Harrison. See text at beginning of __init__.py for more information.
2020-01-31 11:25:26,257 [INFO ] [MainThread] [ExperimentEagle.experimentEagle] [func=_fixAspectRatioBool_changed:line=954] self.fixAspectRatioBool changed to True
2020-01-31 11:25:26,257 [INFO ] [MainThread] [ExperimentEagle.experimentEagle] [func=loadSettings:line=583] Load settings
2020-01-31 11:25:26,278 [INFO ] [MainThread] [ExperimentEagle.experimentEagle] [func=__init__:line=580] initialisation of experiment Eagle complete
2020-01-31 11:25:31,819 [INFO ] [MainThread] [ExperimentEagle.experimentEagle] [func=update:line=824] updating plot
2020-01-31 11:26:14,742 [INFO ] [MainThread] [ExperimentEagle.experimentEagle] [func=_cameraModel_changed:line=1019] Camera model changed to Andor0
2020-01-31 11:26:14,752 [INFO ] [MainThread] [ExperimentEagle.experimentEagle] [func=_cameraModel_changed:line=1035] {u'auto': False, u'max': 5, u'min': -0.2}
2020-01-31 11:26:14,752 [ERROR] [MainThread] [ExperimentEagle.experimentEagle] [func=getImageData:line=139] image file not found. filling with zeros
2020-01-31 11:26:14,752 [INFO ] [MainThread] [ExperimentEagle.experimentEagle] [func=update:line=824] updating plot
2020-01-31 11:26:15,411 [INFO ] [MainThread] [ExperimentEagle.experimentEagle] [func=_configureWatchFolder_fired:line=1061] Configure watch folder for Andor0
2020-01-31 11:26:16,381 [INFO ] [MainThread] [ExperimentEagle.experimentEagle] [func=_forceRefreshButton_fired:line=199] force refresh button fired
2020-01-31 11:26:16,381 [ERROR] [MainThread] [ExperimentEagle.experimentEagle] [func=getImageData:line=139] image file not found. filling with zeros
2020-01-31 11:26:16,381 [INFO ] [MainThread] [ExperimentEagle.experimentEagle] [func=update:line=824] updating plot
2020-01-31 11:26:16,391 [WARNI] [MainThread] [ExperimentEagle.experimentEagle] [func=checkForNewFiles:line=354] more than one new file found [u'evaporation Optimisation 7_ANDOR0FT_GeneralFlagVariable_126_LiOffsetLockSnakeState_2_3101 112323.png', u'evaporation Optimisation 7_ANDOR0FT_GeneralFlagVariable_126_LiOffsetLockSnakeState_2_3101 112159.png', u'evaporation Optimisation 7_ANDOR0FT_GeneralFlagVariable_126_LiOffsetLockSnakeState_2_3101 112255.png', u'evaporation Optimisation 7_ANDOR0FT_GeneralFlagVariable_126_LiOffsetLockSnakeState_2_3101 112227.png'] only analysing first one
2020-01-31 11:26:16,391 [INFO ] [MainThread] [ExperimentEagle.experimentEagle] [func=_selectedFile_changed:line=986] ######################## Selected File changed ########################
2020-01-31 11:26:16,391 [INFO ] [MainThread] [ExperimentEagle.experimentEagle] [func=_selectedFile_changed:line=988] Update physics
2020-01-31 11:26:16,401 [ERROR] [MainThread] [ExperimentEagle.physicsProperties] [func=updatePhysics:line=139] Error when trying to load XML 'PhysicsProperties' object has no attribute 'selectedFileModifiedTime'
2020-01-31 11:26:16,601 [INFO ] [MainThread] [ExperimentEagle.experimentEagle] [func=getImageData:line=163] processor = <processors.standardAndor0.StandardAndor0 object at 0x0F05FAB0>
2020-01-31 11:26:16,601 [INFO ] [MainThread] [ExperimentEagle.Processor] [func=process:line=32] using standard Andor 0 process function
2020-01-31 11:26:16,611 [INFO ] [MainThread] [ExperimentEagle.Processor] [func=read:line=38] processor reading file!
2020-01-31 11:26:17,742 [INFO ] [MainThread] [ExperimentEagle.Processor] [func=rescale:line=81] processor: rescale factor = 0.999743441893 using region of shape: 20, 20
2020-01-31 11:26:17,812 [INFO ] [MainThread] [ExperimentEagle.experimentEagle] [func=getImageData:line=167] shape of raw Image = (723,723)
2020-01-31 11:26:17,812 [WARNI] [MainThread] [ExperimentEagle.experimentEagle] [func=getImageData:line=170] number of pixels in image have changed. This causes problems for contour fit plot. Will destroy contour fit plot first
2020-01-31 11:26:17,812 [INFO ] [MainThread] [ExperimentEagle.experimentEagle] [func=_fixAspectRatioBool_changed:line=954] self.fixAspectRatioBool changed to False
2020-01-31 11:26:17,812 [INFO ] [MainThread] [ExperimentEagle.experimentEagle] [func=_fixAspectRatioBool_changed:line=954] self.fixAspectRatioBool changed to True
2020-01-31 11:26:17,812 [INFO ] [MainThread] [ExperimentEagle.experimentEagle] [func=getImageData:line=172] continuing after pixels changed = True event
2020-01-31 11:26:17,822 [INFO ] [MainThread] [ExperimentEagle.experimentEagle] [func=update:line=824] updating plot
2020-01-31 11:26:17,832 [INFO ] [MainThread] [ExperimentEagle.experimentEagle] [func=_selectedFile_changed:line=1002] succesfully completed getImageData. Will now break from repetition loop
2020-01-31 11:26:17,832 [INFO ] [MainThread] [ExperimentEagle.experimentEagle] [func=update:line=824] updating plot
2020-01-31 11:26:17,832 [INFO ] [MainThread] [ExperimentEagle.experimentEagle] [func=_forceRefreshButton_fired:line=199] force refresh button fired
2020-01-31 11:26:17,861 [INFO ] [MainThread] [ExperimentEagle.experimentEagle] [func=getImageData:line=163] processor = <processors.standardAndor0.StandardAndor0 object at 0x0F05FAB0>
2020-01-31 11:26:17,871 [INFO ] [MainThread] [ExperimentEagle.Processor] [func=process:line=32] using standard Andor 0 process function
2020-01-31 11:26:17,871 [INFO ] [MainThread] [ExperimentEagle.Processor] [func=read:line=38] processor reading file!
2020-01-31 11:26:18,971 [INFO ] [MainThread] [ExperimentEagle.Processor] [func=rescale:line=81] processor: rescale factor = 0.999743441893 using region of shape: 20, 20
2020-01-31 11:26:19,042 [INFO ] [MainThread] [ExperimentEagle.experimentEagle] [func=getImageData:line=167] shape of raw Image = (723,723)
2020-01-31 11:26:19,042 [INFO ] [MainThread] [ExperimentEagle.experimentEagle] [func=update:line=824] updating plot
2020-01-31 11:26:27,832 [CRITI] [MainThread] [ExperimentEagle.experimentEagle] [func=_box_selection_complete:line=270] Box selection complete
2020-01-31 11:26:31,822 [INFO ] [MainThread] [ExperimentEagle.fits] [func=_get_subSpaceArrays:line=349] xs array sliced length 120 
2020-01-31 11:26:31,822 [INFO ] [MainThread] [ExperimentEagle.fits] [func=_get_subSpaceArrays:line=350] ys array sliced length 229  
2020-01-31 11:26:31,822 [INFO ] [MainThread] [ExperimentEagle.fits] [func=_get_subSpaceArrays:line=352] zs sub space array 229,120 
2020-01-31 11:26:32,592 [INFO ] [Thread-3] [ExperimentEagle.fits] [func=run:line=144] starting fitting thread
2020-01-31 11:26:32,592 [INFO ] [Thread-3] [ExperimentEagle.fits] [func=_get_subSpaceArrays:line=349] xs array sliced length 120 
2020-01-31 11:26:32,592 [INFO ] [Thread-3] [ExperimentEagle.fits] [func=_get_subSpaceArrays:line=350] ys array sliced length 229  
2020-01-31 11:26:32,592 [INFO ] [Thread-3] [ExperimentEagle.fits] [func=_get_subSpaceArrays:line=352] zs sub space array 229,120 
2020-01-31 11:26:32,651 [INFO ] [Thread-3] [ExperimentEagle.fits] [func=_get_subSpaceArrays:line=349] xs array sliced length 120 
2020-01-31 11:26:32,651 [INFO ] [Thread-3] [ExperimentEagle.fits] [func=_get_subSpaceArrays:line=350] ys array sliced length 229  
2020-01-31 11:26:32,661 [INFO ] [Thread-3] [ExperimentEagle.fits] [func=_get_subSpaceArrays:line=352] zs sub space array 229,120 
2020-01-31 11:26:32,661 [INFO ] [Thread-3] [ExperimentEagle.fits] [func=_deriveCalculatedParameters:line=154] Derived values from fit
2020-01-31 11:26:32,661 [INFO ] [Thread-3] [ExperimentEagle.fits] [func=run:line=160] auto draw bool is true so using the rerefernce to imageInspector bool to call the function to draw the fit as contours
2020-01-31 11:26:32,661 [INFO ] [Thread-3] [ExperimentEagle.experimentEagle] [func=addFitPlot:line=809] first fit plot so initialising contour plot
2020-01-31 11:26:32,691 [INFO ] [Thread-3] [ExperimentEagle.experimentEagle] [func=addFitPlot:line=811] attempting to set fit data
2020-01-31 11:26:32,752 [INFO ] [Thread-3] [ExperimentEagle.fits] [func=run:line=165] saving last fit results to a separate text file
2020-01-31 11:26:37,601 [INFO ] [MainThread] [ExperimentEagle.experimentEagle] [func=_selectedFile_changed:line=986] ######################## Selected File changed ########################
2020-01-31 11:26:37,601 [INFO ] [MainThread] [ExperimentEagle.experimentEagle] [func=_selectedFile_changed:line=988] Update physics
2020-01-31 11:26:37,711 [WARNI] [MainThread] [ExperimentEagle.physicsProperties] [func=updatePhysics:line=127] Age of sequence file: 15.4675486088
2020-01-31 11:26:37,851 [INFO ] [MainThread] [ExperimentEagle.experimentEagle] [func=getImageData:line=163] processor = <processors.standardAndor0.StandardAndor0 object at 0x0F05FAB0>
2020-01-31 11:26:37,851 [INFO ] [MainThread] [ExperimentEagle.Processor] [func=process:line=32] using standard Andor 0 process function
2020-01-31 11:26:37,851 [INFO ] [MainThread] [ExperimentEagle.Processor] [func=read:line=38] processor reading file!
2020-01-31 11:26:38,971 [INFO ] [MainThread] [ExperimentEagle.Processor] [func=rescale:line=81] processor: rescale factor = 1.01109974763 using region of shape: 20, 20
2020-01-31 11:26:39,032 [INFO ] [MainThread] [ExperimentEagle.experimentEagle] [func=getImageData:line=167] shape of raw Image = (723,723)
2020-01-31 11:26:39,042 [INFO ] [MainThread] [ExperimentEagle.experimentEagle] [func=update:line=824] updating plot
2020-01-31 11:26:39,042 [INFO ] [MainThread] [ExperimentEagle.experimentEagle] [func=_selectedFile_changed:line=1002] succesfully completed getImageData. Will now break from repetition loop
2020-01-31 11:26:39,052 [INFO ] [MainThread] [ExperimentEagle.experimentEagle] [func=update:line=824] updating plot
2020-01-31 11:26:39,062 [INFO ] [MainThread] [ExperimentEagle.experimentEagle] [func=organiseImageFile:line=328] file deleted during organisation process successfully
2020-01-31 11:26:39,062 [INFO ] [MainThread] [ExperimentEagle.experimentEagle] [func=organiseImageFile:line=328] file deleted during organisation process successfully
2020-01-31 11:26:39,062 [INFO ] [MainThread] [ExperimentEagle.experimentEagle] [func=organiseImageFile:line=328] file deleted during organisation process successfully
2020-01-31 11:26:39,072 [INFO ] [MainThread] [ExperimentEagle.experimentEagle] [func=organiseImageFile:line=328] file deleted during organisation process successfully
2020-01-31 11:26:41,411 [INFO ] [MainThread] [ExperimentEagle.KeyBindingTool] [func=normal_key_pressed:line=40] normal key pressed
2020-01-31 11:26:41,411 [INFO ] [MainThread] [ExperimentEagle.KeyBindingTool] [func=normal_key_pressed:line=41] 3 keys registered for detection
2020-01-31 11:26:41,421 [INFO ] [MainThread] [ExperimentEagle.KeyBindingTool] [func=normal_key_pressed:line=43] normal key press detected: KeyEvent(event_type='key_pressed', character='F11', alt_down=False, control_down=False, shift_down=False, handled=False)
2020-01-31 11:26:41,421 [INFO ] [MainThread] [ExperimentEagle.KeyBindingTool] [func=normal_key_pressed:line=43] normal key press detected: KeyEvent(event_type='key_pressed', character='F11', alt_down=False, control_down=False, shift_down=False, handled=False)
2020-01-31 11:26:41,421 [INFO ] [MainThread] [ExperimentEagle.KeyBindingTool] [func=normal_key_pressed:line=43] normal key press detected: KeyEvent(event_type='key_pressed', character='F11', alt_down=False, control_down=False, shift_down=False, handled=False)
2020-01-31 11:26:41,421 [INFO ] [MainThread] [ExperimentEagle.KeyBindingTool] [func=normal_key_pressed:line=45] key press action found for : <enable.base_tool.KeySpec object at 0x05C15BF0>
2020-01-31 11:26:41,421 [INFO ] [MainThread] [ExperimentEagle.experimentEagle] [func=_fixAspectRatioBool_changed:line=954] self.fixAspectRatioBool changed to True
2020-01-31 11:27:00,832 [CRITI] [MainThread] [ExperimentEagle.experimentEagle] [func=_box_selection_complete:line=270] Box selection complete
2020-01-31 11:27:03,092 [INFO ] [MainThread] [ExperimentEagle.fits] [func=_usePreviousFitValuesButton_fired:line=671] use previous fit values button fired. loading previous initial values
2020-01-31 11:27:06,542 [INFO ] [Thread-4] [ExperimentEagle.fits] [func=run:line=144] starting fitting thread
2020-01-31 11:27:06,542 [INFO ] [Thread-4] [ExperimentEagle.fits] [func=_get_subSpaceArrays:line=349] xs array sliced length 219 
2020-01-31 11:27:06,542 [INFO ] [Thread-4] [ExperimentEagle.fits] [func=_get_subSpaceArrays:line=350] ys array sliced length 308  
2020-01-31 11:27:06,542 [INFO ] [Thread-4] [ExperimentEagle.fits] [func=_get_subSpaceArrays:line=352] zs sub space array 308,219 
2020-01-31 11:27:06,802 [INFO ] [Thread-4] [ExperimentEagle.fits] [func=_get_subSpaceArrays:line=349] xs array sliced length 219 
2020-01-31 11:27:06,802 [INFO ] [Thread-4] [ExperimentEagle.fits] [func=_get_subSpaceArrays:line=350] ys array sliced length 308  
2020-01-31 11:27:06,802 [INFO ] [Thread-4] [ExperimentEagle.fits] [func=_get_subSpaceArrays:line=352] zs sub space array 308,219 
2020-01-31 11:27:06,812 [INFO ] [Thread-4] [ExperimentEagle.fits] [func=_deriveCalculatedParameters:line=154] Derived values from fit
2020-01-31 11:27:06,812 [INFO ] [Thread-4] [ExperimentEagle.fits] [func=run:line=160] auto draw bool is true so using the rerefernce to imageInspector bool to call the function to draw the fit as contours
2020-01-31 11:27:06,812 [INFO ] [Thread-4] [ExperimentEagle.experimentEagle] [func=addFitPlot:line=811] attempting to set fit data
2020-01-31 11:27:06,881 [INFO ] [Thread-4] [ExperimentEagle.fits] [func=run:line=163] logging the fit
2020-01-31 11:27:06,881 [INFO ] [Thread-4] [ExperimentEagle.fits] [func=_log_fit:line=551] creating a new log folder \\192.168.16.71\Humphry\Data\eagleLogs\2020 01 31 - Li BEC noon
2020-01-31 11:27:06,881 [INFO ] [Thread-4] [ExperimentEagle.fits] [func=_log_fit:line=556] creating a new images Folder \\192.168.16.71\Humphry\Data\eagleLogs\2020 01 31 - Li BEC noon\images
2020-01-31 11:27:06,891 [INFO ] [Thread-4] [ExperimentEagle.fits] [func=_log_fit:line=561] creating a comments file \\192.168.16.71\Humphry\Data\eagleLogs\2020 01 31 - Li BEC noon\comments.txt
2020-01-31 11:27:06,891 [INFO ] [Thread-4] [ExperimentEagle.fits] [func=_log_fit:line=566] creating a copy of the first sequence \\ursa\AQOGroupFolder\Experiment Humphry\Experiment Control And Software\currentSequence\latestSequence.xml -> \\192.168.16.71\Humphry\Data\eagleLogs\2020 01 31 - Li BEC noon\copyOfInitialSequence.ctr
2020-01-31 11:27:07,042 [INFO ] [Thread-4] [ExperimentEagle.fits] [func=_log_fit:line=588] copying current image
2020-01-31 11:27:07,052 [INFO ] [Thread-4] [ExperimentEagle.fits] [func=_log_fit:line=593] log analyser bool enabled... will attempt to run analyser script
2020-01-31 11:27:07,131 [ERROR] [Thread-4] [ExperimentEagle.fits] [func=run:line=186] failed to finish fit - <type 'exceptions.SyntaxError'> - ('invalid syntax', ('\\\\ursa\\AQOGroupFolder\\Experiment Humphry\\Experiment Control And Software\\experimentEagle\\fits\\logAnalysers\\photodiodeMonitors.py', 28, 96, '        return ["photodiodeLiMOTVoltage","photodiodeNaMOTVoltage"], [float("nan"),float("nan")]]\n')) - ....
2020-01-31 11:27:07,742 [INFO ] [MainThread] [ExperimentEagle.experimentEagle] [func=_selectedFile_changed:line=986] ######################## Selected File changed ########################
2020-01-31 11:27:07,742 [INFO ] [MainThread] [ExperimentEagle.experimentEagle] [func=_selectedFile_changed:line=988] Update physics
2020-01-31 11:27:07,861 [WARNI] [MainThread] [ExperimentEagle.physicsProperties] [func=updatePhysics:line=127] Age of sequence file: 15.9880576134
2020-01-31 11:27:07,992 [INFO ] [MainThread] [ExperimentEagle.experimentEagle] [func=getImageData:line=163] processor = <processors.standardAndor0.StandardAndor0 object at 0x0F05FAB0>
2020-01-31 11:27:08,002 [INFO ] [MainThread] [ExperimentEagle.Processor] [func=process:line=32] using standard Andor 0 process function
2020-01-31 11:27:08,002 [INFO ] [MainThread] [ExperimentEagle.Processor] [func=read:line=38] processor reading file!
2020-01-31 11:27:09,101 [INFO ] [MainThread] [ExperimentEagle.Processor] [func=rescale:line=81] processor: rescale factor = 1.00775362518 using region of shape: 20, 20
2020-01-31 11:27:09,171 [INFO ] [MainThread] [ExperimentEagle.experimentEagle] [func=getImageData:line=167] shape of raw Image = (723,723)
2020-01-31 11:27:09,171 [INFO ] [MainThread] [ExperimentEagle.experimentEagle] [func=update:line=824] updating plot
2020-01-31 11:27:09,181 [INFO ] [MainThread] [ExperimentEagle.experimentEagle] [func=_selectedFile_changed:line=1002] succesfully completed getImageData. Will now break from repetition loop
2020-01-31 11:27:09,181 [INFO ] [Thread-5] [ExperimentEagle.fits] [func=run:line=144] starting fitting thread
2020-01-31 11:27:09,181 [INFO ] [MainThread] [ExperimentEagle.experimentEagle] [func=update:line=824] updating plot
2020-01-31 11:27:09,181 [INFO ] [Thread-5] [ExperimentEagle.fits] [func=_get_subSpaceArrays:line=349] xs array sliced length 219 
2020-01-31 11:27:09,181 [INFO ] [Thread-5] [ExperimentEagle.fits] [func=_get_subSpaceArrays:line=350] ys array sliced length 308  
2020-01-31 11:27:09,181 [INFO ] [Thread-5] [ExperimentEagle.fits] [func=_get_subSpaceArrays:line=352] zs sub space array 308,219 
2020-01-31 11:27:09,201 [INFO ] [MainThread] [ExperimentEagle.experimentEagle] [func=organiseImageFile:line=328] file deleted during organisation process successfully
2020-01-31 11:27:09,552 [INFO ] [Thread-5] [ExperimentEagle.fits] [func=_get_subSpaceArrays:line=349] xs array sliced length 219 
2020-01-31 11:27:09,552 [INFO ] [Thread-5] [ExperimentEagle.fits] [func=_get_subSpaceArrays:line=350] ys array sliced length 308  
2020-01-31 11:27:09,552 [INFO ] [Thread-5] [ExperimentEagle.fits] [func=_get_subSpaceArrays:line=352] zs sub space array 308,219 
2020-01-31 11:27:09,552 [INFO ] [Thread-5] [ExperimentEagle.fits] [func=_deriveCalculatedParameters:line=154] Derived values from fit
2020-01-31 11:27:09,562 [INFO ] [Thread-5] [ExperimentEagle.fits] [func=run:line=160] auto draw bool is true so using the rerefernce to imageInspector bool to call the function to draw the fit as contours
2020-01-31 11:27:09,562 [INFO ] [Thread-5] [ExperimentEagle.experimentEagle] [func=addFitPlot:line=811] attempting to set fit data
2020-01-31 11:27:09,621 [INFO ] [Thread-5] [ExperimentEagle.fits] [func=run:line=163] logging the fit
2020-01-31 11:27:09,661 [INFO ] [Thread-5] [ExperimentEagle.fits] [func=_log_fit:line=588] copying current image
2020-01-31 11:27:09,661 [INFO ] [Thread-5] [ExperimentEagle.fits] [func=_log_fit:line=593] log analyser bool enabled... will attempt to run analyser script
2020-01-31 11:27:09,691 [ERROR] [Thread-5] [ExperimentEagle.fits] [func=run:line=186] failed to finish fit - <type 'exceptions.SyntaxError'> - ('invalid syntax', ('\\\\ursa\\AQOGroupFolder\\Experiment Humphry\\Experiment Control And Software\\experimentEagle\\fits\\logAnalysers\\photodiodeMonitors.py', 28, 96, '        return ["photodiodeLiMOTVoltage","photodiodeNaMOTVoltage"], [float("nan"),float("nan")]]\n')) - ....
2020-01-31 11:27:37,931 [INFO ] [MainThread] [ExperimentEagle.experimentEagle] [func=_selectedFile_changed:line=986] ######################## Selected File changed ########################
