2020-06-09 13:12:31,911 [INFO ] [MainThread] [ExperimentEagle] [func=<module>:line=60] Welcome to Experiment Eagle version 4.0 written by Timothy Harrison. Report bugs to 
Timothy Harrison. See text at beginning of __init__.py for more information.
2020-06-09 13:12:39,545 [INFO ] [MainThread] [ExperimentEagle.experimentEagle] [func=_fixAspectRatioBool_changed:line=972] self.fixAspectRatioBool changed to True
2020-06-09 13:12:39,546 [INFO ] [MainThread] [ExperimentEagle.experimentEagle] [func=loadSettings:line=601] Load settings
2020-06-09 13:12:39,559 [INFO ] [MainThread] [ExperimentEagle.experimentEagle] [func=__init__:line=598] initialisation of experiment Eagle complete
2020-06-09 13:12:46,997 [INFO ] [MainThread] [ExperimentEagle.experimentEagle] [func=update:line=842] updating plot
2020-06-09 13:13:15,970 [INFO ] [MainThread] [ExperimentEagle.experimentEagle] [func=_cameraModel_changed:line=1037] Camera model changed to Andor0
2020-06-09 13:13:16,013 [INFO ] [MainThread] [ExperimentEagle.experimentEagle] [func=_cameraModel_changed:line=1053] {u'auto': False, u'max': 5, u'min': -0.2}
2020-06-09 13:13:16,019 [ERROR] [MainThread] [ExperimentEagle.experimentEagle] [func=getImageData:line=144] image file not found. filling with zeros
2020-06-09 13:13:16,019 [INFO ] [MainThread] [ExperimentEagle.experimentEagle] [func=update:line=842] updating plot
2020-06-09 13:14:18,618 [INFO ] [MainThread] [ExperimentEagle.experimentEagle] [func=_selectedFile_changed:line=1004] ######################## Selected File changed ########################
2020-06-09 13:14:18,644 [INFO ] [MainThread] [ExperimentEagle.experimentEagle] [func=_selectedFile_changed:line=1006] Update physics
2020-06-09 13:14:18,661 [ERROR] [MainThread] [ExperimentEagle.physicsProperties] [func=updatePhysics:line=141] Error when trying to load XML 'PhysicsProperties' object has no attribute 'selectedFileModifiedTime'
2020-06-09 13:14:18,801 [INFO ] [MainThread] [ExperimentEagle.experimentEagle] [func=getImageData:line=168] processor = <processors.standardAndor0.StandardAndor0 object at 0x00000000182F0FA8>
2020-06-09 13:14:18,802 [INFO ] [MainThread] [ExperimentEagle.Processor] [func=process:line=36] using standard Andor 0 process function
2020-06-09 13:14:18,802 [INFO ] [MainThread] [ExperimentEagle.Processor] [func=read:line=41] processor reading file!
2020-06-09 13:14:28,128 [INFO ] [MainThread] [ExperimentEagle.experimentEagle] [func=_selectedFile_changed:line=1004] ######################## Selected File changed ########################
2020-06-09 13:14:28,128 [INFO ] [MainThread] [ExperimentEagle.experimentEagle] [func=_selectedFile_changed:line=1006] Update physics
2020-06-09 13:14:28,144 [ERROR] [MainThread] [ExperimentEagle.physicsProperties] [func=updatePhysics:line=141] Error when trying to load XML 'PhysicsProperties' object has no attribute 'selectedFileModifiedTime'
2020-06-09 13:14:28,263 [INFO ] [MainThread] [ExperimentEagle.experimentEagle] [func=getImageData:line=168] processor = <processors.standardAndor0.StandardAndor0 object at 0x00000000182F0FA8>
2020-06-09 13:14:28,263 [INFO ] [MainThread] [ExperimentEagle.Processor] [func=process:line=36] using standard Andor 0 process function
2020-06-09 13:14:28,265 [INFO ] [MainThread] [ExperimentEagle.Processor] [func=read:line=41] processor reading file!
2020-06-09 13:14:28,561 [INFO ] [MainThread] [ExperimentEagle.Processor] [func=rescale:line=93] processor: rescale factor = 0.9823705922754857 using region of shape: 120, 20
2020-06-09 13:14:28,571 [WARNI] [MainThread] [ExperimentEagle.Processor] [func=opticalDensity:line=65] Calculate OD picture..
2020-06-09 13:14:29,209 [WARNI] [MainThread] [ExperimentEagle.Processor] [func=opticalDensity:line=65] Calculate OD picture..
2020-06-09 13:14:29,269 [INFO ] [MainThread] [ExperimentEagle.experimentEagle] [func=getImageData:line=172] shape of raw Image = (723,723)
2020-06-09 13:14:29,270 [WARNI] [MainThread] [ExperimentEagle.experimentEagle] [func=getImageData:line=175] number of pixels in image have changed. This causes problems for contour fit plot. Will destroy contour fit plot first
2020-06-09 13:14:29,272 [INFO ] [MainThread] [ExperimentEagle.experimentEagle] [func=_fixAspectRatioBool_changed:line=972] self.fixAspectRatioBool changed to False
2020-06-09 13:14:29,273 [INFO ] [MainThread] [ExperimentEagle.experimentEagle] [func=_fixAspectRatioBool_changed:line=972] self.fixAspectRatioBool changed to True
2020-06-09 13:14:29,302 [INFO ] [MainThread] [ExperimentEagle.experimentEagle] [func=getImageData:line=177] continuing after pixels changed = True event
2020-06-09 13:14:29,312 [INFO ] [MainThread] [ExperimentEagle.experimentEagle] [func=update:line=842] updating plot
2020-06-09 13:14:29,336 [INFO ] [MainThread] [ExperimentEagle.experimentEagle] [func=_selectedFile_changed:line=1020] succesfully completed getImageData. Will now break from repetition loop
2020-06-09 13:14:29,338 [INFO ] [MainThread] [ExperimentEagle.experimentEagle] [func=update:line=842] updating plot
2020-06-09 13:14:29,357 [INFO ] [MainThread] [ExperimentEagle.experimentEagle] [func=_forceRefreshButton_fired:line=204] force refresh button fired
2020-06-09 13:14:29,369 [INFO ] [MainThread] [ExperimentEagle.experimentEagle] [func=getImageData:line=168] processor = <processors.standardAndor0.StandardAndor0 object at 0x00000000182F0FA8>
2020-06-09 13:14:29,371 [INFO ] [MainThread] [ExperimentEagle.Processor] [func=process:line=36] using standard Andor 0 process function
2020-06-09 13:14:29,371 [INFO ] [MainThread] [ExperimentEagle.Processor] [func=read:line=41] processor reading file!
2020-06-09 13:14:29,408 [INFO ] [MainThread] [ExperimentEagle.Processor] [func=rescale:line=93] processor: rescale factor = 0.9823705922754857 using region of shape: 120, 20
2020-06-09 13:14:29,434 [WARNI] [MainThread] [ExperimentEagle.Processor] [func=opticalDensity:line=65] Calculate OD picture..
2020-06-09 13:14:29,542 [WARNI] [MainThread] [ExperimentEagle.Processor] [func=opticalDensity:line=65] Calculate OD picture..
2020-06-09 13:14:29,595 [INFO ] [MainThread] [ExperimentEagle.experimentEagle] [func=getImageData:line=172] shape of raw Image = (723,723)
2020-06-09 13:14:29,598 [INFO ] [MainThread] [ExperimentEagle.experimentEagle] [func=update:line=842] updating plot
2020-06-09 13:14:29,601 [INFO ] [MainThread] [ExperimentEagle.experimentEagle] [func=_forceRefreshButton_fired:line=204] force refresh button fired
2020-06-09 13:14:29,604 [INFO ] [MainThread] [ExperimentEagle.experimentEagle] [func=getImageData:line=168] processor = <processors.standardAndor0.StandardAndor0 object at 0x00000000182F0FA8>
2020-06-09 13:14:29,605 [INFO ] [MainThread] [ExperimentEagle.Processor] [func=process:line=36] using standard Andor 0 process function
2020-06-09 13:14:29,605 [INFO ] [MainThread] [ExperimentEagle.Processor] [func=read:line=41] processor reading file!
2020-06-09 13:14:29,640 [INFO ] [MainThread] [ExperimentEagle.Processor] [func=rescale:line=93] processor: rescale factor = 0.9823705922754857 using region of shape: 120, 20
2020-06-09 13:14:29,694 [WARNI] [MainThread] [ExperimentEagle.Processor] [func=opticalDensity:line=65] Calculate OD picture..
2020-06-09 13:14:29,790 [WARNI] [MainThread] [ExperimentEagle.Processor] [func=opticalDensity:line=65] Calculate OD picture..
2020-06-09 13:14:29,855 [INFO ] [MainThread] [ExperimentEagle.experimentEagle] [func=getImageData:line=172] shape of raw Image = (723,723)
2020-06-09 13:14:29,859 [INFO ] [MainThread] [ExperimentEagle.experimentEagle] [func=update:line=842] updating plot
2020-06-09 13:14:50,852 [INFO ] [MainThread] [ExperimentEagle.experimentEagle] [func=_selectedFile_changed:line=1004] ######################## Selected File changed ########################
2020-06-09 13:14:50,852 [INFO ] [MainThread] [ExperimentEagle.experimentEagle] [func=_selectedFile_changed:line=1006] Update physics
2020-06-09 13:14:50,867 [ERROR] [MainThread] [ExperimentEagle.physicsProperties] [func=updatePhysics:line=141] Error when trying to load XML 'PhysicsProperties' object has no attribute 'selectedFileModifiedTime'
2020-06-09 13:14:50,969 [INFO ] [MainThread] [ExperimentEagle.experimentEagle] [func=getImageData:line=168] processor = <processors.standardAndor0.StandardAndor0 object at 0x00000000182F0FA8>
2020-06-09 13:14:50,970 [INFO ] [MainThread] [ExperimentEagle.Processor] [func=process:line=36] using standard Andor 0 process function
2020-06-09 13:14:50,970 [INFO ] [MainThread] [ExperimentEagle.Processor] [func=read:line=41] processor reading file!
2020-06-09 13:14:51,009 [INFO ] [MainThread] [ExperimentEagle.Processor] [func=rescale:line=93] processor: rescale factor = 0.9747851353660059 using region of shape: 120, 20
2020-06-09 13:14:51,032 [WARNI] [MainThread] [ExperimentEagle.Processor] [func=opticalDensity:line=65] Calculate OD picture..
2020-06-09 13:14:51,157 [WARNI] [MainThread] [ExperimentEagle.Processor] [func=opticalDensity:line=65] Calculate OD picture..
2020-06-09 13:14:51,217 [INFO ] [MainThread] [ExperimentEagle.experimentEagle] [func=getImageData:line=172] shape of raw Image = (723,723)
2020-06-09 13:14:51,220 [INFO ] [MainThread] [ExperimentEagle.experimentEagle] [func=update:line=842] updating plot
2020-06-09 13:14:51,223 [INFO ] [MainThread] [ExperimentEagle.experimentEagle] [func=_selectedFile_changed:line=1020] succesfully completed getImageData. Will now break from repetition loop
2020-06-09 13:14:51,226 [INFO ] [MainThread] [ExperimentEagle.experimentEagle] [func=update:line=842] updating plot
2020-06-09 13:14:51,237 [INFO ] [MainThread] [ExperimentEagle.experimentEagle] [func=_forceRefreshButton_fired:line=204] force refresh button fired
2020-06-09 13:14:51,239 [INFO ] [MainThread] [ExperimentEagle.experimentEagle] [func=getImageData:line=168] processor = <processors.standardAndor0.StandardAndor0 object at 0x00000000182F0FA8>
2020-06-09 13:14:51,240 [INFO ] [MainThread] [ExperimentEagle.Processor] [func=process:line=36] using standard Andor 0 process function
2020-06-09 13:14:51,267 [INFO ] [MainThread] [ExperimentEagle.Processor] [func=read:line=41] processor reading file!
2020-06-09 13:14:51,303 [INFO ] [MainThread] [ExperimentEagle.Processor] [func=rescale:line=93] processor: rescale factor = 0.9747851353660059 using region of shape: 120, 20
2020-06-09 13:14:51,305 [WARNI] [MainThread] [ExperimentEagle.Processor] [func=opticalDensity:line=65] Calculate OD picture..
2020-06-09 13:14:51,438 [WARNI] [MainThread] [ExperimentEagle.Processor] [func=opticalDensity:line=65] Calculate OD picture..
2020-06-09 13:14:51,507 [INFO ] [MainThread] [ExperimentEagle.experimentEagle] [func=getImageData:line=172] shape of raw Image = (723,723)
2020-06-09 13:14:51,516 [INFO ] [MainThread] [ExperimentEagle.experimentEagle] [func=update:line=842] updating plot
2020-06-09 13:14:51,519 [INFO ] [MainThread] [ExperimentEagle.experimentEagle] [func=_forceRefreshButton_fired:line=204] force refresh button fired
2020-06-09 13:14:51,520 [INFO ] [MainThread] [ExperimentEagle.experimentEagle] [func=getImageData:line=168] processor = <processors.standardAndor0.StandardAndor0 object at 0x00000000182F0FA8>
2020-06-09 13:14:51,582 [INFO ] [MainThread] [ExperimentEagle.Processor] [func=process:line=36] using standard Andor 0 process function
2020-06-09 13:14:51,584 [INFO ] [MainThread] [ExperimentEagle.Processor] [func=read:line=41] processor reading file!
2020-06-09 13:14:51,630 [INFO ] [MainThread] [ExperimentEagle.Processor] [func=rescale:line=93] processor: rescale factor = 0.9747851353660059 using region of shape: 120, 20
2020-06-09 13:14:51,638 [WARNI] [MainThread] [ExperimentEagle.Processor] [func=opticalDensity:line=65] Calculate OD picture..
2020-06-09 13:14:51,772 [WARNI] [MainThread] [ExperimentEagle.Processor] [func=opticalDensity:line=65] Calculate OD picture..
2020-06-09 13:14:51,845 [INFO ] [MainThread] [ExperimentEagle.experimentEagle] [func=getImageData:line=172] shape of raw Image = (723,723)
2020-06-09 13:14:51,851 [INFO ] [MainThread] [ExperimentEagle.experimentEagle] [func=update:line=842] updating plot
2020-06-09 13:15:38,625 [INFO ] [MainThread] [ExperimentEagle.experimentEagle] [func=_selectedFile_changed:line=1004] ######################## Selected File changed ########################
2020-06-09 13:15:38,625 [INFO ] [MainThread] [ExperimentEagle.experimentEagle] [func=_selectedFile_changed:line=1006] Update physics
2020-06-09 13:15:38,640 [ERROR] [MainThread] [ExperimentEagle.physicsProperties] [func=updatePhysics:line=141] Error when trying to load XML 'PhysicsProperties' object has no attribute 'selectedFileModifiedTime'
2020-06-09 13:15:38,767 [INFO ] [MainThread] [ExperimentEagle.experimentEagle] [func=getImageData:line=168] processor = <processors.standardAndor0.StandardAndor0 object at 0x00000000182F0FA8>
2020-06-09 13:15:38,773 [INFO ] [MainThread] [ExperimentEagle.Processor] [func=process:line=36] using standard Andor 0 process function
2020-06-09 13:15:38,773 [INFO ] [MainThread] [ExperimentEagle.Processor] [func=read:line=41] processor reading file!
2020-06-09 13:15:38,816 [INFO ] [MainThread] [ExperimentEagle.Processor] [func=rescale:line=93] processor: rescale factor = 0.9792053770385021 using region of shape: 120, 20
2020-06-09 13:15:38,819 [WARNI] [MainThread] [ExperimentEagle.Processor] [func=opticalDensity:line=65] Calculate OD picture..
2020-06-09 13:15:38,930 [WARNI] [MainThread] [ExperimentEagle.Processor] [func=opticalDensity:line=65] Calculate OD picture..
2020-06-09 13:15:38,986 [INFO ] [MainThread] [ExperimentEagle.experimentEagle] [func=getImageData:line=172] shape of raw Image = (723,723)
2020-06-09 13:15:38,990 [INFO ] [MainThread] [ExperimentEagle.experimentEagle] [func=update:line=842] updating plot
2020-06-09 13:15:38,993 [INFO ] [MainThread] [ExperimentEagle.experimentEagle] [func=_selectedFile_changed:line=1020] succesfully completed getImageData. Will now break from repetition loop
2020-06-09 13:15:38,993 [INFO ] [MainThread] [ExperimentEagle.experimentEagle] [func=update:line=842] updating plot
2020-06-09 13:16:36,561 [INFO ] [MainThread] [ExperimentEagle.experimentEagle] [func=_selectedFile_changed:line=1004] ######################## Selected File changed ########################
2020-06-09 13:16:36,561 [INFO ] [MainThread] [ExperimentEagle.experimentEagle] [func=_selectedFile_changed:line=1006] Update physics
2020-06-09 13:16:36,584 [ERROR] [MainThread] [ExperimentEagle.physicsProperties] [func=updatePhysics:line=141] Error when trying to load XML 'PhysicsProperties' object has no attribute 'selectedFileModifiedTime'
2020-06-09 13:16:36,713 [INFO ] [MainThread] [ExperimentEagle.experimentEagle] [func=getImageData:line=168] processor = <processors.standardAndor0.StandardAndor0 object at 0x00000000182F0FA8>
2020-06-09 13:16:36,716 [INFO ] [MainThread] [ExperimentEagle.Processor] [func=process:line=36] using standard Andor 0 process function
2020-06-09 13:16:36,717 [INFO ] [MainThread] [ExperimentEagle.Processor] [func=read:line=41] processor reading file!
2020-06-09 13:16:36,767 [INFO ] [MainThread] [ExperimentEagle.Processor] [func=rescale:line=93] processor: rescale factor = 0.9874260023977418 using region of shape: 120, 20
2020-06-09 13:16:36,773 [WARNI] [MainThread] [ExperimentEagle.Processor] [func=opticalDensity:line=65] Calculate OD picture..
2020-06-09 13:16:36,910 [WARNI] [MainThread] [ExperimentEagle.Processor] [func=opticalDensity:line=65] Calculate OD picture..
2020-06-09 13:16:36,993 [INFO ] [MainThread] [ExperimentEagle.experimentEagle] [func=getImageData:line=172] shape of raw Image = (723,723)
2020-06-09 13:16:36,997 [INFO ] [MainThread] [ExperimentEagle.experimentEagle] [func=update:line=842] updating plot
2020-06-09 13:16:37,006 [INFO ] [MainThread] [ExperimentEagle.experimentEagle] [func=_selectedFile_changed:line=1020] succesfully completed getImageData. Will now break from repetition loop
2020-06-09 13:16:37,006 [INFO ] [MainThread] [ExperimentEagle.experimentEagle] [func=update:line=842] updating plot
2020-06-09 13:16:37,022 [INFO ] [MainThread] [ExperimentEagle.experimentEagle] [func=_forceRefreshButton_fired:line=204] force refresh button fired
2020-06-09 13:16:37,058 [INFO ] [MainThread] [ExperimentEagle.experimentEagle] [func=getImageData:line=168] processor = <processors.standardAndor0.StandardAndor0 object at 0x00000000182F0FA8>
2020-06-09 13:16:37,059 [INFO ] [MainThread] [ExperimentEagle.Processor] [func=process:line=36] using standard Andor 0 process function
2020-06-09 13:16:37,059 [INFO ] [MainThread] [ExperimentEagle.Processor] [func=read:line=41] processor reading file!
2020-06-09 13:16:37,105 [INFO ] [MainThread] [ExperimentEagle.Processor] [func=rescale:line=93] processor: rescale factor = 0.9874260023977418 using region of shape: 120, 20
2020-06-09 13:16:37,111 [WARNI] [MainThread] [ExperimentEagle.Processor] [func=opticalDensity:line=65] Calculate OD picture..
2020-06-09 13:16:37,273 [WARNI] [MainThread] [ExperimentEagle.Processor] [func=opticalDensity:line=65] Calculate OD picture..
2020-06-09 13:16:37,345 [INFO ] [MainThread] [ExperimentEagle.experimentEagle] [func=getImageData:line=172] shape of raw Image = (723,723)
2020-06-09 13:16:37,351 [INFO ] [MainThread] [ExperimentEagle.experimentEagle] [func=update:line=842] updating plot
2020-06-09 13:16:37,355 [INFO ] [MainThread] [ExperimentEagle.experimentEagle] [func=_forceRefreshButton_fired:line=204] force refresh button fired
2020-06-09 13:16:37,358 [INFO ] [MainThread] [ExperimentEagle.experimentEagle] [func=getImageData:line=168] processor = <processors.standardAndor0.StandardAndor0 object at 0x00000000182F0FA8>
2020-06-09 13:16:37,358 [INFO ] [MainThread] [ExperimentEagle.Processor] [func=process:line=36] using standard Andor 0 process function
2020-06-09 13:16:37,359 [INFO ] [MainThread] [ExperimentEagle.Processor] [func=read:line=41] processor reading file!
2020-06-09 13:16:37,404 [INFO ] [MainThread] [ExperimentEagle.Processor] [func=rescale:line=93] processor: rescale factor = 0.9874260023977418 using region of shape: 120, 20
2020-06-09 13:16:37,411 [WARNI] [MainThread] [ExperimentEagle.Processor] [func=opticalDensity:line=65] Calculate OD picture..
2020-06-09 13:16:37,575 [WARNI] [MainThread] [ExperimentEagle.Processor] [func=opticalDensity:line=65] Calculate OD picture..
2020-06-09 13:16:37,642 [INFO ] [MainThread] [ExperimentEagle.experimentEagle] [func=getImageData:line=172] shape of raw Image = (723,723)
2020-06-09 13:16:37,648 [INFO ] [MainThread] [ExperimentEagle.experimentEagle] [func=update:line=842] updating plot
2020-06-09 13:16:50,247 [ERROR] [MainThread] [ExperimentEagle.experimentEagle] [func=closed:line=242] couldn't stop current timer 'NoneType' object has no attribute 'stop' 
